<?xml version="1.0" encoding="UTF-8"?>
<!-- Generated by org.testng.reporters.JUnitXMLReporter -->
<testsuite hostname="Arvind-Susdiny" ignored="0" name="Default test" tests="24" failures="0" timestamp="03 Jul 2018 12:25:55 GMT" time="119.122" errors="0">
  <testcase name="loginToappWithrequiredCredentials" time="20.065" classname="com.test.automation.uiAutomation.Fee.TC_Reports.TC_Fee_Installment_Report"/>
  <testcase name="loginToappWithrequiredCredentials" time="0.0" classname="com.test.automation.uiAutomation.Fee.TC_Reports.TC_Fee_Installment_Report">
    <skipped/>
  </testcase> <!-- loginToappWithrequiredCredentials -->
  <testcase name="loginToappWithrequiredCredentials" time="0.001" classname="com.test.automation.uiAutomation.Fee.TC_Reports.TC_Fee_Installment_Report">
    <skipped/>
  </testcase> <!-- loginToappWithrequiredCredentials -->
  <testcase name="loginToappWithrequiredCredentials" time="0.0" classname="com.test.automation.uiAutomation.Fee.TC_Reports.TC_Fee_Installment_Report">
    <skipped/>
  </testcase> <!-- loginToappWithrequiredCredentials -->
  <testcase name="loginToappWithrequiredCredentials" time="0.0" classname="com.test.automation.uiAutomation.Fee.TC_Reports.TC_Fee_Installment_Report">
    <skipped/>
  </testcase> <!-- loginToappWithrequiredCredentials -->
  <testcase name="tcHomeButtonValidation" time="5.326" classname="com.test.automation.uiAutomation.Fee.TC_Reports.TC_Fee_Installment_Report"/>
  <testcase name="tcNavigateToFee_Reports_FeeInstallmentReport" time="4.222" classname="com.test.automation.uiAutomation.Fee.TC_Reports.TC_Fee_Installment_Report"/>
  <testcase name="tcVerifyFeeReports_FeeInstallmentReport_Page" time="1.325" classname="com.test.automation.uiAutomation.Fee.TC_Reports.TC_Fee_Installment_Report"/>
  <testcase name="tcSubmitBlank_FeeInstallmentReportForm" time="7.42" classname="com.test.automation.uiAutomation.Fee.TC_Reports.TC_Fee_Installment_Report"/>
  <testcase name="tcFill_FeeInstallmentReportForm_ForCategoryWise" time="4.608" classname="com.test.automation.uiAutomation.Fee.TC_Reports.TC_Fee_Installment_Report"/>
  <testcase name="tcClickReport_ToGenerate_FeeInstallmentReport" time="5.42" classname="com.test.automation.uiAutomation.Fee.TC_Reports.TC_Fee_Installment_Report"/>
  <testcase name="tcMinimize_FeeInstallmentReport_Form" time="2.364" classname="com.test.automation.uiAutomation.Fee.TC_Reports.TC_Fee_Installment_Report"/>
  <testcase name="tcMinimize_FeeInstallmentReport_Grid" time="1.347" classname="com.test.automation.uiAutomation.Fee.TC_Reports.TC_Fee_Installment_Report"/>
  <testcase name="tcMaximize_FeeInstallmentReport_Grid" time="1.358" classname="com.test.automation.uiAutomation.Fee.TC_Reports.TC_Fee_Installment_Report"/>
  <testcase name="tcMaximize_FeeInstallmentReport_Form" time="2.338" classname="com.test.automation.uiAutomation.Fee.TC_Reports.TC_Fee_Installment_Report"/>
  <testcase name="tcClickCancelButton_ToClearFilledForm" time="7.513" classname="com.test.automation.uiAutomation.Fee.TC_Reports.TC_Fee_Installment_Report"/>
  <testcase name="tcFill_FeeInstallmentReportForm_ForCategoryWise_AfterClearingFilledData" time="4.327" classname="com.test.automation.uiAutomation.Fee.TC_Reports.TC_Fee_Installment_Report"/>
  <testcase name="tcClickReport_ToGenerate_FeeInstallmentReport_ForCategoryWise_Active_AfterClearingFilledData" time="5.377" classname="com.test.automation.uiAutomation.Fee.TC_Reports.TC_Fee_Installment_Report"/>
  <testcase name="tcClickOnExportToExcel_ToDownLoadExcelReport_ForCategoryWise" time="5.423" classname="com.test.automation.uiAutomation.Fee.TC_Reports.TC_Fee_Installment_Report"/>
  <testcase name="tcClickOnExportToPDF_ToDownLoadPDFReport_ForCategoryWise" time="5.647" classname="com.test.automation.uiAutomation.Fee.TC_Reports.TC_Fee_Installment_Report"/>
  <testcase name="tcFill_FeeInstallmentReportForm_ForClassWise" time="4.963" classname="com.test.automation.uiAutomation.Fee.TC_Reports.TC_Fee_Installment_Report"/>
  <testcase name="tcClickReport_ToGenerate_FeeInstallmentReport_ForClassWise" time="5.364" classname="com.test.automation.uiAutomation.Fee.TC_Reports.TC_Fee_Installment_Report"/>
  <testcase name="tcClickOnExportToExcel_ToDownLoadExcelReport_ForClassWise" time="5.406" classname="com.test.automation.uiAutomation.Fee.TC_Reports.TC_Fee_Installment_Report"/>
  <testcase name="tcClickOnExportToPDF_ToDownLoadPDFReport_ForClassWise" time="5.878" classname="com.test.automation.uiAutomation.Fee.TC_Reports.TC_Fee_Installment_Report"/>
</testsuite> <!-- Default test -->
