<html>
<head>
<title>TestNG:  Default test</title>
<link href="../testng.css" rel="stylesheet" type="text/css" />
<link href="../my-testng.css" rel="stylesheet" type="text/css" />

<style type="text/css">
.log { display: none;} 
.stack-trace { display: none;} 
</style>
<script type="text/javascript">
<!--
function flip(e) {
  current = e.style.display;
  if (current == 'block') {
    e.style.display = 'none';
    return 0;
  }
  else {
    e.style.display = 'block';
    return 1;
  }
}

function toggleBox(szDivId, elem, msg1, msg2)
{
  var res = -1;  if (document.getElementById) {
    res = flip(document.getElementById(szDivId));
  }
  else if (document.all) {
    // this is the way old msie versions work
    res = flip(document.all[szDivId]);
  }
  if(elem) {
    if(res == 0) elem.innerHTML = msg1; else elem.innerHTML = msg2;
  }

}

function toggleAllBoxes() {
  if (document.getElementsByTagName) {
    d = document.getElementsByTagName('div');
    for (i = 0; i < d.length; i++) {
      if (d[i].className == 'log') {
        flip(d[i]);
      }
    }
  }
}

// -->
</script>

</head>
<body>
<h2 align='center'>Default test</h2><table border='1' align="center">
<tr>
<td>Tests passed/Failed/Skipped:</td><td>16/3/10</td>
</tr><tr>
<td>Started on:</td><td>Wed Dec 05 18:36:32 IST 2018</td>
</tr>
<tr><td>Total time:</td><td>93 seconds (93669 ms)</td>
</tr><tr>
<td>Included groups:</td><td></td>
</tr><tr>
<td>Excluded groups:</td><td></td>
</tr>
</table><p/>
<small><i>(Hover the method name to see the test class name)</i></small><p/>
<table width='100%' border='1' class='invocation-failed'>
<tr><td colspan='4' align='center'><b>FAILED CONFIGURATIONS</b></td></tr>
<tr><td><b>Test method</b></td>
<td width="30%"><b>Exception</b></td>
<td width="10%"><b>Time (seconds)</b></td>
<td><b>Instance</b></td>
</tr>
<tr>
<td title='com.vapsTechnosoft.IVRM.Fee.TC_Transaction.Tc_Transaction_Fee_Transaction.afterMethod()'><b>afterMethod</b><br>Test class: com.vapsTechnosoft.IVRM.Fee.TC_Transaction.Tc_Transaction_Fee_Transaction<br>Parameters: [TestResult name=tcPrintReceiptValidation status=FAILURE method=Tc_Transaction_Fee_Transaction.tcPrintReceiptValidation(java.lang.String, java.lang.String)[pri:19, instance:com.vapsTechnosoft.IVRM.Fee.TC_Transaction.Tc_Transaction_Fee_Transaction@2b546384] output={null}]</td>
<td><div><pre>org.openqa.selenium.NoSuchWindowException: no such window: target window already closed
from unknown error: web view not found
  (Session info: chrome=70.0.3538.110)
  (Driver info: chromedriver=2.39.562718 (9a2698cba08cf5a471a29d30c8b3e12becabb0e9),platform=Windows NT 10.0.17134 x86_64) (WARNING: The server did not provide any stacktrace information)
Command duration or timeout: 13 milliseconds
Build info: version: &apos;3.0.1&apos;, revision: &apos;1969d75&apos;, time: &apos;2016-10-18 09:49:13 -0700&apos;
System info: host: &apos;Arvind-Susdiny&apos;, ip: &apos;192.168.1.34&apos;, os.name: &apos;Windows 10&apos;, os.arch: &apos;amd64&apos;, os.version: &apos;10.0&apos;, java.version: &apos;1.8.0_161&apos;
Driver info: org.openqa.selenium.chrome.ChromeDriver
Capabilities [{applicationCacheEnabled=false, rotatable=false, mobileEmulationEnabled=false, networkConnectionEnabled=false, chrome={chromedriverVersion=2.39.562718 (9a2698cba08cf5a471a29d30c8b3e12becabb0e9), userDataDir=C:\Users\vaps\AppData\Local\Temp\scoped_dir9052_25145}, takesHeapSnapshot=true, pageLoadStrategy=normal, databaseEnabled=false, handlesAlerts=true, hasTouchScreen=false, version=70.0.3538.110, platform=XP, browserConnectionEnabled=false, nativeEvents=true, acceptSslCerts=false, acceptInsecureCerts=false, locationContextEnabled=true, webStorageEnabled=true, browserName=chrome, takesScreenshot=true, javascriptEnabled=true, cssSelectorsEnabled=true, setWindowRect=true, unexpectedAlertBehaviour=}]
Session ID: cd343627ba56dd0ef042a1fe80b12ecc
	at sun.reflect.NativeConstructorAccessorImpl.newInstance0(Native Method)
	at sun.reflect.NativeConstructorAccessorImpl.newInstance(Unknown Source)
	at sun.reflect.DelegatingConstructorAccessorImpl.newInstance(Unknown Source)
	at java.lang.reflect.Constructor.newInstance(Unknown Source)
	at org.openqa.selenium.remote.ErrorHandler.createThrowable(ErrorHandler.java:216)
	at org.openqa.selenium.remote.ErrorHandler.throwIfResponseFailed(ErrorHandler.java:168)
	at org.openqa.selenium.remote.RemoteWebDriver.execute(RemoteWebDriver.java:635)
	at org.openqa.selenium.remote.RemoteWebDriver.execute(RemoteWebDriver.java:658)
	at org.openqa.selenium.remote.RemoteWebDriver.getScreenshotAs(RemoteWebDriver.java:340)
	at com.vapsTechnosoft.IVRM.testBase.TestBase.captureScreen(TestBase.java:300)
	at com.vapsTechnosoft.IVRM.testBase.TestBase.getresult(TestBase.java:331)
	at com.vapsTechnosoft.IVRM.testBase.TestBase.afterMethod(TestBase.java:340)
	at sun.reflect.GeneratedMethodAccessor10.invoke(Unknown Source)
	at sun.reflect.DelegatingMethodAccessorImpl.invoke(Unknown Source)
	at java.lang.reflect.Method.invoke(Unknown Source)
	at org.testng.internal.MethodInvocationHelper.invokeMethod(MethodInvocationHelper.java:104)
	at org.testng.internal.Invoker.invokeConfigurationMethod(Invoker.java:515)
	at org.testng.internal.Invoker.invokeConfigurations(Invoker.java:217)
	at org.testng.internal.Invoker.invokeMethod(Invoker.java:712)
	at org.testng.internal.Invoker.invokeTestMethod(Invoker.java:851)
	at org.testng.internal.Invoker.invokeTestMethods(Invoker.java:1177)
	at org.testng.internal.TestMethodWorker.invokeTestMethods(TestMethodWorker.java:129)
	at org.testng.internal.TestMethodWorker.run(TestMethodWorker.java:112)
	at org.testng.TestRunner.privateRun(TestRunner.java:756)
	at org.testng.TestRunner.run(TestRunner.java:610)
	at org.testng.SuiteRunner.runTest(SuiteRunner.java:387)
	at org.testng.SuiteRunner.runSequentially(SuiteRunner.java:382)
	at org.testng.SuiteRunner.privateRun(SuiteRunner.java:340)
	at org.testng.SuiteRunner.run(SuiteRunner.java:289)
	at org.testng.SuiteRunnerWorker.runSuite(SuiteRunnerWorker.java:52)
	at org.testng.SuiteRunnerWorker.run(SuiteRunnerWorker.java:86)
	at org.testng.TestNG.runSuitesSequentially(TestNG.java:1293)
	at org.testng.TestNG.runSuitesLocally(TestNG.java:1218)
	at org.testng.TestNG.runSuites(TestNG.java:1133)
	at org.testng.TestNG.run(TestNG.java:1104)
	at org.testng.remote.AbstractRemoteTestNG.run(AbstractRemoteTestNG.java:132)
	at org.testng.remote.RemoteTestNG.initAndRun(RemoteTestNG.java:230)
	at org.testng.remote.RemoteTestNG.main(RemoteTestNG.java:76)
</pre></div><a href='#' onClick='toggleBox("stack-trace74885833", this, "Click to show all stack frames", "Click to hide stack frames")'>Click to show all stack frames</a>
<div class='stack-trace' id='stack-trace74885833'><pre>org.openqa.selenium.NoSuchWindowException: no such window: target window already closed
from unknown error: web view not found
  (Session info: chrome=70.0.3538.110)
  (Driver info: chromedriver=2.39.562718 (9a2698cba08cf5a471a29d30c8b3e12becabb0e9),platform=Windows NT 10.0.17134 x86_64) (WARNING: The server did not provide any stacktrace information)
Command duration or timeout: 13 milliseconds
Build info: version: &apos;3.0.1&apos;, revision: &apos;1969d75&apos;, time: &apos;2016-10-18 09:49:13 -0700&apos;
System info: host: &apos;Arvind-Susdiny&apos;, ip: &apos;192.168.1.34&apos;, os.name: &apos;Windows 10&apos;, os.arch: &apos;amd64&apos;, os.version: &apos;10.0&apos;, java.version: &apos;1.8.0_161&apos;
Driver info: org.openqa.selenium.chrome.ChromeDriver
Capabilities [{applicationCacheEnabled=false, rotatable=false, mobileEmulationEnabled=false, networkConnectionEnabled=false, chrome={chromedriverVersion=2.39.562718 (9a2698cba08cf5a471a29d30c8b3e12becabb0e9), userDataDir=C:\Users\vaps\AppData\Local\Temp\scoped_dir9052_25145}, takesHeapSnapshot=true, pageLoadStrategy=normal, databaseEnabled=false, handlesAlerts=true, hasTouchScreen=false, version=70.0.3538.110, platform=XP, browserConnectionEnabled=false, nativeEvents=true, acceptSslCerts=false, acceptInsecureCerts=false, locationContextEnabled=true, webStorageEnabled=true, browserName=chrome, takesScreenshot=true, javascriptEnabled=true, cssSelectorsEnabled=true, setWindowRect=true, unexpectedAlertBehaviour=}]
Session ID: cd343627ba56dd0ef042a1fe80b12ecc
	at sun.reflect.NativeConstructorAccessorImpl.newInstance0(Native Method)
	at sun.reflect.NativeConstructorAccessorImpl.newInstance(Unknown Source)
	at sun.reflect.DelegatingConstructorAccessorImpl.newInstance(Unknown Source)
	at java.lang.reflect.Constructor.newInstance(Unknown Source)
	at org.openqa.selenium.remote.ErrorHandler.createThrowable(ErrorHandler.java:216)
	at org.openqa.selenium.remote.ErrorHandler.throwIfResponseFailed(ErrorHandler.java:168)
	at org.openqa.selenium.remote.RemoteWebDriver.execute(RemoteWebDriver.java:635)
	at org.openqa.selenium.remote.RemoteWebDriver.execute(RemoteWebDriver.java:658)
	at org.openqa.selenium.remote.RemoteWebDriver.getScreenshotAs(RemoteWebDriver.java:340)
	at com.vapsTechnosoft.IVRM.testBase.TestBase.captureScreen(TestBase.java:300)
	at com.vapsTechnosoft.IVRM.testBase.TestBase.getresult(TestBase.java:331)
	at com.vapsTechnosoft.IVRM.testBase.TestBase.afterMethod(TestBase.java:340)
	at sun.reflect.GeneratedMethodAccessor10.invoke(Unknown Source)
	at sun.reflect.DelegatingMethodAccessorImpl.invoke(Unknown Source)
	at java.lang.reflect.Method.invoke(Unknown Source)
	at org.testng.internal.MethodInvocationHelper.invokeMethod(MethodInvocationHelper.java:104)
	at org.testng.internal.Invoker.invokeConfigurationMethod(Invoker.java:515)
	at org.testng.internal.Invoker.invokeConfigurations(Invoker.java:217)
	at org.testng.internal.Invoker.invokeMethod(Invoker.java:712)
	at org.testng.internal.Invoker.invokeTestMethod(Invoker.java:851)
	at org.testng.internal.Invoker.invokeTestMethods(Invoker.java:1177)
	at org.testng.internal.TestMethodWorker.invokeTestMethods(TestMethodWorker.java:129)
	at org.testng.internal.TestMethodWorker.run(TestMethodWorker.java:112)
	at org.testng.TestRunner.privateRun(TestRunner.java:756)
	at org.testng.TestRunner.run(TestRunner.java:610)
	at org.testng.SuiteRunner.runTest(SuiteRunner.java:387)
	at org.testng.SuiteRunner.runSequentially(SuiteRunner.java:382)
	at org.testng.SuiteRunner.privateRun(SuiteRunner.java:340)
	at org.testng.SuiteRunner.run(SuiteRunner.java:289)
	at org.testng.SuiteRunnerWorker.runSuite(SuiteRunnerWorker.java:52)
	at org.testng.SuiteRunnerWorker.run(SuiteRunnerWorker.java:86)
	at org.testng.TestNG.runSuitesSequentially(TestNG.java:1293)
	at org.testng.TestNG.runSuitesLocally(TestNG.java:1218)
	at org.testng.TestNG.runSuites(TestNG.java:1133)
	at org.testng.TestNG.run(TestNG.java:1104)
	at org.testng.remote.AbstractRemoteTestNG.run(AbstractRemoteTestNG.java:132)
	at org.testng.remote.RemoteTestNG.initAndRun(RemoteTestNG.java:230)
	at org.testng.remote.RemoteTestNG.main(RemoteTestNG.java:76)
</pre></div></td>
<td>0</td>
<td>com.vapsTechnosoft.IVRM.Fee.TC_Transaction.Tc_Transaction_Fee_Transaction@2b546384</td></tr>
</table><p>
<table width='100%' border='1' class='invocation-skipped'>
<tr><td colspan='4' align='center'><b>SKIPPED CONFIGURATIONS</b></td></tr>
<tr><td><b>Test method</b></td>
<td width="30%"><b>Exception</b></td>
<td width="10%"><b>Time (seconds)</b></td>
<td><b>Instance</b></td>
</tr>
<tr>
<td title='com.vapsTechnosoft.IVRM.Fee.TC_Transaction.Tc_Transaction_Fee_Transaction.beforeMethod()'><b>beforeMethod</b><br>Test class: com.vapsTechnosoft.IVRM.Fee.TC_Transaction.Tc_Transaction_Fee_Transaction</td>
<td></td>
<td>0</td>
<td>com.vapsTechnosoft.IVRM.Fee.TC_Transaction.Tc_Transaction_Fee_Transaction@2b546384</td></tr>
<tr>
<td title='com.vapsTechnosoft.IVRM.Fee.TC_Transaction.Tc_Transaction_Fee_Transaction.beforeMethod()'><b>beforeMethod</b><br>Test class: com.vapsTechnosoft.IVRM.Fee.TC_Transaction.Tc_Transaction_Fee_Transaction</td>
<td></td>
<td>0</td>
<td>com.vapsTechnosoft.IVRM.Fee.TC_Transaction.Tc_Transaction_Fee_Transaction@2b546384</td></tr>
<tr>
<td title='com.vapsTechnosoft.IVRM.Fee.TC_Transaction.Tc_Transaction_Fee_Transaction.beforeMethod()'><b>beforeMethod</b><br>Test class: com.vapsTechnosoft.IVRM.Fee.TC_Transaction.Tc_Transaction_Fee_Transaction</td>
<td></td>
<td>0</td>
<td>com.vapsTechnosoft.IVRM.Fee.TC_Transaction.Tc_Transaction_Fee_Transaction@2b546384</td></tr>
<tr>
<td title='com.vapsTechnosoft.IVRM.Fee.TC_Transaction.Tc_Transaction_Fee_Transaction.beforeMethod()'><b>beforeMethod</b><br>Test class: com.vapsTechnosoft.IVRM.Fee.TC_Transaction.Tc_Transaction_Fee_Transaction</td>
<td></td>
<td>0</td>
<td>com.vapsTechnosoft.IVRM.Fee.TC_Transaction.Tc_Transaction_Fee_Transaction@2b546384</td></tr>
<tr>
<td title='com.vapsTechnosoft.IVRM.Fee.TC_Transaction.Tc_Transaction_Fee_Transaction.afterMethod()'><b>afterMethod</b><br>Test class: com.vapsTechnosoft.IVRM.Fee.TC_Transaction.Tc_Transaction_Fee_Transaction</td>
<td></td>
<td>0</td>
<td>com.vapsTechnosoft.IVRM.Fee.TC_Transaction.Tc_Transaction_Fee_Transaction@2b546384</td></tr>
<tr>
<td title='com.vapsTechnosoft.IVRM.Fee.TC_Transaction.Tc_Transaction_Fee_Transaction.afterMethod()'><b>afterMethod</b><br>Test class: com.vapsTechnosoft.IVRM.Fee.TC_Transaction.Tc_Transaction_Fee_Transaction</td>
<td></td>
<td>0</td>
<td>com.vapsTechnosoft.IVRM.Fee.TC_Transaction.Tc_Transaction_Fee_Transaction@2b546384</td></tr>
<tr>
<td title='com.vapsTechnosoft.IVRM.Fee.TC_Transaction.Tc_Transaction_Fee_Transaction.afterMethod()'><b>afterMethod</b><br>Test class: com.vapsTechnosoft.IVRM.Fee.TC_Transaction.Tc_Transaction_Fee_Transaction</td>
<td></td>
<td>0</td>
<td>com.vapsTechnosoft.IVRM.Fee.TC_Transaction.Tc_Transaction_Fee_Transaction@2b546384</td></tr>
<tr>
<td title='com.vapsTechnosoft.IVRM.Fee.TC_Transaction.Tc_Transaction_Fee_Transaction.afterMethod()'><b>afterMethod</b><br>Test class: com.vapsTechnosoft.IVRM.Fee.TC_Transaction.Tc_Transaction_Fee_Transaction</td>
<td></td>
<td>0</td>
<td>com.vapsTechnosoft.IVRM.Fee.TC_Transaction.Tc_Transaction_Fee_Transaction@2b546384</td></tr>
<tr>
<td title='com.vapsTechnosoft.IVRM.Fee.TC_Transaction.Tc_Transaction_Fee_Transaction.tearDown()'><b>tearDown</b><br>Test class: com.vapsTechnosoft.IVRM.Fee.TC_Transaction.Tc_Transaction_Fee_Transaction</td>
<td></td>
<td>0</td>
<td>com.vapsTechnosoft.IVRM.Fee.TC_Transaction.Tc_Transaction_Fee_Transaction@2b546384</td></tr>
</table><p>
<table width='100%' border='1' class='invocation-failed'>
<tr><td colspan='4' align='center'><b>FAILED TESTS</b></td></tr>
<tr><td><b>Test method</b></td>
<td width="30%"><b>Exception</b></td>
<td width="10%"><b>Time (seconds)</b></td>
<td><b>Instance</b></td>
</tr>
<tr>
<td title='com.vapsTechnosoft.IVRM.Fee.TC_Transaction.Tc_Transaction_Fee_Transaction.tcPrintReceiptValidation()'><b>tcPrintReceiptValidation</b><br>Test class: com.vapsTechnosoft.IVRM.Fee.TC_Transaction.Tc_Transaction_Fee_Transaction<br>Parameters: Sanjana Tamada, Y</td>
<td><div><pre>org.openqa.selenium.NoSuchWindowException: no such window: target window already closed
from unknown error: web view not found
  (Session info: chrome=70.0.3538.110)
  (Driver info: chromedriver=2.39.562718 (9a2698cba08cf5a471a29d30c8b3e12becabb0e9),platform=Windows NT 10.0.17134 x86_64) (WARNING: The server did not provide any stacktrace information)
Command duration or timeout: 5 milliseconds
Build info: version: &apos;3.0.1&apos;, revision: &apos;1969d75&apos;, time: &apos;2016-10-18 09:49:13 -0700&apos;
System info: host: &apos;Arvind-Susdiny&apos;, ip: &apos;192.168.1.34&apos;, os.name: &apos;Windows 10&apos;, os.arch: &apos;amd64&apos;, os.version: &apos;10.0&apos;, java.version: &apos;1.8.0_161&apos;
Driver info: org.openqa.selenium.chrome.ChromeDriver
Capabilities [{applicationCacheEnabled=false, rotatable=false, mobileEmulationEnabled=false, networkConnectionEnabled=false, chrome={chromedriverVersion=2.39.562718 (9a2698cba08cf5a471a29d30c8b3e12becabb0e9), userDataDir=C:\Users\vaps\AppData\Local\Temp\scoped_dir9052_25145}, takesHeapSnapshot=true, pageLoadStrategy=normal, databaseEnabled=false, handlesAlerts=true, hasTouchScreen=false, version=70.0.3538.110, platform=XP, browserConnectionEnabled=false, nativeEvents=true, acceptSslCerts=false, acceptInsecureCerts=false, locationContextEnabled=true, webStorageEnabled=true, browserName=chrome, takesScreenshot=true, javascriptEnabled=true, cssSelectorsEnabled=true, setWindowRect=true, unexpectedAlertBehaviour=}]
Session ID: cd343627ba56dd0ef042a1fe80b12ecc
	at sun.reflect.NativeConstructorAccessorImpl.newInstance0(Native Method)
	at sun.reflect.NativeConstructorAccessorImpl.newInstance(Unknown Source)
	at sun.reflect.DelegatingConstructorAccessorImpl.newInstance(Unknown Source)
	at java.lang.reflect.Constructor.newInstance(Unknown Source)
	at org.openqa.selenium.remote.ErrorHandler.createThrowable(ErrorHandler.java:216)
	at org.openqa.selenium.remote.ErrorHandler.throwIfResponseFailed(ErrorHandler.java:168)
	at org.openqa.selenium.remote.RemoteWebDriver.execute(RemoteWebDriver.java:635)
	at org.openqa.selenium.remote.RemoteWebDriver.execute(RemoteWebDriver.java:658)
	at org.openqa.selenium.remote.RemoteWebDriver.getScreenshotAs(RemoteWebDriver.java:340)
	at com.vapsTechnosoft.IVRM.testBase.TestBase.getScreenShot(TestBase.java:215)
	at com.vapsTechnosoft.IVRM.Fee.TC_Transaction.Tc_Transaction_Fee_Transaction.tcPrintReceiptValidation(Tc_Transaction_Fee_Transaction.java:401)
	at sun.reflect.NativeMethodAccessorImpl.invoke0(Native Method)
	at sun.reflect.NativeMethodAccessorImpl.invoke(Unknown Source)
	at sun.reflect.DelegatingMethodAccessorImpl.invoke(Unknown Source)
	at java.lang.reflect.Method.invoke(Unknown Source)
	at org.testng.internal.MethodInvocationHelper.invokeMethod(MethodInvocationHelper.java:104)
	at org.testng.internal.Invoker.invokeMethod(Invoker.java:645)
	at org.testng.internal.Invoker.invokeTestMethod(Invoker.java:851)
	at org.testng.internal.Invoker.invokeTestMethods(Invoker.java:1177)
	at org.testng.internal.TestMethodWorker.invokeTestMethods(TestMethodWorker.java:129)
	at org.testng.internal.TestMethodWorker.run(TestMethodWorker.java:112)
	at org.testng.TestRunner.privateRun(TestRunner.java:756)
	at org.testng.TestRunner.run(TestRunner.java:610)
	at org.testng.SuiteRunner.runTest(SuiteRunner.java:387)
	at org.testng.SuiteRunner.runSequentially(SuiteRunner.java:382)
	at org.testng.SuiteRunner.privateRun(SuiteRunner.java:340)
	at org.testng.SuiteRunner.run(SuiteRunner.java:289)
	at org.testng.SuiteRunnerWorker.runSuite(SuiteRunnerWorker.java:52)
	at org.testng.SuiteRunnerWorker.run(SuiteRunnerWorker.java:86)
	at org.testng.TestNG.runSuitesSequentially(TestNG.java:1293)
	at org.testng.TestNG.runSuitesLocally(TestNG.java:1218)
	at org.testng.TestNG.runSuites(TestNG.java:1133)
	at org.testng.TestNG.run(TestNG.java:1104)
	at org.testng.remote.AbstractRemoteTestNG.run(AbstractRemoteTestNG.java:132)
	at org.testng.remote.RemoteTestNG.initAndRun(RemoteTestNG.java:230)
	at org.testng.remote.RemoteTestNG.main(RemoteTestNG.java:76)
</pre></div><a href='#' onClick='toggleBox("stack-trace1410367298", this, "Click to show all stack frames", "Click to hide stack frames")'>Click to show all stack frames</a>
<div class='stack-trace' id='stack-trace1410367298'><pre>org.openqa.selenium.NoSuchWindowException: no such window: target window already closed
from unknown error: web view not found
  (Session info: chrome=70.0.3538.110)
  (Driver info: chromedriver=2.39.562718 (9a2698cba08cf5a471a29d30c8b3e12becabb0e9),platform=Windows NT 10.0.17134 x86_64) (WARNING: The server did not provide any stacktrace information)
Command duration or timeout: 5 milliseconds
Build info: version: &apos;3.0.1&apos;, revision: &apos;1969d75&apos;, time: &apos;2016-10-18 09:49:13 -0700&apos;
System info: host: &apos;Arvind-Susdiny&apos;, ip: &apos;192.168.1.34&apos;, os.name: &apos;Windows 10&apos;, os.arch: &apos;amd64&apos;, os.version: &apos;10.0&apos;, java.version: &apos;1.8.0_161&apos;
Driver info: org.openqa.selenium.chrome.ChromeDriver
Capabilities [{applicationCacheEnabled=false, rotatable=false, mobileEmulationEnabled=false, networkConnectionEnabled=false, chrome={chromedriverVersion=2.39.562718 (9a2698cba08cf5a471a29d30c8b3e12becabb0e9), userDataDir=C:\Users\vaps\AppData\Local\Temp\scoped_dir9052_25145}, takesHeapSnapshot=true, pageLoadStrategy=normal, databaseEnabled=false, handlesAlerts=true, hasTouchScreen=false, version=70.0.3538.110, platform=XP, browserConnectionEnabled=false, nativeEvents=true, acceptSslCerts=false, acceptInsecureCerts=false, locationContextEnabled=true, webStorageEnabled=true, browserName=chrome, takesScreenshot=true, javascriptEnabled=true, cssSelectorsEnabled=true, setWindowRect=true, unexpectedAlertBehaviour=}]
Session ID: cd343627ba56dd0ef042a1fe80b12ecc
	at sun.reflect.NativeConstructorAccessorImpl.newInstance0(Native Method)
	at sun.reflect.NativeConstructorAccessorImpl.newInstance(Unknown Source)
	at sun.reflect.DelegatingConstructorAccessorImpl.newInstance(Unknown Source)
	at java.lang.reflect.Constructor.newInstance(Unknown Source)
	at org.openqa.selenium.remote.ErrorHandler.createThrowable(ErrorHandler.java:216)
	at org.openqa.selenium.remote.ErrorHandler.throwIfResponseFailed(ErrorHandler.java:168)
	at org.openqa.selenium.remote.RemoteWebDriver.execute(RemoteWebDriver.java:635)
	at org.openqa.selenium.remote.RemoteWebDriver.execute(RemoteWebDriver.java:658)
	at org.openqa.selenium.remote.RemoteWebDriver.getScreenshotAs(RemoteWebDriver.java:340)
	at com.vapsTechnosoft.IVRM.testBase.TestBase.getScreenShot(TestBase.java:215)
	at com.vapsTechnosoft.IVRM.Fee.TC_Transaction.Tc_Transaction_Fee_Transaction.tcPrintReceiptValidation(Tc_Transaction_Fee_Transaction.java:401)
	at sun.reflect.NativeMethodAccessorImpl.invoke0(Native Method)
	at sun.reflect.NativeMethodAccessorImpl.invoke(Unknown Source)
	at sun.reflect.DelegatingMethodAccessorImpl.invoke(Unknown Source)
	at java.lang.reflect.Method.invoke(Unknown Source)
	at org.testng.internal.MethodInvocationHelper.invokeMethod(MethodInvocationHelper.java:104)
	at org.testng.internal.Invoker.invokeMethod(Invoker.java:645)
	at org.testng.internal.Invoker.invokeTestMethod(Invoker.java:851)
	at org.testng.internal.Invoker.invokeTestMethods(Invoker.java:1177)
	at org.testng.internal.TestMethodWorker.invokeTestMethods(TestMethodWorker.java:129)
	at org.testng.internal.TestMethodWorker.run(TestMethodWorker.java:112)
	at org.testng.TestRunner.privateRun(TestRunner.java:756)
	at org.testng.TestRunner.run(TestRunner.java:610)
	at org.testng.SuiteRunner.runTest(SuiteRunner.java:387)
	at org.testng.SuiteRunner.runSequentially(SuiteRunner.java:382)
	at org.testng.SuiteRunner.privateRun(SuiteRunner.java:340)
	at org.testng.SuiteRunner.run(SuiteRunner.java:289)
	at org.testng.SuiteRunnerWorker.runSuite(SuiteRunnerWorker.java:52)
	at org.testng.SuiteRunnerWorker.run(SuiteRunnerWorker.java:86)
	at org.testng.TestNG.runSuitesSequentially(TestNG.java:1293)
	at org.testng.TestNG.runSuitesLocally(TestNG.java:1218)
	at org.testng.TestNG.runSuites(TestNG.java:1133)
	at org.testng.TestNG.run(TestNG.java:1104)
	at org.testng.remote.AbstractRemoteTestNG.run(AbstractRemoteTestNG.java:132)
	at org.testng.remote.RemoteTestNG.initAndRun(RemoteTestNG.java:230)
	at org.testng.remote.RemoteTestNG.main(RemoteTestNG.java:76)
</pre></div></td>
<td>1</td>
<td>com.vapsTechnosoft.IVRM.Fee.TC_Transaction.Tc_Transaction_Fee_Transaction@2b546384</td></tr>
<tr>
<td title='com.vapsTechnosoft.IVRM.Fee.TC_Transaction.Tc_Transaction_Fee_Transaction.tcTableEnterPayableAmount()'><b>tcTableEnterPayableAmount</b><br>Test class: com.vapsTechnosoft.IVRM.Fee.TC_Transaction.Tc_Transaction_Fee_Transaction<br>Parameters: Fine, 5</td>
<td><div><pre>java.lang.AssertionError: expected [Fine] but found [Computer Fees]
	at org.testng.Assert.fail(Assert.java:94)
	at org.testng.Assert.failNotEquals(Assert.java:513)
	at org.testng.Assert.assertEqualsImpl(Assert.java:135)
	at org.testng.Assert.assertEquals(Assert.java:116)
	at org.testng.Assert.assertEquals(Assert.java:190)
	at org.testng.Assert.assertEquals(Assert.java:200)
	at com.vapsTechnosoft.IVRM.Fee.Transaction.Transaction_Fee_Transaction.tableEnterPayableAmount(Transaction_Fee_Transaction.java:371)
	at com.vapsTechnosoft.IVRM.Fee.TC_Transaction.Tc_Transaction_Fee_Transaction.tcTableEnterPayableAmount(Tc_Transaction_Fee_Transaction.java:228)
	at sun.reflect.NativeMethodAccessorImpl.invoke0(Native Method)
	at sun.reflect.NativeMethodAccessorImpl.invoke(Unknown Source)
	at sun.reflect.DelegatingMethodAccessorImpl.invoke(Unknown Source)
	at java.lang.reflect.Method.invoke(Unknown Source)
	at org.testng.internal.MethodInvocationHelper.invokeMethod(MethodInvocationHelper.java:104)
	at org.testng.internal.Invoker.invokeMethod(Invoker.java:645)
	at org.testng.internal.Invoker.invokeTestMethod(Invoker.java:851)
	at org.testng.internal.Invoker.invokeTestMethods(Invoker.java:1177)
	at org.testng.internal.TestMethodWorker.invokeTestMethods(TestMethodWorker.java:129)
	at org.testng.internal.TestMethodWorker.run(TestMethodWorker.java:112)
	at org.testng.TestRunner.privateRun(TestRunner.java:756)
	at org.testng.TestRunner.run(TestRunner.java:610)
	at org.testng.SuiteRunner.runTest(SuiteRunner.java:387)
	at org.testng.SuiteRunner.runSequentially(SuiteRunner.java:382)
	at org.testng.SuiteRunner.privateRun(SuiteRunner.java:340)
	at org.testng.SuiteRunner.run(SuiteRunner.java:289)
	at org.testng.SuiteRunnerWorker.runSuite(SuiteRunnerWorker.java:52)
	at org.testng.SuiteRunnerWorker.run(SuiteRunnerWorker.java:86)
	at org.testng.TestNG.runSuitesSequentially(TestNG.java:1293)
	at org.testng.TestNG.runSuitesLocally(TestNG.java:1218)
	at org.testng.TestNG.runSuites(TestNG.java:1133)
	at org.testng.TestNG.run(TestNG.java:1104)
	at org.testng.remote.AbstractRemoteTestNG.run(AbstractRemoteTestNG.java:132)
	at org.testng.remote.RemoteTestNG.initAndRun(RemoteTestNG.java:230)
	at org.testng.remote.RemoteTestNG.main(RemoteTestNG.java:76)
</pre></div><a href='#' onClick='toggleBox("stack-trace1434015813", this, "Click to show all stack frames", "Click to hide stack frames")'>Click to show all stack frames</a>
<div class='stack-trace' id='stack-trace1434015813'><pre>java.lang.AssertionError: expected [Fine] but found [Computer Fees]
	at org.testng.Assert.fail(Assert.java:94)
	at org.testng.Assert.failNotEquals(Assert.java:513)
	at org.testng.Assert.assertEqualsImpl(Assert.java:135)
	at org.testng.Assert.assertEquals(Assert.java:116)
	at org.testng.Assert.assertEquals(Assert.java:190)
	at org.testng.Assert.assertEquals(Assert.java:200)
	at com.vapsTechnosoft.IVRM.Fee.Transaction.Transaction_Fee_Transaction.tableEnterPayableAmount(Transaction_Fee_Transaction.java:371)
	at com.vapsTechnosoft.IVRM.Fee.TC_Transaction.Tc_Transaction_Fee_Transaction.tcTableEnterPayableAmount(Tc_Transaction_Fee_Transaction.java:228)
	at sun.reflect.NativeMethodAccessorImpl.invoke0(Native Method)
	at sun.reflect.NativeMethodAccessorImpl.invoke(Unknown Source)
	at sun.reflect.DelegatingMethodAccessorImpl.invoke(Unknown Source)
	at java.lang.reflect.Method.invoke(Unknown Source)
	at org.testng.internal.MethodInvocationHelper.invokeMethod(MethodInvocationHelper.java:104)
	at org.testng.internal.Invoker.invokeMethod(Invoker.java:645)
	at org.testng.internal.Invoker.invokeTestMethod(Invoker.java:851)
	at org.testng.internal.Invoker.invokeTestMethods(Invoker.java:1177)
	at org.testng.internal.TestMethodWorker.invokeTestMethods(TestMethodWorker.java:129)
	at org.testng.internal.TestMethodWorker.run(TestMethodWorker.java:112)
	at org.testng.TestRunner.privateRun(TestRunner.java:756)
	at org.testng.TestRunner.run(TestRunner.java:610)
	at org.testng.SuiteRunner.runTest(SuiteRunner.java:387)
	at org.testng.SuiteRunner.runSequentially(SuiteRunner.java:382)
	at org.testng.SuiteRunner.privateRun(SuiteRunner.java:340)
	at org.testng.SuiteRunner.run(SuiteRunner.java:289)
	at org.testng.SuiteRunnerWorker.runSuite(SuiteRunnerWorker.java:52)
	at org.testng.SuiteRunnerWorker.run(SuiteRunnerWorker.java:86)
	at org.testng.TestNG.runSuitesSequentially(TestNG.java:1293)
	at org.testng.TestNG.runSuitesLocally(TestNG.java:1218)
	at org.testng.TestNG.runSuites(TestNG.java:1133)
	at org.testng.TestNG.run(TestNG.java:1104)
	at org.testng.remote.AbstractRemoteTestNG.run(AbstractRemoteTestNG.java:132)
	at org.testng.remote.RemoteTestNG.initAndRun(RemoteTestNG.java:230)
	at org.testng.remote.RemoteTestNG.main(RemoteTestNG.java:76)
</pre></div></td>
<td>4</td>
<td>com.vapsTechnosoft.IVRM.Fee.TC_Transaction.Tc_Transaction_Fee_Transaction@2b546384</td></tr>
<tr>
<td title='com.vapsTechnosoft.IVRM.Fee.TC_Transaction.Tc_Transaction_Fee_Transaction.tcValidateStudentInformationData()'><b>tcValidateStudentInformationData</b><br>Test class: com.vapsTechnosoft.IVRM.Fee.TC_Transaction.Tc_Transaction_Fee_Transaction<br>Parameters: : Srujana Tamada, : 1267, : 4, : 9491851964, : PN/A, :, : 14-04-2016, : BCS1114, Y</td>
<td><div><pre>java.lang.AssertionError: expected [: Srujana Tamada] but found [: KAVANA D GOWDA]
	at org.testng.Assert.fail(Assert.java:94)
	at org.testng.Assert.failNotEquals(Assert.java:513)
	at org.testng.Assert.assertEqualsImpl(Assert.java:135)
	at org.testng.Assert.assertEquals(Assert.java:116)
	at org.testng.Assert.assertEquals(Assert.java:190)
	at org.testng.Assert.assertEquals(Assert.java:200)
	at com.vapsTechnosoft.IVRM.Fee.Transaction.Transaction_Fee_Transaction.validateStudentInformationData(Transaction_Fee_Transaction.java:279)
	at com.vapsTechnosoft.IVRM.Fee.TC_Transaction.Tc_Transaction_Fee_Transaction.tcValidateStudentInformationData(Tc_Transaction_Fee_Transaction.java:211)
	at sun.reflect.NativeMethodAccessorImpl.invoke0(Native Method)
	at sun.reflect.NativeMethodAccessorImpl.invoke(Unknown Source)
	at sun.reflect.DelegatingMethodAccessorImpl.invoke(Unknown Source)
	at java.lang.reflect.Method.invoke(Unknown Source)
	at org.testng.internal.MethodInvocationHelper.invokeMethod(MethodInvocationHelper.java:104)
	at org.testng.internal.Invoker.invokeMethod(Invoker.java:645)
	at org.testng.internal.Invoker.invokeTestMethod(Invoker.java:851)
	at org.testng.internal.Invoker.invokeTestMethods(Invoker.java:1177)
	at org.testng.internal.TestMethodWorker.invokeTestMethods(TestMethodWorker.java:129)
	at org.testng.internal.TestMethodWorker.run(TestMethodWorker.java:112)
	at org.testng.TestRunner.privateRun(TestRunner.java:756)
	at org.testng.TestRunner.run(TestRunner.java:610)
	at org.testng.SuiteRunner.runTest(SuiteRunner.java:387)
	at org.testng.SuiteRunner.runSequentially(SuiteRunner.java:382)
	at org.testng.SuiteRunner.privateRun(SuiteRunner.java:340)
	at org.testng.SuiteRunner.run(SuiteRunner.java:289)
	at org.testng.SuiteRunnerWorker.runSuite(SuiteRunnerWorker.java:52)
	at org.testng.SuiteRunnerWorker.run(SuiteRunnerWorker.java:86)
	at org.testng.TestNG.runSuitesSequentially(TestNG.java:1293)
	at org.testng.TestNG.runSuitesLocally(TestNG.java:1218)
	at org.testng.TestNG.runSuites(TestNG.java:1133)
	at org.testng.TestNG.run(TestNG.java:1104)
	at org.testng.remote.AbstractRemoteTestNG.run(AbstractRemoteTestNG.java:132)
	at org.testng.remote.RemoteTestNG.initAndRun(RemoteTestNG.java:230)
	at org.testng.remote.RemoteTestNG.main(RemoteTestNG.java:76)
</pre></div><a href='#' onClick='toggleBox("stack-trace1662912171", this, "Click to show all stack frames", "Click to hide stack frames")'>Click to show all stack frames</a>
<div class='stack-trace' id='stack-trace1662912171'><pre>java.lang.AssertionError: expected [: Srujana Tamada] but found [: KAVANA D GOWDA]
	at org.testng.Assert.fail(Assert.java:94)
	at org.testng.Assert.failNotEquals(Assert.java:513)
	at org.testng.Assert.assertEqualsImpl(Assert.java:135)
	at org.testng.Assert.assertEquals(Assert.java:116)
	at org.testng.Assert.assertEquals(Assert.java:190)
	at org.testng.Assert.assertEquals(Assert.java:200)
	at com.vapsTechnosoft.IVRM.Fee.Transaction.Transaction_Fee_Transaction.validateStudentInformationData(Transaction_Fee_Transaction.java:279)
	at com.vapsTechnosoft.IVRM.Fee.TC_Transaction.Tc_Transaction_Fee_Transaction.tcValidateStudentInformationData(Tc_Transaction_Fee_Transaction.java:211)
	at sun.reflect.NativeMethodAccessorImpl.invoke0(Native Method)
	at sun.reflect.NativeMethodAccessorImpl.invoke(Unknown Source)
	at sun.reflect.DelegatingMethodAccessorImpl.invoke(Unknown Source)
	at java.lang.reflect.Method.invoke(Unknown Source)
	at org.testng.internal.MethodInvocationHelper.invokeMethod(MethodInvocationHelper.java:104)
	at org.testng.internal.Invoker.invokeMethod(Invoker.java:645)
	at org.testng.internal.Invoker.invokeTestMethod(Invoker.java:851)
	at org.testng.internal.Invoker.invokeTestMethods(Invoker.java:1177)
	at org.testng.internal.TestMethodWorker.invokeTestMethods(TestMethodWorker.java:129)
	at org.testng.internal.TestMethodWorker.run(TestMethodWorker.java:112)
	at org.testng.TestRunner.privateRun(TestRunner.java:756)
	at org.testng.TestRunner.run(TestRunner.java:610)
	at org.testng.SuiteRunner.runTest(SuiteRunner.java:387)
	at org.testng.SuiteRunner.runSequentially(SuiteRunner.java:382)
	at org.testng.SuiteRunner.privateRun(SuiteRunner.java:340)
	at org.testng.SuiteRunner.run(SuiteRunner.java:289)
	at org.testng.SuiteRunnerWorker.runSuite(SuiteRunnerWorker.java:52)
	at org.testng.SuiteRunnerWorker.run(SuiteRunnerWorker.java:86)
	at org.testng.TestNG.runSuitesSequentially(TestNG.java:1293)
	at org.testng.TestNG.runSuitesLocally(TestNG.java:1218)
	at org.testng.TestNG.runSuites(TestNG.java:1133)
	at org.testng.TestNG.run(TestNG.java:1104)
	at org.testng.remote.AbstractRemoteTestNG.run(AbstractRemoteTestNG.java:132)
	at org.testng.remote.RemoteTestNG.initAndRun(RemoteTestNG.java:230)
	at org.testng.remote.RemoteTestNG.main(RemoteTestNG.java:76)
</pre></div></td>
<td>0</td>
<td>com.vapsTechnosoft.IVRM.Fee.TC_Transaction.Tc_Transaction_Fee_Transaction@2b546384</td></tr>
</table><p>
<table width='100%' border='1' class='invocation-passed'>
<tr><td colspan='4' align='center'><b>PASSED TESTS</b></td></tr>
<tr><td><b>Test method</b></td>
<td width="30%"><b>Exception</b></td>
<td width="10%"><b>Time (seconds)</b></td>
<td><b>Instance</b></td>
</tr>
<tr>
<td title='com.vapsTechnosoft.IVRM.Fee.TC_Transaction.Tc_Transaction_Fee_Transaction.loginToappWithrequiredCredentials()'><b>loginToappWithrequiredCredentials</b><br>Test class: com.vapsTechnosoft.IVRM.Fee.TC_Transaction.Tc_Transaction_Fee_Transaction<br>Parameters: Radha, Password@123, Y<br/>
<a href="#Output-948675904" onClick='toggleBox("Output-948675904", this, "Show output", "Hide output");'>Show output</a>

<a href="#Output-948675904" onClick="toggleAllBoxes();">Show all outputs</a>
<div class='log' id="Output-948675904">
<a href='C:\Users\vaps\Desktop\IVRMPORTAL\src\main\java\com\vapsTechnosoft\IVRM\screenshot\Login Page_05_12_2018_06_36_44.png'> <img src='C:\Users\vaps\Desktop\IVRMPORTAL\src\main\java\com\vapsTechnosoft\IVRM\screenshot\Login Page_05_12_2018_06_36_44.png' height='100' width='100'/> </a><br/>
Element is present...and object is: [[ChromeDriver: chrome on XP (cd343627ba56dd0ef042a1fe80b12ecc)] -> xpath: //input[@id='login-username']]<br/>
Entered value to input Field is Radha and object is:- [[ChromeDriver: chrome on XP (cd343627ba56dd0ef042a1fe80b12ecc)] -> xpath: //input[@id='login-username']]<br/>
UserName entered Radha and object is:-[[ChromeDriver: chrome on XP (cd343627ba56dd0ef042a1fe80b12ecc)] -> xpath: //input[@id='login-username']]<br/>
Element is present...and object is: [[ChromeDriver: chrome on XP (cd343627ba56dd0ef042a1fe80b12ecc)] -> xpath: //input[@id='login-password']]<br/>
Entered value to input Field is Password@123 and object is:- [[ChromeDriver: chrome on XP (cd343627ba56dd0ef042a1fe80b12ecc)] -> xpath: //input[@id='login-password']]<br/>
Password entered Password@123 and object is:-[[ChromeDriver: chrome on XP (cd343627ba56dd0ef042a1fe80b12ecc)] -> xpath: //input[@id='login-password']]<br/>
Element is present...and object is: [[ChromeDriver: chrome on XP (cd343627ba56dd0ef042a1fe80b12ecc)] -> xpath: //b[text()='Sign in ']/parent::button]<br/>
Clicked on Login button and redirected to Home page, Object is:-[[ChromeDriver: chrome on XP (cd343627ba56dd0ef042a1fe80b12ecc)] -> xpath: //b[text()='Sign in ']/parent::button]<br/>
Element is present...and object is: [[ChromeDriver: chrome on XP (cd343627ba56dd0ef042a1fe80b12ecc)] -> xpath: //*[@id='style-4']/section/ul/li[1]/a/span]<br/>
Home button is dispalyed and object is:-[[ChromeDriver: chrome on XP (cd343627ba56dd0ef042a1fe80b12ecc)] -> xpath: //*[@id='style-4']/section/ul/li[1]/a/span]<br/>
<a href='C:\Users\vaps\Desktop\IVRMPORTAL\src\main\java\com\vapsTechnosoft\IVRM\screenshot\loginToappWithrequiredCredentials_05_12_2018_06_36_52.png'> <img src='C:\Users\vaps\Desktop\IVRMPORTAL\src\main\java\com\vapsTechnosoft\IVRM\screenshot\loginToappWithrequiredCredentials_05_12_2018_06_36_52.png' height='100' width='100'/> </a><br/>
</div>
</td>
<td></td>
<td>8</td>
<td>com.vapsTechnosoft.IVRM.Fee.TC_Transaction.Tc_Transaction_Fee_Transaction@2b546384</td></tr>
<tr>
<td title='com.vapsTechnosoft.IVRM.Fee.TC_Transaction.Tc_Transaction_Fee_Transaction.tcAfterSavePupUpHandlingCancel()'><b>tcAfterSavePupUpHandlingCancel</b><br>Test class: com.vapsTechnosoft.IVRM.Fee.TC_Transaction.Tc_Transaction_Fee_Transaction<br/>
<a href="#Output-1623060829" onClick='toggleBox("Output-1623060829", this, "Show output", "Hide output");'>Show output</a>

<a href="#Output-1623060829" onClick="toggleAllBoxes();">Show all outputs</a>
<div class='log' id="Output-1623060829">
Element is present...and object is: [[ChromeDriver: chrome on XP (cd343627ba56dd0ef042a1fe80b12ecc)] -> xpath: //body[@id='style-4']/div[5]/div[7]/button]<br/>
Element is not present...and object is: [[ChromeDriver: chrome on XP (cd343627ba56dd0ef042a1fe80b12ecc)] -> xpath: //body[@id='style-4']/div[5]/div[7]/button]<br/>
Clicked on record Save cancel button and object is:[[ChromeDriver: chrome on XP (cd343627ba56dd0ef042a1fe80b12ecc)] -> xpath: //body[@id='style-4']/div[5]/div[7]/button]<br/>
<a href='C:\Users\vaps\Desktop\IVRMPORTAL\src\main\java\com\vapsTechnosoft\IVRM\screenshot\tcAfterSavePupUpHandlingCancel_05_12_2018_06_37_24.png'> <img src='C:\Users\vaps\Desktop\IVRMPORTAL\src\main\java\com\vapsTechnosoft\IVRM\screenshot\tcAfterSavePupUpHandlingCancel_05_12_2018_06_37_24.png' height='100' width='100'/> </a><br/>
</div>
</td>
<td></td>
<td>2</td>
<td>com.vapsTechnosoft.IVRM.Fee.TC_Transaction.Tc_Transaction_Fee_Transaction@2b546384</td></tr>
<tr>
<td title='com.vapsTechnosoft.IVRM.Fee.TC_Transaction.Tc_Transaction_Fee_Transaction.tcAfterSavePupUpHandlingYesSaveit()'><b>tcAfterSavePupUpHandlingYesSaveit</b><br>Test class: com.vapsTechnosoft.IVRM.Fee.TC_Transaction.Tc_Transaction_Fee_Transaction<br/>
<a href="#Output-1088239991" onClick='toggleBox("Output-1088239991", this, "Show output", "Hide output");'>Show output</a>

<a href="#Output-1088239991" onClick="toggleAllBoxes();">Show all outputs</a>
<div class='log' id="Output-1088239991">
Element is present...and object is: [[ChromeDriver: chrome on XP (cd343627ba56dd0ef042a1fe80b12ecc)] -> xpath: //body[@id='style-4']/div[5]/div[7]/div/button]<br/>
Clicked on record Yes Save it button and object is:[[ChromeDriver: chrome on XP (cd343627ba56dd0ef042a1fe80b12ecc)] -> xpath: //body[@id='style-4']/div[5]/div[7]/div/button]<br/>
<a href='C:\Users\vaps\Desktop\IVRMPORTAL\src\main\java\com\vapsTechnosoft\IVRM\screenshot\tcAfterSavePupUpHandlingYesSaveit_05_12_2018_06_37_31.png'> <img src='C:\Users\vaps\Desktop\IVRMPORTAL\src\main\java\com\vapsTechnosoft\IVRM\screenshot\tcAfterSavePupUpHandlingYesSaveit_05_12_2018_06_37_31.png' height='100' width='100'/> </a><br/>
</div>
</td>
<td></td>
<td>3</td>
<td>com.vapsTechnosoft.IVRM.Fee.TC_Transaction.Tc_Transaction_Fee_Transaction@2b546384</td></tr>
<tr>
<td title='com.vapsTechnosoft.IVRM.Fee.TC_Transaction.Tc_Transaction_Fee_Transaction.tcBankDetailsAndNarration()'><b>tcBankDetailsAndNarration</b><br>Test class: com.vapsTechnosoft.IVRM.Fee.TC_Transaction.Tc_Transaction_Fee_Transaction<br>Parameters: Thank you for opting online payments. , 789456, ABC Bank pvt Ltd, 12-12-2017, Y<br/>
<a href="#Output-503595296" onClick='toggleBox("Output-503595296", this, "Show output", "Hide output");'>Show output</a>

<a href="#Output-503595296" onClick="toggleAllBoxes();">Show all outputs</a>
<div class='log' id="Output-503595296">
Element is present...and object is: [[ChromeDriver: chrome on XP (cd343627ba56dd0ef042a1fe80b12ecc)] -> xpath: //textarea[@id='Narration']]<br/>
Entered value to input Field is Thank you for opting online payments.  and object is:- [[ChromeDriver: chrome on XP (cd343627ba56dd0ef042a1fe80b12ecc)] -> xpath: //textarea[@id='Narration']]<br/>
Entered narration asThank you for opting online payments. and object is:[[ChromeDriver: chrome on XP (cd343627ba56dd0ef042a1fe80b12ecc)] -> xpath: //textarea[@id='Narration']]<br/>
Element is present...and object is: [[ChromeDriver: chrome on XP (cd343627ba56dd0ef042a1fe80b12ecc)] -> xpath: //span[contains(text(),'Bank')]]<br/>
Selected bank radio button and object is:-[[ChromeDriver: chrome on XP (cd343627ba56dd0ef042a1fe80b12ecc)] -> xpath: //span[contains(text(),'Bank')]]<br/>
Element is present...and object is: [[ChromeDriver: chrome on XP (cd343627ba56dd0ef042a1fe80b12ecc)] -> xpath: //md-datepicker[@id='chequedddate']/div/input]<br/>
Entered value to input Field is 12-12-2017 and object is:- [[ChromeDriver: chrome on XP (cd343627ba56dd0ef042a1fe80b12ecc)] -> xpath: //md-datepicker[@id='chequedddate']/div/input]<br/>
Entered cheque date:12-12-2017and object is:[[ChromeDriver: chrome on XP (cd343627ba56dd0ef042a1fe80b12ecc)] -> xpath: //input[@id='chequeno']]<br/>
Element is present...and object is: [[ChromeDriver: chrome on XP (cd343627ba56dd0ef042a1fe80b12ecc)] -> xpath: //input[@id='chequeno']]<br/>
Entered value to input Field is 789456 and object is:- [[ChromeDriver: chrome on XP (cd343627ba56dd0ef042a1fe80b12ecc)] -> xpath: //input[@id='chequeno']]<br/>
Entered cheque number is:789456and object is:[[ChromeDriver: chrome on XP (cd343627ba56dd0ef042a1fe80b12ecc)] -> xpath: //input[@id='chequeno']]<br/>
Element is present...and object is: [[ChromeDriver: chrome on XP (cd343627ba56dd0ef042a1fe80b12ecc)] -> xpath: //body[@id='style-4']//div/div[4]/div[3]/div/input]<br/>
Entered value to input Field is ABC Bank pvt Ltd and object is:- [[ChromeDriver: chrome on XP (cd343627ba56dd0ef042a1fe80b12ecc)] -> xpath: //body[@id='style-4']//div/div[4]/div[3]/div/input]<br/>
Entered bank name:ABC Bank pvt Ltdand object is:[[ChromeDriver: chrome on XP (cd343627ba56dd0ef042a1fe80b12ecc)] -> xpath: //body[@id='style-4']//div/div[4]/div[3]/div/input]<br/>
<a href='C:\Users\vaps\Desktop\IVRMPORTAL\src\main\java\com\vapsTechnosoft\IVRM\screenshot\tcBankDetailsAndNarration_05_12_2018_06_37_19.png'> <img src='C:\Users\vaps\Desktop\IVRMPORTAL\src\main\java\com\vapsTechnosoft\IVRM\screenshot\tcBankDetailsAndNarration_05_12_2018_06_37_19.png' height='100' width='100'/> </a><br/>
</div>
</td>
<td></td>
<td>6</td>
<td>com.vapsTechnosoft.IVRM.Fee.TC_Transaction.Tc_Transaction_Fee_Transaction@2b546384</td></tr>
<tr>
<td title='com.vapsTechnosoft.IVRM.Fee.TC_Transaction.Tc_Transaction_Fee_Transaction.tcClickOnFailedOkBtn()'><b>tcClickOnFailedOkBtn</b><br>Test class: com.vapsTechnosoft.IVRM.Fee.TC_Transaction.Tc_Transaction_Fee_Transaction<br/>
<a href="#Output-1134202713" onClick='toggleBox("Output-1134202713", this, "Show output", "Hide output");'>Show output</a>

<a href="#Output-1134202713" onClick="toggleAllBoxes();">Show all outputs</a>
<div class='log' id="Output-1134202713">
Element is present...and object is: [[ChromeDriver: chrome on XP (cd343627ba56dd0ef042a1fe80b12ecc)] -> xpath: //body[@id='style-4']/div[5]/div[7]/div/button]<br/>
clicked on OK button and object is:-[[ChromeDriver: chrome on XP (cd343627ba56dd0ef042a1fe80b12ecc)] -> xpath: //body[@id='style-4']/div[5]/div[7]/div/button]<br/>
<a href='C:\Users\vaps\Desktop\IVRMPORTAL\src\main\java\com\vapsTechnosoft\IVRM\screenshot\tcClickOnSuccessOkBtn_05_12_2018_06_37_26.png'> <img src='C:\Users\vaps\Desktop\IVRMPORTAL\src\main\java\com\vapsTechnosoft\IVRM\screenshot\tcClickOnSuccessOkBtn_05_12_2018_06_37_26.png' height='100' width='100'/> </a><br/>
</div>
</td>
<td></td>
<td>1</td>
<td>com.vapsTechnosoft.IVRM.Fee.TC_Transaction.Tc_Transaction_Fee_Transaction@2b546384</td></tr>
<tr>
<td title='com.vapsTechnosoft.IVRM.Fee.TC_Transaction.Tc_Transaction_Fee_Transaction.tcClickOnSaveButton()'><b>tcClickOnSaveButton</b><br>Test class: com.vapsTechnosoft.IVRM.Fee.TC_Transaction.Tc_Transaction_Fee_Transaction<br/>
<a href="#Output-73688220" onClick='toggleBox("Output-73688220", this, "Show output", "Hide output");'>Show output</a>

<a href="#Output-73688220" onClick="toggleAllBoxes();">Show all outputs</a>
<div class='log' id="Output-73688220">
Element is present...and object is: [[ChromeDriver: chrome on XP (cd343627ba56dd0ef042a1fe80b12ecc)] -> xpath: //button[@id='save-btn']]<br/>
clicked on save button and object is:-[[ChromeDriver: chrome on XP (cd343627ba56dd0ef042a1fe80b12ecc)] -> xpath: //button[@id='save-btn']]<br/>
<a href='C:\Users\vaps\Desktop\IVRMPORTAL\src\main\java\com\vapsTechnosoft\IVRM\screenshot\tcClickOnSaveButton_05_12_2018_06_37_22.png'> <img src='C:\Users\vaps\Desktop\IVRMPORTAL\src\main\java\com\vapsTechnosoft\IVRM\screenshot\tcClickOnSaveButton_05_12_2018_06_37_22.png' height='100' width='100'/> </a><br/>
</div>
</td>
<td></td>
<td>2</td>
<td>com.vapsTechnosoft.IVRM.Fee.TC_Transaction.Tc_Transaction_Fee_Transaction@2b546384</td></tr>
<tr>
<td title='com.vapsTechnosoft.IVRM.Fee.TC_Transaction.Tc_Transaction_Fee_Transaction.tcClickOnSaveButtonAfterConfirmCancel()'><b>tcClickOnSaveButtonAfterConfirmCancel</b><br>Test class: com.vapsTechnosoft.IVRM.Fee.TC_Transaction.Tc_Transaction_Fee_Transaction<br/>
<a href="#Output-633131207" onClick='toggleBox("Output-633131207", this, "Show output", "Hide output");'>Show output</a>

<a href="#Output-633131207" onClick="toggleAllBoxes();">Show all outputs</a>
<div class='log' id="Output-633131207">
Element is present...and object is: [[ChromeDriver: chrome on XP (cd343627ba56dd0ef042a1fe80b12ecc)] -> xpath: //button[@id='save-btn']]<br/>
clicked on save button and object is:-[[ChromeDriver: chrome on XP (cd343627ba56dd0ef042a1fe80b12ecc)] -> xpath: //button[@id='save-btn']]<br/>
<a href='C:\Users\vaps\Desktop\IVRMPORTAL\src\main\java\com\vapsTechnosoft\IVRM\screenshot\tcClickOnSaveButton_05_12_2018_06_37_28.png'> <img src='C:\Users\vaps\Desktop\IVRMPORTAL\src\main\java\com\vapsTechnosoft\IVRM\screenshot\tcClickOnSaveButton_05_12_2018_06_37_28.png' height='100' width='100'/> </a><br/>
</div>
</td>
<td></td>
<td>2</td>
<td>com.vapsTechnosoft.IVRM.Fee.TC_Transaction.Tc_Transaction_Fee_Transaction@2b546384</td></tr>
<tr>
<td title='com.vapsTechnosoft.IVRM.Fee.TC_Transaction.Tc_Transaction_Fee_Transaction.tcClickOnSuccessOkBtn()'><b>tcClickOnSuccessOkBtn</b><br>Test class: com.vapsTechnosoft.IVRM.Fee.TC_Transaction.Tc_Transaction_Fee_Transaction<br/>
<a href="#Output-1495161082" onClick='toggleBox("Output-1495161082", this, "Show output", "Hide output");'>Show output</a>

<a href="#Output-1495161082" onClick="toggleAllBoxes();">Show all outputs</a>
<div class='log' id="Output-1495161082">
Element is present...and object is: [[ChromeDriver: chrome on XP (cd343627ba56dd0ef042a1fe80b12ecc)] -> xpath: //body[@id='style-4']/div[5]/div[7]/div/button]<br/>
Element is not present...and object is: [[ChromeDriver: chrome on XP (cd343627ba56dd0ef042a1fe80b12ecc)] -> xpath: //body[@id='style-4']/div[5]/div[7]/div/button]<br/>
clicked on OK button and object is:-[[ChromeDriver: chrome on XP (cd343627ba56dd0ef042a1fe80b12ecc)] -> xpath: //body[@id='style-4']/div[5]/div[7]/div/button]<br/>
<a href='C:\Users\vaps\Desktop\IVRMPORTAL\src\main\java\com\vapsTechnosoft\IVRM\screenshot\tcClickOnSuccessOkBtn_05_12_2018_06_37_37.png'> <img src='C:\Users\vaps\Desktop\IVRMPORTAL\src\main\java\com\vapsTechnosoft\IVRM\screenshot\tcClickOnSuccessOkBtn_05_12_2018_06_37_37.png' height='100' width='100'/> </a><br/>
</div>
</td>
<td></td>
<td>0</td>
<td>com.vapsTechnosoft.IVRM.Fee.TC_Transaction.Tc_Transaction_Fee_Transaction@2b546384</td></tr>
<tr>
<td title='com.vapsTechnosoft.IVRM.Fee.TC_Transaction.Tc_Transaction_Fee_Transaction.tcEnterStudentNameAndSeelctFeeGrCheck()'><b>tcEnterStudentNameAndSeelctFeeGrCheck</b><br>Test class: com.vapsTechnosoft.IVRM.Fee.TC_Transaction.Tc_Transaction_Fee_Transaction<br>Parameters: KAVANA, Baldwin Girls School Fee, Y<br/>
<a href="#Output-929706284" onClick='toggleBox("Output-929706284", this, "Show output", "Hide output");'>Show output</a>

<a href="#Output-929706284" onClick="toggleAllBoxes();">Show all outputs</a>
<div class='log' id="Output-929706284">
0 Group check box is checked.<br/>
<a href='C:\Users\vaps\Desktop\IVRMPORTAL\src\main\java\com\vapsTechnosoft\IVRM\screenshot\tcEnterStudentNameAndSeelctFeeGrCheck_05_12_2018_06_37_07.png'> <img src='C:\Users\vaps\Desktop\IVRMPORTAL\src\main\java\com\vapsTechnosoft\IVRM\screenshot\tcEnterStudentNameAndSeelctFeeGrCheck_05_12_2018_06_37_07.png' height='100' width='100'/> </a><br/>
</div>
</td>
<td></td>
<td>4</td>
<td>com.vapsTechnosoft.IVRM.Fee.TC_Transaction.Tc_Transaction_Fee_Transaction@2b546384</td></tr>
<tr>
<td title='com.vapsTechnosoft.IVRM.Fee.TC_Transaction.Tc_Transaction_Fee_Transaction.tcHomeButtonValidation()'><b>tcHomeButtonValidation</b><br>Test class: com.vapsTechnosoft.IVRM.Fee.TC_Transaction.Tc_Transaction_Fee_Transaction<br/>
<a href="#Output-1943750504" onClick='toggleBox("Output-1943750504", this, "Show output", "Hide output");'>Show output</a>

<a href="#Output-1943750504" onClick="toggleAllBoxes();">Show all outputs</a>
<div class='log' id="Output-1943750504">
Home button is dispalyed and object is:-[[ChromeDriver: chrome on XP (cd343627ba56dd0ef042a1fe80b12ecc)] -> xpath: //aside[@id='style-4']/section/ul/li[1]]<br/>
<a href='C:\Users\vaps\Desktop\IVRMPORTAL\src\main\java\com\vapsTechnosoft\IVRM\screenshot\tcHomeButtonValidation_05_12_2018_06_36_53.png'> <img src='C:\Users\vaps\Desktop\IVRMPORTAL\src\main\java\com\vapsTechnosoft\IVRM\screenshot\tcHomeButtonValidation_05_12_2018_06_36_53.png' height='100' width='100'/> </a><br/>
</div>
</td>
<td></td>
<td>1</td>
<td>com.vapsTechnosoft.IVRM.Fee.TC_Transaction.Tc_Transaction_Fee_Transaction@2b546384</td></tr>
<tr>
<td title='com.vapsTechnosoft.IVRM.Fee.TC_Transaction.Tc_Transaction_Fee_Transaction.tcNevigateTo_FeeTransaction()'><b>tcNevigateTo_FeeTransaction</b><br>Test class: com.vapsTechnosoft.IVRM.Fee.TC_Transaction.Tc_Transaction_Fee_Transaction<br/>
<a href="#Output-2056234595" onClick='toggleBox("Output-2056234595", this, "Show output", "Hide output");'>Show output</a>

<a href="#Output-2056234595" onClick="toggleAllBoxes();">Show all outputs</a>
<div class='log' id="Output-2056234595">
Element is present...and object is: [[ChromeDriver: chrome on XP (cd343627ba56dd0ef042a1fe80b12ecc)] -> xpath: //span[contains(text(),'Fees')]/preceding-sibling::button]<br/>
Clicked on Fee Button and object is:-[[ChromeDriver: chrome on XP (cd343627ba56dd0ef042a1fe80b12ecc)] -> xpath: //span[contains(text(),'Fees')]/preceding-sibling::button]<br/>
Element is present...and object is: [[ChromeDriver: chrome on XP (cd343627ba56dd0ef042a1fe80b12ecc)] -> xpath: //span[contains(text(),'Fees')]/preceding-sibling::button/following::span[contains(text(),'Transaction')][1]]<br/>
Clicked on Transaction Button and object is:-[[ChromeDriver: chrome on XP (cd343627ba56dd0ef042a1fe80b12ecc)] -> xpath: //span[contains(text(),'Fees')]/preceding-sibling::button/following::span[contains(text(),'Transaction')][1]]<br/>
Element is present...and object is: [[ChromeDriver: chrome on XP (cd343627ba56dd0ef042a1fe80b12ecc)] -> xpath: //a[@href='#/app/FeeTransaction/89']]<br/>
Clicked on Fee Transaction Button and object is:-[[ChromeDriver: chrome on XP (cd343627ba56dd0ef042a1fe80b12ecc)] -> xpath: //a[@href='#/app/FeeTransaction/89']]<br/>
<a href='C:\Users\vaps\Desktop\IVRMPORTAL\src\main\java\com\vapsTechnosoft\IVRM\screenshot\tcNevigateTo_FeeTransaction_05_12_2018_06_36_57.png'> <img src='C:\Users\vaps\Desktop\IVRMPORTAL\src\main\java\com\vapsTechnosoft\IVRM\screenshot\tcNevigateTo_FeeTransaction_05_12_2018_06_36_57.png' height='100' width='100'/> </a><br/>
</div>
</td>
<td></td>
<td>4</td>
<td>com.vapsTechnosoft.IVRM.Fee.TC_Transaction.Tc_Transaction_Fee_Transaction@2b546384</td></tr>
<tr>
<td title='com.vapsTechnosoft.IVRM.Fee.TC_Transaction.Tc_Transaction_Fee_Transaction.tcSelectRegularButton()'><b>tcSelectRegularButton</b><br>Test class: com.vapsTechnosoft.IVRM.Fee.TC_Transaction.Tc_Transaction_Fee_Transaction<br/>
<a href="#Output-1213871206" onClick='toggleBox("Output-1213871206", this, "Show output", "Hide output");'>Show output</a>

<a href="#Output-1213871206" onClick="toggleAllBoxes();">Show all outputs</a>
<div class='log' id="Output-1213871206">
Element is present...and object is: [[ChromeDriver: chrome on XP (cd343627ba56dd0ef042a1fe80b12ecc)] -> xpath: //span[contains(text(),'Regular')]]<br/>
Regular radio button selected and object is:-[[ChromeDriver: chrome on XP (cd343627ba56dd0ef042a1fe80b12ecc)] -> xpath: //span[contains(text(),'Regular')]]<br/>
<a href='C:\Users\vaps\Desktop\IVRMPORTAL\src\main\java\com\vapsTechnosoft\IVRM\screenshot\tcSelectRegularButton_05_12_2018_06_37_01.png'> <img src='C:\Users\vaps\Desktop\IVRMPORTAL\src\main\java\com\vapsTechnosoft\IVRM\screenshot\tcSelectRegularButton_05_12_2018_06_37_01.png' height='100' width='100'/> </a><br/>
</div>
</td>
<td></td>
<td>2</td>
<td>com.vapsTechnosoft.IVRM.Fee.TC_Transaction.Tc_Transaction_Fee_Transaction@2b546384</td></tr>
<tr>
<td title='com.vapsTechnosoft.IVRM.Fee.TC_Transaction.Tc_Transaction_Fee_Transaction.tcValidationOfDataInOutputTableGrid()'><b>tcValidationOfDataInOutputTableGrid</b><br>Test class: com.vapsTechnosoft.IVRM.Fee.TC_Transaction.Tc_Transaction_Fee_Transaction<br>Parameters: Student Name, Sanjana Tamada, Y<br/>
<a href="#Output-1682733268" onClick='toggleBox("Output-1682733268", this, "Show output", "Hide output");'>Show output</a>

<a href="#Output-1682733268" onClick="toggleAllBoxes();">Show all outputs</a>
<div class='log' id="Output-1682733268">
Element is present...and object is: [[ChromeDriver: chrome on XP (cd343627ba56dd0ef042a1fe80b12ecc)] -> xpath: (//select[@id='sel1'])[3]]<br/>
Selected Value from drop down Student Name and object is:- [[ChromeDriver: chrome on XP (cd343627ba56dd0ef042a1fe80b12ecc)] -> xpath: (//select[@id='sel1'])[3]]<br/>
Selected item from drop down list is verified and selected item is: Student Name<br/>
selected Student name for search:-Student Name and object is [[ChromeDriver: chrome on XP (cd343627ba56dd0ef042a1fe80b12ecc)] -> xpath: (//select[@id='sel1'])[3]]<br/>
Element is present...and object is: [[ChromeDriver: chrome on XP (cd343627ba56dd0ef042a1fe80b12ecc)] -> xpath: //body[@id='style-4']//div/div[2]/div[2]/div[2]/div[1]/div/input]<br/>
Entered value to input Field is Sanjana Tamada and object is:- [[ChromeDriver: chrome on XP (cd343627ba56dd0ef042a1fe80b12ecc)] -> xpath: //body[@id='style-4']//div/div[2]/div[2]/div[2]/div[1]/div/input]<br/>
Entered student name for search:Sanjana Tamadaand object is:-[[ChromeDriver: chrome on XP (cd343627ba56dd0ef042a1fe80b12ecc)] -> xpath: //body[@id='style-4']//div/div[2]/div[2]/div[2]/div[1]/div/input]<br/>
Element is present...and object is: [[ChromeDriver: chrome on XP (cd343627ba56dd0ef042a1fe80b12ecc)] -> xpath: //body[@id='style-4']//div/div[2]/div[2]/div[3]/div/button[1]]<br/>
clicked on search button and object is:-[[ChromeDriver: chrome on XP (cd343627ba56dd0ef042a1fe80b12ecc)] -> xpath: //body[@id='style-4']//div/div[2]/div[2]/div[3]/div/button[1]]<br/>
<a href='C:\Users\vaps\Desktop\IVRMPORTAL\src\main\java\com\vapsTechnosoft\IVRM\screenshot\tcValidationOfDataInOutputTableGrid_05_12_2018_06_38_03.png'> <img src='C:\Users\vaps\Desktop\IVRMPORTAL\src\main\java\com\vapsTechnosoft\IVRM\screenshot\tcValidationOfDataInOutputTableGrid_05_12_2018_06_38_03.png' height='100' width='100'/> </a><br/>
</div>
</td>
<td></td>
<td>26</td>
<td>com.vapsTechnosoft.IVRM.Fee.TC_Transaction.Tc_Transaction_Fee_Transaction@2b546384</td></tr>
<tr>
<td title='com.vapsTechnosoft.IVRM.Fee.TC_Transaction.Tc_Transaction_Fee_Transaction.tcVerifyAcademicYear()'><b>tcVerifyAcademicYear</b><br>Test class: com.vapsTechnosoft.IVRM.Fee.TC_Transaction.Tc_Transaction_Fee_Transaction<br/>
<a href="#Output-1113895488" onClick='toggleBox("Output-1113895488", this, "Show output", "Hide output");'>Show output</a>

<a href="#Output-1113895488" onClick="toggleAllBoxes();">Show all outputs</a>
<div class='log' id="Output-1113895488">
Academic year is dispalyed and object is:-[[ChromeDriver: chrome on XP (cd343627ba56dd0ef042a1fe80b12ecc)] -> xpath: (//select[@id='sel1'])[1]]<br/>
<a href='C:\Users\vaps\Desktop\IVRMPORTAL\src\main\java\com\vapsTechnosoft\IVRM\screenshot\tcVerifyAcademicYear_05_12_2018_06_37_03.png'> <img src='C:\Users\vaps\Desktop\IVRMPORTAL\src\main\java\com\vapsTechnosoft\IVRM\screenshot\tcVerifyAcademicYear_05_12_2018_06_37_03.png' height='100' width='100'/> </a><br/>
</div>
</td>
<td></td>
<td>1</td>
<td>com.vapsTechnosoft.IVRM.Fee.TC_Transaction.Tc_Transaction_Fee_Transaction@2b546384</td></tr>
<tr>
<td title='com.vapsTechnosoft.IVRM.Fee.TC_Transaction.Tc_Transaction_Fee_Transaction.tcVerifyFeeTransactionPage()'><b>tcVerifyFeeTransactionPage</b><br>Test class: com.vapsTechnosoft.IVRM.Fee.TC_Transaction.Tc_Transaction_Fee_Transaction<br/>
<a href="#Output-1398260359" onClick='toggleBox("Output-1398260359", this, "Show output", "Hide output");'>Show output</a>

<a href="#Output-1398260359" onClick="toggleAllBoxes();">Show all outputs</a>
<div class='log' id="Output-1398260359">
Fee Transaction page is dispalyed and object is:-[[ChromeDriver: chrome on XP (cd343627ba56dd0ef042a1fe80b12ecc)] -> xpath: //body[@id='style-4']/ui-view/div[1]/div/section/ol/li]<br/>
<a href='C:\Users\vaps\Desktop\IVRMPORTAL\src\main\java\com\vapsTechnosoft\IVRM\screenshot\tcVerifyFeeTransactionPage_05_12_2018_06_36_59.png'> <img src='C:\Users\vaps\Desktop\IVRMPORTAL\src\main\java\com\vapsTechnosoft\IVRM\screenshot\tcVerifyFeeTransactionPage_05_12_2018_06_36_59.png' height='100' width='100'/> </a><br/>
</div>
</td>
<td></td>
<td>1</td>
<td>com.vapsTechnosoft.IVRM.Fee.TC_Transaction.Tc_Transaction_Fee_Transaction@2b546384</td></tr>
<tr>
<td title='com.vapsTechnosoft.IVRM.Fee.TC_Transaction.Tc_Transaction_Fee_Transaction.tcVerifySuccessfulPopUp()'><b>tcVerifySuccessfulPopUp</b><br>Test class: com.vapsTechnosoft.IVRM.Fee.TC_Transaction.Tc_Transaction_Fee_Transaction<br/>
<a href="#Output-1264941544" onClick='toggleBox("Output-1264941544", this, "Show output", "Hide output");'>Show output</a>

<a href="#Output-1264941544" onClick="toggleAllBoxes();">Show all outputs</a>
<div class='log' id="Output-1264941544">
Record saved successfully message is dispalyed and object is:-[[ChromeDriver: chrome on XP (cd343627ba56dd0ef042a1fe80b12ecc)] -> xpath: //body[@id='style-4']/div[5]/h2]<br/>
<a href='C:\Users\vaps\Desktop\IVRMPORTAL\src\main\java\com\vapsTechnosoft\IVRM\screenshot\tcVerifySuccessfulPopUp_05_12_2018_06_37_37.png'> <img src='C:\Users\vaps\Desktop\IVRMPORTAL\src\main\java\com\vapsTechnosoft\IVRM\screenshot\tcVerifySuccessfulPopUp_05_12_2018_06_37_37.png' height='100' width='100'/> </a><br/>
</div>
</td>
<td></td>
<td>5</td>
<td>com.vapsTechnosoft.IVRM.Fee.TC_Transaction.Tc_Transaction_Fee_Transaction@2b546384</td></tr>
</table><p>
<table width='100%' border='1' class='invocation-skipped'>
<tr><td colspan='4' align='center'><b>SKIPPED TESTS</b></td></tr>
<tr><td><b>Test method</b></td>
<td width="30%"><b>Exception</b></td>
<td width="10%"><b>Time (seconds)</b></td>
<td><b>Instance</b></td>
</tr>
<tr>
<td title='com.vapsTechnosoft.IVRM.Fee.TC_Transaction.Tc_Transaction_Fee_Transaction.loginToappWithrequiredCredentials()'><b>loginToappWithrequiredCredentials</b><br>Test class: com.vapsTechnosoft.IVRM.Fee.TC_Transaction.Tc_Transaction_Fee_Transaction<br>Parameters: Rakesh, Password@123, N</td>
<td><div><pre>org.testng.SkipException: user marked this record as no run
	at com.vapsTechnosoft.IVRM.Fee.TC_Transaction.Tc_Transaction_Fee_Transaction.loginToappWithrequiredCredentials(Tc_Transaction_Fee_Transaction.java:85)
	at sun.reflect.NativeMethodAccessorImpl.invoke0(Native Method)
	at sun.reflect.NativeMethodAccessorImpl.invoke(Unknown Source)
	at sun.reflect.DelegatingMethodAccessorImpl.invoke(Unknown Source)
	at java.lang.reflect.Method.invoke(Unknown Source)
	at org.testng.internal.MethodInvocationHelper.invokeMethod(MethodInvocationHelper.java:104)
	at org.testng.internal.Invoker.invokeMethod(Invoker.java:645)
	at org.testng.internal.Invoker.invokeTestMethod(Invoker.java:851)
	at org.testng.internal.Invoker.invokeTestMethods(Invoker.java:1177)
	at org.testng.internal.TestMethodWorker.invokeTestMethods(TestMethodWorker.java:129)
	at org.testng.internal.TestMethodWorker.run(TestMethodWorker.java:112)
	at org.testng.TestRunner.privateRun(TestRunner.java:756)
	at org.testng.TestRunner.run(TestRunner.java:610)
	at org.testng.SuiteRunner.runTest(SuiteRunner.java:387)
	at org.testng.SuiteRunner.runSequentially(SuiteRunner.java:382)
	at org.testng.SuiteRunner.privateRun(SuiteRunner.java:340)
	at org.testng.SuiteRunner.run(SuiteRunner.java:289)
	at org.testng.SuiteRunnerWorker.runSuite(SuiteRunnerWorker.java:52)
	at org.testng.SuiteRunnerWorker.run(SuiteRunnerWorker.java:86)
	at org.testng.TestNG.runSuitesSequentially(TestNG.java:1293)
	at org.testng.TestNG.runSuitesLocally(TestNG.java:1218)
	at org.testng.TestNG.runSuites(TestNG.java:1133)
	at org.testng.TestNG.run(TestNG.java:1104)
	at org.testng.remote.AbstractRemoteTestNG.run(AbstractRemoteTestNG.java:132)
	at org.testng.remote.RemoteTestNG.initAndRun(RemoteTestNG.java:230)
	at org.testng.remote.RemoteTestNG.main(RemoteTestNG.java:76)
</pre></div><a href='#' onClick='toggleBox("stack-trace24039137", this, "Click to show all stack frames", "Click to hide stack frames")'>Click to show all stack frames</a>
<div class='stack-trace' id='stack-trace24039137'><pre>org.testng.SkipException: user marked this record as no run
	at com.vapsTechnosoft.IVRM.Fee.TC_Transaction.Tc_Transaction_Fee_Transaction.loginToappWithrequiredCredentials(Tc_Transaction_Fee_Transaction.java:85)
	at sun.reflect.NativeMethodAccessorImpl.invoke0(Native Method)
	at sun.reflect.NativeMethodAccessorImpl.invoke(Unknown Source)
	at sun.reflect.DelegatingMethodAccessorImpl.invoke(Unknown Source)
	at java.lang.reflect.Method.invoke(Unknown Source)
	at org.testng.internal.MethodInvocationHelper.invokeMethod(MethodInvocationHelper.java:104)
	at org.testng.internal.Invoker.invokeMethod(Invoker.java:645)
	at org.testng.internal.Invoker.invokeTestMethod(Invoker.java:851)
	at org.testng.internal.Invoker.invokeTestMethods(Invoker.java:1177)
	at org.testng.internal.TestMethodWorker.invokeTestMethods(TestMethodWorker.java:129)
	at org.testng.internal.TestMethodWorker.run(TestMethodWorker.java:112)
	at org.testng.TestRunner.privateRun(TestRunner.java:756)
	at org.testng.TestRunner.run(TestRunner.java:610)
	at org.testng.SuiteRunner.runTest(SuiteRunner.java:387)
	at org.testng.SuiteRunner.runSequentially(SuiteRunner.java:382)
	at org.testng.SuiteRunner.privateRun(SuiteRunner.java:340)
	at org.testng.SuiteRunner.run(SuiteRunner.java:289)
	at org.testng.SuiteRunnerWorker.runSuite(SuiteRunnerWorker.java:52)
	at org.testng.SuiteRunnerWorker.run(SuiteRunnerWorker.java:86)
	at org.testng.TestNG.runSuitesSequentially(TestNG.java:1293)
	at org.testng.TestNG.runSuitesLocally(TestNG.java:1218)
	at org.testng.TestNG.runSuites(TestNG.java:1133)
	at org.testng.TestNG.run(TestNG.java:1104)
	at org.testng.remote.AbstractRemoteTestNG.run(AbstractRemoteTestNG.java:132)
	at org.testng.remote.RemoteTestNG.initAndRun(RemoteTestNG.java:230)
	at org.testng.remote.RemoteTestNG.main(RemoteTestNG.java:76)
</pre></div></td>
<td>0</td>
<td>com.vapsTechnosoft.IVRM.Fee.TC_Transaction.Tc_Transaction_Fee_Transaction@2b546384</td></tr>
<tr>
<td title='com.vapsTechnosoft.IVRM.Fee.TC_Transaction.Tc_Transaction_Fee_Transaction.loginToappWithrequiredCredentials()'><b>loginToappWithrequiredCredentials</b><br>Test class: com.vapsTechnosoft.IVRM.Fee.TC_Transaction.Tc_Transaction_Fee_Transaction<br>Parameters: arvind, VapsTech@121, N</td>
<td><div><pre>org.testng.SkipException: user marked this record as no run
	at com.vapsTechnosoft.IVRM.Fee.TC_Transaction.Tc_Transaction_Fee_Transaction.loginToappWithrequiredCredentials(Tc_Transaction_Fee_Transaction.java:85)
	at sun.reflect.NativeMethodAccessorImpl.invoke0(Native Method)
	at sun.reflect.NativeMethodAccessorImpl.invoke(Unknown Source)
	at sun.reflect.DelegatingMethodAccessorImpl.invoke(Unknown Source)
	at java.lang.reflect.Method.invoke(Unknown Source)
	at org.testng.internal.MethodInvocationHelper.invokeMethod(MethodInvocationHelper.java:104)
	at org.testng.internal.Invoker.invokeMethod(Invoker.java:645)
	at org.testng.internal.Invoker.invokeTestMethod(Invoker.java:851)
	at org.testng.internal.Invoker.invokeTestMethods(Invoker.java:1177)
	at org.testng.internal.TestMethodWorker.invokeTestMethods(TestMethodWorker.java:129)
	at org.testng.internal.TestMethodWorker.run(TestMethodWorker.java:112)
	at org.testng.TestRunner.privateRun(TestRunner.java:756)
	at org.testng.TestRunner.run(TestRunner.java:610)
	at org.testng.SuiteRunner.runTest(SuiteRunner.java:387)
	at org.testng.SuiteRunner.runSequentially(SuiteRunner.java:382)
	at org.testng.SuiteRunner.privateRun(SuiteRunner.java:340)
	at org.testng.SuiteRunner.run(SuiteRunner.java:289)
	at org.testng.SuiteRunnerWorker.runSuite(SuiteRunnerWorker.java:52)
	at org.testng.SuiteRunnerWorker.run(SuiteRunnerWorker.java:86)
	at org.testng.TestNG.runSuitesSequentially(TestNG.java:1293)
	at org.testng.TestNG.runSuitesLocally(TestNG.java:1218)
	at org.testng.TestNG.runSuites(TestNG.java:1133)
	at org.testng.TestNG.run(TestNG.java:1104)
	at org.testng.remote.AbstractRemoteTestNG.run(AbstractRemoteTestNG.java:132)
	at org.testng.remote.RemoteTestNG.initAndRun(RemoteTestNG.java:230)
	at org.testng.remote.RemoteTestNG.main(RemoteTestNG.java:76)
</pre></div><a href='#' onClick='toggleBox("stack-trace515273883", this, "Click to show all stack frames", "Click to hide stack frames")'>Click to show all stack frames</a>
<div class='stack-trace' id='stack-trace515273883'><pre>org.testng.SkipException: user marked this record as no run
	at com.vapsTechnosoft.IVRM.Fee.TC_Transaction.Tc_Transaction_Fee_Transaction.loginToappWithrequiredCredentials(Tc_Transaction_Fee_Transaction.java:85)
	at sun.reflect.NativeMethodAccessorImpl.invoke0(Native Method)
	at sun.reflect.NativeMethodAccessorImpl.invoke(Unknown Source)
	at sun.reflect.DelegatingMethodAccessorImpl.invoke(Unknown Source)
	at java.lang.reflect.Method.invoke(Unknown Source)
	at org.testng.internal.MethodInvocationHelper.invokeMethod(MethodInvocationHelper.java:104)
	at org.testng.internal.Invoker.invokeMethod(Invoker.java:645)
	at org.testng.internal.Invoker.invokeTestMethod(Invoker.java:851)
	at org.testng.internal.Invoker.invokeTestMethods(Invoker.java:1177)
	at org.testng.internal.TestMethodWorker.invokeTestMethods(TestMethodWorker.java:129)
	at org.testng.internal.TestMethodWorker.run(TestMethodWorker.java:112)
	at org.testng.TestRunner.privateRun(TestRunner.java:756)
	at org.testng.TestRunner.run(TestRunner.java:610)
	at org.testng.SuiteRunner.runTest(SuiteRunner.java:387)
	at org.testng.SuiteRunner.runSequentially(SuiteRunner.java:382)
	at org.testng.SuiteRunner.privateRun(SuiteRunner.java:340)
	at org.testng.SuiteRunner.run(SuiteRunner.java:289)
	at org.testng.SuiteRunnerWorker.runSuite(SuiteRunnerWorker.java:52)
	at org.testng.SuiteRunnerWorker.run(SuiteRunnerWorker.java:86)
	at org.testng.TestNG.runSuitesSequentially(TestNG.java:1293)
	at org.testng.TestNG.runSuitesLocally(TestNG.java:1218)
	at org.testng.TestNG.runSuites(TestNG.java:1133)
	at org.testng.TestNG.run(TestNG.java:1104)
	at org.testng.remote.AbstractRemoteTestNG.run(AbstractRemoteTestNG.java:132)
	at org.testng.remote.RemoteTestNG.initAndRun(RemoteTestNG.java:230)
	at org.testng.remote.RemoteTestNG.main(RemoteTestNG.java:76)
</pre></div></td>
<td>0</td>
<td>com.vapsTechnosoft.IVRM.Fee.TC_Transaction.Tc_Transaction_Fee_Transaction@2b546384</td></tr>
<tr>
<td title='com.vapsTechnosoft.IVRM.Fee.TC_Transaction.Tc_Transaction_Fee_Transaction.loginToappWithrequiredCredentials()'><b>loginToappWithrequiredCredentials</b><br>Test class: com.vapsTechnosoft.IVRM.Fee.TC_Transaction.Tc_Transaction_Fee_Transaction<br>Parameters: Rakesh, Rakesh@321, N</td>
<td><div><pre>org.testng.SkipException: user marked this record as no run
	at com.vapsTechnosoft.IVRM.Fee.TC_Transaction.Tc_Transaction_Fee_Transaction.loginToappWithrequiredCredentials(Tc_Transaction_Fee_Transaction.java:85)
	at sun.reflect.NativeMethodAccessorImpl.invoke0(Native Method)
	at sun.reflect.NativeMethodAccessorImpl.invoke(Unknown Source)
	at sun.reflect.DelegatingMethodAccessorImpl.invoke(Unknown Source)
	at java.lang.reflect.Method.invoke(Unknown Source)
	at org.testng.internal.MethodInvocationHelper.invokeMethod(MethodInvocationHelper.java:104)
	at org.testng.internal.Invoker.invokeMethod(Invoker.java:645)
	at org.testng.internal.Invoker.invokeTestMethod(Invoker.java:851)
	at org.testng.internal.Invoker.invokeTestMethods(Invoker.java:1177)
	at org.testng.internal.TestMethodWorker.invokeTestMethods(TestMethodWorker.java:129)
	at org.testng.internal.TestMethodWorker.run(TestMethodWorker.java:112)
	at org.testng.TestRunner.privateRun(TestRunner.java:756)
	at org.testng.TestRunner.run(TestRunner.java:610)
	at org.testng.SuiteRunner.runTest(SuiteRunner.java:387)
	at org.testng.SuiteRunner.runSequentially(SuiteRunner.java:382)
	at org.testng.SuiteRunner.privateRun(SuiteRunner.java:340)
	at org.testng.SuiteRunner.run(SuiteRunner.java:289)
	at org.testng.SuiteRunnerWorker.runSuite(SuiteRunnerWorker.java:52)
	at org.testng.SuiteRunnerWorker.run(SuiteRunnerWorker.java:86)
	at org.testng.TestNG.runSuitesSequentially(TestNG.java:1293)
	at org.testng.TestNG.runSuitesLocally(TestNG.java:1218)
	at org.testng.TestNG.runSuites(TestNG.java:1133)
	at org.testng.TestNG.run(TestNG.java:1104)
	at org.testng.remote.AbstractRemoteTestNG.run(AbstractRemoteTestNG.java:132)
	at org.testng.remote.RemoteTestNG.initAndRun(RemoteTestNG.java:230)
	at org.testng.remote.RemoteTestNG.main(RemoteTestNG.java:76)
</pre></div><a href='#' onClick='toggleBox("stack-trace737104370", this, "Click to show all stack frames", "Click to hide stack frames")'>Click to show all stack frames</a>
<div class='stack-trace' id='stack-trace737104370'><pre>org.testng.SkipException: user marked this record as no run
	at com.vapsTechnosoft.IVRM.Fee.TC_Transaction.Tc_Transaction_Fee_Transaction.loginToappWithrequiredCredentials(Tc_Transaction_Fee_Transaction.java:85)
	at sun.reflect.NativeMethodAccessorImpl.invoke0(Native Method)
	at sun.reflect.NativeMethodAccessorImpl.invoke(Unknown Source)
	at sun.reflect.DelegatingMethodAccessorImpl.invoke(Unknown Source)
	at java.lang.reflect.Method.invoke(Unknown Source)
	at org.testng.internal.MethodInvocationHelper.invokeMethod(MethodInvocationHelper.java:104)
	at org.testng.internal.Invoker.invokeMethod(Invoker.java:645)
	at org.testng.internal.Invoker.invokeTestMethod(Invoker.java:851)
	at org.testng.internal.Invoker.invokeTestMethods(Invoker.java:1177)
	at org.testng.internal.TestMethodWorker.invokeTestMethods(TestMethodWorker.java:129)
	at org.testng.internal.TestMethodWorker.run(TestMethodWorker.java:112)
	at org.testng.TestRunner.privateRun(TestRunner.java:756)
	at org.testng.TestRunner.run(TestRunner.java:610)
	at org.testng.SuiteRunner.runTest(SuiteRunner.java:387)
	at org.testng.SuiteRunner.runSequentially(SuiteRunner.java:382)
	at org.testng.SuiteRunner.privateRun(SuiteRunner.java:340)
	at org.testng.SuiteRunner.run(SuiteRunner.java:289)
	at org.testng.SuiteRunnerWorker.runSuite(SuiteRunnerWorker.java:52)
	at org.testng.SuiteRunnerWorker.run(SuiteRunnerWorker.java:86)
	at org.testng.TestNG.runSuitesSequentially(TestNG.java:1293)
	at org.testng.TestNG.runSuitesLocally(TestNG.java:1218)
	at org.testng.TestNG.runSuites(TestNG.java:1133)
	at org.testng.TestNG.run(TestNG.java:1104)
	at org.testng.remote.AbstractRemoteTestNG.run(AbstractRemoteTestNG.java:132)
	at org.testng.remote.RemoteTestNG.initAndRun(RemoteTestNG.java:230)
	at org.testng.remote.RemoteTestNG.main(RemoteTestNG.java:76)
</pre></div></td>
<td>0</td>
<td>com.vapsTechnosoft.IVRM.Fee.TC_Transaction.Tc_Transaction_Fee_Transaction@2b546384</td></tr>
<tr>
<td title='com.vapsTechnosoft.IVRM.Fee.TC_Transaction.Tc_Transaction_Fee_Transaction.loginToappWithrequiredCredentials()'><b>loginToappWithrequiredCredentials</b><br>Test class: com.vapsTechnosoft.IVRM.Fee.TC_Transaction.Tc_Transaction_Fee_Transaction<br>Parameters: RR, Password@123, N</td>
<td><div><pre>org.testng.SkipException: user marked this record as no run
	at com.vapsTechnosoft.IVRM.Fee.TC_Transaction.Tc_Transaction_Fee_Transaction.loginToappWithrequiredCredentials(Tc_Transaction_Fee_Transaction.java:85)
	at sun.reflect.NativeMethodAccessorImpl.invoke0(Native Method)
	at sun.reflect.NativeMethodAccessorImpl.invoke(Unknown Source)
	at sun.reflect.DelegatingMethodAccessorImpl.invoke(Unknown Source)
	at java.lang.reflect.Method.invoke(Unknown Source)
	at org.testng.internal.MethodInvocationHelper.invokeMethod(MethodInvocationHelper.java:104)
	at org.testng.internal.Invoker.invokeMethod(Invoker.java:645)
	at org.testng.internal.Invoker.invokeTestMethod(Invoker.java:851)
	at org.testng.internal.Invoker.invokeTestMethods(Invoker.java:1177)
	at org.testng.internal.TestMethodWorker.invokeTestMethods(TestMethodWorker.java:129)
	at org.testng.internal.TestMethodWorker.run(TestMethodWorker.java:112)
	at org.testng.TestRunner.privateRun(TestRunner.java:756)
	at org.testng.TestRunner.run(TestRunner.java:610)
	at org.testng.SuiteRunner.runTest(SuiteRunner.java:387)
	at org.testng.SuiteRunner.runSequentially(SuiteRunner.java:382)
	at org.testng.SuiteRunner.privateRun(SuiteRunner.java:340)
	at org.testng.SuiteRunner.run(SuiteRunner.java:289)
	at org.testng.SuiteRunnerWorker.runSuite(SuiteRunnerWorker.java:52)
	at org.testng.SuiteRunnerWorker.run(SuiteRunnerWorker.java:86)
	at org.testng.TestNG.runSuitesSequentially(TestNG.java:1293)
	at org.testng.TestNG.runSuitesLocally(TestNG.java:1218)
	at org.testng.TestNG.runSuites(TestNG.java:1133)
	at org.testng.TestNG.run(TestNG.java:1104)
	at org.testng.remote.AbstractRemoteTestNG.run(AbstractRemoteTestNG.java:132)
	at org.testng.remote.RemoteTestNG.initAndRun(RemoteTestNG.java:230)
	at org.testng.remote.RemoteTestNG.main(RemoteTestNG.java:76)
</pre></div><a href='#' onClick='toggleBox("stack-trace505231702", this, "Click to show all stack frames", "Click to hide stack frames")'>Click to show all stack frames</a>
<div class='stack-trace' id='stack-trace505231702'><pre>org.testng.SkipException: user marked this record as no run
	at com.vapsTechnosoft.IVRM.Fee.TC_Transaction.Tc_Transaction_Fee_Transaction.loginToappWithrequiredCredentials(Tc_Transaction_Fee_Transaction.java:85)
	at sun.reflect.NativeMethodAccessorImpl.invoke0(Native Method)
	at sun.reflect.NativeMethodAccessorImpl.invoke(Unknown Source)
	at sun.reflect.DelegatingMethodAccessorImpl.invoke(Unknown Source)
	at java.lang.reflect.Method.invoke(Unknown Source)
	at org.testng.internal.MethodInvocationHelper.invokeMethod(MethodInvocationHelper.java:104)
	at org.testng.internal.Invoker.invokeMethod(Invoker.java:645)
	at org.testng.internal.Invoker.invokeTestMethod(Invoker.java:851)
	at org.testng.internal.Invoker.invokeTestMethods(Invoker.java:1177)
	at org.testng.internal.TestMethodWorker.invokeTestMethods(TestMethodWorker.java:129)
	at org.testng.internal.TestMethodWorker.run(TestMethodWorker.java:112)
	at org.testng.TestRunner.privateRun(TestRunner.java:756)
	at org.testng.TestRunner.run(TestRunner.java:610)
	at org.testng.SuiteRunner.runTest(SuiteRunner.java:387)
	at org.testng.SuiteRunner.runSequentially(SuiteRunner.java:382)
	at org.testng.SuiteRunner.privateRun(SuiteRunner.java:340)
	at org.testng.SuiteRunner.run(SuiteRunner.java:289)
	at org.testng.SuiteRunnerWorker.runSuite(SuiteRunnerWorker.java:52)
	at org.testng.SuiteRunnerWorker.run(SuiteRunnerWorker.java:86)
	at org.testng.TestNG.runSuitesSequentially(TestNG.java:1293)
	at org.testng.TestNG.runSuitesLocally(TestNG.java:1218)
	at org.testng.TestNG.runSuites(TestNG.java:1133)
	at org.testng.TestNG.run(TestNG.java:1104)
	at org.testng.remote.AbstractRemoteTestNG.run(AbstractRemoteTestNG.java:132)
	at org.testng.remote.RemoteTestNG.initAndRun(RemoteTestNG.java:230)
	at org.testng.remote.RemoteTestNG.main(RemoteTestNG.java:76)
</pre></div></td>
<td>0</td>
<td>com.vapsTechnosoft.IVRM.Fee.TC_Transaction.Tc_Transaction_Fee_Transaction@2b546384</td></tr>
<tr>
<td title='com.vapsTechnosoft.IVRM.Fee.TC_Transaction.Tc_Transaction_Fee_Transaction.tcClickOnFeeReceiptCloseButton()'><b>tcClickOnFeeReceiptCloseButton</b><br>Test class: com.vapsTechnosoft.IVRM.Fee.TC_Transaction.Tc_Transaction_Fee_Transaction</td>
<td><div><pre>org.openqa.selenium.NoSuchWindowException: no such window: target window already closed
from unknown error: web view not found
  (Session info: chrome=70.0.3538.110)
  (Driver info: chromedriver=2.39.562718 (9a2698cba08cf5a471a29d30c8b3e12becabb0e9),platform=Windows NT 10.0.17134 x86_64) (WARNING: The server did not provide any stacktrace information)
Command duration or timeout: 13 milliseconds
Build info: version: &apos;3.0.1&apos;, revision: &apos;1969d75&apos;, time: &apos;2016-10-18 09:49:13 -0700&apos;
System info: host: &apos;Arvind-Susdiny&apos;, ip: &apos;192.168.1.34&apos;, os.name: &apos;Windows 10&apos;, os.arch: &apos;amd64&apos;, os.version: &apos;10.0&apos;, java.version: &apos;1.8.0_161&apos;
Driver info: org.openqa.selenium.chrome.ChromeDriver
Capabilities [{applicationCacheEnabled=false, rotatable=false, mobileEmulationEnabled=false, networkConnectionEnabled=false, chrome={chromedriverVersion=2.39.562718 (9a2698cba08cf5a471a29d30c8b3e12becabb0e9), userDataDir=C:\Users\vaps\AppData\Local\Temp\scoped_dir9052_25145}, takesHeapSnapshot=true, pageLoadStrategy=normal, databaseEnabled=false, handlesAlerts=true, hasTouchScreen=false, version=70.0.3538.110, platform=XP, browserConnectionEnabled=false, nativeEvents=true, acceptSslCerts=false, acceptInsecureCerts=false, locationContextEnabled=true, webStorageEnabled=true, browserName=chrome, takesScreenshot=true, javascriptEnabled=true, cssSelectorsEnabled=true, setWindowRect=true, unexpectedAlertBehaviour=}]
Session ID: cd343627ba56dd0ef042a1fe80b12ecc
	at sun.reflect.NativeConstructorAccessorImpl.newInstance0(Native Method)
	at sun.reflect.NativeConstructorAccessorImpl.newInstance(Unknown Source)
	at sun.reflect.DelegatingConstructorAccessorImpl.newInstance(Unknown Source)
	at java.lang.reflect.Constructor.newInstance(Unknown Source)
	at org.openqa.selenium.remote.ErrorHandler.createThrowable(ErrorHandler.java:216)
	at org.openqa.selenium.remote.ErrorHandler.throwIfResponseFailed(ErrorHandler.java:168)
	at org.openqa.selenium.remote.RemoteWebDriver.execute(RemoteWebDriver.java:635)
	at org.openqa.selenium.remote.RemoteWebDriver.execute(RemoteWebDriver.java:658)
	at org.openqa.selenium.remote.RemoteWebDriver.getScreenshotAs(RemoteWebDriver.java:340)
	at com.vapsTechnosoft.IVRM.testBase.TestBase.captureScreen(TestBase.java:300)
	at com.vapsTechnosoft.IVRM.testBase.TestBase.getresult(TestBase.java:331)
	at com.vapsTechnosoft.IVRM.testBase.TestBase.afterMethod(TestBase.java:340)
	at sun.reflect.GeneratedMethodAccessor10.invoke(Unknown Source)
	at sun.reflect.DelegatingMethodAccessorImpl.invoke(Unknown Source)
	at java.lang.reflect.Method.invoke(Unknown Source)
	at org.testng.internal.MethodInvocationHelper.invokeMethod(MethodInvocationHelper.java:104)
	at org.testng.internal.Invoker.invokeConfigurationMethod(Invoker.java:515)
	at org.testng.internal.Invoker.invokeConfigurations(Invoker.java:217)
	at org.testng.internal.Invoker.invokeMethod(Invoker.java:712)
	at org.testng.internal.Invoker.invokeTestMethod(Invoker.java:851)
	at org.testng.internal.Invoker.invokeTestMethods(Invoker.java:1177)
	at org.testng.internal.TestMethodWorker.invokeTestMethods(TestMethodWorker.java:129)
	at org.testng.internal.TestMethodWorker.run(TestMethodWorker.java:112)
	at org.testng.TestRunner.privateRun(TestRunner.java:756)
	at org.testng.TestRunner.run(TestRunner.java:610)
	at org.testng.SuiteRunner.runTest(SuiteRunner.java:387)
	at org.testng.SuiteRunner.runSequentially(SuiteRunner.java:382)
	at org.testng.SuiteRunner.privateRun(SuiteRunner.java:340)
	at org.testng.SuiteRunner.run(SuiteRunner.java:289)
	at org.testng.SuiteRunnerWorker.runSuite(SuiteRunnerWorker.java:52)
	at org.testng.SuiteRunnerWorker.run(SuiteRunnerWorker.java:86)
	at org.testng.TestNG.runSuitesSequentially(TestNG.java:1293)
	at org.testng.TestNG.runSuitesLocally(TestNG.java:1218)
	at org.testng.TestNG.runSuites(TestNG.java:1133)
	at org.testng.TestNG.run(TestNG.java:1104)
	at org.testng.remote.AbstractRemoteTestNG.run(AbstractRemoteTestNG.java:132)
	at org.testng.remote.RemoteTestNG.initAndRun(RemoteTestNG.java:230)
	at org.testng.remote.RemoteTestNG.main(RemoteTestNG.java:76)
</pre></div><a href='#' onClick='toggleBox("stack-trace1004009692", this, "Click to show all stack frames", "Click to hide stack frames")'>Click to show all stack frames</a>
<div class='stack-trace' id='stack-trace1004009692'><pre>org.openqa.selenium.NoSuchWindowException: no such window: target window already closed
from unknown error: web view not found
  (Session info: chrome=70.0.3538.110)
  (Driver info: chromedriver=2.39.562718 (9a2698cba08cf5a471a29d30c8b3e12becabb0e9),platform=Windows NT 10.0.17134 x86_64) (WARNING: The server did not provide any stacktrace information)
Command duration or timeout: 13 milliseconds
Build info: version: &apos;3.0.1&apos;, revision: &apos;1969d75&apos;, time: &apos;2016-10-18 09:49:13 -0700&apos;
System info: host: &apos;Arvind-Susdiny&apos;, ip: &apos;192.168.1.34&apos;, os.name: &apos;Windows 10&apos;, os.arch: &apos;amd64&apos;, os.version: &apos;10.0&apos;, java.version: &apos;1.8.0_161&apos;
Driver info: org.openqa.selenium.chrome.ChromeDriver
Capabilities [{applicationCacheEnabled=false, rotatable=false, mobileEmulationEnabled=false, networkConnectionEnabled=false, chrome={chromedriverVersion=2.39.562718 (9a2698cba08cf5a471a29d30c8b3e12becabb0e9), userDataDir=C:\Users\vaps\AppData\Local\Temp\scoped_dir9052_25145}, takesHeapSnapshot=true, pageLoadStrategy=normal, databaseEnabled=false, handlesAlerts=true, hasTouchScreen=false, version=70.0.3538.110, platform=XP, browserConnectionEnabled=false, nativeEvents=true, acceptSslCerts=false, acceptInsecureCerts=false, locationContextEnabled=true, webStorageEnabled=true, browserName=chrome, takesScreenshot=true, javascriptEnabled=true, cssSelectorsEnabled=true, setWindowRect=true, unexpectedAlertBehaviour=}]
Session ID: cd343627ba56dd0ef042a1fe80b12ecc
	at sun.reflect.NativeConstructorAccessorImpl.newInstance0(Native Method)
	at sun.reflect.NativeConstructorAccessorImpl.newInstance(Unknown Source)
	at sun.reflect.DelegatingConstructorAccessorImpl.newInstance(Unknown Source)
	at java.lang.reflect.Constructor.newInstance(Unknown Source)
	at org.openqa.selenium.remote.ErrorHandler.createThrowable(ErrorHandler.java:216)
	at org.openqa.selenium.remote.ErrorHandler.throwIfResponseFailed(ErrorHandler.java:168)
	at org.openqa.selenium.remote.RemoteWebDriver.execute(RemoteWebDriver.java:635)
	at org.openqa.selenium.remote.RemoteWebDriver.execute(RemoteWebDriver.java:658)
	at org.openqa.selenium.remote.RemoteWebDriver.getScreenshotAs(RemoteWebDriver.java:340)
	at com.vapsTechnosoft.IVRM.testBase.TestBase.captureScreen(TestBase.java:300)
	at com.vapsTechnosoft.IVRM.testBase.TestBase.getresult(TestBase.java:331)
	at com.vapsTechnosoft.IVRM.testBase.TestBase.afterMethod(TestBase.java:340)
	at sun.reflect.GeneratedMethodAccessor10.invoke(Unknown Source)
	at sun.reflect.DelegatingMethodAccessorImpl.invoke(Unknown Source)
	at java.lang.reflect.Method.invoke(Unknown Source)
	at org.testng.internal.MethodInvocationHelper.invokeMethod(MethodInvocationHelper.java:104)
	at org.testng.internal.Invoker.invokeConfigurationMethod(Invoker.java:515)
	at org.testng.internal.Invoker.invokeConfigurations(Invoker.java:217)
	at org.testng.internal.Invoker.invokeMethod(Invoker.java:712)
	at org.testng.internal.Invoker.invokeTestMethod(Invoker.java:851)
	at org.testng.internal.Invoker.invokeTestMethods(Invoker.java:1177)
	at org.testng.internal.TestMethodWorker.invokeTestMethods(TestMethodWorker.java:129)
	at org.testng.internal.TestMethodWorker.run(TestMethodWorker.java:112)
	at org.testng.TestRunner.privateRun(TestRunner.java:756)
	at org.testng.TestRunner.run(TestRunner.java:610)
	at org.testng.SuiteRunner.runTest(SuiteRunner.java:387)
	at org.testng.SuiteRunner.runSequentially(SuiteRunner.java:382)
	at org.testng.SuiteRunner.privateRun(SuiteRunner.java:340)
	at org.testng.SuiteRunner.run(SuiteRunner.java:289)
	at org.testng.SuiteRunnerWorker.runSuite(SuiteRunnerWorker.java:52)
	at org.testng.SuiteRunnerWorker.run(SuiteRunnerWorker.java:86)
	at org.testng.TestNG.runSuitesSequentially(TestNG.java:1293)
	at org.testng.TestNG.runSuitesLocally(TestNG.java:1218)
	at org.testng.TestNG.runSuites(TestNG.java:1133)
	at org.testng.TestNG.run(TestNG.java:1104)
	at org.testng.remote.AbstractRemoteTestNG.run(AbstractRemoteTestNG.java:132)
	at org.testng.remote.RemoteTestNG.initAndRun(RemoteTestNG.java:230)
	at org.testng.remote.RemoteTestNG.main(RemoteTestNG.java:76)
</pre></div></td>
<td>0</td>
<td>com.vapsTechnosoft.IVRM.Fee.TC_Transaction.Tc_Transaction_Fee_Transaction@2b546384</td></tr>
<tr>
<td title='com.vapsTechnosoft.IVRM.Fee.TC_Transaction.Tc_Transaction_Fee_Transaction.tcClickOnPrintReceiptButton()'><b>tcClickOnPrintReceiptButton</b><br>Test class: com.vapsTechnosoft.IVRM.Fee.TC_Transaction.Tc_Transaction_Fee_Transaction<br>Parameters: Student Name, Sanjana Tamada, Y</td>
<td><div><pre>org.openqa.selenium.NoSuchWindowException: no such window: target window already closed
from unknown error: web view not found
  (Session info: chrome=70.0.3538.110)
  (Driver info: chromedriver=2.39.562718 (9a2698cba08cf5a471a29d30c8b3e12becabb0e9),platform=Windows NT 10.0.17134 x86_64) (WARNING: The server did not provide any stacktrace information)
Command duration or timeout: 13 milliseconds
Build info: version: &apos;3.0.1&apos;, revision: &apos;1969d75&apos;, time: &apos;2016-10-18 09:49:13 -0700&apos;
System info: host: &apos;Arvind-Susdiny&apos;, ip: &apos;192.168.1.34&apos;, os.name: &apos;Windows 10&apos;, os.arch: &apos;amd64&apos;, os.version: &apos;10.0&apos;, java.version: &apos;1.8.0_161&apos;
Driver info: org.openqa.selenium.chrome.ChromeDriver
Capabilities [{applicationCacheEnabled=false, rotatable=false, mobileEmulationEnabled=false, networkConnectionEnabled=false, chrome={chromedriverVersion=2.39.562718 (9a2698cba08cf5a471a29d30c8b3e12becabb0e9), userDataDir=C:\Users\vaps\AppData\Local\Temp\scoped_dir9052_25145}, takesHeapSnapshot=true, pageLoadStrategy=normal, databaseEnabled=false, handlesAlerts=true, hasTouchScreen=false, version=70.0.3538.110, platform=XP, browserConnectionEnabled=false, nativeEvents=true, acceptSslCerts=false, acceptInsecureCerts=false, locationContextEnabled=true, webStorageEnabled=true, browserName=chrome, takesScreenshot=true, javascriptEnabled=true, cssSelectorsEnabled=true, setWindowRect=true, unexpectedAlertBehaviour=}]
Session ID: cd343627ba56dd0ef042a1fe80b12ecc
	at sun.reflect.NativeConstructorAccessorImpl.newInstance0(Native Method)
	at sun.reflect.NativeConstructorAccessorImpl.newInstance(Unknown Source)
	at sun.reflect.DelegatingConstructorAccessorImpl.newInstance(Unknown Source)
	at java.lang.reflect.Constructor.newInstance(Unknown Source)
	at org.openqa.selenium.remote.ErrorHandler.createThrowable(ErrorHandler.java:216)
	at org.openqa.selenium.remote.ErrorHandler.throwIfResponseFailed(ErrorHandler.java:168)
	at org.openqa.selenium.remote.RemoteWebDriver.execute(RemoteWebDriver.java:635)
	at org.openqa.selenium.remote.RemoteWebDriver.execute(RemoteWebDriver.java:658)
	at org.openqa.selenium.remote.RemoteWebDriver.getScreenshotAs(RemoteWebDriver.java:340)
	at com.vapsTechnosoft.IVRM.testBase.TestBase.captureScreen(TestBase.java:300)
	at com.vapsTechnosoft.IVRM.testBase.TestBase.getresult(TestBase.java:331)
	at com.vapsTechnosoft.IVRM.testBase.TestBase.afterMethod(TestBase.java:340)
	at sun.reflect.GeneratedMethodAccessor10.invoke(Unknown Source)
	at sun.reflect.DelegatingMethodAccessorImpl.invoke(Unknown Source)
	at java.lang.reflect.Method.invoke(Unknown Source)
	at org.testng.internal.MethodInvocationHelper.invokeMethod(MethodInvocationHelper.java:104)
	at org.testng.internal.Invoker.invokeConfigurationMethod(Invoker.java:515)
	at org.testng.internal.Invoker.invokeConfigurations(Invoker.java:217)
	at org.testng.internal.Invoker.invokeMethod(Invoker.java:712)
	at org.testng.internal.Invoker.invokeTestMethod(Invoker.java:851)
	at org.testng.internal.Invoker.invokeTestMethods(Invoker.java:1177)
	at org.testng.internal.TestMethodWorker.invokeTestMethods(TestMethodWorker.java:129)
	at org.testng.internal.TestMethodWorker.run(TestMethodWorker.java:112)
	at org.testng.TestRunner.privateRun(TestRunner.java:756)
	at org.testng.TestRunner.run(TestRunner.java:610)
	at org.testng.SuiteRunner.runTest(SuiteRunner.java:387)
	at org.testng.SuiteRunner.runSequentially(SuiteRunner.java:382)
	at org.testng.SuiteRunner.privateRun(SuiteRunner.java:340)
	at org.testng.SuiteRunner.run(SuiteRunner.java:289)
	at org.testng.SuiteRunnerWorker.runSuite(SuiteRunnerWorker.java:52)
	at org.testng.SuiteRunnerWorker.run(SuiteRunnerWorker.java:86)
	at org.testng.TestNG.runSuitesSequentially(TestNG.java:1293)
	at org.testng.TestNG.runSuitesLocally(TestNG.java:1218)
	at org.testng.TestNG.runSuites(TestNG.java:1133)
	at org.testng.TestNG.run(TestNG.java:1104)
	at org.testng.remote.AbstractRemoteTestNG.run(AbstractRemoteTestNG.java:132)
	at org.testng.remote.RemoteTestNG.initAndRun(RemoteTestNG.java:230)
	at org.testng.remote.RemoteTestNG.main(RemoteTestNG.java:76)
</pre></div><a href='#' onClick='toggleBox("stack-trace1637876401", this, "Click to show all stack frames", "Click to hide stack frames")'>Click to show all stack frames</a>
<div class='stack-trace' id='stack-trace1637876401'><pre>org.openqa.selenium.NoSuchWindowException: no such window: target window already closed
from unknown error: web view not found
  (Session info: chrome=70.0.3538.110)
  (Driver info: chromedriver=2.39.562718 (9a2698cba08cf5a471a29d30c8b3e12becabb0e9),platform=Windows NT 10.0.17134 x86_64) (WARNING: The server did not provide any stacktrace information)
Command duration or timeout: 13 milliseconds
Build info: version: &apos;3.0.1&apos;, revision: &apos;1969d75&apos;, time: &apos;2016-10-18 09:49:13 -0700&apos;
System info: host: &apos;Arvind-Susdiny&apos;, ip: &apos;192.168.1.34&apos;, os.name: &apos;Windows 10&apos;, os.arch: &apos;amd64&apos;, os.version: &apos;10.0&apos;, java.version: &apos;1.8.0_161&apos;
Driver info: org.openqa.selenium.chrome.ChromeDriver
Capabilities [{applicationCacheEnabled=false, rotatable=false, mobileEmulationEnabled=false, networkConnectionEnabled=false, chrome={chromedriverVersion=2.39.562718 (9a2698cba08cf5a471a29d30c8b3e12becabb0e9), userDataDir=C:\Users\vaps\AppData\Local\Temp\scoped_dir9052_25145}, takesHeapSnapshot=true, pageLoadStrategy=normal, databaseEnabled=false, handlesAlerts=true, hasTouchScreen=false, version=70.0.3538.110, platform=XP, browserConnectionEnabled=false, nativeEvents=true, acceptSslCerts=false, acceptInsecureCerts=false, locationContextEnabled=true, webStorageEnabled=true, browserName=chrome, takesScreenshot=true, javascriptEnabled=true, cssSelectorsEnabled=true, setWindowRect=true, unexpectedAlertBehaviour=}]
Session ID: cd343627ba56dd0ef042a1fe80b12ecc
	at sun.reflect.NativeConstructorAccessorImpl.newInstance0(Native Method)
	at sun.reflect.NativeConstructorAccessorImpl.newInstance(Unknown Source)
	at sun.reflect.DelegatingConstructorAccessorImpl.newInstance(Unknown Source)
	at java.lang.reflect.Constructor.newInstance(Unknown Source)
	at org.openqa.selenium.remote.ErrorHandler.createThrowable(ErrorHandler.java:216)
	at org.openqa.selenium.remote.ErrorHandler.throwIfResponseFailed(ErrorHandler.java:168)
	at org.openqa.selenium.remote.RemoteWebDriver.execute(RemoteWebDriver.java:635)
	at org.openqa.selenium.remote.RemoteWebDriver.execute(RemoteWebDriver.java:658)
	at org.openqa.selenium.remote.RemoteWebDriver.getScreenshotAs(RemoteWebDriver.java:340)
	at com.vapsTechnosoft.IVRM.testBase.TestBase.captureScreen(TestBase.java:300)
	at com.vapsTechnosoft.IVRM.testBase.TestBase.getresult(TestBase.java:331)
	at com.vapsTechnosoft.IVRM.testBase.TestBase.afterMethod(TestBase.java:340)
	at sun.reflect.GeneratedMethodAccessor10.invoke(Unknown Source)
	at sun.reflect.DelegatingMethodAccessorImpl.invoke(Unknown Source)
	at java.lang.reflect.Method.invoke(Unknown Source)
	at org.testng.internal.MethodInvocationHelper.invokeMethod(MethodInvocationHelper.java:104)
	at org.testng.internal.Invoker.invokeConfigurationMethod(Invoker.java:515)
	at org.testng.internal.Invoker.invokeConfigurations(Invoker.java:217)
	at org.testng.internal.Invoker.invokeMethod(Invoker.java:712)
	at org.testng.internal.Invoker.invokeTestMethod(Invoker.java:851)
	at org.testng.internal.Invoker.invokeTestMethods(Invoker.java:1177)
	at org.testng.internal.TestMethodWorker.invokeTestMethods(TestMethodWorker.java:129)
	at org.testng.internal.TestMethodWorker.run(TestMethodWorker.java:112)
	at org.testng.TestRunner.privateRun(TestRunner.java:756)
	at org.testng.TestRunner.run(TestRunner.java:610)
	at org.testng.SuiteRunner.runTest(SuiteRunner.java:387)
	at org.testng.SuiteRunner.runSequentially(SuiteRunner.java:382)
	at org.testng.SuiteRunner.privateRun(SuiteRunner.java:340)
	at org.testng.SuiteRunner.run(SuiteRunner.java:289)
	at org.testng.SuiteRunnerWorker.runSuite(SuiteRunnerWorker.java:52)
	at org.testng.SuiteRunnerWorker.run(SuiteRunnerWorker.java:86)
	at org.testng.TestNG.runSuitesSequentially(TestNG.java:1293)
	at org.testng.TestNG.runSuitesLocally(TestNG.java:1218)
	at org.testng.TestNG.runSuites(TestNG.java:1133)
	at org.testng.TestNG.run(TestNG.java:1104)
	at org.testng.remote.AbstractRemoteTestNG.run(AbstractRemoteTestNG.java:132)
	at org.testng.remote.RemoteTestNG.initAndRun(RemoteTestNG.java:230)
	at org.testng.remote.RemoteTestNG.main(RemoteTestNG.java:76)
</pre></div></td>
<td>0</td>
<td>com.vapsTechnosoft.IVRM.Fee.TC_Transaction.Tc_Transaction_Fee_Transaction@2b546384</td></tr>
<tr>
<td title='com.vapsTechnosoft.IVRM.Fee.TC_Transaction.Tc_Transaction_Fee_Transaction.tcClickOnSearch_CancelButton()'><b>tcClickOnSearch_CancelButton</b><br>Test class: com.vapsTechnosoft.IVRM.Fee.TC_Transaction.Tc_Transaction_Fee_Transaction</td>
<td><div><pre>org.openqa.selenium.NoSuchWindowException: no such window: target window already closed
from unknown error: web view not found
  (Session info: chrome=70.0.3538.110)
  (Driver info: chromedriver=2.39.562718 (9a2698cba08cf5a471a29d30c8b3e12becabb0e9),platform=Windows NT 10.0.17134 x86_64) (WARNING: The server did not provide any stacktrace information)
Command duration or timeout: 13 milliseconds
Build info: version: &apos;3.0.1&apos;, revision: &apos;1969d75&apos;, time: &apos;2016-10-18 09:49:13 -0700&apos;
System info: host: &apos;Arvind-Susdiny&apos;, ip: &apos;192.168.1.34&apos;, os.name: &apos;Windows 10&apos;, os.arch: &apos;amd64&apos;, os.version: &apos;10.0&apos;, java.version: &apos;1.8.0_161&apos;
Driver info: org.openqa.selenium.chrome.ChromeDriver
Capabilities [{applicationCacheEnabled=false, rotatable=false, mobileEmulationEnabled=false, networkConnectionEnabled=false, chrome={chromedriverVersion=2.39.562718 (9a2698cba08cf5a471a29d30c8b3e12becabb0e9), userDataDir=C:\Users\vaps\AppData\Local\Temp\scoped_dir9052_25145}, takesHeapSnapshot=true, pageLoadStrategy=normal, databaseEnabled=false, handlesAlerts=true, hasTouchScreen=false, version=70.0.3538.110, platform=XP, browserConnectionEnabled=false, nativeEvents=true, acceptSslCerts=false, acceptInsecureCerts=false, locationContextEnabled=true, webStorageEnabled=true, browserName=chrome, takesScreenshot=true, javascriptEnabled=true, cssSelectorsEnabled=true, setWindowRect=true, unexpectedAlertBehaviour=}]
Session ID: cd343627ba56dd0ef042a1fe80b12ecc
	at sun.reflect.NativeConstructorAccessorImpl.newInstance0(Native Method)
	at sun.reflect.NativeConstructorAccessorImpl.newInstance(Unknown Source)
	at sun.reflect.DelegatingConstructorAccessorImpl.newInstance(Unknown Source)
	at java.lang.reflect.Constructor.newInstance(Unknown Source)
	at org.openqa.selenium.remote.ErrorHandler.createThrowable(ErrorHandler.java:216)
	at org.openqa.selenium.remote.ErrorHandler.throwIfResponseFailed(ErrorHandler.java:168)
	at org.openqa.selenium.remote.RemoteWebDriver.execute(RemoteWebDriver.java:635)
	at org.openqa.selenium.remote.RemoteWebDriver.execute(RemoteWebDriver.java:658)
	at org.openqa.selenium.remote.RemoteWebDriver.getScreenshotAs(RemoteWebDriver.java:340)
	at com.vapsTechnosoft.IVRM.testBase.TestBase.captureScreen(TestBase.java:300)
	at com.vapsTechnosoft.IVRM.testBase.TestBase.getresult(TestBase.java:331)
	at com.vapsTechnosoft.IVRM.testBase.TestBase.afterMethod(TestBase.java:340)
	at sun.reflect.GeneratedMethodAccessor10.invoke(Unknown Source)
	at sun.reflect.DelegatingMethodAccessorImpl.invoke(Unknown Source)
	at java.lang.reflect.Method.invoke(Unknown Source)
	at org.testng.internal.MethodInvocationHelper.invokeMethod(MethodInvocationHelper.java:104)
	at org.testng.internal.Invoker.invokeConfigurationMethod(Invoker.java:515)
	at org.testng.internal.Invoker.invokeConfigurations(Invoker.java:217)
	at org.testng.internal.Invoker.invokeMethod(Invoker.java:712)
	at org.testng.internal.Invoker.invokeTestMethod(Invoker.java:851)
	at org.testng.internal.Invoker.invokeTestMethods(Invoker.java:1177)
	at org.testng.internal.TestMethodWorker.invokeTestMethods(TestMethodWorker.java:129)
	at org.testng.internal.TestMethodWorker.run(TestMethodWorker.java:112)
	at org.testng.TestRunner.privateRun(TestRunner.java:756)
	at org.testng.TestRunner.run(TestRunner.java:610)
	at org.testng.SuiteRunner.runTest(SuiteRunner.java:387)
	at org.testng.SuiteRunner.runSequentially(SuiteRunner.java:382)
	at org.testng.SuiteRunner.privateRun(SuiteRunner.java:340)
	at org.testng.SuiteRunner.run(SuiteRunner.java:289)
	at org.testng.SuiteRunnerWorker.runSuite(SuiteRunnerWorker.java:52)
	at org.testng.SuiteRunnerWorker.run(SuiteRunnerWorker.java:86)
	at org.testng.TestNG.runSuitesSequentially(TestNG.java:1293)
	at org.testng.TestNG.runSuitesLocally(TestNG.java:1218)
	at org.testng.TestNG.runSuites(TestNG.java:1133)
	at org.testng.TestNG.run(TestNG.java:1104)
	at org.testng.remote.AbstractRemoteTestNG.run(AbstractRemoteTestNG.java:132)
	at org.testng.remote.RemoteTestNG.initAndRun(RemoteTestNG.java:230)
	at org.testng.remote.RemoteTestNG.main(RemoteTestNG.java:76)
</pre></div><a href='#' onClick='toggleBox("stack-trace569138567", this, "Click to show all stack frames", "Click to hide stack frames")'>Click to show all stack frames</a>
<div class='stack-trace' id='stack-trace569138567'><pre>org.openqa.selenium.NoSuchWindowException: no such window: target window already closed
from unknown error: web view not found
  (Session info: chrome=70.0.3538.110)
  (Driver info: chromedriver=2.39.562718 (9a2698cba08cf5a471a29d30c8b3e12becabb0e9),platform=Windows NT 10.0.17134 x86_64) (WARNING: The server did not provide any stacktrace information)
Command duration or timeout: 13 milliseconds
Build info: version: &apos;3.0.1&apos;, revision: &apos;1969d75&apos;, time: &apos;2016-10-18 09:49:13 -0700&apos;
System info: host: &apos;Arvind-Susdiny&apos;, ip: &apos;192.168.1.34&apos;, os.name: &apos;Windows 10&apos;, os.arch: &apos;amd64&apos;, os.version: &apos;10.0&apos;, java.version: &apos;1.8.0_161&apos;
Driver info: org.openqa.selenium.chrome.ChromeDriver
Capabilities [{applicationCacheEnabled=false, rotatable=false, mobileEmulationEnabled=false, networkConnectionEnabled=false, chrome={chromedriverVersion=2.39.562718 (9a2698cba08cf5a471a29d30c8b3e12becabb0e9), userDataDir=C:\Users\vaps\AppData\Local\Temp\scoped_dir9052_25145}, takesHeapSnapshot=true, pageLoadStrategy=normal, databaseEnabled=false, handlesAlerts=true, hasTouchScreen=false, version=70.0.3538.110, platform=XP, browserConnectionEnabled=false, nativeEvents=true, acceptSslCerts=false, acceptInsecureCerts=false, locationContextEnabled=true, webStorageEnabled=true, browserName=chrome, takesScreenshot=true, javascriptEnabled=true, cssSelectorsEnabled=true, setWindowRect=true, unexpectedAlertBehaviour=}]
Session ID: cd343627ba56dd0ef042a1fe80b12ecc
	at sun.reflect.NativeConstructorAccessorImpl.newInstance0(Native Method)
	at sun.reflect.NativeConstructorAccessorImpl.newInstance(Unknown Source)
	at sun.reflect.DelegatingConstructorAccessorImpl.newInstance(Unknown Source)
	at java.lang.reflect.Constructor.newInstance(Unknown Source)
	at org.openqa.selenium.remote.ErrorHandler.createThrowable(ErrorHandler.java:216)
	at org.openqa.selenium.remote.ErrorHandler.throwIfResponseFailed(ErrorHandler.java:168)
	at org.openqa.selenium.remote.RemoteWebDriver.execute(RemoteWebDriver.java:635)
	at org.openqa.selenium.remote.RemoteWebDriver.execute(RemoteWebDriver.java:658)
	at org.openqa.selenium.remote.RemoteWebDriver.getScreenshotAs(RemoteWebDriver.java:340)
	at com.vapsTechnosoft.IVRM.testBase.TestBase.captureScreen(TestBase.java:300)
	at com.vapsTechnosoft.IVRM.testBase.TestBase.getresult(TestBase.java:331)
	at com.vapsTechnosoft.IVRM.testBase.TestBase.afterMethod(TestBase.java:340)
	at sun.reflect.GeneratedMethodAccessor10.invoke(Unknown Source)
	at sun.reflect.DelegatingMethodAccessorImpl.invoke(Unknown Source)
	at java.lang.reflect.Method.invoke(Unknown Source)
	at org.testng.internal.MethodInvocationHelper.invokeMethod(MethodInvocationHelper.java:104)
	at org.testng.internal.Invoker.invokeConfigurationMethod(Invoker.java:515)
	at org.testng.internal.Invoker.invokeConfigurations(Invoker.java:217)
	at org.testng.internal.Invoker.invokeMethod(Invoker.java:712)
	at org.testng.internal.Invoker.invokeTestMethod(Invoker.java:851)
	at org.testng.internal.Invoker.invokeTestMethods(Invoker.java:1177)
	at org.testng.internal.TestMethodWorker.invokeTestMethods(TestMethodWorker.java:129)
	at org.testng.internal.TestMethodWorker.run(TestMethodWorker.java:112)
	at org.testng.TestRunner.privateRun(TestRunner.java:756)
	at org.testng.TestRunner.run(TestRunner.java:610)
	at org.testng.SuiteRunner.runTest(SuiteRunner.java:387)
	at org.testng.SuiteRunner.runSequentially(SuiteRunner.java:382)
	at org.testng.SuiteRunner.privateRun(SuiteRunner.java:340)
	at org.testng.SuiteRunner.run(SuiteRunner.java:289)
	at org.testng.SuiteRunnerWorker.runSuite(SuiteRunnerWorker.java:52)
	at org.testng.SuiteRunnerWorker.run(SuiteRunnerWorker.java:86)
	at org.testng.TestNG.runSuitesSequentially(TestNG.java:1293)
	at org.testng.TestNG.runSuitesLocally(TestNG.java:1218)
	at org.testng.TestNG.runSuites(TestNG.java:1133)
	at org.testng.TestNG.run(TestNG.java:1104)
	at org.testng.remote.AbstractRemoteTestNG.run(AbstractRemoteTestNG.java:132)
	at org.testng.remote.RemoteTestNG.initAndRun(RemoteTestNG.java:230)
	at org.testng.remote.RemoteTestNG.main(RemoteTestNG.java:76)
</pre></div></td>
<td>0</td>
<td>com.vapsTechnosoft.IVRM.Fee.TC_Transaction.Tc_Transaction_Fee_Transaction@2b546384</td></tr>
<tr>
<td title='com.vapsTechnosoft.IVRM.Fee.TC_Transaction.Tc_Transaction_Fee_Transaction.tcEnterStudentNameAndSeelctFeeGrCheck()'><b>tcEnterStudentNameAndSeelctFeeGrCheck</b><br>Test class: com.vapsTechnosoft.IVRM.Fee.TC_Transaction.Tc_Transaction_Fee_Transaction<br>Parameters: Srujana, Susdiny Jio, N</td>
<td><div><pre>org.testng.SkipException: user marked this record as no run
	at com.vapsTechnosoft.IVRM.Fee.TC_Transaction.Tc_Transaction_Fee_Transaction.tcEnterStudentNameAndSeelctFeeGrCheck(Tc_Transaction_Fee_Transaction.java:187)
	at sun.reflect.NativeMethodAccessorImpl.invoke0(Native Method)
	at sun.reflect.NativeMethodAccessorImpl.invoke(Unknown Source)
	at sun.reflect.DelegatingMethodAccessorImpl.invoke(Unknown Source)
	at java.lang.reflect.Method.invoke(Unknown Source)
	at org.testng.internal.MethodInvocationHelper.invokeMethod(MethodInvocationHelper.java:104)
	at org.testng.internal.Invoker.invokeMethod(Invoker.java:645)
	at org.testng.internal.Invoker.invokeTestMethod(Invoker.java:851)
	at org.testng.internal.Invoker.invokeTestMethods(Invoker.java:1177)
	at org.testng.internal.TestMethodWorker.invokeTestMethods(TestMethodWorker.java:129)
	at org.testng.internal.TestMethodWorker.run(TestMethodWorker.java:112)
	at org.testng.TestRunner.privateRun(TestRunner.java:756)
	at org.testng.TestRunner.run(TestRunner.java:610)
	at org.testng.SuiteRunner.runTest(SuiteRunner.java:387)
	at org.testng.SuiteRunner.runSequentially(SuiteRunner.java:382)
	at org.testng.SuiteRunner.privateRun(SuiteRunner.java:340)
	at org.testng.SuiteRunner.run(SuiteRunner.java:289)
	at org.testng.SuiteRunnerWorker.runSuite(SuiteRunnerWorker.java:52)
	at org.testng.SuiteRunnerWorker.run(SuiteRunnerWorker.java:86)
	at org.testng.TestNG.runSuitesSequentially(TestNG.java:1293)
	at org.testng.TestNG.runSuitesLocally(TestNG.java:1218)
	at org.testng.TestNG.runSuites(TestNG.java:1133)
	at org.testng.TestNG.run(TestNG.java:1104)
	at org.testng.remote.AbstractRemoteTestNG.run(AbstractRemoteTestNG.java:132)
	at org.testng.remote.RemoteTestNG.initAndRun(RemoteTestNG.java:230)
	at org.testng.remote.RemoteTestNG.main(RemoteTestNG.java:76)
</pre></div><a href='#' onClick='toggleBox("stack-trace1831141281", this, "Click to show all stack frames", "Click to hide stack frames")'>Click to show all stack frames</a>
<div class='stack-trace' id='stack-trace1831141281'><pre>org.testng.SkipException: user marked this record as no run
	at com.vapsTechnosoft.IVRM.Fee.TC_Transaction.Tc_Transaction_Fee_Transaction.tcEnterStudentNameAndSeelctFeeGrCheck(Tc_Transaction_Fee_Transaction.java:187)
	at sun.reflect.NativeMethodAccessorImpl.invoke0(Native Method)
	at sun.reflect.NativeMethodAccessorImpl.invoke(Unknown Source)
	at sun.reflect.DelegatingMethodAccessorImpl.invoke(Unknown Source)
	at java.lang.reflect.Method.invoke(Unknown Source)
	at org.testng.internal.MethodInvocationHelper.invokeMethod(MethodInvocationHelper.java:104)
	at org.testng.internal.Invoker.invokeMethod(Invoker.java:645)
	at org.testng.internal.Invoker.invokeTestMethod(Invoker.java:851)
	at org.testng.internal.Invoker.invokeTestMethods(Invoker.java:1177)
	at org.testng.internal.TestMethodWorker.invokeTestMethods(TestMethodWorker.java:129)
	at org.testng.internal.TestMethodWorker.run(TestMethodWorker.java:112)
	at org.testng.TestRunner.privateRun(TestRunner.java:756)
	at org.testng.TestRunner.run(TestRunner.java:610)
	at org.testng.SuiteRunner.runTest(SuiteRunner.java:387)
	at org.testng.SuiteRunner.runSequentially(SuiteRunner.java:382)
	at org.testng.SuiteRunner.privateRun(SuiteRunner.java:340)
	at org.testng.SuiteRunner.run(SuiteRunner.java:289)
	at org.testng.SuiteRunnerWorker.runSuite(SuiteRunnerWorker.java:52)
	at org.testng.SuiteRunnerWorker.run(SuiteRunnerWorker.java:86)
	at org.testng.TestNG.runSuitesSequentially(TestNG.java:1293)
	at org.testng.TestNG.runSuitesLocally(TestNG.java:1218)
	at org.testng.TestNG.runSuites(TestNG.java:1133)
	at org.testng.TestNG.run(TestNG.java:1104)
	at org.testng.remote.AbstractRemoteTestNG.run(AbstractRemoteTestNG.java:132)
	at org.testng.remote.RemoteTestNG.initAndRun(RemoteTestNG.java:230)
	at org.testng.remote.RemoteTestNG.main(RemoteTestNG.java:76)
</pre></div></td>
<td>0</td>
<td>com.vapsTechnosoft.IVRM.Fee.TC_Transaction.Tc_Transaction_Fee_Transaction@2b546384</td></tr>
<tr>
<td title='com.vapsTechnosoft.IVRM.Fee.TC_Transaction.Tc_Transaction_Fee_Transaction.tcPrintOfFeereceipt()'><b>tcPrintOfFeereceipt</b><br>Test class: com.vapsTechnosoft.IVRM.Fee.TC_Transaction.Tc_Transaction_Fee_Transaction</td>
<td><div><pre>org.openqa.selenium.NoSuchWindowException: no such window: target window already closed
from unknown error: web view not found
  (Session info: chrome=70.0.3538.110)
  (Driver info: chromedriver=2.39.562718 (9a2698cba08cf5a471a29d30c8b3e12becabb0e9),platform=Windows NT 10.0.17134 x86_64) (WARNING: The server did not provide any stacktrace information)
Command duration or timeout: 13 milliseconds
Build info: version: &apos;3.0.1&apos;, revision: &apos;1969d75&apos;, time: &apos;2016-10-18 09:49:13 -0700&apos;
System info: host: &apos;Arvind-Susdiny&apos;, ip: &apos;192.168.1.34&apos;, os.name: &apos;Windows 10&apos;, os.arch: &apos;amd64&apos;, os.version: &apos;10.0&apos;, java.version: &apos;1.8.0_161&apos;
Driver info: org.openqa.selenium.chrome.ChromeDriver
Capabilities [{applicationCacheEnabled=false, rotatable=false, mobileEmulationEnabled=false, networkConnectionEnabled=false, chrome={chromedriverVersion=2.39.562718 (9a2698cba08cf5a471a29d30c8b3e12becabb0e9), userDataDir=C:\Users\vaps\AppData\Local\Temp\scoped_dir9052_25145}, takesHeapSnapshot=true, pageLoadStrategy=normal, databaseEnabled=false, handlesAlerts=true, hasTouchScreen=false, version=70.0.3538.110, platform=XP, browserConnectionEnabled=false, nativeEvents=true, acceptSslCerts=false, acceptInsecureCerts=false, locationContextEnabled=true, webStorageEnabled=true, browserName=chrome, takesScreenshot=true, javascriptEnabled=true, cssSelectorsEnabled=true, setWindowRect=true, unexpectedAlertBehaviour=}]
Session ID: cd343627ba56dd0ef042a1fe80b12ecc
	at sun.reflect.NativeConstructorAccessorImpl.newInstance0(Native Method)
	at sun.reflect.NativeConstructorAccessorImpl.newInstance(Unknown Source)
	at sun.reflect.DelegatingConstructorAccessorImpl.newInstance(Unknown Source)
	at java.lang.reflect.Constructor.newInstance(Unknown Source)
	at org.openqa.selenium.remote.ErrorHandler.createThrowable(ErrorHandler.java:216)
	at org.openqa.selenium.remote.ErrorHandler.throwIfResponseFailed(ErrorHandler.java:168)
	at org.openqa.selenium.remote.RemoteWebDriver.execute(RemoteWebDriver.java:635)
	at org.openqa.selenium.remote.RemoteWebDriver.execute(RemoteWebDriver.java:658)
	at org.openqa.selenium.remote.RemoteWebDriver.getScreenshotAs(RemoteWebDriver.java:340)
	at com.vapsTechnosoft.IVRM.testBase.TestBase.captureScreen(TestBase.java:300)
	at com.vapsTechnosoft.IVRM.testBase.TestBase.getresult(TestBase.java:331)
	at com.vapsTechnosoft.IVRM.testBase.TestBase.afterMethod(TestBase.java:340)
	at sun.reflect.GeneratedMethodAccessor10.invoke(Unknown Source)
	at sun.reflect.DelegatingMethodAccessorImpl.invoke(Unknown Source)
	at java.lang.reflect.Method.invoke(Unknown Source)
	at org.testng.internal.MethodInvocationHelper.invokeMethod(MethodInvocationHelper.java:104)
	at org.testng.internal.Invoker.invokeConfigurationMethod(Invoker.java:515)
	at org.testng.internal.Invoker.invokeConfigurations(Invoker.java:217)
	at org.testng.internal.Invoker.invokeMethod(Invoker.java:712)
	at org.testng.internal.Invoker.invokeTestMethod(Invoker.java:851)
	at org.testng.internal.Invoker.invokeTestMethods(Invoker.java:1177)
	at org.testng.internal.TestMethodWorker.invokeTestMethods(TestMethodWorker.java:129)
	at org.testng.internal.TestMethodWorker.run(TestMethodWorker.java:112)
	at org.testng.TestRunner.privateRun(TestRunner.java:756)
	at org.testng.TestRunner.run(TestRunner.java:610)
	at org.testng.SuiteRunner.runTest(SuiteRunner.java:387)
	at org.testng.SuiteRunner.runSequentially(SuiteRunner.java:382)
	at org.testng.SuiteRunner.privateRun(SuiteRunner.java:340)
	at org.testng.SuiteRunner.run(SuiteRunner.java:289)
	at org.testng.SuiteRunnerWorker.runSuite(SuiteRunnerWorker.java:52)
	at org.testng.SuiteRunnerWorker.run(SuiteRunnerWorker.java:86)
	at org.testng.TestNG.runSuitesSequentially(TestNG.java:1293)
	at org.testng.TestNG.runSuitesLocally(TestNG.java:1218)
	at org.testng.TestNG.runSuites(TestNG.java:1133)
	at org.testng.TestNG.run(TestNG.java:1104)
	at org.testng.remote.AbstractRemoteTestNG.run(AbstractRemoteTestNG.java:132)
	at org.testng.remote.RemoteTestNG.initAndRun(RemoteTestNG.java:230)
	at org.testng.remote.RemoteTestNG.main(RemoteTestNG.java:76)
</pre></div><a href='#' onClick='toggleBox("stack-trace237297104", this, "Click to show all stack frames", "Click to hide stack frames")'>Click to show all stack frames</a>
<div class='stack-trace' id='stack-trace237297104'><pre>org.openqa.selenium.NoSuchWindowException: no such window: target window already closed
from unknown error: web view not found
  (Session info: chrome=70.0.3538.110)
  (Driver info: chromedriver=2.39.562718 (9a2698cba08cf5a471a29d30c8b3e12becabb0e9),platform=Windows NT 10.0.17134 x86_64) (WARNING: The server did not provide any stacktrace information)
Command duration or timeout: 13 milliseconds
Build info: version: &apos;3.0.1&apos;, revision: &apos;1969d75&apos;, time: &apos;2016-10-18 09:49:13 -0700&apos;
System info: host: &apos;Arvind-Susdiny&apos;, ip: &apos;192.168.1.34&apos;, os.name: &apos;Windows 10&apos;, os.arch: &apos;amd64&apos;, os.version: &apos;10.0&apos;, java.version: &apos;1.8.0_161&apos;
Driver info: org.openqa.selenium.chrome.ChromeDriver
Capabilities [{applicationCacheEnabled=false, rotatable=false, mobileEmulationEnabled=false, networkConnectionEnabled=false, chrome={chromedriverVersion=2.39.562718 (9a2698cba08cf5a471a29d30c8b3e12becabb0e9), userDataDir=C:\Users\vaps\AppData\Local\Temp\scoped_dir9052_25145}, takesHeapSnapshot=true, pageLoadStrategy=normal, databaseEnabled=false, handlesAlerts=true, hasTouchScreen=false, version=70.0.3538.110, platform=XP, browserConnectionEnabled=false, nativeEvents=true, acceptSslCerts=false, acceptInsecureCerts=false, locationContextEnabled=true, webStorageEnabled=true, browserName=chrome, takesScreenshot=true, javascriptEnabled=true, cssSelectorsEnabled=true, setWindowRect=true, unexpectedAlertBehaviour=}]
Session ID: cd343627ba56dd0ef042a1fe80b12ecc
	at sun.reflect.NativeConstructorAccessorImpl.newInstance0(Native Method)
	at sun.reflect.NativeConstructorAccessorImpl.newInstance(Unknown Source)
	at sun.reflect.DelegatingConstructorAccessorImpl.newInstance(Unknown Source)
	at java.lang.reflect.Constructor.newInstance(Unknown Source)
	at org.openqa.selenium.remote.ErrorHandler.createThrowable(ErrorHandler.java:216)
	at org.openqa.selenium.remote.ErrorHandler.throwIfResponseFailed(ErrorHandler.java:168)
	at org.openqa.selenium.remote.RemoteWebDriver.execute(RemoteWebDriver.java:635)
	at org.openqa.selenium.remote.RemoteWebDriver.execute(RemoteWebDriver.java:658)
	at org.openqa.selenium.remote.RemoteWebDriver.getScreenshotAs(RemoteWebDriver.java:340)
	at com.vapsTechnosoft.IVRM.testBase.TestBase.captureScreen(TestBase.java:300)
	at com.vapsTechnosoft.IVRM.testBase.TestBase.getresult(TestBase.java:331)
	at com.vapsTechnosoft.IVRM.testBase.TestBase.afterMethod(TestBase.java:340)
	at sun.reflect.GeneratedMethodAccessor10.invoke(Unknown Source)
	at sun.reflect.DelegatingMethodAccessorImpl.invoke(Unknown Source)
	at java.lang.reflect.Method.invoke(Unknown Source)
	at org.testng.internal.MethodInvocationHelper.invokeMethod(MethodInvocationHelper.java:104)
	at org.testng.internal.Invoker.invokeConfigurationMethod(Invoker.java:515)
	at org.testng.internal.Invoker.invokeConfigurations(Invoker.java:217)
	at org.testng.internal.Invoker.invokeMethod(Invoker.java:712)
	at org.testng.internal.Invoker.invokeTestMethod(Invoker.java:851)
	at org.testng.internal.Invoker.invokeTestMethods(Invoker.java:1177)
	at org.testng.internal.TestMethodWorker.invokeTestMethods(TestMethodWorker.java:129)
	at org.testng.internal.TestMethodWorker.run(TestMethodWorker.java:112)
	at org.testng.TestRunner.privateRun(TestRunner.java:756)
	at org.testng.TestRunner.run(TestRunner.java:610)
	at org.testng.SuiteRunner.runTest(SuiteRunner.java:387)
	at org.testng.SuiteRunner.runSequentially(SuiteRunner.java:382)
	at org.testng.SuiteRunner.privateRun(SuiteRunner.java:340)
	at org.testng.SuiteRunner.run(SuiteRunner.java:289)
	at org.testng.SuiteRunnerWorker.runSuite(SuiteRunnerWorker.java:52)
	at org.testng.SuiteRunnerWorker.run(SuiteRunnerWorker.java:86)
	at org.testng.TestNG.runSuitesSequentially(TestNG.java:1293)
	at org.testng.TestNG.runSuitesLocally(TestNG.java:1218)
	at org.testng.TestNG.runSuites(TestNG.java:1133)
	at org.testng.TestNG.run(TestNG.java:1104)
	at org.testng.remote.AbstractRemoteTestNG.run(AbstractRemoteTestNG.java:132)
	at org.testng.remote.RemoteTestNG.initAndRun(RemoteTestNG.java:230)
	at org.testng.remote.RemoteTestNG.main(RemoteTestNG.java:76)
</pre></div></td>
<td>0</td>
<td>com.vapsTechnosoft.IVRM.Fee.TC_Transaction.Tc_Transaction_Fee_Transaction@2b546384</td></tr>
<tr>
<td title='com.vapsTechnosoft.IVRM.Fee.TC_Transaction.Tc_Transaction_Fee_Transaction.tcValidateStudentInformationData()'><b>tcValidateStudentInformationData</b><br>Test class: com.vapsTechnosoft.IVRM.Fee.TC_Transaction.Tc_Transaction_Fee_Transaction<br>Parameters: : SURESH lkg lkg lkg, : 2017-2018/8/2017-2018, : 57, : 9844098440, : LKG, :, : 01-05-2014, false, N</td>
<td><div><pre>org.testng.SkipException: user marked this record as no run
	at com.vapsTechnosoft.IVRM.Fee.TC_Transaction.Tc_Transaction_Fee_Transaction.tcValidateStudentInformationData(Tc_Transaction_Fee_Transaction.java:206)
	at sun.reflect.NativeMethodAccessorImpl.invoke0(Native Method)
	at sun.reflect.NativeMethodAccessorImpl.invoke(Unknown Source)
	at sun.reflect.DelegatingMethodAccessorImpl.invoke(Unknown Source)
	at java.lang.reflect.Method.invoke(Unknown Source)
	at org.testng.internal.MethodInvocationHelper.invokeMethod(MethodInvocationHelper.java:104)
	at org.testng.internal.Invoker.invokeMethod(Invoker.java:645)
	at org.testng.internal.Invoker.invokeTestMethod(Invoker.java:851)
	at org.testng.internal.Invoker.invokeTestMethods(Invoker.java:1177)
	at org.testng.internal.TestMethodWorker.invokeTestMethods(TestMethodWorker.java:129)
	at org.testng.internal.TestMethodWorker.run(TestMethodWorker.java:112)
	at org.testng.TestRunner.privateRun(TestRunner.java:756)
	at org.testng.TestRunner.run(TestRunner.java:610)
	at org.testng.SuiteRunner.runTest(SuiteRunner.java:387)
	at org.testng.SuiteRunner.runSequentially(SuiteRunner.java:382)
	at org.testng.SuiteRunner.privateRun(SuiteRunner.java:340)
	at org.testng.SuiteRunner.run(SuiteRunner.java:289)
	at org.testng.SuiteRunnerWorker.runSuite(SuiteRunnerWorker.java:52)
	at org.testng.SuiteRunnerWorker.run(SuiteRunnerWorker.java:86)
	at org.testng.TestNG.runSuitesSequentially(TestNG.java:1293)
	at org.testng.TestNG.runSuitesLocally(TestNG.java:1218)
	at org.testng.TestNG.runSuites(TestNG.java:1133)
	at org.testng.TestNG.run(TestNG.java:1104)
	at org.testng.remote.AbstractRemoteTestNG.run(AbstractRemoteTestNG.java:132)
	at org.testng.remote.RemoteTestNG.initAndRun(RemoteTestNG.java:230)
	at org.testng.remote.RemoteTestNG.main(RemoteTestNG.java:76)
</pre></div><a href='#' onClick='toggleBox("stack-trace1256405521", this, "Click to show all stack frames", "Click to hide stack frames")'>Click to show all stack frames</a>
<div class='stack-trace' id='stack-trace1256405521'><pre>org.testng.SkipException: user marked this record as no run
	at com.vapsTechnosoft.IVRM.Fee.TC_Transaction.Tc_Transaction_Fee_Transaction.tcValidateStudentInformationData(Tc_Transaction_Fee_Transaction.java:206)
	at sun.reflect.NativeMethodAccessorImpl.invoke0(Native Method)
	at sun.reflect.NativeMethodAccessorImpl.invoke(Unknown Source)
	at sun.reflect.DelegatingMethodAccessorImpl.invoke(Unknown Source)
	at java.lang.reflect.Method.invoke(Unknown Source)
	at org.testng.internal.MethodInvocationHelper.invokeMethod(MethodInvocationHelper.java:104)
	at org.testng.internal.Invoker.invokeMethod(Invoker.java:645)
	at org.testng.internal.Invoker.invokeTestMethod(Invoker.java:851)
	at org.testng.internal.Invoker.invokeTestMethods(Invoker.java:1177)
	at org.testng.internal.TestMethodWorker.invokeTestMethods(TestMethodWorker.java:129)
	at org.testng.internal.TestMethodWorker.run(TestMethodWorker.java:112)
	at org.testng.TestRunner.privateRun(TestRunner.java:756)
	at org.testng.TestRunner.run(TestRunner.java:610)
	at org.testng.SuiteRunner.runTest(SuiteRunner.java:387)
	at org.testng.SuiteRunner.runSequentially(SuiteRunner.java:382)
	at org.testng.SuiteRunner.privateRun(SuiteRunner.java:340)
	at org.testng.SuiteRunner.run(SuiteRunner.java:289)
	at org.testng.SuiteRunnerWorker.runSuite(SuiteRunnerWorker.java:52)
	at org.testng.SuiteRunnerWorker.run(SuiteRunnerWorker.java:86)
	at org.testng.TestNG.runSuitesSequentially(TestNG.java:1293)
	at org.testng.TestNG.runSuitesLocally(TestNG.java:1218)
	at org.testng.TestNG.runSuites(TestNG.java:1133)
	at org.testng.TestNG.run(TestNG.java:1104)
	at org.testng.remote.AbstractRemoteTestNG.run(AbstractRemoteTestNG.java:132)
	at org.testng.remote.RemoteTestNG.initAndRun(RemoteTestNG.java:230)
	at org.testng.remote.RemoteTestNG.main(RemoteTestNG.java:76)
</pre></div></td>
<td>0</td>
<td>com.vapsTechnosoft.IVRM.Fee.TC_Transaction.Tc_Transaction_Fee_Transaction@2b546384</td></tr>
</table><p>
</body>
</html>