<?xml version="1.0" encoding="UTF-8"?>
<!-- Generated by org.testng.reporters.JUnitXMLReporter -->
<testsuite hostname="Arvind-Susdiny" ignored="0" name="Default test" tests="12" failures="0" timestamp="25 May 2018 11:34:01 GMT" time="66.548" errors="0">
  <testcase name="loginToappWithrequiredCredentials" time="20.025" classname="com.test.automation.uiAutomation.Fee.TC_Masters.TC_Configuration_Fee_Standard"/>
  <testcase name="loginToappWithrequiredCredentials" time="0.001" classname="com.test.automation.uiAutomation.Fee.TC_Masters.TC_Configuration_Fee_Standard">
    <skipped/>
  </testcase> <!-- loginToappWithrequiredCredentials -->
  <testcase name="loginToappWithrequiredCredentials" time="0.0" classname="com.test.automation.uiAutomation.Fee.TC_Masters.TC_Configuration_Fee_Standard">
    <skipped/>
  </testcase> <!-- loginToappWithrequiredCredentials -->
  <testcase name="loginToappWithrequiredCredentials" time="0.001" classname="com.test.automation.uiAutomation.Fee.TC_Masters.TC_Configuration_Fee_Standard">
    <skipped/>
  </testcase> <!-- loginToappWithrequiredCredentials -->
  <testcase name="loginToappWithrequiredCredentials" time="0.001" classname="com.test.automation.uiAutomation.Fee.TC_Masters.TC_Configuration_Fee_Standard">
    <skipped/>
  </testcase> <!-- loginToappWithrequiredCredentials -->
  <testcase name="tcHomeButtonValidation" time="10.339" classname="com.test.automation.uiAutomation.Fee.TC_Masters.TC_Configuration_Fee_Standard"/>
  <testcase name="tcNevigateTofeeStandard" time="4.21" classname="com.test.automation.uiAutomation.Fee.TC_Masters.TC_Configuration_Fee_Standard"/>
  <testcase name="tcSelectFeeGroupRadioBtn" time="1.289" classname="com.test.automation.uiAutomation.Fee.TC_Masters.TC_Configuration_Fee_Standard"/>
  <testcase name="tcSelectConcessionProcess" time="1.367" classname="com.test.automation.uiAutomation.Fee.TC_Masters.TC_Configuration_Fee_Standard"/>
  <testcase name="tcSelectCardTypeAndEnterCharges" time="3.643" classname="com.test.automation.uiAutomation.Fee.TC_Masters.TC_Configuration_Fee_Standard"/>
  <testcase name="tcClickedOnSaveButton" time="7.422" classname="com.test.automation.uiAutomation.Fee.TC_Masters.TC_Configuration_Fee_Standard"/>
  <testcase name="tcSuccessMessagevalidationAndConfirmation" time="4.422" classname="com.test.automation.uiAutomation.Fee.TC_Masters.TC_Configuration_Fee_Standard"/>
</testsuite> <!-- Default test -->
