<!DOCTYPE html PUBLIC "-//W3C//DTD XHTML 1.1//EN" "http://www.w3.org/TR/xhtml11/DTD/xhtml11.dtd">
<html xmlns="http://www.w3.org/1999/xhtml"><head><title>TestNG Report</title><style type="text/css">table {margin-bottom:10px;border-collapse:collapse;empty-cells:show}th,td {border:1px solid #009;padding:.25em .5em}th {vertical-align:bottom}td {vertical-align:top}table a {font-weight:bold}.stripe td {background-color: #E6EBF9}.num {text-align:right}.passedodd td {background-color: #3F3}.passedeven td {background-color: #0A0}.skippedodd td {background-color: #DDD}.skippedeven td {background-color: #CCC}.failedodd td,.attn {background-color: #F33}.failedeven td,.stripe .attn {background-color: #D00}.stacktrace {white-space:pre;font-family:monospace}.totop {font-size:85%;text-align:center;border-bottom:2px solid #000}</style></head><body><table><tr><th>Test</th><th># Passed</th><th># Skipped</th><th># Failed</th><th>Time (ms)</th><th>Included Groups</th><th>Excluded Groups</th></tr><tr><th colspan="7">Default suite</th></tr><tr><td><a href="#t0">Default test</a></td><td class="num">16</td><td class="num attn">10</td><td class="num attn">3</td><td class="num">93,669</td><td></td><td></td></tr></table><table><thead><tr><th>Class</th><th>Method</th><th>Start</th><th>Time (ms)</th></tr></thead><tbody><tr><th colspan="4">Default suite</th></tr></tbody><tbody id="t0"><tr><th colspan="4">Default test &#8212; failed (configuration methods)</th></tr><tr class="failedeven"><td rowspan="1">com.vapsTechnosoft.IVRM.Fee.TC_Transaction.Tc_Transaction_Fee_Transaction</td><td><a href="#m0">afterMethod</a></td><td rowspan="1">1544015285498</td><td rowspan="1">0</td></tr><tr><th colspan="4">Default test &#8212; failed</th></tr><tr class="failedeven"><td rowspan="3">com.vapsTechnosoft.IVRM.Fee.TC_Transaction.Tc_Transaction_Fee_Transaction</td><td><a href="#m1">tcPrintReceiptValidation</a></td><td rowspan="1">1544015284191</td><td rowspan="1">1302</td></tr><tr class="failedeven"><td><a href="#m2">tcTableEnterPayableAmount</a></td><td rowspan="1">1544015228829</td><td rowspan="1">4079</td></tr><tr class="failedeven"><td><a href="#m3">tcValidateStudentInformationData</a></td><td rowspan="1">1544015228408</td><td rowspan="1">37</td></tr><tr><th colspan="4">Default test &#8212; skipped (configuration methods)</th></tr><tr class="skippedeven"><td rowspan="9">com.vapsTechnosoft.IVRM.Fee.TC_Transaction.Tc_Transaction_Fee_Transaction</td><td><a href="#m4">afterMethod</a></td><td rowspan="4">1544015285632</td><td rowspan="4">0</td></tr><tr class="skippedeven"><td><a href="#m5">afterMethod</a></td></tr><tr class="skippedeven"><td><a href="#m6">afterMethod</a></td></tr><tr class="skippedeven"><td><a href="#m7">afterMethod</a></td></tr><tr class="skippedeven"><td><a href="#m8">beforeMethod</a></td><td rowspan="4">1544015285513</td><td rowspan="4">0</td></tr><tr class="skippedeven"><td><a href="#m9">beforeMethod</a></td></tr><tr class="skippedeven"><td><a href="#m10">beforeMethod</a></td></tr><tr class="skippedeven"><td><a href="#m11">beforeMethod</a></td></tr><tr class="skippedeven"><td><a href="#m12">tearDown</a></td><td rowspan="1">1544015285651</td><td rowspan="1">0</td></tr><tr><th colspan="4">Default test &#8212; skipped</th></tr><tr class="skippedeven"><td rowspan="10">com.vapsTechnosoft.IVRM.Fee.TC_Transaction.Tc_Transaction_Fee_Transaction</td><td><a href="#m13">loginToappWithrequiredCredentials</a></td><td rowspan="4">1544015212686</td><td rowspan="4">1</td></tr><tr class="skippedeven"><td><a href="#m14">loginToappWithrequiredCredentials</a></td></tr><tr class="skippedeven"><td><a href="#m15">loginToappWithrequiredCredentials</a></td></tr><tr class="skippedeven"><td><a href="#m16">loginToappWithrequiredCredentials</a></td></tr><tr class="skippedeven"><td><a href="#m17">tcClickOnFeeReceiptCloseButton</a></td><td rowspan="1">1544015285514</td><td rowspan="1">0</td></tr><tr class="skippedeven"><td><a href="#m18">tcClickOnPrintReceiptButton</a></td><td rowspan="1">1544015285627</td><td rowspan="1">1</td></tr><tr class="skippedeven"><td><a href="#m19">tcClickOnSearch_CancelButton</a></td><td rowspan="1">1544015285516</td><td rowspan="1">0</td></tr><tr class="skippedeven"><td><a href="#m20">tcEnterStudentNameAndSeelctFeeGrCheck</a></td><td rowspan="1">1544015223492</td><td rowspan="1">3</td></tr><tr class="skippedeven"><td><a href="#m21">tcPrintOfFeereceipt</a></td><td rowspan="1">1544015285635</td><td rowspan="1">1</td></tr><tr class="skippedeven"><td><a href="#m22">tcValidateStudentInformationData</a></td><td rowspan="1">1544015228403</td><td rowspan="1">2</td></tr><tr><th colspan="4">Default test &#8212; passed</th></tr><tr class="passedeven"><td rowspan="16">com.vapsTechnosoft.IVRM.Fee.TC_Transaction.Tc_Transaction_Fee_Transaction</td><td><a href="#m23">loginToappWithrequiredCredentials</a></td><td rowspan="1">1544015204106</td><td rowspan="1">8572</td></tr><tr class="passedeven"><td><a href="#m24">tcAfterSavePupUpHandlingCancel</a></td><td rowspan="1">1544015242626</td><td rowspan="1">2387</td></tr><tr class="passedeven"><td><a href="#m25">tcAfterSavePupUpHandlingYesSaveit</a></td><td rowspan="1">1544015248887</td><td rowspan="1">3381</td></tr><tr class="passedeven"><td><a href="#m26">tcBankDetailsAndNarration</a></td><td rowspan="1">1544015233271</td><td rowspan="1">6915</td></tr><tr class="passedeven"><td><a href="#m27">tcClickOnFailedOkBtn</a></td><td rowspan="1">1544015245014</td><td rowspan="1">1465</td></tr><tr class="passedeven"><td><a href="#m28">tcClickOnSaveButton</a></td><td rowspan="1">1544015240187</td><td rowspan="1">2438</td></tr><tr class="passedeven"><td><a href="#m29">tcClickOnSaveButtonAfterConfirmCancel</a></td><td rowspan="1">1544015246480</td><td rowspan="1">2406</td></tr><tr class="passedeven"><td><a href="#m30">tcClickOnSuccessOkBtn</a></td><td rowspan="1">1544015257618</td><td rowspan="1">347</td></tr><tr class="passedeven"><td><a href="#m31">tcEnterStudentNameAndSeelctFeeGrCheck</a></td><td rowspan="1">1544015223500</td><td rowspan="1">4793</td></tr><tr class="passedeven"><td><a href="#m32">tcHomeButtonValidation</a></td><td rowspan="1">1544015212689</td><td rowspan="1">1380</td></tr><tr class="passedeven"><td><a href="#m33">tcNevigateTo_FeeTransaction</a></td><td rowspan="1">1544015214070</td><td rowspan="1">4150</td></tr><tr class="passedeven"><td><a href="#m34">tcSelectRegularButton</a></td><td rowspan="1">1544015219564</td><td rowspan="1">2433</td></tr><tr class="passedeven"><td><a href="#m35">tcValidationOfDataInOutputTableGrid</a></td><td rowspan="1">1544015258033</td><td rowspan="1">26074</td></tr><tr class="passedeven"><td><a href="#m36">tcVerifyAcademicYear</a></td><td rowspan="1">1544015221998</td><td rowspan="1">1361</td></tr><tr class="passedeven"><td><a href="#m37">tcVerifyFeeTransactionPage</a></td><td rowspan="1">1544015218221</td><td rowspan="1">1342</td></tr><tr class="passedeven"><td><a href="#m38">tcVerifySuccessfulPopUp</a></td><td rowspan="1">1544015252269</td><td rowspan="1">5348</td></tr></tbody></table><h2>Default test</h2><h3 id="m0">com.vapsTechnosoft.IVRM.Fee.TC_Transaction.Tc_Transaction_Fee_Transaction#afterMethod</h3><table class="result"><tr class="param"><th>Parameter #1</th></tr><tr class="param stripe"><td>[TestResult name=tcPrintReceiptValidation status=FAILURE method=Tc_Transaction_Fee_Transaction.tcPrintReceiptValidation(java.lang.String, java.lang.String)[pri:19, instance:com.vapsTechnosoft.IVRM.Fee.TC_Transaction.Tc_Transaction_Fee_Transaction@2b546384] output={null}]</td></tr><tr><th>Exception</th></tr><tr><td><div class="stacktrace">org.openqa.selenium.NoSuchWindowException: no such window: target window already closed
from unknown error: web view not found
  (Session info: chrome=70.0.3538.110)
  (Driver info: chromedriver=2.39.562718 (9a2698cba08cf5a471a29d30c8b3e12becabb0e9),platform=Windows NT 10.0.17134 x86_64) (WARNING: The server did not provide any stacktrace information)
Command duration or timeout: 13 milliseconds
Build info: version: &apos;3.0.1&apos;, revision: &apos;1969d75&apos;, time: &apos;2016-10-18 09:49:13 -0700&apos;
System info: host: &apos;Arvind-Susdiny&apos;, ip: &apos;192.168.1.34&apos;, os.name: &apos;Windows 10&apos;, os.arch: &apos;amd64&apos;, os.version: &apos;10.0&apos;, java.version: &apos;1.8.0_161&apos;
Driver info: org.openqa.selenium.chrome.ChromeDriver
Capabilities [{applicationCacheEnabled=false, rotatable=false, mobileEmulationEnabled=false, networkConnectionEnabled=false, chrome={chromedriverVersion=2.39.562718 (9a2698cba08cf5a471a29d30c8b3e12becabb0e9), userDataDir=C:\Users\vaps\AppData\Local\Temp\scoped_dir9052_25145}, takesHeapSnapshot=true, pageLoadStrategy=normal, databaseEnabled=false, handlesAlerts=true, hasTouchScreen=false, version=70.0.3538.110, platform=XP, browserConnectionEnabled=false, nativeEvents=true, acceptSslCerts=false, acceptInsecureCerts=false, locationContextEnabled=true, webStorageEnabled=true, browserName=chrome, takesScreenshot=true, javascriptEnabled=true, cssSelectorsEnabled=true, setWindowRect=true, unexpectedAlertBehaviour=}]
Session ID: cd343627ba56dd0ef042a1fe80b12ecc
	at sun.reflect.NativeConstructorAccessorImpl.newInstance0(Native Method)
	at sun.reflect.NativeConstructorAccessorImpl.newInstance(Unknown Source)
	at sun.reflect.DelegatingConstructorAccessorImpl.newInstance(Unknown Source)
	at java.lang.reflect.Constructor.newInstance(Unknown Source)
	at org.openqa.selenium.remote.ErrorHandler.createThrowable(ErrorHandler.java:216)
	at org.openqa.selenium.remote.ErrorHandler.throwIfResponseFailed(ErrorHandler.java:168)
	at org.openqa.selenium.remote.RemoteWebDriver.execute(RemoteWebDriver.java:635)
	at org.openqa.selenium.remote.RemoteWebDriver.execute(RemoteWebDriver.java:658)
	at org.openqa.selenium.remote.RemoteWebDriver.getScreenshotAs(RemoteWebDriver.java:340)
	at com.vapsTechnosoft.IVRM.testBase.TestBase.captureScreen(TestBase.java:300)
	at com.vapsTechnosoft.IVRM.testBase.TestBase.getresult(TestBase.java:331)
	at com.vapsTechnosoft.IVRM.testBase.TestBase.afterMethod(TestBase.java:340)
	at sun.reflect.GeneratedMethodAccessor10.invoke(Unknown Source)
	at sun.reflect.DelegatingMethodAccessorImpl.invoke(Unknown Source)
	at java.lang.reflect.Method.invoke(Unknown Source)
	at org.testng.internal.MethodInvocationHelper.invokeMethod(MethodInvocationHelper.java:104)
	at org.testng.internal.Invoker.invokeConfigurationMethod(Invoker.java:515)
	at org.testng.internal.Invoker.invokeConfigurations(Invoker.java:217)
	at org.testng.internal.Invoker.invokeMethod(Invoker.java:712)
	at org.testng.internal.Invoker.invokeTestMethod(Invoker.java:851)
	at org.testng.internal.Invoker.invokeTestMethods(Invoker.java:1177)
	at org.testng.internal.TestMethodWorker.invokeTestMethods(TestMethodWorker.java:129)
	at org.testng.internal.TestMethodWorker.run(TestMethodWorker.java:112)
	at org.testng.TestRunner.privateRun(TestRunner.java:756)
	at org.testng.TestRunner.run(TestRunner.java:610)
	at org.testng.SuiteRunner.runTest(SuiteRunner.java:387)
	at org.testng.SuiteRunner.runSequentially(SuiteRunner.java:382)
	at org.testng.SuiteRunner.privateRun(SuiteRunner.java:340)
	at org.testng.SuiteRunner.run(SuiteRunner.java:289)
	at org.testng.SuiteRunnerWorker.runSuite(SuiteRunnerWorker.java:52)
	at org.testng.SuiteRunnerWorker.run(SuiteRunnerWorker.java:86)
	at org.testng.TestNG.runSuitesSequentially(TestNG.java:1293)
	at org.testng.TestNG.runSuitesLocally(TestNG.java:1218)
	at org.testng.TestNG.runSuites(TestNG.java:1133)
	at org.testng.TestNG.run(TestNG.java:1104)
	at org.testng.remote.AbstractRemoteTestNG.run(AbstractRemoteTestNG.java:132)
	at org.testng.remote.RemoteTestNG.initAndRun(RemoteTestNG.java:230)
	at org.testng.remote.RemoteTestNG.main(RemoteTestNG.java:76)
</div></td></tr></table><p class="totop"><a href="#summary">back to summary</a></p><h3 id="m1">com.vapsTechnosoft.IVRM.Fee.TC_Transaction.Tc_Transaction_Fee_Transaction#tcPrintReceiptValidation</h3><table class="result"><tr class="param"><th>Parameter #1</th><th>Parameter #2</th></tr><tr class="param stripe"><td>Sanjana Tamada</td><td>Y</td></tr><tr><th colspan="2">Exception</th></tr><tr><td colspan="2"><div class="stacktrace">org.openqa.selenium.NoSuchWindowException: no such window: target window already closed
from unknown error: web view not found
  (Session info: chrome=70.0.3538.110)
  (Driver info: chromedriver=2.39.562718 (9a2698cba08cf5a471a29d30c8b3e12becabb0e9),platform=Windows NT 10.0.17134 x86_64) (WARNING: The server did not provide any stacktrace information)
Command duration or timeout: 5 milliseconds
Build info: version: &apos;3.0.1&apos;, revision: &apos;1969d75&apos;, time: &apos;2016-10-18 09:49:13 -0700&apos;
System info: host: &apos;Arvind-Susdiny&apos;, ip: &apos;192.168.1.34&apos;, os.name: &apos;Windows 10&apos;, os.arch: &apos;amd64&apos;, os.version: &apos;10.0&apos;, java.version: &apos;1.8.0_161&apos;
Driver info: org.openqa.selenium.chrome.ChromeDriver
Capabilities [{applicationCacheEnabled=false, rotatable=false, mobileEmulationEnabled=false, networkConnectionEnabled=false, chrome={chromedriverVersion=2.39.562718 (9a2698cba08cf5a471a29d30c8b3e12becabb0e9), userDataDir=C:\Users\vaps\AppData\Local\Temp\scoped_dir9052_25145}, takesHeapSnapshot=true, pageLoadStrategy=normal, databaseEnabled=false, handlesAlerts=true, hasTouchScreen=false, version=70.0.3538.110, platform=XP, browserConnectionEnabled=false, nativeEvents=true, acceptSslCerts=false, acceptInsecureCerts=false, locationContextEnabled=true, webStorageEnabled=true, browserName=chrome, takesScreenshot=true, javascriptEnabled=true, cssSelectorsEnabled=true, setWindowRect=true, unexpectedAlertBehaviour=}]
Session ID: cd343627ba56dd0ef042a1fe80b12ecc
	at sun.reflect.NativeConstructorAccessorImpl.newInstance0(Native Method)
	at sun.reflect.NativeConstructorAccessorImpl.newInstance(Unknown Source)
	at sun.reflect.DelegatingConstructorAccessorImpl.newInstance(Unknown Source)
	at java.lang.reflect.Constructor.newInstance(Unknown Source)
	at org.openqa.selenium.remote.ErrorHandler.createThrowable(ErrorHandler.java:216)
	at org.openqa.selenium.remote.ErrorHandler.throwIfResponseFailed(ErrorHandler.java:168)
	at org.openqa.selenium.remote.RemoteWebDriver.execute(RemoteWebDriver.java:635)
	at org.openqa.selenium.remote.RemoteWebDriver.execute(RemoteWebDriver.java:658)
	at org.openqa.selenium.remote.RemoteWebDriver.getScreenshotAs(RemoteWebDriver.java:340)
	at com.vapsTechnosoft.IVRM.testBase.TestBase.getScreenShot(TestBase.java:215)
	at com.vapsTechnosoft.IVRM.Fee.TC_Transaction.Tc_Transaction_Fee_Transaction.tcPrintReceiptValidation(Tc_Transaction_Fee_Transaction.java:401)
	at sun.reflect.NativeMethodAccessorImpl.invoke0(Native Method)
	at sun.reflect.NativeMethodAccessorImpl.invoke(Unknown Source)
	at sun.reflect.DelegatingMethodAccessorImpl.invoke(Unknown Source)
	at java.lang.reflect.Method.invoke(Unknown Source)
	at org.testng.internal.MethodInvocationHelper.invokeMethod(MethodInvocationHelper.java:104)
	at org.testng.internal.Invoker.invokeMethod(Invoker.java:645)
	at org.testng.internal.Invoker.invokeTestMethod(Invoker.java:851)
	at org.testng.internal.Invoker.invokeTestMethods(Invoker.java:1177)
	at org.testng.internal.TestMethodWorker.invokeTestMethods(TestMethodWorker.java:129)
	at org.testng.internal.TestMethodWorker.run(TestMethodWorker.java:112)
	at org.testng.TestRunner.privateRun(TestRunner.java:756)
	at org.testng.TestRunner.run(TestRunner.java:610)
	at org.testng.SuiteRunner.runTest(SuiteRunner.java:387)
	at org.testng.SuiteRunner.runSequentially(SuiteRunner.java:382)
	at org.testng.SuiteRunner.privateRun(SuiteRunner.java:340)
	at org.testng.SuiteRunner.run(SuiteRunner.java:289)
	at org.testng.SuiteRunnerWorker.runSuite(SuiteRunnerWorker.java:52)
	at org.testng.SuiteRunnerWorker.run(SuiteRunnerWorker.java:86)
	at org.testng.TestNG.runSuitesSequentially(TestNG.java:1293)
	at org.testng.TestNG.runSuitesLocally(TestNG.java:1218)
	at org.testng.TestNG.runSuites(TestNG.java:1133)
	at org.testng.TestNG.run(TestNG.java:1104)
	at org.testng.remote.AbstractRemoteTestNG.run(AbstractRemoteTestNG.java:132)
	at org.testng.remote.RemoteTestNG.initAndRun(RemoteTestNG.java:230)
	at org.testng.remote.RemoteTestNG.main(RemoteTestNG.java:76)
</div></td></tr></table><p class="totop"><a href="#summary">back to summary</a></p><h3 id="m2">com.vapsTechnosoft.IVRM.Fee.TC_Transaction.Tc_Transaction_Fee_Transaction#tcTableEnterPayableAmount</h3><table class="result"><tr class="param"><th>Parameter #1</th><th>Parameter #2</th></tr><tr class="param stripe"><td>Fine</td><td>5</td></tr><tr><th colspan="2">Exception</th></tr><tr><td colspan="2"><div class="stacktrace">java.lang.AssertionError: expected [Fine] but found [Computer Fees]
	at org.testng.Assert.fail(Assert.java:94)
	at org.testng.Assert.failNotEquals(Assert.java:513)
	at org.testng.Assert.assertEqualsImpl(Assert.java:135)
	at org.testng.Assert.assertEquals(Assert.java:116)
	at org.testng.Assert.assertEquals(Assert.java:190)
	at org.testng.Assert.assertEquals(Assert.java:200)
	at com.vapsTechnosoft.IVRM.Fee.Transaction.Transaction_Fee_Transaction.tableEnterPayableAmount(Transaction_Fee_Transaction.java:371)
	at com.vapsTechnosoft.IVRM.Fee.TC_Transaction.Tc_Transaction_Fee_Transaction.tcTableEnterPayableAmount(Tc_Transaction_Fee_Transaction.java:228)
	at sun.reflect.NativeMethodAccessorImpl.invoke0(Native Method)
	at sun.reflect.NativeMethodAccessorImpl.invoke(Unknown Source)
	at sun.reflect.DelegatingMethodAccessorImpl.invoke(Unknown Source)
	at java.lang.reflect.Method.invoke(Unknown Source)
	at org.testng.internal.MethodInvocationHelper.invokeMethod(MethodInvocationHelper.java:104)
	at org.testng.internal.Invoker.invokeMethod(Invoker.java:645)
	at org.testng.internal.Invoker.invokeTestMethod(Invoker.java:851)
	at org.testng.internal.Invoker.invokeTestMethods(Invoker.java:1177)
	at org.testng.internal.TestMethodWorker.invokeTestMethods(TestMethodWorker.java:129)
	at org.testng.internal.TestMethodWorker.run(TestMethodWorker.java:112)
	at org.testng.TestRunner.privateRun(TestRunner.java:756)
	at org.testng.TestRunner.run(TestRunner.java:610)
	at org.testng.SuiteRunner.runTest(SuiteRunner.java:387)
	at org.testng.SuiteRunner.runSequentially(SuiteRunner.java:382)
	at org.testng.SuiteRunner.privateRun(SuiteRunner.java:340)
	at org.testng.SuiteRunner.run(SuiteRunner.java:289)
	at org.testng.SuiteRunnerWorker.runSuite(SuiteRunnerWorker.java:52)
	at org.testng.SuiteRunnerWorker.run(SuiteRunnerWorker.java:86)
	at org.testng.TestNG.runSuitesSequentially(TestNG.java:1293)
	at org.testng.TestNG.runSuitesLocally(TestNG.java:1218)
	at org.testng.TestNG.runSuites(TestNG.java:1133)
	at org.testng.TestNG.run(TestNG.java:1104)
	at org.testng.remote.AbstractRemoteTestNG.run(AbstractRemoteTestNG.java:132)
	at org.testng.remote.RemoteTestNG.initAndRun(RemoteTestNG.java:230)
	at org.testng.remote.RemoteTestNG.main(RemoteTestNG.java:76)
</div></td></tr></table><p class="totop"><a href="#summary">back to summary</a></p><h3 id="m3">com.vapsTechnosoft.IVRM.Fee.TC_Transaction.Tc_Transaction_Fee_Transaction#tcValidateStudentInformationData</h3><table class="result"><tr class="param"><th>Parameter #1</th><th>Parameter #2</th><th>Parameter #3</th><th>Parameter #4</th><th>Parameter #5</th><th>Parameter #6</th><th>Parameter #7</th><th>Parameter #8</th><th>Parameter #9</th></tr><tr class="param stripe"><td>: Srujana Tamada</td><td>: 1267</td><td>: 4</td><td>: 9491851964</td><td>: PN/A</td><td>:</td><td>: 14-04-2016</td><td>: BCS1114</td><td>Y</td></tr><tr><th colspan="9">Exception</th></tr><tr><td colspan="9"><div class="stacktrace">java.lang.AssertionError: expected [: Srujana Tamada] but found [: KAVANA D GOWDA]
	at org.testng.Assert.fail(Assert.java:94)
	at org.testng.Assert.failNotEquals(Assert.java:513)
	at org.testng.Assert.assertEqualsImpl(Assert.java:135)
	at org.testng.Assert.assertEquals(Assert.java:116)
	at org.testng.Assert.assertEquals(Assert.java:190)
	at org.testng.Assert.assertEquals(Assert.java:200)
	at com.vapsTechnosoft.IVRM.Fee.Transaction.Transaction_Fee_Transaction.validateStudentInformationData(Transaction_Fee_Transaction.java:279)
	at com.vapsTechnosoft.IVRM.Fee.TC_Transaction.Tc_Transaction_Fee_Transaction.tcValidateStudentInformationData(Tc_Transaction_Fee_Transaction.java:211)
	at sun.reflect.NativeMethodAccessorImpl.invoke0(Native Method)
	at sun.reflect.NativeMethodAccessorImpl.invoke(Unknown Source)
	at sun.reflect.DelegatingMethodAccessorImpl.invoke(Unknown Source)
	at java.lang.reflect.Method.invoke(Unknown Source)
	at org.testng.internal.MethodInvocationHelper.invokeMethod(MethodInvocationHelper.java:104)
	at org.testng.internal.Invoker.invokeMethod(Invoker.java:645)
	at org.testng.internal.Invoker.invokeTestMethod(Invoker.java:851)
	at org.testng.internal.Invoker.invokeTestMethods(Invoker.java:1177)
	at org.testng.internal.TestMethodWorker.invokeTestMethods(TestMethodWorker.java:129)
	at org.testng.internal.TestMethodWorker.run(TestMethodWorker.java:112)
	at org.testng.TestRunner.privateRun(TestRunner.java:756)
	at org.testng.TestRunner.run(TestRunner.java:610)
	at org.testng.SuiteRunner.runTest(SuiteRunner.java:387)
	at org.testng.SuiteRunner.runSequentially(SuiteRunner.java:382)
	at org.testng.SuiteRunner.privateRun(SuiteRunner.java:340)
	at org.testng.SuiteRunner.run(SuiteRunner.java:289)
	at org.testng.SuiteRunnerWorker.runSuite(SuiteRunnerWorker.java:52)
	at org.testng.SuiteRunnerWorker.run(SuiteRunnerWorker.java:86)
	at org.testng.TestNG.runSuitesSequentially(TestNG.java:1293)
	at org.testng.TestNG.runSuitesLocally(TestNG.java:1218)
	at org.testng.TestNG.runSuites(TestNG.java:1133)
	at org.testng.TestNG.run(TestNG.java:1104)
	at org.testng.remote.AbstractRemoteTestNG.run(AbstractRemoteTestNG.java:132)
	at org.testng.remote.RemoteTestNG.initAndRun(RemoteTestNG.java:230)
	at org.testng.remote.RemoteTestNG.main(RemoteTestNG.java:76)
</div></td></tr></table><p class="totop"><a href="#summary">back to summary</a></p><h3 id="m4">com.vapsTechnosoft.IVRM.Fee.TC_Transaction.Tc_Transaction_Fee_Transaction#afterMethod</h3><table class="result"></table><p class="totop"><a href="#summary">back to summary</a></p><h3 id="m5">com.vapsTechnosoft.IVRM.Fee.TC_Transaction.Tc_Transaction_Fee_Transaction#afterMethod</h3><table class="result"></table><p class="totop"><a href="#summary">back to summary</a></p><h3 id="m6">com.vapsTechnosoft.IVRM.Fee.TC_Transaction.Tc_Transaction_Fee_Transaction#afterMethod</h3><table class="result"></table><p class="totop"><a href="#summary">back to summary</a></p><h3 id="m7">com.vapsTechnosoft.IVRM.Fee.TC_Transaction.Tc_Transaction_Fee_Transaction#afterMethod</h3><table class="result"></table><p class="totop"><a href="#summary">back to summary</a></p><h3 id="m8">com.vapsTechnosoft.IVRM.Fee.TC_Transaction.Tc_Transaction_Fee_Transaction#beforeMethod</h3><table class="result"></table><p class="totop"><a href="#summary">back to summary</a></p><h3 id="m9">com.vapsTechnosoft.IVRM.Fee.TC_Transaction.Tc_Transaction_Fee_Transaction#beforeMethod</h3><table class="result"></table><p class="totop"><a href="#summary">back to summary</a></p><h3 id="m10">com.vapsTechnosoft.IVRM.Fee.TC_Transaction.Tc_Transaction_Fee_Transaction#beforeMethod</h3><table class="result"></table><p class="totop"><a href="#summary">back to summary</a></p><h3 id="m11">com.vapsTechnosoft.IVRM.Fee.TC_Transaction.Tc_Transaction_Fee_Transaction#beforeMethod</h3><table class="result"></table><p class="totop"><a href="#summary">back to summary</a></p><h3 id="m12">com.vapsTechnosoft.IVRM.Fee.TC_Transaction.Tc_Transaction_Fee_Transaction#tearDown</h3><table class="result"></table><p class="totop"><a href="#summary">back to summary</a></p><h3 id="m13">com.vapsTechnosoft.IVRM.Fee.TC_Transaction.Tc_Transaction_Fee_Transaction#loginToappWithrequiredCredentials</h3><table class="result"><tr class="param"><th>Parameter #1</th><th>Parameter #2</th><th>Parameter #3</th></tr><tr class="param stripe"><td>RR</td><td>Password@123</td><td>N</td></tr><tr><th colspan="3">Exception</th></tr><tr><td colspan="3"><div class="stacktrace">org.testng.SkipException: user marked this record as no run
	at com.vapsTechnosoft.IVRM.Fee.TC_Transaction.Tc_Transaction_Fee_Transaction.loginToappWithrequiredCredentials(Tc_Transaction_Fee_Transaction.java:85)
	at sun.reflect.NativeMethodAccessorImpl.invoke0(Native Method)
	at sun.reflect.NativeMethodAccessorImpl.invoke(Unknown Source)
	at sun.reflect.DelegatingMethodAccessorImpl.invoke(Unknown Source)
	at java.lang.reflect.Method.invoke(Unknown Source)
	at org.testng.internal.MethodInvocationHelper.invokeMethod(MethodInvocationHelper.java:104)
	at org.testng.internal.Invoker.invokeMethod(Invoker.java:645)
	at org.testng.internal.Invoker.invokeTestMethod(Invoker.java:851)
	at org.testng.internal.Invoker.invokeTestMethods(Invoker.java:1177)
	at org.testng.internal.TestMethodWorker.invokeTestMethods(TestMethodWorker.java:129)
	at org.testng.internal.TestMethodWorker.run(TestMethodWorker.java:112)
	at org.testng.TestRunner.privateRun(TestRunner.java:756)
	at org.testng.TestRunner.run(TestRunner.java:610)
	at org.testng.SuiteRunner.runTest(SuiteRunner.java:387)
	at org.testng.SuiteRunner.runSequentially(SuiteRunner.java:382)
	at org.testng.SuiteRunner.privateRun(SuiteRunner.java:340)
	at org.testng.SuiteRunner.run(SuiteRunner.java:289)
	at org.testng.SuiteRunnerWorker.runSuite(SuiteRunnerWorker.java:52)
	at org.testng.SuiteRunnerWorker.run(SuiteRunnerWorker.java:86)
	at org.testng.TestNG.runSuitesSequentially(TestNG.java:1293)
	at org.testng.TestNG.runSuitesLocally(TestNG.java:1218)
	at org.testng.TestNG.runSuites(TestNG.java:1133)
	at org.testng.TestNG.run(TestNG.java:1104)
	at org.testng.remote.AbstractRemoteTestNG.run(AbstractRemoteTestNG.java:132)
	at org.testng.remote.RemoteTestNG.initAndRun(RemoteTestNG.java:230)
	at org.testng.remote.RemoteTestNG.main(RemoteTestNG.java:76)
</div></td></tr></table><p class="totop"><a href="#summary">back to summary</a></p><h3 id="m14">com.vapsTechnosoft.IVRM.Fee.TC_Transaction.Tc_Transaction_Fee_Transaction#loginToappWithrequiredCredentials</h3><table class="result"><tr class="param"><th>Parameter #1</th><th>Parameter #2</th><th>Parameter #3</th></tr><tr class="param stripe"><td>arvind</td><td>VapsTech@121</td><td>N</td></tr><tr><th colspan="3">Exception</th></tr><tr><td colspan="3"><div class="stacktrace">org.testng.SkipException: user marked this record as no run
	at com.vapsTechnosoft.IVRM.Fee.TC_Transaction.Tc_Transaction_Fee_Transaction.loginToappWithrequiredCredentials(Tc_Transaction_Fee_Transaction.java:85)
	at sun.reflect.NativeMethodAccessorImpl.invoke0(Native Method)
	at sun.reflect.NativeMethodAccessorImpl.invoke(Unknown Source)
	at sun.reflect.DelegatingMethodAccessorImpl.invoke(Unknown Source)
	at java.lang.reflect.Method.invoke(Unknown Source)
	at org.testng.internal.MethodInvocationHelper.invokeMethod(MethodInvocationHelper.java:104)
	at org.testng.internal.Invoker.invokeMethod(Invoker.java:645)
	at org.testng.internal.Invoker.invokeTestMethod(Invoker.java:851)
	at org.testng.internal.Invoker.invokeTestMethods(Invoker.java:1177)
	at org.testng.internal.TestMethodWorker.invokeTestMethods(TestMethodWorker.java:129)
	at org.testng.internal.TestMethodWorker.run(TestMethodWorker.java:112)
	at org.testng.TestRunner.privateRun(TestRunner.java:756)
	at org.testng.TestRunner.run(TestRunner.java:610)
	at org.testng.SuiteRunner.runTest(SuiteRunner.java:387)
	at org.testng.SuiteRunner.runSequentially(SuiteRunner.java:382)
	at org.testng.SuiteRunner.privateRun(SuiteRunner.java:340)
	at org.testng.SuiteRunner.run(SuiteRunner.java:289)
	at org.testng.SuiteRunnerWorker.runSuite(SuiteRunnerWorker.java:52)
	at org.testng.SuiteRunnerWorker.run(SuiteRunnerWorker.java:86)
	at org.testng.TestNG.runSuitesSequentially(TestNG.java:1293)
	at org.testng.TestNG.runSuitesLocally(TestNG.java:1218)
	at org.testng.TestNG.runSuites(TestNG.java:1133)
	at org.testng.TestNG.run(TestNG.java:1104)
	at org.testng.remote.AbstractRemoteTestNG.run(AbstractRemoteTestNG.java:132)
	at org.testng.remote.RemoteTestNG.initAndRun(RemoteTestNG.java:230)
	at org.testng.remote.RemoteTestNG.main(RemoteTestNG.java:76)
</div></td></tr></table><p class="totop"><a href="#summary">back to summary</a></p><h3 id="m15">com.vapsTechnosoft.IVRM.Fee.TC_Transaction.Tc_Transaction_Fee_Transaction#loginToappWithrequiredCredentials</h3><table class="result"><tr class="param"><th>Parameter #1</th><th>Parameter #2</th><th>Parameter #3</th></tr><tr class="param stripe"><td>Rakesh</td><td>Rakesh@321</td><td>N</td></tr><tr><th colspan="3">Exception</th></tr><tr><td colspan="3"><div class="stacktrace">org.testng.SkipException: user marked this record as no run
	at com.vapsTechnosoft.IVRM.Fee.TC_Transaction.Tc_Transaction_Fee_Transaction.loginToappWithrequiredCredentials(Tc_Transaction_Fee_Transaction.java:85)
	at sun.reflect.NativeMethodAccessorImpl.invoke0(Native Method)
	at sun.reflect.NativeMethodAccessorImpl.invoke(Unknown Source)
	at sun.reflect.DelegatingMethodAccessorImpl.invoke(Unknown Source)
	at java.lang.reflect.Method.invoke(Unknown Source)
	at org.testng.internal.MethodInvocationHelper.invokeMethod(MethodInvocationHelper.java:104)
	at org.testng.internal.Invoker.invokeMethod(Invoker.java:645)
	at org.testng.internal.Invoker.invokeTestMethod(Invoker.java:851)
	at org.testng.internal.Invoker.invokeTestMethods(Invoker.java:1177)
	at org.testng.internal.TestMethodWorker.invokeTestMethods(TestMethodWorker.java:129)
	at org.testng.internal.TestMethodWorker.run(TestMethodWorker.java:112)
	at org.testng.TestRunner.privateRun(TestRunner.java:756)
	at org.testng.TestRunner.run(TestRunner.java:610)
	at org.testng.SuiteRunner.runTest(SuiteRunner.java:387)
	at org.testng.SuiteRunner.runSequentially(SuiteRunner.java:382)
	at org.testng.SuiteRunner.privateRun(SuiteRunner.java:340)
	at org.testng.SuiteRunner.run(SuiteRunner.java:289)
	at org.testng.SuiteRunnerWorker.runSuite(SuiteRunnerWorker.java:52)
	at org.testng.SuiteRunnerWorker.run(SuiteRunnerWorker.java:86)
	at org.testng.TestNG.runSuitesSequentially(TestNG.java:1293)
	at org.testng.TestNG.runSuitesLocally(TestNG.java:1218)
	at org.testng.TestNG.runSuites(TestNG.java:1133)
	at org.testng.TestNG.run(TestNG.java:1104)
	at org.testng.remote.AbstractRemoteTestNG.run(AbstractRemoteTestNG.java:132)
	at org.testng.remote.RemoteTestNG.initAndRun(RemoteTestNG.java:230)
	at org.testng.remote.RemoteTestNG.main(RemoteTestNG.java:76)
</div></td></tr></table><p class="totop"><a href="#summary">back to summary</a></p><h3 id="m16">com.vapsTechnosoft.IVRM.Fee.TC_Transaction.Tc_Transaction_Fee_Transaction#loginToappWithrequiredCredentials</h3><table class="result"><tr class="param"><th>Parameter #1</th><th>Parameter #2</th><th>Parameter #3</th></tr><tr class="param stripe"><td>Rakesh</td><td>Password@123</td><td>N</td></tr><tr><th colspan="3">Exception</th></tr><tr><td colspan="3"><div class="stacktrace">org.testng.SkipException: user marked this record as no run
	at com.vapsTechnosoft.IVRM.Fee.TC_Transaction.Tc_Transaction_Fee_Transaction.loginToappWithrequiredCredentials(Tc_Transaction_Fee_Transaction.java:85)
	at sun.reflect.NativeMethodAccessorImpl.invoke0(Native Method)
	at sun.reflect.NativeMethodAccessorImpl.invoke(Unknown Source)
	at sun.reflect.DelegatingMethodAccessorImpl.invoke(Unknown Source)
	at java.lang.reflect.Method.invoke(Unknown Source)
	at org.testng.internal.MethodInvocationHelper.invokeMethod(MethodInvocationHelper.java:104)
	at org.testng.internal.Invoker.invokeMethod(Invoker.java:645)
	at org.testng.internal.Invoker.invokeTestMethod(Invoker.java:851)
	at org.testng.internal.Invoker.invokeTestMethods(Invoker.java:1177)
	at org.testng.internal.TestMethodWorker.invokeTestMethods(TestMethodWorker.java:129)
	at org.testng.internal.TestMethodWorker.run(TestMethodWorker.java:112)
	at org.testng.TestRunner.privateRun(TestRunner.java:756)
	at org.testng.TestRunner.run(TestRunner.java:610)
	at org.testng.SuiteRunner.runTest(SuiteRunner.java:387)
	at org.testng.SuiteRunner.runSequentially(SuiteRunner.java:382)
	at org.testng.SuiteRunner.privateRun(SuiteRunner.java:340)
	at org.testng.SuiteRunner.run(SuiteRunner.java:289)
	at org.testng.SuiteRunnerWorker.runSuite(SuiteRunnerWorker.java:52)
	at org.testng.SuiteRunnerWorker.run(SuiteRunnerWorker.java:86)
	at org.testng.TestNG.runSuitesSequentially(TestNG.java:1293)
	at org.testng.TestNG.runSuitesLocally(TestNG.java:1218)
	at org.testng.TestNG.runSuites(TestNG.java:1133)
	at org.testng.TestNG.run(TestNG.java:1104)
	at org.testng.remote.AbstractRemoteTestNG.run(AbstractRemoteTestNG.java:132)
	at org.testng.remote.RemoteTestNG.initAndRun(RemoteTestNG.java:230)
	at org.testng.remote.RemoteTestNG.main(RemoteTestNG.java:76)
</div></td></tr></table><p class="totop"><a href="#summary">back to summary</a></p><h3 id="m17">com.vapsTechnosoft.IVRM.Fee.TC_Transaction.Tc_Transaction_Fee_Transaction#tcClickOnFeeReceiptCloseButton</h3><table class="result"><tr><th>Exception</th></tr><tr><td><div class="stacktrace">org.openqa.selenium.NoSuchWindowException: no such window: target window already closed
from unknown error: web view not found
  (Session info: chrome=70.0.3538.110)
  (Driver info: chromedriver=2.39.562718 (9a2698cba08cf5a471a29d30c8b3e12becabb0e9),platform=Windows NT 10.0.17134 x86_64) (WARNING: The server did not provide any stacktrace information)
Command duration or timeout: 13 milliseconds
Build info: version: &apos;3.0.1&apos;, revision: &apos;1969d75&apos;, time: &apos;2016-10-18 09:49:13 -0700&apos;
System info: host: &apos;Arvind-Susdiny&apos;, ip: &apos;192.168.1.34&apos;, os.name: &apos;Windows 10&apos;, os.arch: &apos;amd64&apos;, os.version: &apos;10.0&apos;, java.version: &apos;1.8.0_161&apos;
Driver info: org.openqa.selenium.chrome.ChromeDriver
Capabilities [{applicationCacheEnabled=false, rotatable=false, mobileEmulationEnabled=false, networkConnectionEnabled=false, chrome={chromedriverVersion=2.39.562718 (9a2698cba08cf5a471a29d30c8b3e12becabb0e9), userDataDir=C:\Users\vaps\AppData\Local\Temp\scoped_dir9052_25145}, takesHeapSnapshot=true, pageLoadStrategy=normal, databaseEnabled=false, handlesAlerts=true, hasTouchScreen=false, version=70.0.3538.110, platform=XP, browserConnectionEnabled=false, nativeEvents=true, acceptSslCerts=false, acceptInsecureCerts=false, locationContextEnabled=true, webStorageEnabled=true, browserName=chrome, takesScreenshot=true, javascriptEnabled=true, cssSelectorsEnabled=true, setWindowRect=true, unexpectedAlertBehaviour=}]
Session ID: cd343627ba56dd0ef042a1fe80b12ecc
	at sun.reflect.NativeConstructorAccessorImpl.newInstance0(Native Method)
	at sun.reflect.NativeConstructorAccessorImpl.newInstance(Unknown Source)
	at sun.reflect.DelegatingConstructorAccessorImpl.newInstance(Unknown Source)
	at java.lang.reflect.Constructor.newInstance(Unknown Source)
	at org.openqa.selenium.remote.ErrorHandler.createThrowable(ErrorHandler.java:216)
	at org.openqa.selenium.remote.ErrorHandler.throwIfResponseFailed(ErrorHandler.java:168)
	at org.openqa.selenium.remote.RemoteWebDriver.execute(RemoteWebDriver.java:635)
	at org.openqa.selenium.remote.RemoteWebDriver.execute(RemoteWebDriver.java:658)
	at org.openqa.selenium.remote.RemoteWebDriver.getScreenshotAs(RemoteWebDriver.java:340)
	at com.vapsTechnosoft.IVRM.testBase.TestBase.captureScreen(TestBase.java:300)
	at com.vapsTechnosoft.IVRM.testBase.TestBase.getresult(TestBase.java:331)
	at com.vapsTechnosoft.IVRM.testBase.TestBase.afterMethod(TestBase.java:340)
	at sun.reflect.GeneratedMethodAccessor10.invoke(Unknown Source)
	at sun.reflect.DelegatingMethodAccessorImpl.invoke(Unknown Source)
	at java.lang.reflect.Method.invoke(Unknown Source)
	at org.testng.internal.MethodInvocationHelper.invokeMethod(MethodInvocationHelper.java:104)
	at org.testng.internal.Invoker.invokeConfigurationMethod(Invoker.java:515)
	at org.testng.internal.Invoker.invokeConfigurations(Invoker.java:217)
	at org.testng.internal.Invoker.invokeMethod(Invoker.java:712)
	at org.testng.internal.Invoker.invokeTestMethod(Invoker.java:851)
	at org.testng.internal.Invoker.invokeTestMethods(Invoker.java:1177)
	at org.testng.internal.TestMethodWorker.invokeTestMethods(TestMethodWorker.java:129)
	at org.testng.internal.TestMethodWorker.run(TestMethodWorker.java:112)
	at org.testng.TestRunner.privateRun(TestRunner.java:756)
	at org.testng.TestRunner.run(TestRunner.java:610)
	at org.testng.SuiteRunner.runTest(SuiteRunner.java:387)
	at org.testng.SuiteRunner.runSequentially(SuiteRunner.java:382)
	at org.testng.SuiteRunner.privateRun(SuiteRunner.java:340)
	at org.testng.SuiteRunner.run(SuiteRunner.java:289)
	at org.testng.SuiteRunnerWorker.runSuite(SuiteRunnerWorker.java:52)
	at org.testng.SuiteRunnerWorker.run(SuiteRunnerWorker.java:86)
	at org.testng.TestNG.runSuitesSequentially(TestNG.java:1293)
	at org.testng.TestNG.runSuitesLocally(TestNG.java:1218)
	at org.testng.TestNG.runSuites(TestNG.java:1133)
	at org.testng.TestNG.run(TestNG.java:1104)
	at org.testng.remote.AbstractRemoteTestNG.run(AbstractRemoteTestNG.java:132)
	at org.testng.remote.RemoteTestNG.initAndRun(RemoteTestNG.java:230)
	at org.testng.remote.RemoteTestNG.main(RemoteTestNG.java:76)
</div></td></tr></table><p class="totop"><a href="#summary">back to summary</a></p><h3 id="m18">com.vapsTechnosoft.IVRM.Fee.TC_Transaction.Tc_Transaction_Fee_Transaction#tcClickOnPrintReceiptButton</h3><table class="result"><tr class="param"><th>Parameter #1</th><th>Parameter #2</th><th>Parameter #3</th></tr><tr class="param stripe"><td>Student Name</td><td>Sanjana Tamada</td><td>Y</td></tr><tr><th colspan="3">Exception</th></tr><tr><td colspan="3"><div class="stacktrace">org.openqa.selenium.NoSuchWindowException: no such window: target window already closed
from unknown error: web view not found
  (Session info: chrome=70.0.3538.110)
  (Driver info: chromedriver=2.39.562718 (9a2698cba08cf5a471a29d30c8b3e12becabb0e9),platform=Windows NT 10.0.17134 x86_64) (WARNING: The server did not provide any stacktrace information)
Command duration or timeout: 13 milliseconds
Build info: version: &apos;3.0.1&apos;, revision: &apos;1969d75&apos;, time: &apos;2016-10-18 09:49:13 -0700&apos;
System info: host: &apos;Arvind-Susdiny&apos;, ip: &apos;192.168.1.34&apos;, os.name: &apos;Windows 10&apos;, os.arch: &apos;amd64&apos;, os.version: &apos;10.0&apos;, java.version: &apos;1.8.0_161&apos;
Driver info: org.openqa.selenium.chrome.ChromeDriver
Capabilities [{applicationCacheEnabled=false, rotatable=false, mobileEmulationEnabled=false, networkConnectionEnabled=false, chrome={chromedriverVersion=2.39.562718 (9a2698cba08cf5a471a29d30c8b3e12becabb0e9), userDataDir=C:\Users\vaps\AppData\Local\Temp\scoped_dir9052_25145}, takesHeapSnapshot=true, pageLoadStrategy=normal, databaseEnabled=false, handlesAlerts=true, hasTouchScreen=false, version=70.0.3538.110, platform=XP, browserConnectionEnabled=false, nativeEvents=true, acceptSslCerts=false, acceptInsecureCerts=false, locationContextEnabled=true, webStorageEnabled=true, browserName=chrome, takesScreenshot=true, javascriptEnabled=true, cssSelectorsEnabled=true, setWindowRect=true, unexpectedAlertBehaviour=}]
Session ID: cd343627ba56dd0ef042a1fe80b12ecc
	at sun.reflect.NativeConstructorAccessorImpl.newInstance0(Native Method)
	at sun.reflect.NativeConstructorAccessorImpl.newInstance(Unknown Source)
	at sun.reflect.DelegatingConstructorAccessorImpl.newInstance(Unknown Source)
	at java.lang.reflect.Constructor.newInstance(Unknown Source)
	at org.openqa.selenium.remote.ErrorHandler.createThrowable(ErrorHandler.java:216)
	at org.openqa.selenium.remote.ErrorHandler.throwIfResponseFailed(ErrorHandler.java:168)
	at org.openqa.selenium.remote.RemoteWebDriver.execute(RemoteWebDriver.java:635)
	at org.openqa.selenium.remote.RemoteWebDriver.execute(RemoteWebDriver.java:658)
	at org.openqa.selenium.remote.RemoteWebDriver.getScreenshotAs(RemoteWebDriver.java:340)
	at com.vapsTechnosoft.IVRM.testBase.TestBase.captureScreen(TestBase.java:300)
	at com.vapsTechnosoft.IVRM.testBase.TestBase.getresult(TestBase.java:331)
	at com.vapsTechnosoft.IVRM.testBase.TestBase.afterMethod(TestBase.java:340)
	at sun.reflect.GeneratedMethodAccessor10.invoke(Unknown Source)
	at sun.reflect.DelegatingMethodAccessorImpl.invoke(Unknown Source)
	at java.lang.reflect.Method.invoke(Unknown Source)
	at org.testng.internal.MethodInvocationHelper.invokeMethod(MethodInvocationHelper.java:104)
	at org.testng.internal.Invoker.invokeConfigurationMethod(Invoker.java:515)
	at org.testng.internal.Invoker.invokeConfigurations(Invoker.java:217)
	at org.testng.internal.Invoker.invokeMethod(Invoker.java:712)
	at org.testng.internal.Invoker.invokeTestMethod(Invoker.java:851)
	at org.testng.internal.Invoker.invokeTestMethods(Invoker.java:1177)
	at org.testng.internal.TestMethodWorker.invokeTestMethods(TestMethodWorker.java:129)
	at org.testng.internal.TestMethodWorker.run(TestMethodWorker.java:112)
	at org.testng.TestRunner.privateRun(TestRunner.java:756)
	at org.testng.TestRunner.run(TestRunner.java:610)
	at org.testng.SuiteRunner.runTest(SuiteRunner.java:387)
	at org.testng.SuiteRunner.runSequentially(SuiteRunner.java:382)
	at org.testng.SuiteRunner.privateRun(SuiteRunner.java:340)
	at org.testng.SuiteRunner.run(SuiteRunner.java:289)
	at org.testng.SuiteRunnerWorker.runSuite(SuiteRunnerWorker.java:52)
	at org.testng.SuiteRunnerWorker.run(SuiteRunnerWorker.java:86)
	at org.testng.TestNG.runSuitesSequentially(TestNG.java:1293)
	at org.testng.TestNG.runSuitesLocally(TestNG.java:1218)
	at org.testng.TestNG.runSuites(TestNG.java:1133)
	at org.testng.TestNG.run(TestNG.java:1104)
	at org.testng.remote.AbstractRemoteTestNG.run(AbstractRemoteTestNG.java:132)
	at org.testng.remote.RemoteTestNG.initAndRun(RemoteTestNG.java:230)
	at org.testng.remote.RemoteTestNG.main(RemoteTestNG.java:76)
</div></td></tr></table><p class="totop"><a href="#summary">back to summary</a></p><h3 id="m19">com.vapsTechnosoft.IVRM.Fee.TC_Transaction.Tc_Transaction_Fee_Transaction#tcClickOnSearch_CancelButton</h3><table class="result"><tr><th>Exception</th></tr><tr><td><div class="stacktrace">org.openqa.selenium.NoSuchWindowException: no such window: target window already closed
from unknown error: web view not found
  (Session info: chrome=70.0.3538.110)
  (Driver info: chromedriver=2.39.562718 (9a2698cba08cf5a471a29d30c8b3e12becabb0e9),platform=Windows NT 10.0.17134 x86_64) (WARNING: The server did not provide any stacktrace information)
Command duration or timeout: 13 milliseconds
Build info: version: &apos;3.0.1&apos;, revision: &apos;1969d75&apos;, time: &apos;2016-10-18 09:49:13 -0700&apos;
System info: host: &apos;Arvind-Susdiny&apos;, ip: &apos;192.168.1.34&apos;, os.name: &apos;Windows 10&apos;, os.arch: &apos;amd64&apos;, os.version: &apos;10.0&apos;, java.version: &apos;1.8.0_161&apos;
Driver info: org.openqa.selenium.chrome.ChromeDriver
Capabilities [{applicationCacheEnabled=false, rotatable=false, mobileEmulationEnabled=false, networkConnectionEnabled=false, chrome={chromedriverVersion=2.39.562718 (9a2698cba08cf5a471a29d30c8b3e12becabb0e9), userDataDir=C:\Users\vaps\AppData\Local\Temp\scoped_dir9052_25145}, takesHeapSnapshot=true, pageLoadStrategy=normal, databaseEnabled=false, handlesAlerts=true, hasTouchScreen=false, version=70.0.3538.110, platform=XP, browserConnectionEnabled=false, nativeEvents=true, acceptSslCerts=false, acceptInsecureCerts=false, locationContextEnabled=true, webStorageEnabled=true, browserName=chrome, takesScreenshot=true, javascriptEnabled=true, cssSelectorsEnabled=true, setWindowRect=true, unexpectedAlertBehaviour=}]
Session ID: cd343627ba56dd0ef042a1fe80b12ecc
	at sun.reflect.NativeConstructorAccessorImpl.newInstance0(Native Method)
	at sun.reflect.NativeConstructorAccessorImpl.newInstance(Unknown Source)
	at sun.reflect.DelegatingConstructorAccessorImpl.newInstance(Unknown Source)
	at java.lang.reflect.Constructor.newInstance(Unknown Source)
	at org.openqa.selenium.remote.ErrorHandler.createThrowable(ErrorHandler.java:216)
	at org.openqa.selenium.remote.ErrorHandler.throwIfResponseFailed(ErrorHandler.java:168)
	at org.openqa.selenium.remote.RemoteWebDriver.execute(RemoteWebDriver.java:635)
	at org.openqa.selenium.remote.RemoteWebDriver.execute(RemoteWebDriver.java:658)
	at org.openqa.selenium.remote.RemoteWebDriver.getScreenshotAs(RemoteWebDriver.java:340)
	at com.vapsTechnosoft.IVRM.testBase.TestBase.captureScreen(TestBase.java:300)
	at com.vapsTechnosoft.IVRM.testBase.TestBase.getresult(TestBase.java:331)
	at com.vapsTechnosoft.IVRM.testBase.TestBase.afterMethod(TestBase.java:340)
	at sun.reflect.GeneratedMethodAccessor10.invoke(Unknown Source)
	at sun.reflect.DelegatingMethodAccessorImpl.invoke(Unknown Source)
	at java.lang.reflect.Method.invoke(Unknown Source)
	at org.testng.internal.MethodInvocationHelper.invokeMethod(MethodInvocationHelper.java:104)
	at org.testng.internal.Invoker.invokeConfigurationMethod(Invoker.java:515)
	at org.testng.internal.Invoker.invokeConfigurations(Invoker.java:217)
	at org.testng.internal.Invoker.invokeMethod(Invoker.java:712)
	at org.testng.internal.Invoker.invokeTestMethod(Invoker.java:851)
	at org.testng.internal.Invoker.invokeTestMethods(Invoker.java:1177)
	at org.testng.internal.TestMethodWorker.invokeTestMethods(TestMethodWorker.java:129)
	at org.testng.internal.TestMethodWorker.run(TestMethodWorker.java:112)
	at org.testng.TestRunner.privateRun(TestRunner.java:756)
	at org.testng.TestRunner.run(TestRunner.java:610)
	at org.testng.SuiteRunner.runTest(SuiteRunner.java:387)
	at org.testng.SuiteRunner.runSequentially(SuiteRunner.java:382)
	at org.testng.SuiteRunner.privateRun(SuiteRunner.java:340)
	at org.testng.SuiteRunner.run(SuiteRunner.java:289)
	at org.testng.SuiteRunnerWorker.runSuite(SuiteRunnerWorker.java:52)
	at org.testng.SuiteRunnerWorker.run(SuiteRunnerWorker.java:86)
	at org.testng.TestNG.runSuitesSequentially(TestNG.java:1293)
	at org.testng.TestNG.runSuitesLocally(TestNG.java:1218)
	at org.testng.TestNG.runSuites(TestNG.java:1133)
	at org.testng.TestNG.run(TestNG.java:1104)
	at org.testng.remote.AbstractRemoteTestNG.run(AbstractRemoteTestNG.java:132)
	at org.testng.remote.RemoteTestNG.initAndRun(RemoteTestNG.java:230)
	at org.testng.remote.RemoteTestNG.main(RemoteTestNG.java:76)
</div></td></tr></table><p class="totop"><a href="#summary">back to summary</a></p><h3 id="m20">com.vapsTechnosoft.IVRM.Fee.TC_Transaction.Tc_Transaction_Fee_Transaction#tcEnterStudentNameAndSeelctFeeGrCheck</h3><table class="result"><tr class="param"><th>Parameter #1</th><th>Parameter #2</th><th>Parameter #3</th></tr><tr class="param stripe"><td>Srujana</td><td>Susdiny Jio</td><td>N</td></tr><tr><th colspan="3">Exception</th></tr><tr><td colspan="3"><div class="stacktrace">org.testng.SkipException: user marked this record as no run
	at com.vapsTechnosoft.IVRM.Fee.TC_Transaction.Tc_Transaction_Fee_Transaction.tcEnterStudentNameAndSeelctFeeGrCheck(Tc_Transaction_Fee_Transaction.java:187)
	at sun.reflect.NativeMethodAccessorImpl.invoke0(Native Method)
	at sun.reflect.NativeMethodAccessorImpl.invoke(Unknown Source)
	at sun.reflect.DelegatingMethodAccessorImpl.invoke(Unknown Source)
	at java.lang.reflect.Method.invoke(Unknown Source)
	at org.testng.internal.MethodInvocationHelper.invokeMethod(MethodInvocationHelper.java:104)
	at org.testng.internal.Invoker.invokeMethod(Invoker.java:645)
	at org.testng.internal.Invoker.invokeTestMethod(Invoker.java:851)
	at org.testng.internal.Invoker.invokeTestMethods(Invoker.java:1177)
	at org.testng.internal.TestMethodWorker.invokeTestMethods(TestMethodWorker.java:129)
	at org.testng.internal.TestMethodWorker.run(TestMethodWorker.java:112)
	at org.testng.TestRunner.privateRun(TestRunner.java:756)
	at org.testng.TestRunner.run(TestRunner.java:610)
	at org.testng.SuiteRunner.runTest(SuiteRunner.java:387)
	at org.testng.SuiteRunner.runSequentially(SuiteRunner.java:382)
	at org.testng.SuiteRunner.privateRun(SuiteRunner.java:340)
	at org.testng.SuiteRunner.run(SuiteRunner.java:289)
	at org.testng.SuiteRunnerWorker.runSuite(SuiteRunnerWorker.java:52)
	at org.testng.SuiteRunnerWorker.run(SuiteRunnerWorker.java:86)
	at org.testng.TestNG.runSuitesSequentially(TestNG.java:1293)
	at org.testng.TestNG.runSuitesLocally(TestNG.java:1218)
	at org.testng.TestNG.runSuites(TestNG.java:1133)
	at org.testng.TestNG.run(TestNG.java:1104)
	at org.testng.remote.AbstractRemoteTestNG.run(AbstractRemoteTestNG.java:132)
	at org.testng.remote.RemoteTestNG.initAndRun(RemoteTestNG.java:230)
	at org.testng.remote.RemoteTestNG.main(RemoteTestNG.java:76)
</div></td></tr></table><p class="totop"><a href="#summary">back to summary</a></p><h3 id="m21">com.vapsTechnosoft.IVRM.Fee.TC_Transaction.Tc_Transaction_Fee_Transaction#tcPrintOfFeereceipt</h3><table class="result"><tr><th>Exception</th></tr><tr><td><div class="stacktrace">org.openqa.selenium.NoSuchWindowException: no such window: target window already closed
from unknown error: web view not found
  (Session info: chrome=70.0.3538.110)
  (Driver info: chromedriver=2.39.562718 (9a2698cba08cf5a471a29d30c8b3e12becabb0e9),platform=Windows NT 10.0.17134 x86_64) (WARNING: The server did not provide any stacktrace information)
Command duration or timeout: 13 milliseconds
Build info: version: &apos;3.0.1&apos;, revision: &apos;1969d75&apos;, time: &apos;2016-10-18 09:49:13 -0700&apos;
System info: host: &apos;Arvind-Susdiny&apos;, ip: &apos;192.168.1.34&apos;, os.name: &apos;Windows 10&apos;, os.arch: &apos;amd64&apos;, os.version: &apos;10.0&apos;, java.version: &apos;1.8.0_161&apos;
Driver info: org.openqa.selenium.chrome.ChromeDriver
Capabilities [{applicationCacheEnabled=false, rotatable=false, mobileEmulationEnabled=false, networkConnectionEnabled=false, chrome={chromedriverVersion=2.39.562718 (9a2698cba08cf5a471a29d30c8b3e12becabb0e9), userDataDir=C:\Users\vaps\AppData\Local\Temp\scoped_dir9052_25145}, takesHeapSnapshot=true, pageLoadStrategy=normal, databaseEnabled=false, handlesAlerts=true, hasTouchScreen=false, version=70.0.3538.110, platform=XP, browserConnectionEnabled=false, nativeEvents=true, acceptSslCerts=false, acceptInsecureCerts=false, locationContextEnabled=true, webStorageEnabled=true, browserName=chrome, takesScreenshot=true, javascriptEnabled=true, cssSelectorsEnabled=true, setWindowRect=true, unexpectedAlertBehaviour=}]
Session ID: cd343627ba56dd0ef042a1fe80b12ecc
	at sun.reflect.NativeConstructorAccessorImpl.newInstance0(Native Method)
	at sun.reflect.NativeConstructorAccessorImpl.newInstance(Unknown Source)
	at sun.reflect.DelegatingConstructorAccessorImpl.newInstance(Unknown Source)
	at java.lang.reflect.Constructor.newInstance(Unknown Source)
	at org.openqa.selenium.remote.ErrorHandler.createThrowable(ErrorHandler.java:216)
	at org.openqa.selenium.remote.ErrorHandler.throwIfResponseFailed(ErrorHandler.java:168)
	at org.openqa.selenium.remote.RemoteWebDriver.execute(RemoteWebDriver.java:635)
	at org.openqa.selenium.remote.RemoteWebDriver.execute(RemoteWebDriver.java:658)
	at org.openqa.selenium.remote.RemoteWebDriver.getScreenshotAs(RemoteWebDriver.java:340)
	at com.vapsTechnosoft.IVRM.testBase.TestBase.captureScreen(TestBase.java:300)
	at com.vapsTechnosoft.IVRM.testBase.TestBase.getresult(TestBase.java:331)
	at com.vapsTechnosoft.IVRM.testBase.TestBase.afterMethod(TestBase.java:340)
	at sun.reflect.GeneratedMethodAccessor10.invoke(Unknown Source)
	at sun.reflect.DelegatingMethodAccessorImpl.invoke(Unknown Source)
	at java.lang.reflect.Method.invoke(Unknown Source)
	at org.testng.internal.MethodInvocationHelper.invokeMethod(MethodInvocationHelper.java:104)
	at org.testng.internal.Invoker.invokeConfigurationMethod(Invoker.java:515)
	at org.testng.internal.Invoker.invokeConfigurations(Invoker.java:217)
	at org.testng.internal.Invoker.invokeMethod(Invoker.java:712)
	at org.testng.internal.Invoker.invokeTestMethod(Invoker.java:851)
	at org.testng.internal.Invoker.invokeTestMethods(Invoker.java:1177)
	at org.testng.internal.TestMethodWorker.invokeTestMethods(TestMethodWorker.java:129)
	at org.testng.internal.TestMethodWorker.run(TestMethodWorker.java:112)
	at org.testng.TestRunner.privateRun(TestRunner.java:756)
	at org.testng.TestRunner.run(TestRunner.java:610)
	at org.testng.SuiteRunner.runTest(SuiteRunner.java:387)
	at org.testng.SuiteRunner.runSequentially(SuiteRunner.java:382)
	at org.testng.SuiteRunner.privateRun(SuiteRunner.java:340)
	at org.testng.SuiteRunner.run(SuiteRunner.java:289)
	at org.testng.SuiteRunnerWorker.runSuite(SuiteRunnerWorker.java:52)
	at org.testng.SuiteRunnerWorker.run(SuiteRunnerWorker.java:86)
	at org.testng.TestNG.runSuitesSequentially(TestNG.java:1293)
	at org.testng.TestNG.runSuitesLocally(TestNG.java:1218)
	at org.testng.TestNG.runSuites(TestNG.java:1133)
	at org.testng.TestNG.run(TestNG.java:1104)
	at org.testng.remote.AbstractRemoteTestNG.run(AbstractRemoteTestNG.java:132)
	at org.testng.remote.RemoteTestNG.initAndRun(RemoteTestNG.java:230)
	at org.testng.remote.RemoteTestNG.main(RemoteTestNG.java:76)
</div></td></tr></table><p class="totop"><a href="#summary">back to summary</a></p><h3 id="m22">com.vapsTechnosoft.IVRM.Fee.TC_Transaction.Tc_Transaction_Fee_Transaction#tcValidateStudentInformationData</h3><table class="result"><tr class="param"><th>Parameter #1</th><th>Parameter #2</th><th>Parameter #3</th><th>Parameter #4</th><th>Parameter #5</th><th>Parameter #6</th><th>Parameter #7</th><th>Parameter #8</th><th>Parameter #9</th></tr><tr class="param stripe"><td>: SURESH lkg lkg lkg</td><td>: 2017-2018/8/2017-2018</td><td>: 57</td><td>: 9844098440</td><td>: LKG</td><td>:</td><td>: 01-05-2014</td><td>false</td><td>N</td></tr><tr><th colspan="9">Exception</th></tr><tr><td colspan="9"><div class="stacktrace">org.testng.SkipException: user marked this record as no run
	at com.vapsTechnosoft.IVRM.Fee.TC_Transaction.Tc_Transaction_Fee_Transaction.tcValidateStudentInformationData(Tc_Transaction_Fee_Transaction.java:206)
	at sun.reflect.NativeMethodAccessorImpl.invoke0(Native Method)
	at sun.reflect.NativeMethodAccessorImpl.invoke(Unknown Source)
	at sun.reflect.DelegatingMethodAccessorImpl.invoke(Unknown Source)
	at java.lang.reflect.Method.invoke(Unknown Source)
	at org.testng.internal.MethodInvocationHelper.invokeMethod(MethodInvocationHelper.java:104)
	at org.testng.internal.Invoker.invokeMethod(Invoker.java:645)
	at org.testng.internal.Invoker.invokeTestMethod(Invoker.java:851)
	at org.testng.internal.Invoker.invokeTestMethods(Invoker.java:1177)
	at org.testng.internal.TestMethodWorker.invokeTestMethods(TestMethodWorker.java:129)
	at org.testng.internal.TestMethodWorker.run(TestMethodWorker.java:112)
	at org.testng.TestRunner.privateRun(TestRunner.java:756)
	at org.testng.TestRunner.run(TestRunner.java:610)
	at org.testng.SuiteRunner.runTest(SuiteRunner.java:387)
	at org.testng.SuiteRunner.runSequentially(SuiteRunner.java:382)
	at org.testng.SuiteRunner.privateRun(SuiteRunner.java:340)
	at org.testng.SuiteRunner.run(SuiteRunner.java:289)
	at org.testng.SuiteRunnerWorker.runSuite(SuiteRunnerWorker.java:52)
	at org.testng.SuiteRunnerWorker.run(SuiteRunnerWorker.java:86)
	at org.testng.TestNG.runSuitesSequentially(TestNG.java:1293)
	at org.testng.TestNG.runSuitesLocally(TestNG.java:1218)
	at org.testng.TestNG.runSuites(TestNG.java:1133)
	at org.testng.TestNG.run(TestNG.java:1104)
	at org.testng.remote.AbstractRemoteTestNG.run(AbstractRemoteTestNG.java:132)
	at org.testng.remote.RemoteTestNG.initAndRun(RemoteTestNG.java:230)
	at org.testng.remote.RemoteTestNG.main(RemoteTestNG.java:76)
</div></td></tr></table><p class="totop"><a href="#summary">back to summary</a></p><h3 id="m23">com.vapsTechnosoft.IVRM.Fee.TC_Transaction.Tc_Transaction_Fee_Transaction#loginToappWithrequiredCredentials</h3><table class="result"><tr class="param"><th>Parameter #1</th><th>Parameter #2</th><th>Parameter #3</th></tr><tr class="param stripe"><td>Radha</td><td>Password@123</td><td>Y</td></tr><tr><th colspan="3">Messages</th></tr><tr><td colspan="3"><div class="messages"><a href='C:\Users\vaps\Desktop\IVRMPORTAL\src\main\java\com\vapsTechnosoft\IVRM\screenshot\Login Page_05_12_2018_06_36_44.png'> <img src='C:\Users\vaps\Desktop\IVRMPORTAL\src\main\java\com\vapsTechnosoft\IVRM\screenshot\Login Page_05_12_2018_06_36_44.png' height='100' width='100'/> </a><br/>Element is present...and object is: [[ChromeDriver: chrome on XP (cd343627ba56dd0ef042a1fe80b12ecc)] -> xpath: //input[@id='login-username']]<br/>Entered value to input Field is Radha and object is:- [[ChromeDriver: chrome on XP (cd343627ba56dd0ef042a1fe80b12ecc)] -> xpath: //input[@id='login-username']]<br/>UserName entered Radha and object is:-[[ChromeDriver: chrome on XP (cd343627ba56dd0ef042a1fe80b12ecc)] -> xpath: //input[@id='login-username']]<br/>Element is present...and object is: [[ChromeDriver: chrome on XP (cd343627ba56dd0ef042a1fe80b12ecc)] -> xpath: //input[@id='login-password']]<br/>Entered value to input Field is Password@123 and object is:- [[ChromeDriver: chrome on XP (cd343627ba56dd0ef042a1fe80b12ecc)] -> xpath: //input[@id='login-password']]<br/>Password entered Password@123 and object is:-[[ChromeDriver: chrome on XP (cd343627ba56dd0ef042a1fe80b12ecc)] -> xpath: //input[@id='login-password']]<br/>Element is present...and object is: [[ChromeDriver: chrome on XP (cd343627ba56dd0ef042a1fe80b12ecc)] -> xpath: //b[text()='Sign in ']/parent::button]<br/>Clicked on Login button and redirected to Home page, Object is:-[[ChromeDriver: chrome on XP (cd343627ba56dd0ef042a1fe80b12ecc)] -> xpath: //b[text()='Sign in ']/parent::button]<br/>Element is present...and object is: [[ChromeDriver: chrome on XP (cd343627ba56dd0ef042a1fe80b12ecc)] -> xpath: //*[@id='style-4']/section/ul/li[1]/a/span]<br/>Home button is dispalyed and object is:-[[ChromeDriver: chrome on XP (cd343627ba56dd0ef042a1fe80b12ecc)] -> xpath: //*[@id='style-4']/section/ul/li[1]/a/span]<br/><a href='C:\Users\vaps\Desktop\IVRMPORTAL\src\main\java\com\vapsTechnosoft\IVRM\screenshot\loginToappWithrequiredCredentials_05_12_2018_06_36_52.png'> <img src='C:\Users\vaps\Desktop\IVRMPORTAL\src\main\java\com\vapsTechnosoft\IVRM\screenshot\loginToappWithrequiredCredentials_05_12_2018_06_36_52.png' height='100' width='100'/> </a></div></td></tr></table><p class="totop"><a href="#summary">back to summary</a></p><h3 id="m24">com.vapsTechnosoft.IVRM.Fee.TC_Transaction.Tc_Transaction_Fee_Transaction#tcAfterSavePupUpHandlingCancel</h3><table class="result"><tr><th>Messages</th></tr><tr><td><div class="messages">Element is present...and object is: [[ChromeDriver: chrome on XP (cd343627ba56dd0ef042a1fe80b12ecc)] -> xpath: //body[@id='style-4']/div[5]/div[7]/button]<br/>Element is not present...and object is: [[ChromeDriver: chrome on XP (cd343627ba56dd0ef042a1fe80b12ecc)] -> xpath: //body[@id='style-4']/div[5]/div[7]/button]<br/>Clicked on record Save cancel button and object is:[[ChromeDriver: chrome on XP (cd343627ba56dd0ef042a1fe80b12ecc)] -> xpath: //body[@id='style-4']/div[5]/div[7]/button]<br/><a href='C:\Users\vaps\Desktop\IVRMPORTAL\src\main\java\com\vapsTechnosoft\IVRM\screenshot\tcAfterSavePupUpHandlingCancel_05_12_2018_06_37_24.png'> <img src='C:\Users\vaps\Desktop\IVRMPORTAL\src\main\java\com\vapsTechnosoft\IVRM\screenshot\tcAfterSavePupUpHandlingCancel_05_12_2018_06_37_24.png' height='100' width='100'/> </a></div></td></tr></table><p class="totop"><a href="#summary">back to summary</a></p><h3 id="m25">com.vapsTechnosoft.IVRM.Fee.TC_Transaction.Tc_Transaction_Fee_Transaction#tcAfterSavePupUpHandlingYesSaveit</h3><table class="result"><tr><th>Messages</th></tr><tr><td><div class="messages">Element is present...and object is: [[ChromeDriver: chrome on XP (cd343627ba56dd0ef042a1fe80b12ecc)] -> xpath: //body[@id='style-4']/div[5]/div[7]/div/button]<br/>Clicked on record Yes Save it button and object is:[[ChromeDriver: chrome on XP (cd343627ba56dd0ef042a1fe80b12ecc)] -> xpath: //body[@id='style-4']/div[5]/div[7]/div/button]<br/><a href='C:\Users\vaps\Desktop\IVRMPORTAL\src\main\java\com\vapsTechnosoft\IVRM\screenshot\tcAfterSavePupUpHandlingYesSaveit_05_12_2018_06_37_31.png'> <img src='C:\Users\vaps\Desktop\IVRMPORTAL\src\main\java\com\vapsTechnosoft\IVRM\screenshot\tcAfterSavePupUpHandlingYesSaveit_05_12_2018_06_37_31.png' height='100' width='100'/> </a></div></td></tr></table><p class="totop"><a href="#summary">back to summary</a></p><h3 id="m26">com.vapsTechnosoft.IVRM.Fee.TC_Transaction.Tc_Transaction_Fee_Transaction#tcBankDetailsAndNarration</h3><table class="result"><tr class="param"><th>Parameter #1</th><th>Parameter #2</th><th>Parameter #3</th><th>Parameter #4</th><th>Parameter #5</th></tr><tr class="param stripe"><td>Thank you for opting online payments. </td><td>789456</td><td>ABC Bank pvt Ltd</td><td>12-12-2017</td><td>Y</td></tr><tr><th colspan="5">Messages</th></tr><tr><td colspan="5"><div class="messages">Element is present...and object is: [[ChromeDriver: chrome on XP (cd343627ba56dd0ef042a1fe80b12ecc)] -> xpath: //textarea[@id='Narration']]<br/>Entered value to input Field is Thank you for opting online payments.  and object is:- [[ChromeDriver: chrome on XP (cd343627ba56dd0ef042a1fe80b12ecc)] -> xpath: //textarea[@id='Narration']]<br/>Entered narration asThank you for opting online payments. and object is:[[ChromeDriver: chrome on XP (cd343627ba56dd0ef042a1fe80b12ecc)] -> xpath: //textarea[@id='Narration']]<br/>Element is present...and object is: [[ChromeDriver: chrome on XP (cd343627ba56dd0ef042a1fe80b12ecc)] -> xpath: //span[contains(text(),'Bank')]]<br/>Selected bank radio button and object is:-[[ChromeDriver: chrome on XP (cd343627ba56dd0ef042a1fe80b12ecc)] -> xpath: //span[contains(text(),'Bank')]]<br/>Element is present...and object is: [[ChromeDriver: chrome on XP (cd343627ba56dd0ef042a1fe80b12ecc)] -> xpath: //md-datepicker[@id='chequedddate']/div/input]<br/>Entered value to input Field is 12-12-2017 and object is:- [[ChromeDriver: chrome on XP (cd343627ba56dd0ef042a1fe80b12ecc)] -> xpath: //md-datepicker[@id='chequedddate']/div/input]<br/>Entered cheque date:12-12-2017and object is:[[ChromeDriver: chrome on XP (cd343627ba56dd0ef042a1fe80b12ecc)] -> xpath: //input[@id='chequeno']]<br/>Element is present...and object is: [[ChromeDriver: chrome on XP (cd343627ba56dd0ef042a1fe80b12ecc)] -> xpath: //input[@id='chequeno']]<br/>Entered value to input Field is 789456 and object is:- [[ChromeDriver: chrome on XP (cd343627ba56dd0ef042a1fe80b12ecc)] -> xpath: //input[@id='chequeno']]<br/>Entered cheque number is:789456and object is:[[ChromeDriver: chrome on XP (cd343627ba56dd0ef042a1fe80b12ecc)] -> xpath: //input[@id='chequeno']]<br/>Element is present...and object is: [[ChromeDriver: chrome on XP (cd343627ba56dd0ef042a1fe80b12ecc)] -> xpath: //body[@id='style-4']//div/div[4]/div[3]/div/input]<br/>Entered value to input Field is ABC Bank pvt Ltd and object is:- [[ChromeDriver: chrome on XP (cd343627ba56dd0ef042a1fe80b12ecc)] -> xpath: //body[@id='style-4']//div/div[4]/div[3]/div/input]<br/>Entered bank name:ABC Bank pvt Ltdand object is:[[ChromeDriver: chrome on XP (cd343627ba56dd0ef042a1fe80b12ecc)] -> xpath: //body[@id='style-4']//div/div[4]/div[3]/div/input]<br/><a href='C:\Users\vaps\Desktop\IVRMPORTAL\src\main\java\com\vapsTechnosoft\IVRM\screenshot\tcBankDetailsAndNarration_05_12_2018_06_37_19.png'> <img src='C:\Users\vaps\Desktop\IVRMPORTAL\src\main\java\com\vapsTechnosoft\IVRM\screenshot\tcBankDetailsAndNarration_05_12_2018_06_37_19.png' height='100' width='100'/> </a></div></td></tr></table><p class="totop"><a href="#summary">back to summary</a></p><h3 id="m27">com.vapsTechnosoft.IVRM.Fee.TC_Transaction.Tc_Transaction_Fee_Transaction#tcClickOnFailedOkBtn</h3><table class="result"><tr><th>Messages</th></tr><tr><td><div class="messages">Element is present...and object is: [[ChromeDriver: chrome on XP (cd343627ba56dd0ef042a1fe80b12ecc)] -> xpath: //body[@id='style-4']/div[5]/div[7]/div/button]<br/>clicked on OK button and object is:-[[ChromeDriver: chrome on XP (cd343627ba56dd0ef042a1fe80b12ecc)] -> xpath: //body[@id='style-4']/div[5]/div[7]/div/button]<br/><a href='C:\Users\vaps\Desktop\IVRMPORTAL\src\main\java\com\vapsTechnosoft\IVRM\screenshot\tcClickOnSuccessOkBtn_05_12_2018_06_37_26.png'> <img src='C:\Users\vaps\Desktop\IVRMPORTAL\src\main\java\com\vapsTechnosoft\IVRM\screenshot\tcClickOnSuccessOkBtn_05_12_2018_06_37_26.png' height='100' width='100'/> </a></div></td></tr></table><p class="totop"><a href="#summary">back to summary</a></p><h3 id="m28">com.vapsTechnosoft.IVRM.Fee.TC_Transaction.Tc_Transaction_Fee_Transaction#tcClickOnSaveButton</h3><table class="result"><tr><th>Messages</th></tr><tr><td><div class="messages">Element is present...and object is: [[ChromeDriver: chrome on XP (cd343627ba56dd0ef042a1fe80b12ecc)] -> xpath: //button[@id='save-btn']]<br/>clicked on save button and object is:-[[ChromeDriver: chrome on XP (cd343627ba56dd0ef042a1fe80b12ecc)] -> xpath: //button[@id='save-btn']]<br/><a href='C:\Users\vaps\Desktop\IVRMPORTAL\src\main\java\com\vapsTechnosoft\IVRM\screenshot\tcClickOnSaveButton_05_12_2018_06_37_22.png'> <img src='C:\Users\vaps\Desktop\IVRMPORTAL\src\main\java\com\vapsTechnosoft\IVRM\screenshot\tcClickOnSaveButton_05_12_2018_06_37_22.png' height='100' width='100'/> </a></div></td></tr></table><p class="totop"><a href="#summary">back to summary</a></p><h3 id="m29">com.vapsTechnosoft.IVRM.Fee.TC_Transaction.Tc_Transaction_Fee_Transaction#tcClickOnSaveButtonAfterConfirmCancel</h3><table class="result"><tr><th>Messages</th></tr><tr><td><div class="messages">Element is present...and object is: [[ChromeDriver: chrome on XP (cd343627ba56dd0ef042a1fe80b12ecc)] -> xpath: //button[@id='save-btn']]<br/>clicked on save button and object is:-[[ChromeDriver: chrome on XP (cd343627ba56dd0ef042a1fe80b12ecc)] -> xpath: //button[@id='save-btn']]<br/><a href='C:\Users\vaps\Desktop\IVRMPORTAL\src\main\java\com\vapsTechnosoft\IVRM\screenshot\tcClickOnSaveButton_05_12_2018_06_37_28.png'> <img src='C:\Users\vaps\Desktop\IVRMPORTAL\src\main\java\com\vapsTechnosoft\IVRM\screenshot\tcClickOnSaveButton_05_12_2018_06_37_28.png' height='100' width='100'/> </a></div></td></tr></table><p class="totop"><a href="#summary">back to summary</a></p><h3 id="m30">com.vapsTechnosoft.IVRM.Fee.TC_Transaction.Tc_Transaction_Fee_Transaction#tcClickOnSuccessOkBtn</h3><table class="result"><tr><th>Messages</th></tr><tr><td><div class="messages">Element is present...and object is: [[ChromeDriver: chrome on XP (cd343627ba56dd0ef042a1fe80b12ecc)] -> xpath: //body[@id='style-4']/div[5]/div[7]/div/button]<br/>Element is not present...and object is: [[ChromeDriver: chrome on XP (cd343627ba56dd0ef042a1fe80b12ecc)] -> xpath: //body[@id='style-4']/div[5]/div[7]/div/button]<br/>clicked on OK button and object is:-[[ChromeDriver: chrome on XP (cd343627ba56dd0ef042a1fe80b12ecc)] -> xpath: //body[@id='style-4']/div[5]/div[7]/div/button]<br/><a href='C:\Users\vaps\Desktop\IVRMPORTAL\src\main\java\com\vapsTechnosoft\IVRM\screenshot\tcClickOnSuccessOkBtn_05_12_2018_06_37_37.png'> <img src='C:\Users\vaps\Desktop\IVRMPORTAL\src\main\java\com\vapsTechnosoft\IVRM\screenshot\tcClickOnSuccessOkBtn_05_12_2018_06_37_37.png' height='100' width='100'/> </a></div></td></tr></table><p class="totop"><a href="#summary">back to summary</a></p><h3 id="m31">com.vapsTechnosoft.IVRM.Fee.TC_Transaction.Tc_Transaction_Fee_Transaction#tcEnterStudentNameAndSeelctFeeGrCheck</h3><table class="result"><tr class="param"><th>Parameter #1</th><th>Parameter #2</th><th>Parameter #3</th></tr><tr class="param stripe"><td>KAVANA</td><td>Baldwin Girls School Fee</td><td>Y</td></tr><tr><th colspan="3">Messages</th></tr><tr><td colspan="3"><div class="messages">0 Group check box is checked.<br/><a href='C:\Users\vaps\Desktop\IVRMPORTAL\src\main\java\com\vapsTechnosoft\IVRM\screenshot\tcEnterStudentNameAndSeelctFeeGrCheck_05_12_2018_06_37_07.png'> <img src='C:\Users\vaps\Desktop\IVRMPORTAL\src\main\java\com\vapsTechnosoft\IVRM\screenshot\tcEnterStudentNameAndSeelctFeeGrCheck_05_12_2018_06_37_07.png' height='100' width='100'/> </a></div></td></tr></table><p class="totop"><a href="#summary">back to summary</a></p><h3 id="m32">com.vapsTechnosoft.IVRM.Fee.TC_Transaction.Tc_Transaction_Fee_Transaction#tcHomeButtonValidation</h3><table class="result"><tr><th>Messages</th></tr><tr><td><div class="messages">Home button is dispalyed and object is:-[[ChromeDriver: chrome on XP (cd343627ba56dd0ef042a1fe80b12ecc)] -> xpath: //aside[@id='style-4']/section/ul/li[1]]<br/><a href='C:\Users\vaps\Desktop\IVRMPORTAL\src\main\java\com\vapsTechnosoft\IVRM\screenshot\tcHomeButtonValidation_05_12_2018_06_36_53.png'> <img src='C:\Users\vaps\Desktop\IVRMPORTAL\src\main\java\com\vapsTechnosoft\IVRM\screenshot\tcHomeButtonValidation_05_12_2018_06_36_53.png' height='100' width='100'/> </a></div></td></tr></table><p class="totop"><a href="#summary">back to summary</a></p><h3 id="m33">com.vapsTechnosoft.IVRM.Fee.TC_Transaction.Tc_Transaction_Fee_Transaction#tcNevigateTo_FeeTransaction</h3><table class="result"><tr><th>Messages</th></tr><tr><td><div class="messages">Element is present...and object is: [[ChromeDriver: chrome on XP (cd343627ba56dd0ef042a1fe80b12ecc)] -> xpath: //span[contains(text(),'Fees')]/preceding-sibling::button]<br/>Clicked on Fee Button and object is:-[[ChromeDriver: chrome on XP (cd343627ba56dd0ef042a1fe80b12ecc)] -> xpath: //span[contains(text(),'Fees')]/preceding-sibling::button]<br/>Element is present...and object is: [[ChromeDriver: chrome on XP (cd343627ba56dd0ef042a1fe80b12ecc)] -> xpath: //span[contains(text(),'Fees')]/preceding-sibling::button/following::span[contains(text(),'Transaction')][1]]<br/>Clicked on Transaction Button and object is:-[[ChromeDriver: chrome on XP (cd343627ba56dd0ef042a1fe80b12ecc)] -> xpath: //span[contains(text(),'Fees')]/preceding-sibling::button/following::span[contains(text(),'Transaction')][1]]<br/>Element is present...and object is: [[ChromeDriver: chrome on XP (cd343627ba56dd0ef042a1fe80b12ecc)] -> xpath: //a[@href='#/app/FeeTransaction/89']]<br/>Clicked on Fee Transaction Button and object is:-[[ChromeDriver: chrome on XP (cd343627ba56dd0ef042a1fe80b12ecc)] -> xpath: //a[@href='#/app/FeeTransaction/89']]<br/><a href='C:\Users\vaps\Desktop\IVRMPORTAL\src\main\java\com\vapsTechnosoft\IVRM\screenshot\tcNevigateTo_FeeTransaction_05_12_2018_06_36_57.png'> <img src='C:\Users\vaps\Desktop\IVRMPORTAL\src\main\java\com\vapsTechnosoft\IVRM\screenshot\tcNevigateTo_FeeTransaction_05_12_2018_06_36_57.png' height='100' width='100'/> </a></div></td></tr></table><p class="totop"><a href="#summary">back to summary</a></p><h3 id="m34">com.vapsTechnosoft.IVRM.Fee.TC_Transaction.Tc_Transaction_Fee_Transaction#tcSelectRegularButton</h3><table class="result"><tr><th>Messages</th></tr><tr><td><div class="messages">Element is present...and object is: [[ChromeDriver: chrome on XP (cd343627ba56dd0ef042a1fe80b12ecc)] -> xpath: //span[contains(text(),'Regular')]]<br/>Regular radio button selected and object is:-[[ChromeDriver: chrome on XP (cd343627ba56dd0ef042a1fe80b12ecc)] -> xpath: //span[contains(text(),'Regular')]]<br/><a href='C:\Users\vaps\Desktop\IVRMPORTAL\src\main\java\com\vapsTechnosoft\IVRM\screenshot\tcSelectRegularButton_05_12_2018_06_37_01.png'> <img src='C:\Users\vaps\Desktop\IVRMPORTAL\src\main\java\com\vapsTechnosoft\IVRM\screenshot\tcSelectRegularButton_05_12_2018_06_37_01.png' height='100' width='100'/> </a></div></td></tr></table><p class="totop"><a href="#summary">back to summary</a></p><h3 id="m35">com.vapsTechnosoft.IVRM.Fee.TC_Transaction.Tc_Transaction_Fee_Transaction#tcValidationOfDataInOutputTableGrid</h3><table class="result"><tr class="param"><th>Parameter #1</th><th>Parameter #2</th><th>Parameter #3</th></tr><tr class="param stripe"><td>Student Name</td><td>Sanjana Tamada</td><td>Y</td></tr><tr><th colspan="3">Messages</th></tr><tr><td colspan="3"><div class="messages">Element is present...and object is: [[ChromeDriver: chrome on XP (cd343627ba56dd0ef042a1fe80b12ecc)] -> xpath: (//select[@id='sel1'])[3]]<br/>Selected Value from drop down Student Name and object is:- [[ChromeDriver: chrome on XP (cd343627ba56dd0ef042a1fe80b12ecc)] -> xpath: (//select[@id='sel1'])[3]]<br/>Selected item from drop down list is verified and selected item is: Student Name<br/>selected Student name for search:-Student Name and object is [[ChromeDriver: chrome on XP (cd343627ba56dd0ef042a1fe80b12ecc)] -> xpath: (//select[@id='sel1'])[3]]<br/>Element is present...and object is: [[ChromeDriver: chrome on XP (cd343627ba56dd0ef042a1fe80b12ecc)] -> xpath: //body[@id='style-4']//div/div[2]/div[2]/div[2]/div[1]/div/input]<br/>Entered value to input Field is Sanjana Tamada and object is:- [[ChromeDriver: chrome on XP (cd343627ba56dd0ef042a1fe80b12ecc)] -> xpath: //body[@id='style-4']//div/div[2]/div[2]/div[2]/div[1]/div/input]<br/>Entered student name for search:Sanjana Tamadaand object is:-[[ChromeDriver: chrome on XP (cd343627ba56dd0ef042a1fe80b12ecc)] -> xpath: //body[@id='style-4']//div/div[2]/div[2]/div[2]/div[1]/div/input]<br/>Element is present...and object is: [[ChromeDriver: chrome on XP (cd343627ba56dd0ef042a1fe80b12ecc)] -> xpath: //body[@id='style-4']//div/div[2]/div[2]/div[3]/div/button[1]]<br/>clicked on search button and object is:-[[ChromeDriver: chrome on XP (cd343627ba56dd0ef042a1fe80b12ecc)] -> xpath: //body[@id='style-4']//div/div[2]/div[2]/div[3]/div/button[1]]<br/><a href='C:\Users\vaps\Desktop\IVRMPORTAL\src\main\java\com\vapsTechnosoft\IVRM\screenshot\tcValidationOfDataInOutputTableGrid_05_12_2018_06_38_03.png'> <img src='C:\Users\vaps\Desktop\IVRMPORTAL\src\main\java\com\vapsTechnosoft\IVRM\screenshot\tcValidationOfDataInOutputTableGrid_05_12_2018_06_38_03.png' height='100' width='100'/> </a></div></td></tr></table><p class="totop"><a href="#summary">back to summary</a></p><h3 id="m36">com.vapsTechnosoft.IVRM.Fee.TC_Transaction.Tc_Transaction_Fee_Transaction#tcVerifyAcademicYear</h3><table class="result"><tr><th>Messages</th></tr><tr><td><div class="messages">Academic year is dispalyed and object is:-[[ChromeDriver: chrome on XP (cd343627ba56dd0ef042a1fe80b12ecc)] -> xpath: (//select[@id='sel1'])[1]]<br/><a href='C:\Users\vaps\Desktop\IVRMPORTAL\src\main\java\com\vapsTechnosoft\IVRM\screenshot\tcVerifyAcademicYear_05_12_2018_06_37_03.png'> <img src='C:\Users\vaps\Desktop\IVRMPORTAL\src\main\java\com\vapsTechnosoft\IVRM\screenshot\tcVerifyAcademicYear_05_12_2018_06_37_03.png' height='100' width='100'/> </a></div></td></tr></table><p class="totop"><a href="#summary">back to summary</a></p><h3 id="m37">com.vapsTechnosoft.IVRM.Fee.TC_Transaction.Tc_Transaction_Fee_Transaction#tcVerifyFeeTransactionPage</h3><table class="result"><tr><th>Messages</th></tr><tr><td><div class="messages">Fee Transaction page is dispalyed and object is:-[[ChromeDriver: chrome on XP (cd343627ba56dd0ef042a1fe80b12ecc)] -> xpath: //body[@id='style-4']/ui-view/div[1]/div/section/ol/li]<br/><a href='C:\Users\vaps\Desktop\IVRMPORTAL\src\main\java\com\vapsTechnosoft\IVRM\screenshot\tcVerifyFeeTransactionPage_05_12_2018_06_36_59.png'> <img src='C:\Users\vaps\Desktop\IVRMPORTAL\src\main\java\com\vapsTechnosoft\IVRM\screenshot\tcVerifyFeeTransactionPage_05_12_2018_06_36_59.png' height='100' width='100'/> </a></div></td></tr></table><p class="totop"><a href="#summary">back to summary</a></p><h3 id="m38">com.vapsTechnosoft.IVRM.Fee.TC_Transaction.Tc_Transaction_Fee_Transaction#tcVerifySuccessfulPopUp</h3><table class="result"><tr><th>Messages</th></tr><tr><td><div class="messages">Record saved successfully message is dispalyed and object is:-[[ChromeDriver: chrome on XP (cd343627ba56dd0ef042a1fe80b12ecc)] -> xpath: //body[@id='style-4']/div[5]/h2]<br/><a href='C:\Users\vaps\Desktop\IVRMPORTAL\src\main\java\com\vapsTechnosoft\IVRM\screenshot\tcVerifySuccessfulPopUp_05_12_2018_06_37_37.png'> <img src='C:\Users\vaps\Desktop\IVRMPORTAL\src\main\java\com\vapsTechnosoft\IVRM\screenshot\tcVerifySuccessfulPopUp_05_12_2018_06_37_37.png' height='100' width='100'/> </a></div></td></tr></table><p class="totop"><a href="#summary">back to summary</a></p></body></html>