<?xml version="1.0" encoding="UTF-8"?>
<testng-results skipped="4" failed="0" ignored="0" total="13" passed="9">
  <reporter-output>
    <line>
      <![CDATA[<a href='C:\Users\vaps\Desktop\IVRMPORTAL\src\main\java\com\vapsTechnosoft\IVRM\screenshot\Login Page_02_11_2018_04_28_35.png'> <img src='C:\Users\vaps\Desktop\IVRMPORTAL\src\main\java\com\vapsTechnosoft\IVRM\screenshot\Login Page_02_11_2018_04_28_35.png' height='100' width='100'/> </a>]]>
    </line>
    <line>
      <![CDATA[Element is present...and object is: [[ChromeDriver: chrome on XP (501c07c5b3f3a3dc4a6646d0fc7d412c)] -> xpath: //input[@id='login-username']]]]>
    </line>
    <line>
      <![CDATA[Entered value to input Field is Rakesh and object is:- [[ChromeDriver: chrome on XP (501c07c5b3f3a3dc4a6646d0fc7d412c)] -> xpath: //input[@id='login-username']]]]>
    </line>
    <line>
      <![CDATA[UserName entered Rakesh and object is:-[[ChromeDriver: chrome on XP (501c07c5b3f3a3dc4a6646d0fc7d412c)] -> xpath: //input[@id='login-username']]]]>
    </line>
    <line>
      <![CDATA[Element is present...and object is: [[ChromeDriver: chrome on XP (501c07c5b3f3a3dc4a6646d0fc7d412c)] -> xpath: //input[@id='login-password']]]]>
    </line>
    <line>
      <![CDATA[Entered value to input Field is Password@123 and object is:- [[ChromeDriver: chrome on XP (501c07c5b3f3a3dc4a6646d0fc7d412c)] -> xpath: //input[@id='login-password']]]]>
    </line>
    <line>
      <![CDATA[Password entered Password@123 and object is:-[[ChromeDriver: chrome on XP (501c07c5b3f3a3dc4a6646d0fc7d412c)] -> xpath: //input[@id='login-password']]]]>
    </line>
    <line>
      <![CDATA[Element is present...and object is: [[ChromeDriver: chrome on XP (501c07c5b3f3a3dc4a6646d0fc7d412c)] -> xpath: //b[text()='Sign in ']/parent::button]]]>
    </line>
    <line>
      <![CDATA[Clicked on button for specific action and object is:- [[ChromeDriver: chrome on XP (501c07c5b3f3a3dc4a6646d0fc7d412c)] -> xpath: //b[text()='Sign in ']/parent::button]]]>
    </line>
    <line>
      <![CDATA[Clicked on Login button and redirected to Home page, Object is:-Proxy element for: DefaultElementLocator 'By.xpath: //b[text()='Sign in ']/parent::button']]>
    </line>
    <line>
      <![CDATA[Element is present...and object is: [[ChromeDriver: chrome on XP (501c07c5b3f3a3dc4a6646d0fc7d412c)] -> xpath: //*[@id='style-4']/section/ul/li[1]/a/span]]]>
    </line>
    <line>
      <![CDATA[Home button is dispalyed and object is:-[[ChromeDriver: chrome on XP (501c07c5b3f3a3dc4a6646d0fc7d412c)] -> xpath: //*[@id='style-4']/section/ul/li[1]/a/span]]]>
    </line>
    <line>
      <![CDATA[<a href='C:\Users\vaps\Desktop\IVRMPORTAL\src\main\java\com\vapsTechnosoft\IVRM\screenshot\loginToappWithrequiredCredentials_02_11_2018_04_29_09.png'> <img src='C:\Users\vaps\Desktop\IVRMPORTAL\src\main\java\com\vapsTechnosoft\IVRM\screenshot\loginToappWithrequiredCredentials_02_11_2018_04_29_09.png' height='100' width='100'/> </a>]]>
    </line>
    <line>
      <![CDATA[Home button is dispalyed and object is:-[[ChromeDriver: chrome on XP (501c07c5b3f3a3dc4a6646d0fc7d412c)] -> xpath: //aside[@id='style-4']/section/ul/li[1]]]]>
    </line>
    <line>
      <![CDATA[<a href='C:\Users\vaps\Desktop\IVRMPORTAL\src\main\java\com\vapsTechnosoft\IVRM\screenshot\tcHomeButtonValidation_02_11_2018_04_29_11.png'> <img src='C:\Users\vaps\Desktop\IVRMPORTAL\src\main\java\com\vapsTechnosoft\IVRM\screenshot\tcHomeButtonValidation_02_11_2018_04_29_11.png' height='100' width='100'/> </a>]]>
    </line>
    <line>
      <![CDATA[Element is present...and object is: [[ChromeDriver: chrome on XP (501c07c5b3f3a3dc4a6646d0fc7d412c)] -> xpath: //span[contains(text(),'Fees')]/preceding-sibling::button]]]>
    </line>
    <line>
      <![CDATA[Clicked on button for specific action and object is:- [[ChromeDriver: chrome on XP (501c07c5b3f3a3dc4a6646d0fc7d412c)] -> xpath: //span[contains(text(),'Fees')]/preceding-sibling::button]]]>
    </line>
    <line>
      <![CDATA[Clicked on Fee Button and object is:-[[ChromeDriver: chrome on XP (501c07c5b3f3a3dc4a6646d0fc7d412c)] -> xpath: //span[contains(text(),'Fees')]/preceding-sibling::button]]]>
    </line>
    <line>
      <![CDATA[Element is present...and object is: [[ChromeDriver: chrome on XP (501c07c5b3f3a3dc4a6646d0fc7d412c)] -> xpath: //span[contains(text(),'Fees')]/preceding-sibling::button/following::span[contains(text(),'Transaction')][1]]]]>
    </line>
    <line>
      <![CDATA[Clicked on button for specific action and object is:- [[ChromeDriver: chrome on XP (501c07c5b3f3a3dc4a6646d0fc7d412c)] -> xpath: //span[contains(text(),'Fees')]/preceding-sibling::button/following::span[contains(text(),'Transaction')][1]]]]>
    </line>
    <line>
      <![CDATA[Clicked on Transaction Button and object is:-[[ChromeDriver: chrome on XP (501c07c5b3f3a3dc4a6646d0fc7d412c)] -> xpath: //span[contains(text(),'Fees')]/preceding-sibling::button/following::span[contains(text(),'Transaction')][1]]]]>
    </line>
    <line>
      <![CDATA[Element is present...and object is: [[ChromeDriver: chrome on XP (501c07c5b3f3a3dc4a6646d0fc7d412c)] -> xpath: //a[@href='#/app/FeeTransaction/89']]]]>
    </line>
    <line>
      <![CDATA[Clicked on button for specific action and object is:- [[ChromeDriver: chrome on XP (501c07c5b3f3a3dc4a6646d0fc7d412c)] -> xpath: //a[@href='#/app/FeeTransaction/89']]]]>
    </line>
    <line>
      <![CDATA[Clicked on Fee Transaction Button and object is:-[[ChromeDriver: chrome on XP (501c07c5b3f3a3dc4a6646d0fc7d412c)] -> xpath: //a[@href='#/app/FeeTransaction/89']]]]>
    </line>
    <line>
      <![CDATA[<a href='C:\Users\vaps\Desktop\IVRMPORTAL\src\main\java\com\vapsTechnosoft\IVRM\screenshot\tcNevigateTo_FeeTransaction_02_11_2018_04_29_15.png'> <img src='C:\Users\vaps\Desktop\IVRMPORTAL\src\main\java\com\vapsTechnosoft\IVRM\screenshot\tcNevigateTo_FeeTransaction_02_11_2018_04_29_15.png' height='100' width='100'/> </a>]]>
    </line>
    <line>
      <![CDATA[Element is present...and object is: [[ChromeDriver: chrome on XP (501c07c5b3f3a3dc4a6646d0fc7d412c)] -> xpath: (//select[@id='sel1'])[3]]]]>
    </line>
    <line>
      <![CDATA[Selected Value from drop down Student Name and object is:- [[ChromeDriver: chrome on XP (501c07c5b3f3a3dc4a6646d0fc7d412c)] -> xpath: (//select[@id='sel1'])[3]]]]>
    </line>
    <line>
      <![CDATA[Selected item from drop down list is verified and selected item is: Student Name]]>
    </line>
    <line>
      <![CDATA[selected Student name for search:-Student Name and object is [[ChromeDriver: chrome on XP (501c07c5b3f3a3dc4a6646d0fc7d412c)] -> xpath: (//select[@id='sel1'])[3]]]]>
    </line>
    <line>
      <![CDATA[Element is present...and object is: [[ChromeDriver: chrome on XP (501c07c5b3f3a3dc4a6646d0fc7d412c)] -> xpath: //body[@id='style-4']//div/div[2]/div[2]/div[2]/div[1]/div/input]]]>
    </line>
    <line>
      <![CDATA[Entered value to input Field is Sanjana Tamada and object is:- [[ChromeDriver: chrome on XP (501c07c5b3f3a3dc4a6646d0fc7d412c)] -> xpath: //body[@id='style-4']//div/div[2]/div[2]/div[2]/div[1]/div/input]]]>
    </line>
    <line>
      <![CDATA[Entered student name for search:Sanjana Tamadaand object is:-[[ChromeDriver: chrome on XP (501c07c5b3f3a3dc4a6646d0fc7d412c)] -> xpath: //body[@id='style-4']//div/div[2]/div[2]/div[2]/div[1]/div/input]]]>
    </line>
    <line>
      <![CDATA[Element is present...and object is: [[ChromeDriver: chrome on XP (501c07c5b3f3a3dc4a6646d0fc7d412c)] -> xpath: //body[@id='style-4']//div/div[2]/div[2]/div[3]/div/button[1]]]]>
    </line>
    <line>
      <![CDATA[Clicked on button for specific action and object is:- [[ChromeDriver: chrome on XP (501c07c5b3f3a3dc4a6646d0fc7d412c)] -> xpath: //body[@id='style-4']//div/div[2]/div[2]/div[3]/div/button[1]]]]>
    </line>
    <line>
      <![CDATA[clicked on search button and object is:-[[ChromeDriver: chrome on XP (501c07c5b3f3a3dc4a6646d0fc7d412c)] -> xpath: //body[@id='style-4']//div/div[2]/div[2]/div[3]/div/button[1]]]]>
    </line>
    <line>
      <![CDATA[Created record is added into the output gridSanjana Tamada]]>
    </line>
    <line>
      <![CDATA[<a href='C:\Users\vaps\Desktop\IVRMPORTAL\src\main\java\com\vapsTechnosoft\IVRM\screenshot\tcValidationOfDataInOutputTableGrid_02_11_2018_04_29_25.png'> <img src='C:\Users\vaps\Desktop\IVRMPORTAL\src\main\java\com\vapsTechnosoft\IVRM\screenshot\tcValidationOfDataInOutputTableGrid_02_11_2018_04_29_25.png' height='100' width='100'/> </a>]]>
    </line>
    <line>
      <![CDATA[Creted record is added into the output gridSanjana Tamada]]>
    </line>
    <line>
      <![CDATA[Clicked on print receipt and receipt is open]]>
    </line>
    <line>
      <![CDATA[<a href='C:\Users\vaps\Desktop\IVRMPORTAL\src\main\java\com\vapsTechnosoft\IVRM\screenshot\tcPrintReceiptValidation_02_11_2018_04_29_35.png'> <img src='C:\Users\vaps\Desktop\IVRMPORTAL\src\main\java\com\vapsTechnosoft\IVRM\screenshot\tcPrintReceiptValidation_02_11_2018_04_29_35.png' height='100' width='100'/> </a>]]>
    </line>
    <line>
      <![CDATA[Element is present...and object is: [[ChromeDriver: chrome on XP (501c07c5b3f3a3dc4a6646d0fc7d412c)] -> xpath: //button[contains(text(),'Print')]/following-sibling::Button]]]>
    </line>
    <line>
      <![CDATA[Clicked on button for specific action and object is:- [[ChromeDriver: chrome on XP (501c07c5b3f3a3dc4a6646d0fc7d412c)] -> xpath: //button[contains(text(),'Print')]/following-sibling::Button]]]>
    </line>
    <line>
      <![CDATA[Clicked on Fee receipt screen close button]]>
    </line>
    <line>
      <![CDATA[<a href='C:\Users\vaps\Desktop\IVRMPORTAL\src\main\java\com\vapsTechnosoft\IVRM\screenshot\tcClickOnFeeReceiptCloseButton_02_11_2018_04_29_36.png'> <img src='C:\Users\vaps\Desktop\IVRMPORTAL\src\main\java\com\vapsTechnosoft\IVRM\screenshot\tcClickOnFeeReceiptCloseButton_02_11_2018_04_29_36.png' height='100' width='100'/> </a>]]>
    </line>
    <line>
      <![CDATA[Element is present...and object is: [[ChromeDriver: chrome on XP (501c07c5b3f3a3dc4a6646d0fc7d412c)] -> xpath: //button[@class='btn btn-warning']]]]>
    </line>
    <line>
      <![CDATA[Clicked on button for specific action and object is:- [[ChromeDriver: chrome on XP (501c07c5b3f3a3dc4a6646d0fc7d412c)] -> xpath: //button[@class='btn btn-warning']]]]>
    </line>
    <line>
      <![CDATA[Clicked on Search cancel button and object is:-[[ChromeDriver: chrome on XP (501c07c5b3f3a3dc4a6646d0fc7d412c)] -> xpath: //button[@class='btn btn-warning']]]]>
    </line>
    <line>
      <![CDATA[<a href='C:\Users\vaps\Desktop\IVRMPORTAL\src\main\java\com\vapsTechnosoft\IVRM\screenshot\tcClickOnSearch_CancelButton_02_11_2018_04_29_38.png'> <img src='C:\Users\vaps\Desktop\IVRMPORTAL\src\main\java\com\vapsTechnosoft\IVRM\screenshot\tcClickOnSearch_CancelButton_02_11_2018_04_29_38.png' height='100' width='100'/> </a>]]>
    </line>
    <line>
      <![CDATA[Element is present...and object is: [[ChromeDriver: chrome on XP (501c07c5b3f3a3dc4a6646d0fc7d412c)] -> xpath: (//select[@id='sel1'])[3]]]]>
    </line>
    <line>
      <![CDATA[Selected Value from drop down Student Name and object is:- [[ChromeDriver: chrome on XP (501c07c5b3f3a3dc4a6646d0fc7d412c)] -> xpath: (//select[@id='sel1'])[3]]]]>
    </line>
    <line>
      <![CDATA[Selected item from drop down list is verified and selected item is: Student Name]]>
    </line>
    <line>
      <![CDATA[selected Student name for search:-Student Name and object is [[ChromeDriver: chrome on XP (501c07c5b3f3a3dc4a6646d0fc7d412c)] -> xpath: (//select[@id='sel1'])[3]]]]>
    </line>
    <line>
      <![CDATA[Element is present...and object is: [[ChromeDriver: chrome on XP (501c07c5b3f3a3dc4a6646d0fc7d412c)] -> xpath: //body[@id='style-4']//div/div[2]/div[2]/div[2]/div[1]/div/input]]]>
    </line>
    <line>
      <![CDATA[Entered value to input Field is Sanjana Tamada and object is:- [[ChromeDriver: chrome on XP (501c07c5b3f3a3dc4a6646d0fc7d412c)] -> xpath: //body[@id='style-4']//div/div[2]/div[2]/div[2]/div[1]/div/input]]]>
    </line>
    <line>
      <![CDATA[Entered student name for search:Sanjana Tamadaand object is:-[[ChromeDriver: chrome on XP (501c07c5b3f3a3dc4a6646d0fc7d412c)] -> xpath: //body[@id='style-4']//div/div[2]/div[2]/div[2]/div[1]/div/input]]]>
    </line>
    <line>
      <![CDATA[Element is present...and object is: [[ChromeDriver: chrome on XP (501c07c5b3f3a3dc4a6646d0fc7d412c)] -> xpath: //body[@id='style-4']//div/div[2]/div[2]/div[3]/div/button[1]]]]>
    </line>
    <line>
      <![CDATA[Clicked on button for specific action and object is:- [[ChromeDriver: chrome on XP (501c07c5b3f3a3dc4a6646d0fc7d412c)] -> xpath: //body[@id='style-4']//div/div[2]/div[2]/div[3]/div/button[1]]]]>
    </line>
    <line>
      <![CDATA[clicked on search button and object is:-[[ChromeDriver: chrome on XP (501c07c5b3f3a3dc4a6646d0fc7d412c)] -> xpath: //body[@id='style-4']//div/div[2]/div[2]/div[3]/div/button[1]]]]>
    </line>
    <line>
      <![CDATA[Creted record is added into the output gridSanjana Tamada]]>
    </line>
    <line>
      <![CDATA[Clicked on print receipt and receipt is open]]>
    </line>
    <line>
      <![CDATA[<a href='C:\Users\vaps\Desktop\IVRMPORTAL\src\main\java\com\vapsTechnosoft\IVRM\screenshot\tcClickOnPrintReceiptButton_02_11_2018_04_29_51.png'> <img src='C:\Users\vaps\Desktop\IVRMPORTAL\src\main\java\com\vapsTechnosoft\IVRM\screenshot\tcClickOnPrintReceiptButton_02_11_2018_04_29_51.png' height='100' width='100'/> </a>]]>
    </line>
    <line>
      <![CDATA[Element is present...and object is: [[ChromeDriver: chrome on XP (501c07c5b3f3a3dc4a6646d0fc7d412c)] -> xpath: //button[contains(text(),'Print')]]]]>
    </line>
    <line>
      <![CDATA[Clicked on button for specific action and object is:- [[ChromeDriver: chrome on XP (501c07c5b3f3a3dc4a6646d0fc7d412c)] -> xpath: //button[contains(text(),'Print')]]]]>
    </line>
    <line>
      <![CDATA[Print button is clicked to generate report and object is:-[[ChromeDriver: chrome on XP (501c07c5b3f3a3dc4a6646d0fc7d412c)] -> xpath: //button[contains(text(),'Print')]]]]>
    </line>
    <line>
      <![CDATA[<a href='C:\Users\vaps\Desktop\IVRMPORTAL\src\main\java\com\vapsTechnosoft\IVRM\screenshot\tcPrintOfFeereceipt_02_11_2018_04_29_57.png'> <img src='C:\Users\vaps\Desktop\IVRMPORTAL\src\main\java\com\vapsTechnosoft\IVRM\screenshot\tcPrintOfFeereceipt_02_11_2018_04_29_57.png' height='100' width='100'/> </a>]]>
    </line>
    <line>
      <![CDATA[Element is present...and object is: [[ChromeDriver: chrome on XP (501c07c5b3f3a3dc4a6646d0fc7d412c)] -> xpath: //span[contains(text(),'Logout')]/preceding-sibling::button]]]>
    </line>
    <line>
      <![CDATA[Clicked on button for specific action and object is:- [[ChromeDriver: chrome on XP (501c07c5b3f3a3dc4a6646d0fc7d412c)] -> xpath: //span[contains(text(),'Logout')]/preceding-sibling::button]]]>
    </line>
    <line>
      <![CDATA[Clicked on Logout button and object is:-Proxy element for: DefaultElementLocator 'By.xpath: //span[contains(text(),'Logout')]/preceding-sibling::button']]>
    </line>
  </reporter-output>
  <suite name="Default suite" duration-ms="126729" started-at="2018-11-02T10:58:25Z" finished-at="2018-11-02T11:00:31Z">
    <groups>
    </groups>
    <test name="Default test" duration-ms="126729" started-at="2018-11-02T10:58:25Z" finished-at="2018-11-02T11:00:31Z">
      <class name="com.vapsTechnosoft.IVRM.Fee.TC_Transaction.Tc_Transaction_Fee_Transaction">
        <test-method status="PASS" signature="setUp()[pri:0, instance:com.vapsTechnosoft.IVRM.Fee.TC_Transaction.Tc_Transaction_Fee_Transaction@2b546384]" name="setUp" is-config="true" duration-ms="10257" started-at="2018-11-02T16:28:25Z" finished-at="2018-11-02T16:28:35Z">
          <reporter-output>
          </reporter-output>
        </test-method> <!-- setUp -->
        <test-method status="PASS" signature="beforeMethod(java.lang.reflect.Method)[pri:0, instance:com.vapsTechnosoft.IVRM.Fee.TC_Transaction.Tc_Transaction_Fee_Transaction@2b546384]" name="beforeMethod" is-config="true" duration-ms="3" started-at="2018-11-02T16:28:35Z" finished-at="2018-11-02T16:28:35Z">
          <params>
            <param index="0">
              <value>
                <![CDATA[public void com.vapsTechnosoft.IVRM.Fee.TC_Transaction.Tc_Transaction_Fee_Transaction.loginToappWithrequiredCredentials(java.lang.String,java.lang.String,java.lang.String)]]>
              </value>
            </param>
          </params>
          <reporter-output>
          </reporter-output>
        </test-method> <!-- beforeMethod -->
        <test-method status="PASS" signature="loginToappWithrequiredCredentials(java.lang.String, java.lang.String, java.lang.String)[pri:1, instance:com.vapsTechnosoft.IVRM.Fee.TC_Transaction.Tc_Transaction_Fee_Transaction@2b546384]" name="loginToappWithrequiredCredentials" duration-ms="34213" started-at="2018-11-02T16:28:35Z" data-provider="vapsloginData" finished-at="2018-11-02T16:29:10Z">
          <params>
            <param index="0">
              <value>
                <![CDATA[Rakesh]]>
              </value>
            </param>
            <param index="1">
              <value>
                <![CDATA[Password@123]]>
              </value>
            </param>
            <param index="2">
              <value>
                <![CDATA[Y]]>
              </value>
            </param>
          </params>
          <reporter-output>
            <line>
              <![CDATA[<a href='C:\Users\vaps\Desktop\IVRMPORTAL\src\main\java\com\vapsTechnosoft\IVRM\screenshot\Login Page_02_11_2018_04_28_35.png'> <img src='C:\Users\vaps\Desktop\IVRMPORTAL\src\main\java\com\vapsTechnosoft\IVRM\screenshot\Login Page_02_11_2018_04_28_35.png' height='100' width='100'/> </a>]]>
            </line>
            <line>
              <![CDATA[Element is present...and object is: [[ChromeDriver: chrome on XP (501c07c5b3f3a3dc4a6646d0fc7d412c)] -> xpath: //input[@id='login-username']]]]>
            </line>
            <line>
              <![CDATA[Entered value to input Field is Rakesh and object is:- [[ChromeDriver: chrome on XP (501c07c5b3f3a3dc4a6646d0fc7d412c)] -> xpath: //input[@id='login-username']]]]>
            </line>
            <line>
              <![CDATA[UserName entered Rakesh and object is:-[[ChromeDriver: chrome on XP (501c07c5b3f3a3dc4a6646d0fc7d412c)] -> xpath: //input[@id='login-username']]]]>
            </line>
            <line>
              <![CDATA[Element is present...and object is: [[ChromeDriver: chrome on XP (501c07c5b3f3a3dc4a6646d0fc7d412c)] -> xpath: //input[@id='login-password']]]]>
            </line>
            <line>
              <![CDATA[Entered value to input Field is Password@123 and object is:- [[ChromeDriver: chrome on XP (501c07c5b3f3a3dc4a6646d0fc7d412c)] -> xpath: //input[@id='login-password']]]]>
            </line>
            <line>
              <![CDATA[Password entered Password@123 and object is:-[[ChromeDriver: chrome on XP (501c07c5b3f3a3dc4a6646d0fc7d412c)] -> xpath: //input[@id='login-password']]]]>
            </line>
            <line>
              <![CDATA[Element is present...and object is: [[ChromeDriver: chrome on XP (501c07c5b3f3a3dc4a6646d0fc7d412c)] -> xpath: //b[text()='Sign in ']/parent::button]]]>
            </line>
            <line>
              <![CDATA[Clicked on button for specific action and object is:- [[ChromeDriver: chrome on XP (501c07c5b3f3a3dc4a6646d0fc7d412c)] -> xpath: //b[text()='Sign in ']/parent::button]]]>
            </line>
            <line>
              <![CDATA[Clicked on Login button and redirected to Home page, Object is:-Proxy element for: DefaultElementLocator 'By.xpath: //b[text()='Sign in ']/parent::button']]>
            </line>
            <line>
              <![CDATA[Element is present...and object is: [[ChromeDriver: chrome on XP (501c07c5b3f3a3dc4a6646d0fc7d412c)] -> xpath: //*[@id='style-4']/section/ul/li[1]/a/span]]]>
            </line>
            <line>
              <![CDATA[Home button is dispalyed and object is:-[[ChromeDriver: chrome on XP (501c07c5b3f3a3dc4a6646d0fc7d412c)] -> xpath: //*[@id='style-4']/section/ul/li[1]/a/span]]]>
            </line>
            <line>
              <![CDATA[<a href='C:\Users\vaps\Desktop\IVRMPORTAL\src\main\java\com\vapsTechnosoft\IVRM\screenshot\loginToappWithrequiredCredentials_02_11_2018_04_29_09.png'> <img src='C:\Users\vaps\Desktop\IVRMPORTAL\src\main\java\com\vapsTechnosoft\IVRM\screenshot\loginToappWithrequiredCredentials_02_11_2018_04_29_09.png' height='100' width='100'/> </a>]]>
            </line>
          </reporter-output>
        </test-method> <!-- loginToappWithrequiredCredentials -->
        <test-method status="PASS" signature="afterMethod(org.testng.ITestResult)[pri:0, instance:com.vapsTechnosoft.IVRM.Fee.TC_Transaction.Tc_Transaction_Fee_Transaction@2b546384]" name="afterMethod" is-config="true" duration-ms="0" started-at="2018-11-02T16:29:10Z" finished-at="2018-11-02T16:29:10Z">
          <params>
            <param index="0">
              <value>
                <![CDATA[[TestResult name=loginToappWithrequiredCredentials status=SUCCESS method=Tc_Transaction_Fee_Transaction.loginToappWithrequiredCredentials(java.lang.String, java.lang.String, java.lang.String)[pri:1, instance:com.vapsTechnosoft.IVRM.Fee.TC_Transaction.Tc_Transaction_Fee_Transaction@2b546384] output=<a href='C:\Users\vaps\Desktop\IVRMPORTAL\src\main\java\com\vapsTechnosoft\IVRM\screenshot\Login Page_02_11_2018_04_28_35.png'> <img src='C:\Users\vaps\Desktop\IVRMPORTAL\src\main\java\com\vapsTechnosoft\IVRM\screenshot\Login Page_02_11_2018_04_28_35.png' height='100' width='100'/> </a>]]]>
              </value>
            </param>
          </params>
          <reporter-output>
          </reporter-output>
        </test-method> <!-- afterMethod -->
        <test-method status="SKIP" signature="loginToappWithrequiredCredentials(java.lang.String, java.lang.String, java.lang.String)[pri:1, instance:com.vapsTechnosoft.IVRM.Fee.TC_Transaction.Tc_Transaction_Fee_Transaction@2b546384]" name="loginToappWithrequiredCredentials" duration-ms="1" started-at="2018-11-02T16:29:10Z" data-provider="vapsloginData" finished-at="2018-11-02T16:29:10Z">
          <params>
            <param index="0">
              <value>
                <![CDATA[Radha]]>
              </value>
            </param>
            <param index="1">
              <value>
                <![CDATA[Radha@123]]>
              </value>
            </param>
            <param index="2">
              <value>
                <![CDATA[N]]>
              </value>
            </param>
          </params>
          <exception class="org.testng.SkipException">
            <message>
              <![CDATA[user marked this record as no run]]>
            </message>
            <full-stacktrace>
              <![CDATA[org.testng.SkipException: user marked this record as no run
	at com.vapsTechnosoft.IVRM.Fee.TC_Transaction.Tc_Transaction_Fee_Transaction.loginToappWithrequiredCredentials(Tc_Transaction_Fee_Transaction.java:85)
	at sun.reflect.NativeMethodAccessorImpl.invoke0(Native Method)
	at sun.reflect.NativeMethodAccessorImpl.invoke(Unknown Source)
	at sun.reflect.DelegatingMethodAccessorImpl.invoke(Unknown Source)
	at java.lang.reflect.Method.invoke(Unknown Source)
	at org.testng.internal.MethodInvocationHelper.invokeMethod(MethodInvocationHelper.java:104)
	at org.testng.internal.Invoker.invokeMethod(Invoker.java:645)
	at org.testng.internal.Invoker.invokeTestMethod(Invoker.java:851)
	at org.testng.internal.Invoker.invokeTestMethods(Invoker.java:1177)
	at org.testng.internal.TestMethodWorker.invokeTestMethods(TestMethodWorker.java:129)
	at org.testng.internal.TestMethodWorker.run(TestMethodWorker.java:112)
	at org.testng.TestRunner.privateRun(TestRunner.java:756)
	at org.testng.TestRunner.run(TestRunner.java:610)
	at org.testng.SuiteRunner.runTest(SuiteRunner.java:387)
	at org.testng.SuiteRunner.runSequentially(SuiteRunner.java:382)
	at org.testng.SuiteRunner.privateRun(SuiteRunner.java:340)
	at org.testng.SuiteRunner.run(SuiteRunner.java:289)
	at org.testng.SuiteRunnerWorker.runSuite(SuiteRunnerWorker.java:52)
	at org.testng.SuiteRunnerWorker.run(SuiteRunnerWorker.java:86)
	at org.testng.TestNG.runSuitesSequentially(TestNG.java:1293)
	at org.testng.TestNG.runSuitesLocally(TestNG.java:1218)
	at org.testng.TestNG.runSuites(TestNG.java:1133)
	at org.testng.TestNG.run(TestNG.java:1104)
	at org.testng.remote.AbstractRemoteTestNG.run(AbstractRemoteTestNG.java:132)
	at org.testng.remote.RemoteTestNG.initAndRun(RemoteTestNG.java:230)
	at org.testng.remote.RemoteTestNG.main(RemoteTestNG.java:76)
]]>
            </full-stacktrace>
          </exception> <!-- org.testng.SkipException -->
          <reporter-output>
          </reporter-output>
        </test-method> <!-- loginToappWithrequiredCredentials -->
        <test-method status="PASS" signature="beforeMethod(java.lang.reflect.Method)[pri:0, instance:com.vapsTechnosoft.IVRM.Fee.TC_Transaction.Tc_Transaction_Fee_Transaction@2b546384]" name="beforeMethod" is-config="true" duration-ms="0" started-at="2018-11-02T16:29:10Z" finished-at="2018-11-02T16:29:10Z">
          <params>
            <param index="0">
              <value>
                <![CDATA[public void com.vapsTechnosoft.IVRM.Fee.TC_Transaction.Tc_Transaction_Fee_Transaction.loginToappWithrequiredCredentials(java.lang.String,java.lang.String,java.lang.String)]]>
              </value>
            </param>
          </params>
          <reporter-output>
          </reporter-output>
        </test-method> <!-- beforeMethod -->
        <test-method status="SKIP" signature="loginToappWithrequiredCredentials(java.lang.String, java.lang.String, java.lang.String)[pri:1, instance:com.vapsTechnosoft.IVRM.Fee.TC_Transaction.Tc_Transaction_Fee_Transaction@2b546384]" name="loginToappWithrequiredCredentials" duration-ms="3" started-at="2018-11-02T16:29:10Z" data-provider="vapsloginData" finished-at="2018-11-02T16:29:10Z">
          <params>
            <param index="0">
              <value>
                <![CDATA[arvind]]>
              </value>
            </param>
            <param index="1">
              <value>
                <![CDATA[VapsTech@121]]>
              </value>
            </param>
            <param index="2">
              <value>
                <![CDATA[N]]>
              </value>
            </param>
          </params>
          <exception class="org.testng.SkipException">
            <message>
              <![CDATA[user marked this record as no run]]>
            </message>
            <full-stacktrace>
              <![CDATA[org.testng.SkipException: user marked this record as no run
	at com.vapsTechnosoft.IVRM.Fee.TC_Transaction.Tc_Transaction_Fee_Transaction.loginToappWithrequiredCredentials(Tc_Transaction_Fee_Transaction.java:85)
	at sun.reflect.NativeMethodAccessorImpl.invoke0(Native Method)
	at sun.reflect.NativeMethodAccessorImpl.invoke(Unknown Source)
	at sun.reflect.DelegatingMethodAccessorImpl.invoke(Unknown Source)
	at java.lang.reflect.Method.invoke(Unknown Source)
	at org.testng.internal.MethodInvocationHelper.invokeMethod(MethodInvocationHelper.java:104)
	at org.testng.internal.Invoker.invokeMethod(Invoker.java:645)
	at org.testng.internal.Invoker.invokeTestMethod(Invoker.java:851)
	at org.testng.internal.Invoker.invokeTestMethods(Invoker.java:1177)
	at org.testng.internal.TestMethodWorker.invokeTestMethods(TestMethodWorker.java:129)
	at org.testng.internal.TestMethodWorker.run(TestMethodWorker.java:112)
	at org.testng.TestRunner.privateRun(TestRunner.java:756)
	at org.testng.TestRunner.run(TestRunner.java:610)
	at org.testng.SuiteRunner.runTest(SuiteRunner.java:387)
	at org.testng.SuiteRunner.runSequentially(SuiteRunner.java:382)
	at org.testng.SuiteRunner.privateRun(SuiteRunner.java:340)
	at org.testng.SuiteRunner.run(SuiteRunner.java:289)
	at org.testng.SuiteRunnerWorker.runSuite(SuiteRunnerWorker.java:52)
	at org.testng.SuiteRunnerWorker.run(SuiteRunnerWorker.java:86)
	at org.testng.TestNG.runSuitesSequentially(TestNG.java:1293)
	at org.testng.TestNG.runSuitesLocally(TestNG.java:1218)
	at org.testng.TestNG.runSuites(TestNG.java:1133)
	at org.testng.TestNG.run(TestNG.java:1104)
	at org.testng.remote.AbstractRemoteTestNG.run(AbstractRemoteTestNG.java:132)
	at org.testng.remote.RemoteTestNG.initAndRun(RemoteTestNG.java:230)
	at org.testng.remote.RemoteTestNG.main(RemoteTestNG.java:76)
]]>
            </full-stacktrace>
          </exception> <!-- org.testng.SkipException -->
          <reporter-output>
          </reporter-output>
        </test-method> <!-- loginToappWithrequiredCredentials -->
        <test-method status="PASS" signature="beforeMethod(java.lang.reflect.Method)[pri:0, instance:com.vapsTechnosoft.IVRM.Fee.TC_Transaction.Tc_Transaction_Fee_Transaction@2b546384]" name="beforeMethod" is-config="true" duration-ms="0" started-at="2018-11-02T16:29:10Z" finished-at="2018-11-02T16:29:10Z">
          <params>
            <param index="0">
              <value>
                <![CDATA[public void com.vapsTechnosoft.IVRM.Fee.TC_Transaction.Tc_Transaction_Fee_Transaction.loginToappWithrequiredCredentials(java.lang.String,java.lang.String,java.lang.String)]]>
              </value>
            </param>
          </params>
          <reporter-output>
          </reporter-output>
        </test-method> <!-- beforeMethod -->
        <test-method status="PASS" signature="afterMethod(org.testng.ITestResult)[pri:0, instance:com.vapsTechnosoft.IVRM.Fee.TC_Transaction.Tc_Transaction_Fee_Transaction@2b546384]" name="afterMethod" is-config="true" duration-ms="0" started-at="2018-11-02T16:29:10Z" finished-at="2018-11-02T16:29:10Z">
          <params>
            <param index="0">
              <value>
                <![CDATA[[TestResult name=loginToappWithrequiredCredentials status=SKIP method=Tc_Transaction_Fee_Transaction.loginToappWithrequiredCredentials(java.lang.String, java.lang.String, java.lang.String)[pri:1, instance:com.vapsTechnosoft.IVRM.Fee.TC_Transaction.Tc_Transaction_Fee_Transaction@2b546384] output={null}]]]>
              </value>
            </param>
          </params>
          <reporter-output>
          </reporter-output>
        </test-method> <!-- afterMethod -->
        <test-method status="SKIP" signature="loginToappWithrequiredCredentials(java.lang.String, java.lang.String, java.lang.String)[pri:1, instance:com.vapsTechnosoft.IVRM.Fee.TC_Transaction.Tc_Transaction_Fee_Transaction@2b546384]" name="loginToappWithrequiredCredentials" duration-ms="1" started-at="2018-11-02T16:29:10Z" data-provider="vapsloginData" finished-at="2018-11-02T16:29:10Z">
          <params>
            <param index="0">
              <value>
                <![CDATA[Rakesh]]>
              </value>
            </param>
            <param index="1">
              <value>
                <![CDATA[Rakesh@321]]>
              </value>
            </param>
            <param index="2">
              <value>
                <![CDATA[N]]>
              </value>
            </param>
          </params>
          <exception class="org.testng.SkipException">
            <message>
              <![CDATA[user marked this record as no run]]>
            </message>
            <full-stacktrace>
              <![CDATA[org.testng.SkipException: user marked this record as no run
	at com.vapsTechnosoft.IVRM.Fee.TC_Transaction.Tc_Transaction_Fee_Transaction.loginToappWithrequiredCredentials(Tc_Transaction_Fee_Transaction.java:85)
	at sun.reflect.NativeMethodAccessorImpl.invoke0(Native Method)
	at sun.reflect.NativeMethodAccessorImpl.invoke(Unknown Source)
	at sun.reflect.DelegatingMethodAccessorImpl.invoke(Unknown Source)
	at java.lang.reflect.Method.invoke(Unknown Source)
	at org.testng.internal.MethodInvocationHelper.invokeMethod(MethodInvocationHelper.java:104)
	at org.testng.internal.Invoker.invokeMethod(Invoker.java:645)
	at org.testng.internal.Invoker.invokeTestMethod(Invoker.java:851)
	at org.testng.internal.Invoker.invokeTestMethods(Invoker.java:1177)
	at org.testng.internal.TestMethodWorker.invokeTestMethods(TestMethodWorker.java:129)
	at org.testng.internal.TestMethodWorker.run(TestMethodWorker.java:112)
	at org.testng.TestRunner.privateRun(TestRunner.java:756)
	at org.testng.TestRunner.run(TestRunner.java:610)
	at org.testng.SuiteRunner.runTest(SuiteRunner.java:387)
	at org.testng.SuiteRunner.runSequentially(SuiteRunner.java:382)
	at org.testng.SuiteRunner.privateRun(SuiteRunner.java:340)
	at org.testng.SuiteRunner.run(SuiteRunner.java:289)
	at org.testng.SuiteRunnerWorker.runSuite(SuiteRunnerWorker.java:52)
	at org.testng.SuiteRunnerWorker.run(SuiteRunnerWorker.java:86)
	at org.testng.TestNG.runSuitesSequentially(TestNG.java:1293)
	at org.testng.TestNG.runSuitesLocally(TestNG.java:1218)
	at org.testng.TestNG.runSuites(TestNG.java:1133)
	at org.testng.TestNG.run(TestNG.java:1104)
	at org.testng.remote.AbstractRemoteTestNG.run(AbstractRemoteTestNG.java:132)
	at org.testng.remote.RemoteTestNG.initAndRun(RemoteTestNG.java:230)
	at org.testng.remote.RemoteTestNG.main(RemoteTestNG.java:76)
]]>
            </full-stacktrace>
          </exception> <!-- org.testng.SkipException -->
          <reporter-output>
          </reporter-output>
        </test-method> <!-- loginToappWithrequiredCredentials -->
        <test-method status="PASS" signature="afterMethod(org.testng.ITestResult)[pri:0, instance:com.vapsTechnosoft.IVRM.Fee.TC_Transaction.Tc_Transaction_Fee_Transaction@2b546384]" name="afterMethod" is-config="true" duration-ms="0" started-at="2018-11-02T16:29:10Z" finished-at="2018-11-02T16:29:10Z">
          <params>
            <param index="0">
              <value>
                <![CDATA[[TestResult name=loginToappWithrequiredCredentials status=SKIP method=Tc_Transaction_Fee_Transaction.loginToappWithrequiredCredentials(java.lang.String, java.lang.String, java.lang.String)[pri:1, instance:com.vapsTechnosoft.IVRM.Fee.TC_Transaction.Tc_Transaction_Fee_Transaction@2b546384] output={null}]]]>
              </value>
            </param>
          </params>
          <reporter-output>
          </reporter-output>
        </test-method> <!-- afterMethod -->
        <test-method status="PASS" signature="beforeMethod(java.lang.reflect.Method)[pri:0, instance:com.vapsTechnosoft.IVRM.Fee.TC_Transaction.Tc_Transaction_Fee_Transaction@2b546384]" name="beforeMethod" is-config="true" duration-ms="0" started-at="2018-11-02T16:29:10Z" finished-at="2018-11-02T16:29:10Z">
          <params>
            <param index="0">
              <value>
                <![CDATA[public void com.vapsTechnosoft.IVRM.Fee.TC_Transaction.Tc_Transaction_Fee_Transaction.loginToappWithrequiredCredentials(java.lang.String,java.lang.String,java.lang.String)]]>
              </value>
            </param>
          </params>
          <reporter-output>
          </reporter-output>
        </test-method> <!-- beforeMethod -->
        <test-method status="SKIP" signature="loginToappWithrequiredCredentials(java.lang.String, java.lang.String, java.lang.String)[pri:1, instance:com.vapsTechnosoft.IVRM.Fee.TC_Transaction.Tc_Transaction_Fee_Transaction@2b546384]" name="loginToappWithrequiredCredentials" duration-ms="1" started-at="2018-11-02T16:29:10Z" data-provider="vapsloginData" finished-at="2018-11-02T16:29:10Z">
          <params>
            <param index="0">
              <value>
                <![CDATA[RR]]>
              </value>
            </param>
            <param index="1">
              <value>
                <![CDATA[Password@123]]>
              </value>
            </param>
            <param index="2">
              <value>
                <![CDATA[N]]>
              </value>
            </param>
          </params>
          <exception class="org.testng.SkipException">
            <message>
              <![CDATA[user marked this record as no run]]>
            </message>
            <full-stacktrace>
              <![CDATA[org.testng.SkipException: user marked this record as no run
	at com.vapsTechnosoft.IVRM.Fee.TC_Transaction.Tc_Transaction_Fee_Transaction.loginToappWithrequiredCredentials(Tc_Transaction_Fee_Transaction.java:85)
	at sun.reflect.NativeMethodAccessorImpl.invoke0(Native Method)
	at sun.reflect.NativeMethodAccessorImpl.invoke(Unknown Source)
	at sun.reflect.DelegatingMethodAccessorImpl.invoke(Unknown Source)
	at java.lang.reflect.Method.invoke(Unknown Source)
	at org.testng.internal.MethodInvocationHelper.invokeMethod(MethodInvocationHelper.java:104)
	at org.testng.internal.Invoker.invokeMethod(Invoker.java:645)
	at org.testng.internal.Invoker.invokeTestMethod(Invoker.java:851)
	at org.testng.internal.Invoker.invokeTestMethods(Invoker.java:1177)
	at org.testng.internal.TestMethodWorker.invokeTestMethods(TestMethodWorker.java:129)
	at org.testng.internal.TestMethodWorker.run(TestMethodWorker.java:112)
	at org.testng.TestRunner.privateRun(TestRunner.java:756)
	at org.testng.TestRunner.run(TestRunner.java:610)
	at org.testng.SuiteRunner.runTest(SuiteRunner.java:387)
	at org.testng.SuiteRunner.runSequentially(SuiteRunner.java:382)
	at org.testng.SuiteRunner.privateRun(SuiteRunner.java:340)
	at org.testng.SuiteRunner.run(SuiteRunner.java:289)
	at org.testng.SuiteRunnerWorker.runSuite(SuiteRunnerWorker.java:52)
	at org.testng.SuiteRunnerWorker.run(SuiteRunnerWorker.java:86)
	at org.testng.TestNG.runSuitesSequentially(TestNG.java:1293)
	at org.testng.TestNG.runSuitesLocally(TestNG.java:1218)
	at org.testng.TestNG.runSuites(TestNG.java:1133)
	at org.testng.TestNG.run(TestNG.java:1104)
	at org.testng.remote.AbstractRemoteTestNG.run(AbstractRemoteTestNG.java:132)
	at org.testng.remote.RemoteTestNG.initAndRun(RemoteTestNG.java:230)
	at org.testng.remote.RemoteTestNG.main(RemoteTestNG.java:76)
]]>
            </full-stacktrace>
          </exception> <!-- org.testng.SkipException -->
          <reporter-output>
          </reporter-output>
        </test-method> <!-- loginToappWithrequiredCredentials -->
        <test-method status="PASS" signature="afterMethod(org.testng.ITestResult)[pri:0, instance:com.vapsTechnosoft.IVRM.Fee.TC_Transaction.Tc_Transaction_Fee_Transaction@2b546384]" name="afterMethod" is-config="true" duration-ms="0" started-at="2018-11-02T16:29:10Z" finished-at="2018-11-02T16:29:10Z">
          <params>
            <param index="0">
              <value>
                <![CDATA[[TestResult name=loginToappWithrequiredCredentials status=SKIP method=Tc_Transaction_Fee_Transaction.loginToappWithrequiredCredentials(java.lang.String, java.lang.String, java.lang.String)[pri:1, instance:com.vapsTechnosoft.IVRM.Fee.TC_Transaction.Tc_Transaction_Fee_Transaction@2b546384] output={null}]]]>
              </value>
            </param>
          </params>
          <reporter-output>
          </reporter-output>
        </test-method> <!-- afterMethod -->
        <test-method status="PASS" signature="beforeMethod(java.lang.reflect.Method)[pri:0, instance:com.vapsTechnosoft.IVRM.Fee.TC_Transaction.Tc_Transaction_Fee_Transaction@2b546384]" name="beforeMethod" is-config="true" duration-ms="0" started-at="2018-11-02T16:29:10Z" finished-at="2018-11-02T16:29:10Z">
          <params>
            <param index="0">
              <value>
                <![CDATA[public void com.vapsTechnosoft.IVRM.Fee.TC_Transaction.Tc_Transaction_Fee_Transaction.loginToappWithrequiredCredentials(java.lang.String,java.lang.String,java.lang.String)]]>
              </value>
            </param>
          </params>
          <reporter-output>
          </reporter-output>
        </test-method> <!-- beforeMethod -->
        <test-method status="PASS" signature="afterMethod(org.testng.ITestResult)[pri:0, instance:com.vapsTechnosoft.IVRM.Fee.TC_Transaction.Tc_Transaction_Fee_Transaction@2b546384]" name="afterMethod" is-config="true" duration-ms="0" started-at="2018-11-02T16:29:10Z" finished-at="2018-11-02T16:29:10Z">
          <params>
            <param index="0">
              <value>
                <![CDATA[[TestResult name=loginToappWithrequiredCredentials status=SKIP method=Tc_Transaction_Fee_Transaction.loginToappWithrequiredCredentials(java.lang.String, java.lang.String, java.lang.String)[pri:1, instance:com.vapsTechnosoft.IVRM.Fee.TC_Transaction.Tc_Transaction_Fee_Transaction@2b546384] output={null}]]]>
              </value>
            </param>
          </params>
          <reporter-output>
          </reporter-output>
        </test-method> <!-- afterMethod -->
        <test-method status="PASS" signature="beforeMethod(java.lang.reflect.Method)[pri:0, instance:com.vapsTechnosoft.IVRM.Fee.TC_Transaction.Tc_Transaction_Fee_Transaction@2b546384]" name="beforeMethod" is-config="true" duration-ms="0" started-at="2018-11-02T16:29:10Z" finished-at="2018-11-02T16:29:10Z">
          <params>
            <param index="0">
              <value>
                <![CDATA[public void com.vapsTechnosoft.IVRM.Fee.TC_Transaction.Tc_Transaction_Fee_Transaction.tcHomeButtonValidation()]]>
              </value>
            </param>
          </params>
          <reporter-output>
          </reporter-output>
        </test-method> <!-- beforeMethod -->
        <test-method status="PASS" signature="tcHomeButtonValidation()[pri:2, instance:com.vapsTechnosoft.IVRM.Fee.TC_Transaction.Tc_Transaction_Fee_Transaction@2b546384]" name="tcHomeButtonValidation" duration-ms="1307" started-at="2018-11-02T16:29:10Z" finished-at="2018-11-02T16:29:11Z">
          <reporter-output>
            <line>
              <![CDATA[Home button is dispalyed and object is:-[[ChromeDriver: chrome on XP (501c07c5b3f3a3dc4a6646d0fc7d412c)] -> xpath: //aside[@id='style-4']/section/ul/li[1]]]]>
            </line>
            <line>
              <![CDATA[<a href='C:\Users\vaps\Desktop\IVRMPORTAL\src\main\java\com\vapsTechnosoft\IVRM\screenshot\tcHomeButtonValidation_02_11_2018_04_29_11.png'> <img src='C:\Users\vaps\Desktop\IVRMPORTAL\src\main\java\com\vapsTechnosoft\IVRM\screenshot\tcHomeButtonValidation_02_11_2018_04_29_11.png' height='100' width='100'/> </a>]]>
            </line>
          </reporter-output>
        </test-method> <!-- tcHomeButtonValidation -->
        <test-method status="PASS" signature="tcNevigateTo_FeeTransaction()[pri:3, instance:com.vapsTechnosoft.IVRM.Fee.TC_Transaction.Tc_Transaction_Fee_Transaction@2b546384]" name="tcNevigateTo_FeeTransaction" duration-ms="4467" started-at="2018-11-02T16:29:11Z" finished-at="2018-11-02T16:29:15Z">
          <reporter-output>
            <line>
              <![CDATA[Element is present...and object is: [[ChromeDriver: chrome on XP (501c07c5b3f3a3dc4a6646d0fc7d412c)] -> xpath: //span[contains(text(),'Fees')]/preceding-sibling::button]]]>
            </line>
            <line>
              <![CDATA[Clicked on button for specific action and object is:- [[ChromeDriver: chrome on XP (501c07c5b3f3a3dc4a6646d0fc7d412c)] -> xpath: //span[contains(text(),'Fees')]/preceding-sibling::button]]]>
            </line>
            <line>
              <![CDATA[Clicked on Fee Button and object is:-[[ChromeDriver: chrome on XP (501c07c5b3f3a3dc4a6646d0fc7d412c)] -> xpath: //span[contains(text(),'Fees')]/preceding-sibling::button]]]>
            </line>
            <line>
              <![CDATA[Element is present...and object is: [[ChromeDriver: chrome on XP (501c07c5b3f3a3dc4a6646d0fc7d412c)] -> xpath: //span[contains(text(),'Fees')]/preceding-sibling::button/following::span[contains(text(),'Transaction')][1]]]]>
            </line>
            <line>
              <![CDATA[Clicked on button for specific action and object is:- [[ChromeDriver: chrome on XP (501c07c5b3f3a3dc4a6646d0fc7d412c)] -> xpath: //span[contains(text(),'Fees')]/preceding-sibling::button/following::span[contains(text(),'Transaction')][1]]]]>
            </line>
            <line>
              <![CDATA[Clicked on Transaction Button and object is:-[[ChromeDriver: chrome on XP (501c07c5b3f3a3dc4a6646d0fc7d412c)] -> xpath: //span[contains(text(),'Fees')]/preceding-sibling::button/following::span[contains(text(),'Transaction')][1]]]]>
            </line>
            <line>
              <![CDATA[Element is present...and object is: [[ChromeDriver: chrome on XP (501c07c5b3f3a3dc4a6646d0fc7d412c)] -> xpath: //a[@href='#/app/FeeTransaction/89']]]]>
            </line>
            <line>
              <![CDATA[Clicked on button for specific action and object is:- [[ChromeDriver: chrome on XP (501c07c5b3f3a3dc4a6646d0fc7d412c)] -> xpath: //a[@href='#/app/FeeTransaction/89']]]]>
            </line>
            <line>
              <![CDATA[Clicked on Fee Transaction Button and object is:-[[ChromeDriver: chrome on XP (501c07c5b3f3a3dc4a6646d0fc7d412c)] -> xpath: //a[@href='#/app/FeeTransaction/89']]]]>
            </line>
            <line>
              <![CDATA[<a href='C:\Users\vaps\Desktop\IVRMPORTAL\src\main\java\com\vapsTechnosoft\IVRM\screenshot\tcNevigateTo_FeeTransaction_02_11_2018_04_29_15.png'> <img src='C:\Users\vaps\Desktop\IVRMPORTAL\src\main\java\com\vapsTechnosoft\IVRM\screenshot\tcNevigateTo_FeeTransaction_02_11_2018_04_29_15.png' height='100' width='100'/> </a>]]>
            </line>
          </reporter-output>
        </test-method> <!-- tcNevigateTo_FeeTransaction -->
        <test-method status="PASS" signature="beforeMethod(java.lang.reflect.Method)[pri:0, instance:com.vapsTechnosoft.IVRM.Fee.TC_Transaction.Tc_Transaction_Fee_Transaction@2b546384]" name="beforeMethod" is-config="true" duration-ms="0" started-at="2018-11-02T16:29:11Z" finished-at="2018-11-02T16:29:11Z">
          <params>
            <param index="0">
              <value>
                <![CDATA[public void com.vapsTechnosoft.IVRM.Fee.TC_Transaction.Tc_Transaction_Fee_Transaction.tcNevigateTo_FeeTransaction()]]>
              </value>
            </param>
          </params>
          <reporter-output>
          </reporter-output>
        </test-method> <!-- beforeMethod -->
        <test-method status="PASS" signature="afterMethod(org.testng.ITestResult)[pri:0, instance:com.vapsTechnosoft.IVRM.Fee.TC_Transaction.Tc_Transaction_Fee_Transaction@2b546384]" name="afterMethod" is-config="true" duration-ms="0" started-at="2018-11-02T16:29:11Z" finished-at="2018-11-02T16:29:11Z">
          <params>
            <param index="0">
              <value>
                <![CDATA[[TestResult name=tcHomeButtonValidation status=SUCCESS method=Tc_Transaction_Fee_Transaction.tcHomeButtonValidation()[pri:2, instance:com.vapsTechnosoft.IVRM.Fee.TC_Transaction.Tc_Transaction_Fee_Transaction@2b546384] output=Home button is dispalyed and object is:-[[ChromeDriver: chrome on XP (501c07c5b3f3a3dc4a6646d0fc7d412c)] -> xpath: //aside[@id='style-4']/section/ul/li[1]]]]]>
              </value>
            </param>
          </params>
          <reporter-output>
          </reporter-output>
        </test-method> <!-- afterMethod -->
        <test-method status="PASS" signature="afterMethod(org.testng.ITestResult)[pri:0, instance:com.vapsTechnosoft.IVRM.Fee.TC_Transaction.Tc_Transaction_Fee_Transaction@2b546384]" name="afterMethod" is-config="true" duration-ms="0" started-at="2018-11-02T16:29:15Z" finished-at="2018-11-02T16:29:15Z">
          <params>
            <param index="0">
              <value>
                <![CDATA[[TestResult name=tcNevigateTo_FeeTransaction status=SUCCESS method=Tc_Transaction_Fee_Transaction.tcNevigateTo_FeeTransaction()[pri:3, instance:com.vapsTechnosoft.IVRM.Fee.TC_Transaction.Tc_Transaction_Fee_Transaction@2b546384] output=Element is present...and object is: [[ChromeDriver: chrome on XP (501c07c5b3f3a3dc4a6646d0fc7d412c)] -> xpath: //span[contains(text(),'Fees')]/preceding-sibling::button]]]]>
              </value>
            </param>
          </params>
          <reporter-output>
          </reporter-output>
        </test-method> <!-- afterMethod -->
        <test-method status="PASS" signature="tcValidationOfDataInOutputTableGrid(java.lang.String, java.lang.String, java.lang.String)[pri:18, instance:com.vapsTechnosoft.IVRM.Fee.TC_Transaction.Tc_Transaction_Fee_Transaction@2b546384]" name="tcValidationOfDataInOutputTableGrid" duration-ms="10039" started-at="2018-11-02T16:29:15Z" data-provider="searchOutputGridTestData" finished-at="2018-11-02T16:29:25Z">
          <params>
            <param index="0">
              <value>
                <![CDATA[Student Name]]>
              </value>
            </param>
            <param index="1">
              <value>
                <![CDATA[Sanjana Tamada]]>
              </value>
            </param>
            <param index="2">
              <value>
                <![CDATA[Y]]>
              </value>
            </param>
          </params>
          <reporter-output>
            <line>
              <![CDATA[Element is present...and object is: [[ChromeDriver: chrome on XP (501c07c5b3f3a3dc4a6646d0fc7d412c)] -> xpath: (//select[@id='sel1'])[3]]]]>
            </line>
            <line>
              <![CDATA[Selected Value from drop down Student Name and object is:- [[ChromeDriver: chrome on XP (501c07c5b3f3a3dc4a6646d0fc7d412c)] -> xpath: (//select[@id='sel1'])[3]]]]>
            </line>
            <line>
              <![CDATA[Selected item from drop down list is verified and selected item is: Student Name]]>
            </line>
            <line>
              <![CDATA[selected Student name for search:-Student Name and object is [[ChromeDriver: chrome on XP (501c07c5b3f3a3dc4a6646d0fc7d412c)] -> xpath: (//select[@id='sel1'])[3]]]]>
            </line>
            <line>
              <![CDATA[Element is present...and object is: [[ChromeDriver: chrome on XP (501c07c5b3f3a3dc4a6646d0fc7d412c)] -> xpath: //body[@id='style-4']//div/div[2]/div[2]/div[2]/div[1]/div/input]]]>
            </line>
            <line>
              <![CDATA[Entered value to input Field is Sanjana Tamada and object is:- [[ChromeDriver: chrome on XP (501c07c5b3f3a3dc4a6646d0fc7d412c)] -> xpath: //body[@id='style-4']//div/div[2]/div[2]/div[2]/div[1]/div/input]]]>
            </line>
            <line>
              <![CDATA[Entered student name for search:Sanjana Tamadaand object is:-[[ChromeDriver: chrome on XP (501c07c5b3f3a3dc4a6646d0fc7d412c)] -> xpath: //body[@id='style-4']//div/div[2]/div[2]/div[2]/div[1]/div/input]]]>
            </line>
            <line>
              <![CDATA[Element is present...and object is: [[ChromeDriver: chrome on XP (501c07c5b3f3a3dc4a6646d0fc7d412c)] -> xpath: //body[@id='style-4']//div/div[2]/div[2]/div[3]/div/button[1]]]]>
            </line>
            <line>
              <![CDATA[Clicked on button for specific action and object is:- [[ChromeDriver: chrome on XP (501c07c5b3f3a3dc4a6646d0fc7d412c)] -> xpath: //body[@id='style-4']//div/div[2]/div[2]/div[3]/div/button[1]]]]>
            </line>
            <line>
              <![CDATA[clicked on search button and object is:-[[ChromeDriver: chrome on XP (501c07c5b3f3a3dc4a6646d0fc7d412c)] -> xpath: //body[@id='style-4']//div/div[2]/div[2]/div[3]/div/button[1]]]]>
            </line>
            <line>
              <![CDATA[Created record is added into the output gridSanjana Tamada]]>
            </line>
            <line>
              <![CDATA[<a href='C:\Users\vaps\Desktop\IVRMPORTAL\src\main\java\com\vapsTechnosoft\IVRM\screenshot\tcValidationOfDataInOutputTableGrid_02_11_2018_04_29_25.png'> <img src='C:\Users\vaps\Desktop\IVRMPORTAL\src\main\java\com\vapsTechnosoft\IVRM\screenshot\tcValidationOfDataInOutputTableGrid_02_11_2018_04_29_25.png' height='100' width='100'/> </a>]]>
            </line>
          </reporter-output>
        </test-method> <!-- tcValidationOfDataInOutputTableGrid -->
        <test-method status="PASS" signature="beforeMethod(java.lang.reflect.Method)[pri:0, instance:com.vapsTechnosoft.IVRM.Fee.TC_Transaction.Tc_Transaction_Fee_Transaction@2b546384]" name="beforeMethod" is-config="true" duration-ms="0" started-at="2018-11-02T16:29:15Z" finished-at="2018-11-02T16:29:15Z">
          <params>
            <param index="0">
              <value>
                <![CDATA[public void com.vapsTechnosoft.IVRM.Fee.TC_Transaction.Tc_Transaction_Fee_Transaction.tcValidationOfDataInOutputTableGrid(java.lang.String,java.lang.String,java.lang.String)]]>
              </value>
            </param>
          </params>
          <reporter-output>
          </reporter-output>
        </test-method> <!-- beforeMethod -->
        <test-method status="PASS" signature="afterMethod(org.testng.ITestResult)[pri:0, instance:com.vapsTechnosoft.IVRM.Fee.TC_Transaction.Tc_Transaction_Fee_Transaction@2b546384]" name="afterMethod" is-config="true" duration-ms="1" started-at="2018-11-02T16:29:25Z" finished-at="2018-11-02T16:29:25Z">
          <params>
            <param index="0">
              <value>
                <![CDATA[[TestResult name=tcValidationOfDataInOutputTableGrid status=SUCCESS method=Tc_Transaction_Fee_Transaction.tcValidationOfDataInOutputTableGrid(java.lang.String, java.lang.String, java.lang.String)[pri:18, instance:com.vapsTechnosoft.IVRM.Fee.TC_Transaction.Tc_Transaction_Fee_Transaction@2b546384] output=Element is present...and object is: [[ChromeDriver: chrome on XP (501c07c5b3f3a3dc4a6646d0fc7d412c)] -> xpath: (//select[@id='sel1'])[3]]]]]>
              </value>
            </param>
          </params>
          <reporter-output>
          </reporter-output>
        </test-method> <!-- afterMethod -->
        <test-method status="PASS" signature="beforeMethod(java.lang.reflect.Method)[pri:0, instance:com.vapsTechnosoft.IVRM.Fee.TC_Transaction.Tc_Transaction_Fee_Transaction@2b546384]" name="beforeMethod" is-config="true" duration-ms="1" started-at="2018-11-02T16:29:26Z" finished-at="2018-11-02T16:29:26Z">
          <params>
            <param index="0">
              <value>
                <![CDATA[public void com.vapsTechnosoft.IVRM.Fee.TC_Transaction.Tc_Transaction_Fee_Transaction.tcPrintReceiptValidation(java.lang.String,java.lang.String)]]>
              </value>
            </param>
          </params>
          <reporter-output>
          </reporter-output>
        </test-method> <!-- beforeMethod -->
        <test-method status="PASS" signature="tcPrintReceiptValidation(java.lang.String, java.lang.String)[pri:19, instance:com.vapsTechnosoft.IVRM.Fee.TC_Transaction.Tc_Transaction_Fee_Transaction@2b546384]" name="tcPrintReceiptValidation" duration-ms="9494" started-at="2018-11-02T16:29:26Z" data-provider="PrintReceipt_StudentNameData" finished-at="2018-11-02T16:29:35Z">
          <params>
            <param index="0">
              <value>
                <![CDATA[Sanjana Tamada]]>
              </value>
            </param>
            <param index="1">
              <value>
                <![CDATA[Y]]>
              </value>
            </param>
          </params>
          <reporter-output>
            <line>
              <![CDATA[Creted record is added into the output gridSanjana Tamada]]>
            </line>
            <line>
              <![CDATA[Clicked on print receipt and receipt is open]]>
            </line>
            <line>
              <![CDATA[<a href='C:\Users\vaps\Desktop\IVRMPORTAL\src\main\java\com\vapsTechnosoft\IVRM\screenshot\tcPrintReceiptValidation_02_11_2018_04_29_35.png'> <img src='C:\Users\vaps\Desktop\IVRMPORTAL\src\main\java\com\vapsTechnosoft\IVRM\screenshot\tcPrintReceiptValidation_02_11_2018_04_29_35.png' height='100' width='100'/> </a>]]>
            </line>
          </reporter-output>
        </test-method> <!-- tcPrintReceiptValidation -->
        <test-method status="PASS" signature="afterMethod(org.testng.ITestResult)[pri:0, instance:com.vapsTechnosoft.IVRM.Fee.TC_Transaction.Tc_Transaction_Fee_Transaction@2b546384]" name="afterMethod" is-config="true" duration-ms="1" started-at="2018-11-02T16:29:35Z" finished-at="2018-11-02T16:29:35Z">
          <params>
            <param index="0">
              <value>
                <![CDATA[[TestResult name=tcPrintReceiptValidation status=SUCCESS method=Tc_Transaction_Fee_Transaction.tcPrintReceiptValidation(java.lang.String, java.lang.String)[pri:19, instance:com.vapsTechnosoft.IVRM.Fee.TC_Transaction.Tc_Transaction_Fee_Transaction@2b546384] output=Creted record is added into the output gridSanjana Tamada]]]>
              </value>
            </param>
          </params>
          <reporter-output>
          </reporter-output>
        </test-method> <!-- afterMethod -->
        <test-method status="PASS" signature="tcClickOnFeeReceiptCloseButton()[pri:20, instance:com.vapsTechnosoft.IVRM.Fee.TC_Transaction.Tc_Transaction_Fee_Transaction@2b546384]" name="tcClickOnFeeReceiptCloseButton" duration-ms="1429" started-at="2018-11-02T16:29:35Z" finished-at="2018-11-02T16:29:37Z">
          <reporter-output>
            <line>
              <![CDATA[Element is present...and object is: [[ChromeDriver: chrome on XP (501c07c5b3f3a3dc4a6646d0fc7d412c)] -> xpath: //button[contains(text(),'Print')]/following-sibling::Button]]]>
            </line>
            <line>
              <![CDATA[Clicked on button for specific action and object is:- [[ChromeDriver: chrome on XP (501c07c5b3f3a3dc4a6646d0fc7d412c)] -> xpath: //button[contains(text(),'Print')]/following-sibling::Button]]]>
            </line>
            <line>
              <![CDATA[Clicked on Fee receipt screen close button]]>
            </line>
            <line>
              <![CDATA[<a href='C:\Users\vaps\Desktop\IVRMPORTAL\src\main\java\com\vapsTechnosoft\IVRM\screenshot\tcClickOnFeeReceiptCloseButton_02_11_2018_04_29_36.png'> <img src='C:\Users\vaps\Desktop\IVRMPORTAL\src\main\java\com\vapsTechnosoft\IVRM\screenshot\tcClickOnFeeReceiptCloseButton_02_11_2018_04_29_36.png' height='100' width='100'/> </a>]]>
            </line>
          </reporter-output>
        </test-method> <!-- tcClickOnFeeReceiptCloseButton -->
        <test-method status="PASS" signature="beforeMethod(java.lang.reflect.Method)[pri:0, instance:com.vapsTechnosoft.IVRM.Fee.TC_Transaction.Tc_Transaction_Fee_Transaction@2b546384]" name="beforeMethod" is-config="true" duration-ms="0" started-at="2018-11-02T16:29:35Z" finished-at="2018-11-02T16:29:35Z">
          <params>
            <param index="0">
              <value>
                <![CDATA[public void com.vapsTechnosoft.IVRM.Fee.TC_Transaction.Tc_Transaction_Fee_Transaction.tcClickOnFeeReceiptCloseButton()]]>
              </value>
            </param>
          </params>
          <reporter-output>
          </reporter-output>
        </test-method> <!-- beforeMethod -->
        <test-method status="PASS" signature="beforeMethod(java.lang.reflect.Method)[pri:0, instance:com.vapsTechnosoft.IVRM.Fee.TC_Transaction.Tc_Transaction_Fee_Transaction@2b546384]" name="beforeMethod" is-config="true" duration-ms="1" started-at="2018-11-02T16:29:37Z" finished-at="2018-11-02T16:29:37Z">
          <params>
            <param index="0">
              <value>
                <![CDATA[public void com.vapsTechnosoft.IVRM.Fee.TC_Transaction.Tc_Transaction_Fee_Transaction.tcClickOnSearch_CancelButton()]]>
              </value>
            </param>
          </params>
          <reporter-output>
          </reporter-output>
        </test-method> <!-- beforeMethod -->
        <test-method status="PASS" signature="afterMethod(org.testng.ITestResult)[pri:0, instance:com.vapsTechnosoft.IVRM.Fee.TC_Transaction.Tc_Transaction_Fee_Transaction@2b546384]" name="afterMethod" is-config="true" duration-ms="0" started-at="2018-11-02T16:29:37Z" finished-at="2018-11-02T16:29:37Z">
          <params>
            <param index="0">
              <value>
                <![CDATA[[TestResult name=tcClickOnFeeReceiptCloseButton status=SUCCESS method=Tc_Transaction_Fee_Transaction.tcClickOnFeeReceiptCloseButton()[pri:20, instance:com.vapsTechnosoft.IVRM.Fee.TC_Transaction.Tc_Transaction_Fee_Transaction@2b546384] output=Element is present...and object is: [[ChromeDriver: chrome on XP (501c07c5b3f3a3dc4a6646d0fc7d412c)] -> xpath: //button[contains(text(),'Print')]/following-sibling::Button]]]]>
              </value>
            </param>
          </params>
          <reporter-output>
          </reporter-output>
        </test-method> <!-- afterMethod -->
        <test-method status="PASS" signature="tcClickOnSearch_CancelButton()[pri:21, instance:com.vapsTechnosoft.IVRM.Fee.TC_Transaction.Tc_Transaction_Fee_Transaction@2b546384]" name="tcClickOnSearch_CancelButton" duration-ms="1665" started-at="2018-11-02T16:29:37Z" finished-at="2018-11-02T16:29:38Z">
          <reporter-output>
            <line>
              <![CDATA[Element is present...and object is: [[ChromeDriver: chrome on XP (501c07c5b3f3a3dc4a6646d0fc7d412c)] -> xpath: //button[@class='btn btn-warning']]]]>
            </line>
            <line>
              <![CDATA[Clicked on button for specific action and object is:- [[ChromeDriver: chrome on XP (501c07c5b3f3a3dc4a6646d0fc7d412c)] -> xpath: //button[@class='btn btn-warning']]]]>
            </line>
            <line>
              <![CDATA[Clicked on Search cancel button and object is:-[[ChromeDriver: chrome on XP (501c07c5b3f3a3dc4a6646d0fc7d412c)] -> xpath: //button[@class='btn btn-warning']]]]>
            </line>
            <line>
              <![CDATA[<a href='C:\Users\vaps\Desktop\IVRMPORTAL\src\main\java\com\vapsTechnosoft\IVRM\screenshot\tcClickOnSearch_CancelButton_02_11_2018_04_29_38.png'> <img src='C:\Users\vaps\Desktop\IVRMPORTAL\src\main\java\com\vapsTechnosoft\IVRM\screenshot\tcClickOnSearch_CancelButton_02_11_2018_04_29_38.png' height='100' width='100'/> </a>]]>
            </line>
          </reporter-output>
        </test-method> <!-- tcClickOnSearch_CancelButton -->
        <test-method status="PASS" signature="afterMethod(org.testng.ITestResult)[pri:0, instance:com.vapsTechnosoft.IVRM.Fee.TC_Transaction.Tc_Transaction_Fee_Transaction@2b546384]" name="afterMethod" is-config="true" duration-ms="0" started-at="2018-11-02T16:29:38Z" finished-at="2018-11-02T16:29:38Z">
          <params>
            <param index="0">
              <value>
                <![CDATA[[TestResult name=tcClickOnSearch_CancelButton status=SUCCESS method=Tc_Transaction_Fee_Transaction.tcClickOnSearch_CancelButton()[pri:21, instance:com.vapsTechnosoft.IVRM.Fee.TC_Transaction.Tc_Transaction_Fee_Transaction@2b546384] output=Element is present...and object is: [[ChromeDriver: chrome on XP (501c07c5b3f3a3dc4a6646d0fc7d412c)] -> xpath: //button[@class='btn btn-warning']]]]]>
              </value>
            </param>
          </params>
          <reporter-output>
          </reporter-output>
        </test-method> <!-- afterMethod -->
        <test-method status="PASS" signature="beforeMethod(java.lang.reflect.Method)[pri:0, instance:com.vapsTechnosoft.IVRM.Fee.TC_Transaction.Tc_Transaction_Fee_Transaction@2b546384]" name="beforeMethod" is-config="true" duration-ms="1" started-at="2018-11-02T16:29:38Z" finished-at="2018-11-02T16:29:38Z">
          <params>
            <param index="0">
              <value>
                <![CDATA[public void com.vapsTechnosoft.IVRM.Fee.TC_Transaction.Tc_Transaction_Fee_Transaction.tcClickOnPrintReceiptButton(java.lang.String,java.lang.String,java.lang.String)]]>
              </value>
            </param>
          </params>
          <reporter-output>
          </reporter-output>
        </test-method> <!-- beforeMethod -->
        <test-method status="PASS" signature="tcClickOnPrintReceiptButton(java.lang.String, java.lang.String, java.lang.String)[pri:22, instance:com.vapsTechnosoft.IVRM.Fee.TC_Transaction.Tc_Transaction_Fee_Transaction@2b546384]" name="tcClickOnPrintReceiptButton" duration-ms="13088" started-at="2018-11-02T16:29:38Z" data-provider="searchOutputGridTestData" finished-at="2018-11-02T16:29:51Z">
          <params>
            <param index="0">
              <value>
                <![CDATA[Student Name]]>
              </value>
            </param>
            <param index="1">
              <value>
                <![CDATA[Sanjana Tamada]]>
              </value>
            </param>
            <param index="2">
              <value>
                <![CDATA[Y]]>
              </value>
            </param>
          </params>
          <reporter-output>
            <line>
              <![CDATA[Element is present...and object is: [[ChromeDriver: chrome on XP (501c07c5b3f3a3dc4a6646d0fc7d412c)] -> xpath: (//select[@id='sel1'])[3]]]]>
            </line>
            <line>
              <![CDATA[Selected Value from drop down Student Name and object is:- [[ChromeDriver: chrome on XP (501c07c5b3f3a3dc4a6646d0fc7d412c)] -> xpath: (//select[@id='sel1'])[3]]]]>
            </line>
            <line>
              <![CDATA[Selected item from drop down list is verified and selected item is: Student Name]]>
            </line>
            <line>
              <![CDATA[selected Student name for search:-Student Name and object is [[ChromeDriver: chrome on XP (501c07c5b3f3a3dc4a6646d0fc7d412c)] -> xpath: (//select[@id='sel1'])[3]]]]>
            </line>
            <line>
              <![CDATA[Element is present...and object is: [[ChromeDriver: chrome on XP (501c07c5b3f3a3dc4a6646d0fc7d412c)] -> xpath: //body[@id='style-4']//div/div[2]/div[2]/div[2]/div[1]/div/input]]]>
            </line>
            <line>
              <![CDATA[Entered value to input Field is Sanjana Tamada and object is:- [[ChromeDriver: chrome on XP (501c07c5b3f3a3dc4a6646d0fc7d412c)] -> xpath: //body[@id='style-4']//div/div[2]/div[2]/div[2]/div[1]/div/input]]]>
            </line>
            <line>
              <![CDATA[Entered student name for search:Sanjana Tamadaand object is:-[[ChromeDriver: chrome on XP (501c07c5b3f3a3dc4a6646d0fc7d412c)] -> xpath: //body[@id='style-4']//div/div[2]/div[2]/div[2]/div[1]/div/input]]]>
            </line>
            <line>
              <![CDATA[Element is present...and object is: [[ChromeDriver: chrome on XP (501c07c5b3f3a3dc4a6646d0fc7d412c)] -> xpath: //body[@id='style-4']//div/div[2]/div[2]/div[3]/div/button[1]]]]>
            </line>
            <line>
              <![CDATA[Clicked on button for specific action and object is:- [[ChromeDriver: chrome on XP (501c07c5b3f3a3dc4a6646d0fc7d412c)] -> xpath: //body[@id='style-4']//div/div[2]/div[2]/div[3]/div/button[1]]]]>
            </line>
            <line>
              <![CDATA[clicked on search button and object is:-[[ChromeDriver: chrome on XP (501c07c5b3f3a3dc4a6646d0fc7d412c)] -> xpath: //body[@id='style-4']//div/div[2]/div[2]/div[3]/div/button[1]]]]>
            </line>
            <line>
              <![CDATA[Creted record is added into the output gridSanjana Tamada]]>
            </line>
            <line>
              <![CDATA[Clicked on print receipt and receipt is open]]>
            </line>
            <line>
              <![CDATA[<a href='C:\Users\vaps\Desktop\IVRMPORTAL\src\main\java\com\vapsTechnosoft\IVRM\screenshot\tcClickOnPrintReceiptButton_02_11_2018_04_29_51.png'> <img src='C:\Users\vaps\Desktop\IVRMPORTAL\src\main\java\com\vapsTechnosoft\IVRM\screenshot\tcClickOnPrintReceiptButton_02_11_2018_04_29_51.png' height='100' width='100'/> </a>]]>
            </line>
          </reporter-output>
        </test-method> <!-- tcClickOnPrintReceiptButton -->
        <test-method status="PASS" signature="afterMethod(org.testng.ITestResult)[pri:0, instance:com.vapsTechnosoft.IVRM.Fee.TC_Transaction.Tc_Transaction_Fee_Transaction@2b546384]" name="afterMethod" is-config="true" duration-ms="0" started-at="2018-11-02T16:29:51Z" finished-at="2018-11-02T16:29:51Z">
          <params>
            <param index="0">
              <value>
                <![CDATA[[TestResult name=tcClickOnPrintReceiptButton status=SUCCESS method=Tc_Transaction_Fee_Transaction.tcClickOnPrintReceiptButton(java.lang.String, java.lang.String, java.lang.String)[pri:22, instance:com.vapsTechnosoft.IVRM.Fee.TC_Transaction.Tc_Transaction_Fee_Transaction@2b546384] output=Element is present...and object is: [[ChromeDriver: chrome on XP (501c07c5b3f3a3dc4a6646d0fc7d412c)] -> xpath: (//select[@id='sel1'])[3]]]]]>
              </value>
            </param>
          </params>
          <reporter-output>
          </reporter-output>
        </test-method> <!-- afterMethod -->
        <test-method status="PASS" signature="tcPrintOfFeereceipt()[pri:23, instance:com.vapsTechnosoft.IVRM.Fee.TC_Transaction.Tc_Transaction_Fee_Transaction@2b546384]" name="tcPrintOfFeereceipt" duration-ms="6198" started-at="2018-11-02T16:29:51Z" finished-at="2018-11-02T16:29:58Z">
          <reporter-output>
            <line>
              <![CDATA[Element is present...and object is: [[ChromeDriver: chrome on XP (501c07c5b3f3a3dc4a6646d0fc7d412c)] -> xpath: //button[contains(text(),'Print')]]]]>
            </line>
            <line>
              <![CDATA[Clicked on button for specific action and object is:- [[ChromeDriver: chrome on XP (501c07c5b3f3a3dc4a6646d0fc7d412c)] -> xpath: //button[contains(text(),'Print')]]]]>
            </line>
            <line>
              <![CDATA[Print button is clicked to generate report and object is:-[[ChromeDriver: chrome on XP (501c07c5b3f3a3dc4a6646d0fc7d412c)] -> xpath: //button[contains(text(),'Print')]]]]>
            </line>
            <line>
              <![CDATA[<a href='C:\Users\vaps\Desktop\IVRMPORTAL\src\main\java\com\vapsTechnosoft\IVRM\screenshot\tcPrintOfFeereceipt_02_11_2018_04_29_57.png'> <img src='C:\Users\vaps\Desktop\IVRMPORTAL\src\main\java\com\vapsTechnosoft\IVRM\screenshot\tcPrintOfFeereceipt_02_11_2018_04_29_57.png' height='100' width='100'/> </a>]]>
            </line>
          </reporter-output>
        </test-method> <!-- tcPrintOfFeereceipt -->
        <test-method status="PASS" signature="beforeMethod(java.lang.reflect.Method)[pri:0, instance:com.vapsTechnosoft.IVRM.Fee.TC_Transaction.Tc_Transaction_Fee_Transaction@2b546384]" name="beforeMethod" is-config="true" duration-ms="0" started-at="2018-11-02T16:29:51Z" finished-at="2018-11-02T16:29:51Z">
          <params>
            <param index="0">
              <value>
                <![CDATA[public void com.vapsTechnosoft.IVRM.Fee.TC_Transaction.Tc_Transaction_Fee_Transaction.tcPrintOfFeereceipt()]]>
              </value>
            </param>
          </params>
          <reporter-output>
          </reporter-output>
        </test-method> <!-- beforeMethod -->
        <test-method status="PASS" signature="afterMethod(org.testng.ITestResult)[pri:0, instance:com.vapsTechnosoft.IVRM.Fee.TC_Transaction.Tc_Transaction_Fee_Transaction@2b546384]" name="afterMethod" is-config="true" duration-ms="0" started-at="2018-11-02T16:29:58Z" finished-at="2018-11-02T16:29:58Z">
          <params>
            <param index="0">
              <value>
                <![CDATA[[TestResult name=tcPrintOfFeereceipt status=SUCCESS method=Tc_Transaction_Fee_Transaction.tcPrintOfFeereceipt()[pri:23, instance:com.vapsTechnosoft.IVRM.Fee.TC_Transaction.Tc_Transaction_Fee_Transaction@2b546384] output=Element is present...and object is: [[ChromeDriver: chrome on XP (501c07c5b3f3a3dc4a6646d0fc7d412c)] -> xpath: //button[contains(text(),'Print')]]]]]>
              </value>
            </param>
          </params>
          <reporter-output>
          </reporter-output>
        </test-method> <!-- afterMethod -->
        <test-method status="PASS" signature="tearDown()[pri:0, instance:com.vapsTechnosoft.IVRM.Fee.TC_Transaction.Tc_Transaction_Fee_Transaction@2b546384]" name="tearDown" is-config="true" duration-ms="33592" started-at="2018-11-02T16:29:58Z" finished-at="2018-11-02T16:30:31Z">
          <reporter-output>
            <line>
              <![CDATA[Element is present...and object is: [[ChromeDriver: chrome on XP (501c07c5b3f3a3dc4a6646d0fc7d412c)] -> xpath: //span[contains(text(),'Logout')]/preceding-sibling::button]]]>
            </line>
            <line>
              <![CDATA[Clicked on button for specific action and object is:- [[ChromeDriver: chrome on XP (501c07c5b3f3a3dc4a6646d0fc7d412c)] -> xpath: //span[contains(text(),'Logout')]/preceding-sibling::button]]]>
            </line>
            <line>
              <![CDATA[Clicked on Logout button and object is:-Proxy element for: DefaultElementLocator 'By.xpath: //span[contains(text(),'Logout')]/preceding-sibling::button']]>
            </line>
          </reporter-output>
        </test-method> <!-- tearDown -->
        <test-method status="PASS" signature="endTest()[pri:0, instance:com.vapsTechnosoft.IVRM.Fee.TC_Transaction.Tc_Transaction_Fee_Transaction@2b546384]" name="endTest" is-config="true" duration-ms="174" started-at="2018-11-02T16:30:31Z" finished-at="2018-11-02T16:30:31Z">
          <reporter-output>
          </reporter-output>
        </test-method> <!-- endTest -->
      </class> <!-- com.vapsTechnosoft.IVRM.Fee.TC_Transaction.Tc_Transaction_Fee_Transaction -->
    </test> <!-- Default test -->
  </suite> <!-- Default suite -->
</testng-results>
