<?xml version="1.0" encoding="UTF-8"?>
<testng-results skipped="4" failed="2" ignored="0" total="46" passed="40">
  <reporter-output>
    <line>
      <![CDATA[<a href='C:\Users\vaps\Desktop\IVRMPORTAL\src\main\java\com\test\automation\uiAutomation\screenshot\Login Page_26_05_2018_03_44_44.png'> <img src='C:\Users\vaps\Desktop\IVRMPORTAL\src\main\java\com\test\automation\uiAutomation\screenshot\Login Page_26_05_2018_03_44_44.png' height='100' width='100'/> </a>]]>
    </line>
    <line>
      <![CDATA[entered user name:-Rakesh and object is [[ChromeDriver: chrome on XP (b753c8ca0c69a0acc002e30b8067f62d)] -> xpath: //input[@id='login-username']]]]>
    </line>
    <line>
      <![CDATA[entered password:-Password@123 and object is [[ChromeDriver: chrome on XP (b753c8ca0c69a0acc002e30b8067f62d)] -> xpath: //input[@id='login-password']]]]>
    </line>
    <line>
      <![CDATA[cliked on login button and object is:-[[ChromeDriver: chrome on XP (b753c8ca0c69a0acc002e30b8067f62d)] -> xpath: //div[@class='col-xs-4']/button[2]]]]>
    </line>
    <line>
      <![CDATA[Home button is dispalyed and object is:-[[ChromeDriver: chrome on XP (b753c8ca0c69a0acc002e30b8067f62d)] -> xpath: //*[@id='style-4']/section/ul/li[1]/a/span]]]>
    </line>
    <line>
      <![CDATA[<a href='C:\Users\vaps\Desktop\IVRMPORTAL\src\main\java\com\test\automation\uiAutomation\screenshot\loginToappWithrequiredCredentials_26_05_2018_03_45_04.png'> <img src='C:\Users\vaps\Desktop\IVRMPORTAL\src\main\java\com\test\automation\uiAutomation\screenshot\loginToappWithrequiredCredentials_26_05_2018_03_45_04.png' height='100' width='100'/> </a>]]>
    </line>
    <line>
      <![CDATA[Home button is dispalyed and object is:-[[ChromeDriver: chrome on XP (b753c8ca0c69a0acc002e30b8067f62d)] -> xpath: //aside[@id='style-4']/section/ul/li[1]]]]>
    </line>
    <line>
      <![CDATA[<a href='C:\Users\vaps\Desktop\IVRMPORTAL\src\main\java\com\test\automation\uiAutomation\screenshot\tcHomeButtonValidation_26_05_2018_03_45_09.png'> <img src='C:\Users\vaps\Desktop\IVRMPORTAL\src\main\java\com\test\automation\uiAutomation\screenshot\tcHomeButtonValidation_26_05_2018_03_45_09.png' height='100' width='100'/> </a>]]>
    </line>
    <line>
      <![CDATA[Clicked on Fee Button and object is:-[[ChromeDriver: chrome on XP (b753c8ca0c69a0acc002e30b8067f62d)] -> xpath: //span[contains(text(),'Fees')]/preceding-sibling::button]]]>
    </line>
    <line>
      <![CDATA[Clicked on Fee Masters Button and object is:-[[ChromeDriver: chrome on XP (b753c8ca0c69a0acc002e30b8067f62d)] -> xpath: //span[contains(text(),'Fees')]/preceding-sibling::button/following::span[contains(text(),'Masters')][1]]]]>
    </line>
    <line>
      <![CDATA[Clicked on Fee Installment Button and object is:-[[ChromeDriver: chrome on XP (b753c8ca0c69a0acc002e30b8067f62d)] -> xpath: //span[contains(text(),'Fees')]/preceding-sibling::button/following::span[contains(text(),'Masters')][1]/following::li[9]]]]>
    </line>
    <line>
      <![CDATA[<a href='C:\Users\vaps\Desktop\IVRMPORTAL\src\main\java\com\test\automation\uiAutomation\screenshot\tcNevigateToFeeInstallment_MasterInstallment_26_05_2018_03_45_17.png'> <img src='C:\Users\vaps\Desktop\IVRMPORTAL\src\main\java\com\test\automation\uiAutomation\screenshot\tcNevigateToFeeInstallment_MasterInstallment_26_05_2018_03_45_17.png' height='100' width='100'/> </a>]]>
    </line>
    <line>
      <![CDATA[Fee Installment screen page is dispalyed and object is:-[[ChromeDriver: chrome on XP (b753c8ca0c69a0acc002e30b8067f62d)] -> xpath: //body[@id='style-4']/ui-view/div[1]/div/section/ol/li]]]>
    </line>
    <line>
      <![CDATA[<a href='C:\Users\vaps\Desktop\IVRMPORTAL\src\main\java\com\test\automation\uiAutomation\screenshot\tcVerifyFeeInstallmentScreen_26_05_2018_03_45_18.png'> <img src='C:\Users\vaps\Desktop\IVRMPORTAL\src\main\java\com\test\automation\uiAutomation\screenshot\tcVerifyFeeInstallmentScreen_26_05_2018_03_45_18.png' height='100' width='100'/> </a>]]>
    </line>
    <line>
      <![CDATA[Entered Fee master installment name:-Tuition Fee Annual and object is [[ChromeDriver: chrome on XP (b753c8ca0c69a0acc002e30b8067f62d)] -> xpath: //label[contains(text(),'Installment Name:')]/following-sibling::div/input]]]>
    </line>
    <line>
      <![CDATA[Selected installment type:-General and object is:- [[ChromeDriver: chrome on XP (b753c8ca0c69a0acc002e30b8067f62d)] -> xpath: (//label[contains(text(),'Type:')]/following-sibling::div/select)[1]]]]>
    </line>
    <line>
      <![CDATA[Entered No. of installment:-5 and object is [[ChromeDriver: chrome on XP (b753c8ca0c69a0acc002e30b8067f62d)] -> xpath: //label[contains(text(),'No. of installments:')]/following-sibling::div/input]]]>
    </line>
    <line>
      <![CDATA[<a href='C:\Users\vaps\Desktop\IVRMPORTAL\src\main\java\com\test\automation\uiAutomation\screenshot\tcFillMasterInstallmentForm_26_05_2018_03_45_24.png'> <img src='C:\Users\vaps\Desktop\IVRMPORTAL\src\main\java\com\test\automation\uiAutomation\screenshot\tcFillMasterInstallmentForm_26_05_2018_03_45_24.png' height='100' width='100'/> </a>]]>
    </line>
    <line>
      <![CDATA[Fee Installment grid view is dispalyed and object is:-[[ChromeDriver: chrome on XP (b753c8ca0c69a0acc002e30b8067f62d)] -> xpath: //h3[contains(text(),'Fee Installment Grid View')]]]]>
    </line>
    <line>
      <![CDATA[<a href='C:\Users\vaps\Desktop\IVRMPORTAL\src\main\java\com\test\automation\uiAutomation\screenshot\tcVerifyFeeInstallmentGridIsPresent_26_05_2018_03_45_25.png'> <img src='C:\Users\vaps\Desktop\IVRMPORTAL\src\main\java\com\test\automation\uiAutomation\screenshot\tcVerifyFeeInstallmentGridIsPresent_26_05_2018_03_45_25.png' height='100' width='100'/> </a>]]>
    </line>
    <line>
      <![CDATA[entered 1st installment name:-TFA Installment I and object is [[ChromeDriver: chrome on XP (b753c8ca0c69a0acc002e30b8067f62d)] -> xpath: //table[@id='personalDetail']/tbody/tr[1]/td[2]/input[2]]]]>
    </line>
    <line>
      <![CDATA[entered 2nd installment name:-TFA Installment II and object is [[ChromeDriver: chrome on XP (b753c8ca0c69a0acc002e30b8067f62d)] -> xpath: //table[@id='personalDetail']/tbody/tr[2]/td[2]/input[2]]]]>
    </line>
    <line>
      <![CDATA[entered 3rd installment name:-TFA Installment III and object is [[ChromeDriver: chrome on XP (b753c8ca0c69a0acc002e30b8067f62d)] -> xpath: //table[@id='personalDetail']/tbody/tr[3]/td[2]/input[2]]]]>
    </line>
    <line>
      <![CDATA[entered 4th installment name:-TFA Installment IV and object is [[ChromeDriver: chrome on XP (b753c8ca0c69a0acc002e30b8067f62d)] -> xpath: //table[@id='personalDetail']/tbody/tr[4]/td[2]/input[2]]]]>
    </line>
    <line>
      <![CDATA[entered 5th installment name:-TFA Installment V and object is [[ChromeDriver: chrome on XP (b753c8ca0c69a0acc002e30b8067f62d)] -> xpath: //table[@id='personalDetail']/tbody/tr[5]/td[2]/input[2]]]]>
    </line>
    <line>
      <![CDATA[<a href='C:\Users\vaps\Desktop\IVRMPORTAL\src\main\java\com\test\automation\uiAutomation\screenshot\tcEnterNameForSelectedNoOfInstallment_26_05_2018_03_45_32.png'> <img src='C:\Users\vaps\Desktop\IVRMPORTAL\src\main\java\com\test\automation\uiAutomation\screenshot\tcEnterNameForSelectedNoOfInstallment_26_05_2018_03_45_32.png' height='100' width='100'/> </a>]]>
    </line>
    <line>
      <![CDATA[clicked on master Installment minimize and maximize button and object is:-[[ChromeDriver: chrome on XP (b753c8ca0c69a0acc002e30b8067f62d)] -> xpath: (//button[@class='btn btn-box-tool'])[1]]]]>
    </line>
    <line>
      <![CDATA[<a href='C:\Users\vaps\Desktop\IVRMPORTAL\src\main\java\com\test\automation\uiAutomation\screenshot\tcMinimize_MasterInstallment_26_05_2018_03_45_34.png'> <img src='C:\Users\vaps\Desktop\IVRMPORTAL\src\main\java\com\test\automation\uiAutomation\screenshot\tcMinimize_MasterInstallment_26_05_2018_03_45_34.png' height='100' width='100'/> </a>]]>
    </line>
    <line>
      <![CDATA[Master Fee Installment grid table data minimize and maximize and object is:-[[ChromeDriver: chrome on XP (b753c8ca0c69a0acc002e30b8067f62d)] -> xpath: (//button[@class='btn btn-box-tool'])[2]]]]>
    </line>
    <line>
      <![CDATA[<a href='C:\Users\vaps\Desktop\IVRMPORTAL\src\main\java\com\test\automation\uiAutomation\screenshot\tcMinimize_MasterFeeInstallmentGridView_26_05_2018_03_45_35.png'> <img src='C:\Users\vaps\Desktop\IVRMPORTAL\src\main\java\com\test\automation\uiAutomation\screenshot\tcMinimize_MasterFeeInstallmentGridView_26_05_2018_03_45_35.png' height='100' width='100'/> </a>]]>
    </line>
    <line>
      <![CDATA[<a href='C:\Users\vaps\Desktop\IVRMPORTAL\src\main\java\com\test\automation\uiAutomation\screenshot\BeforeSorting_tcSortByMasterInstallmentName_26_05_2018_03_45_35.png'> <img src='C:\Users\vaps\Desktop\IVRMPORTAL\src\main\java\com\test\automation\uiAutomation\screenshot\BeforeSorting_tcSortByMasterInstallmentName_26_05_2018_03_45_35.png' height='100' width='100'/> </a>]]>
    </line>
    <line>
      <![CDATA[Sorted the record with Fee Installment name and object is:-[[ChromeDriver: chrome on XP (b753c8ca0c69a0acc002e30b8067f62d)] -> xpath: (//div[@class='box-body']/table)[2]/thead/tr/th[2]/a]]]>
    </line>
    <line>
      <![CDATA[<a href='C:\Users\vaps\Desktop\IVRMPORTAL\src\main\java\com\test\automation\uiAutomation\screenshot\tcSortByMasterInstallmentName_26_05_2018_03_45_38.png'> <img src='C:\Users\vaps\Desktop\IVRMPORTAL\src\main\java\com\test\automation\uiAutomation\screenshot\tcSortByMasterInstallmentName_26_05_2018_03_45_38.png' height='100' width='100'/> </a>]]>
    </line>
    <line>
      <![CDATA[Fee Master Installment grid view table data minimize and maximize and object is:-[[ChromeDriver: chrome on XP (b753c8ca0c69a0acc002e30b8067f62d)] -> xpath: (//button[@class='btn btn-box-tool'])[3]]]]>
    </line>
    <line>
      <![CDATA[<a href='C:\Users\vaps\Desktop\IVRMPORTAL\src\main\java\com\test\automation\uiAutomation\screenshot\tcMinimize_FeeMasterInstallmentGridView_26_05_2018_03_45_39.png'> <img src='C:\Users\vaps\Desktop\IVRMPORTAL\src\main\java\com\test\automation\uiAutomation\screenshot\tcMinimize_FeeMasterInstallmentGridView_26_05_2018_03_45_39.png' height='100' width='100'/> </a>]]>
    </line>
    <line>
      <![CDATA[Fee Master Installment grid view table data minimize and maximize and object is:-[[ChromeDriver: chrome on XP (b753c8ca0c69a0acc002e30b8067f62d)] -> xpath: (//button[@class='btn btn-box-tool'])[3]]]]>
    </line>
    <line>
      <![CDATA[<a href='C:\Users\vaps\Desktop\IVRMPORTAL\src\main\java\com\test\automation\uiAutomation\screenshot\tcMaximize_FeeMasterInstallmentGridView_26_05_2018_03_45_40.png'> <img src='C:\Users\vaps\Desktop\IVRMPORTAL\src\main\java\com\test\automation\uiAutomation\screenshot\tcMaximize_FeeMasterInstallmentGridView_26_05_2018_03_45_40.png' height='100' width='100'/> </a>]]>
    </line>
    <line>
      <![CDATA[Master Fee Installment grid table data minimize and maximize and object is:-[[ChromeDriver: chrome on XP (b753c8ca0c69a0acc002e30b8067f62d)] -> xpath: (//button[@class='btn btn-box-tool'])[2]]]]>
    </line>
    <line>
      <![CDATA[<a href='C:\Users\vaps\Desktop\IVRMPORTAL\src\main\java\com\test\automation\uiAutomation\screenshot\tcMaximize_MasterFeeInstallmentGridView_26_05_2018_03_45_42.png'> <img src='C:\Users\vaps\Desktop\IVRMPORTAL\src\main\java\com\test\automation\uiAutomation\screenshot\tcMaximize_MasterFeeInstallmentGridView_26_05_2018_03_45_42.png' height='100' width='100'/> </a>]]>
    </line>
    <line>
      <![CDATA[clicked on master Installment minimize and maximize button and object is:-[[ChromeDriver: chrome on XP (b753c8ca0c69a0acc002e30b8067f62d)] -> xpath: (//button[@class='btn btn-box-tool'])[1]]]]>
    </line>
    <line>
      <![CDATA[<a href='C:\Users\vaps\Desktop\IVRMPORTAL\src\main\java\com\test\automation\uiAutomation\screenshot\tcMaximize_MasterInstallment_26_05_2018_03_45_43.png'> <img src='C:\Users\vaps\Desktop\IVRMPORTAL\src\main\java\com\test\automation\uiAutomation\screenshot\tcMaximize_MasterInstallment_26_05_2018_03_45_43.png' height='100' width='100'/> </a>]]>
    </line>
    <line>
      <![CDATA[clicked on cancel button to cleared filled data and object is:-[[ChromeDriver: chrome on XP (b753c8ca0c69a0acc002e30b8067f62d)] -> xpath: (//span[contains(text(),'Cancel')]/parent::button)[1]]]]>
    </line>
    <line>
      <![CDATA[<a href='C:\Users\vaps\Desktop\IVRMPORTAL\src\main\java\com\test\automation\uiAutomation\screenshot\tcClickOnCancelButton_ToClearedFilledForm_26_05_2018_03_45_45.png'> <img src='C:\Users\vaps\Desktop\IVRMPORTAL\src\main\java\com\test\automation\uiAutomation\screenshot\tcClickOnCancelButton_ToClearedFilledForm_26_05_2018_03_45_45.png' height='100' width='100'/> </a>]]>
    </line>
    <line>
      <![CDATA[Entered Fee master installment name:-Tuition Fee Annual and object is [[ChromeDriver: chrome on XP (b753c8ca0c69a0acc002e30b8067f62d)] -> xpath: //label[contains(text(),'Installment Name:')]/following-sibling::div/input]]]>
    </line>
    <line>
      <![CDATA[Selected installment type:-General and object is:- [[ChromeDriver: chrome on XP (b753c8ca0c69a0acc002e30b8067f62d)] -> xpath: (//label[contains(text(),'Type:')]/following-sibling::div/select)[1]]]]>
    </line>
    <line>
      <![CDATA[Entered No. of installment:-5 and object is [[ChromeDriver: chrome on XP (b753c8ca0c69a0acc002e30b8067f62d)] -> xpath: //label[contains(text(),'No. of installments:')]/following-sibling::div/input]]]>
    </line>
    <line>
      <![CDATA[<a href='C:\Users\vaps\Desktop\IVRMPORTAL\src\main\java\com\test\automation\uiAutomation\screenshot\tcFillMasterInstallmentForm_AfterClearingData_26_05_2018_03_45_50.png'> <img src='C:\Users\vaps\Desktop\IVRMPORTAL\src\main\java\com\test\automation\uiAutomation\screenshot\tcFillMasterInstallmentForm_AfterClearingData_26_05_2018_03_45_50.png' height='100' width='100'/> </a>]]>
    </line>
    <line>
      <![CDATA[Fee Installment grid view is dispalyed and object is:-[[ChromeDriver: chrome on XP (b753c8ca0c69a0acc002e30b8067f62d)] -> xpath: //h3[contains(text(),'Fee Installment Grid View')]]]]>
    </line>
    <line>
      <![CDATA[<a href='C:\Users\vaps\Desktop\IVRMPORTAL\src\main\java\com\test\automation\uiAutomation\screenshot\tcVerifyFeeInstallmentGridIsPresent_AfterClearingData_26_05_2018_03_45_52.png'> <img src='C:\Users\vaps\Desktop\IVRMPORTAL\src\main\java\com\test\automation\uiAutomation\screenshot\tcVerifyFeeInstallmentGridIsPresent_AfterClearingData_26_05_2018_03_45_52.png' height='100' width='100'/> </a>]]>
    </line>
    <line>
      <![CDATA[entered 1st installment name:-TFA Installment I and object is [[ChromeDriver: chrome on XP (b753c8ca0c69a0acc002e30b8067f62d)] -> xpath: //table[@id='personalDetail']/tbody/tr[1]/td[2]/input[2]]]]>
    </line>
    <line>
      <![CDATA[entered 2nd installment name:-TFA Installment II and object is [[ChromeDriver: chrome on XP (b753c8ca0c69a0acc002e30b8067f62d)] -> xpath: //table[@id='personalDetail']/tbody/tr[2]/td[2]/input[2]]]]>
    </line>
    <line>
      <![CDATA[entered 3rd installment name:-TFA Installment III and object is [[ChromeDriver: chrome on XP (b753c8ca0c69a0acc002e30b8067f62d)] -> xpath: //table[@id='personalDetail']/tbody/tr[3]/td[2]/input[2]]]]>
    </line>
    <line>
      <![CDATA[entered 4th installment name:-TFA Installment IV and object is [[ChromeDriver: chrome on XP (b753c8ca0c69a0acc002e30b8067f62d)] -> xpath: //table[@id='personalDetail']/tbody/tr[4]/td[2]/input[2]]]]>
    </line>
    <line>
      <![CDATA[entered 5th installment name:-TFA Installment V and object is [[ChromeDriver: chrome on XP (b753c8ca0c69a0acc002e30b8067f62d)] -> xpath: //table[@id='personalDetail']/tbody/tr[5]/td[2]/input[2]]]]>
    </line>
    <line>
      <![CDATA[<a href='C:\Users\vaps\Desktop\IVRMPORTAL\src\main\java\com\test\automation\uiAutomation\screenshot\tcEnterNameForSelectedNoOfInstallment_AfterClearingData_26_05_2018_03_45_58.png'> <img src='C:\Users\vaps\Desktop\IVRMPORTAL\src\main\java\com\test\automation\uiAutomation\screenshot\tcEnterNameForSelectedNoOfInstallment_AfterClearingData_26_05_2018_03_45_58.png' height='100' width='100'/> </a>]]>
    </line>
    <line>
      <![CDATA[clicked on save button and object is:-[[ChromeDriver: chrome on XP (b753c8ca0c69a0acc002e30b8067f62d)] -> xpath: (//span[contains(text(),'Save')]/parent::button)[1]]]]>
    </line>
    <line>
      <![CDATA[<a href='C:\Users\vaps\Desktop\IVRMPORTAL\src\main\java\com\test\automation\uiAutomation\screenshot\tcClickOnSaveButton_26_05_2018_03_46_05.png'> <img src='C:\Users\vaps\Desktop\IVRMPORTAL\src\main\java\com\test\automation\uiAutomation\screenshot\tcClickOnSaveButton_26_05_2018_03_46_05.png' height='100' width='100'/> </a>]]>
    </line>
    <line>
      <![CDATA[Record saved successfully message is dispalyed and object is:-[[ChromeDriver: chrome on XP (b753c8ca0c69a0acc002e30b8067f62d)] -> xpath: //body[@id='style-4']/div[5]/h2]]]>
    </line>
    <line>
      <![CDATA[<a href='C:\Users\vaps\Desktop\IVRMPORTAL\src\main\java\com\test\automation\uiAutomation\screenshot\tcVerifySuccessfulPopUp_26_05_2018_03_46_07.png'> <img src='C:\Users\vaps\Desktop\IVRMPORTAL\src\main\java\com\test\automation\uiAutomation\screenshot\tcVerifySuccessfulPopUp_26_05_2018_03_46_07.png' height='100' width='100'/> </a>]]>
    </line>
    <line>
      <![CDATA[<a href='C:\Users\vaps\Desktop\IVRMPORTAL\src\main\java\com\test\automation\uiAutomation\screenshot\tcClickOnSuccessOkBtn_26_05_2018_03_46_07.png'> <img src='C:\Users\vaps\Desktop\IVRMPORTAL\src\main\java\com\test\automation\uiAutomation\screenshot\tcClickOnSuccessOkBtn_26_05_2018_03_46_07.png' height='100' width='100'/> </a>]]>
    </line>
    <line>
      <![CDATA[Entered Master Fee Installment Name:Tuition Fee Annual and object is:-[[ChromeDriver: chrome on XP (b753c8ca0c69a0acc002e30b8067f62d)] -> xpath: (//div[@class='input-group']/span/following-sibling::input)[1]]]]>
    </line>
    <line>
      <![CDATA[<a href='C:\Users\vaps\Desktop\IVRMPORTAL\src\main\java\com\test\automation\uiAutomation\screenshot\tcSearchBy_InstallmentName_InFeeMasterInstallmentGridView_26_05_2018_03_46_09.png'> <img src='C:\Users\vaps\Desktop\IVRMPORTAL\src\main\java\com\test\automation\uiAutomation\screenshot\tcSearchBy_InstallmentName_InFeeMasterInstallmentGridView_26_05_2018_03_46_09.png' height='100' width='100'/> </a>]]>
    </line>
    <line>
      <![CDATA[Master Fee Installment name is update in the grid:Tuition Fee Annual]]>
    </line>
    <line>
      <![CDATA[<a href='C:\Users\vaps\Desktop\IVRMPORTAL\src\main\java\com\test\automation\uiAutomation\screenshot\tcVerifyMasterFeeInstallment_UpdatedInGrid_26_05_2018_03_46_14.png'> <img src='C:\Users\vaps\Desktop\IVRMPORTAL\src\main\java\com\test\automation\uiAutomation\screenshot\tcVerifyMasterFeeInstallment_UpdatedInGrid_26_05_2018_03_46_14.png' height='100' width='100'/> </a>]]>
    </line>
    <line>
      <![CDATA[Clicked on edit link for corresponding Master Fee Installment name in grid]]>
    </line>
    <line>
      <![CDATA[<a href='C:\Users\vaps\Desktop\IVRMPORTAL\src\main\java\com\test\automation\uiAutomation\screenshot\tcEdit_MasterFeeInstallment_26_05_2018_03_46_19.png'> <img src='C:\Users\vaps\Desktop\IVRMPORTAL\src\main\java\com\test\automation\uiAutomation\screenshot\tcEdit_MasterFeeInstallment_26_05_2018_03_46_19.png' height='100' width='100'/> </a>]]>
    </line>
    <line>
      <![CDATA[clicked on save button and object is:-[[ChromeDriver: chrome on XP (b753c8ca0c69a0acc002e30b8067f62d)] -> xpath: (//span[contains(text(),'Save')]/parent::button)[1]]]]>
    </line>
    <line>
      <![CDATA[<a href='C:\Users\vaps\Desktop\IVRMPORTAL\src\main\java\com\test\automation\uiAutomation\screenshot\tcClickOnSaveButton_MasterFeeInstallmentForm_Edit_26_05_2018_03_46_27.png'> <img src='C:\Users\vaps\Desktop\IVRMPORTAL\src\main\java\com\test\automation\uiAutomation\screenshot\tcClickOnSaveButton_MasterFeeInstallmentForm_Edit_26_05_2018_03_46_27.png' height='100' width='100'/> </a>]]>
    </line>
    <line>
      <![CDATA[clicked on OK button and object is:-[[ChromeDriver: chrome on XP (b753c8ca0c69a0acc002e30b8067f62d)] -> xpath: //button[contains(text(),'OK')]]]]>
    </line>
    <line>
      <![CDATA[<a href='C:\Users\vaps\Desktop\IVRMPORTAL\src\main\java\com\test\automation\uiAutomation\screenshot\tcClickOnOkSuccessButton_Edit_26_05_2018_03_46_30.png'> <img src='C:\Users\vaps\Desktop\IVRMPORTAL\src\main\java\com\test\automation\uiAutomation\screenshot\tcClickOnOkSuccessButton_Edit_26_05_2018_03_46_30.png' height='100' width='100'/> </a>]]>
    </line>
    <line>
      <![CDATA[Entered Master Fee Installment Name:Tuition Fee Annual and object is:-[[ChromeDriver: chrome on XP (b753c8ca0c69a0acc002e30b8067f62d)] -> xpath: (//div[@class='input-group']/span/following-sibling::input)[1]]]]>
    </line>
    <line>
      <![CDATA[<a href='C:\Users\vaps\Desktop\IVRMPORTAL\src\main\java\com\test\automation\uiAutomation\screenshot\tcSearchBy_InstallmentName_InFeeMasterInstallmentGridView_ForDeactivate_26_05_2018_03_46_32.png'> <img src='C:\Users\vaps\Desktop\IVRMPORTAL\src\main\java\com\test\automation\uiAutomation\screenshot\tcSearchBy_InstallmentName_InFeeMasterInstallmentGridView_ForDeactivate_26_05_2018_03_46_32.png' height='100' width='100'/> </a>]]>
    </line>
    <line>
      <![CDATA[Clicked on deactivation link in Master fee Installment grid]]>
    </line>
    <line>
      <![CDATA[<a href='C:\Users\vaps\Desktop\IVRMPORTAL\src\main\java\com\test\automation\uiAutomation\screenshot\tcDeactivationOfCreated_MasterFeeInstallment_26_05_2018_03_46_37.png'> <img src='C:\Users\vaps\Desktop\IVRMPORTAL\src\main\java\com\test\automation\uiAutomation\screenshot\tcDeactivationOfCreated_MasterFeeInstallment_26_05_2018_03_46_37.png' height='100' width='100'/> </a>]]>
    </line>
    <line>
      <![CDATA[Clicked on cancel button and object is:-[[ChromeDriver: chrome on XP (b753c8ca0c69a0acc002e30b8067f62d)] -> xpath: //body[@id='style-4']/div[5]/div[7]/button]]]>
    </line>
    <line>
      <![CDATA[<a href='C:\Users\vaps\Desktop\IVRMPORTAL\src\main\java\com\test\automation\uiAutomation\screenshot\tcClickOnCancelButton_PopUp_deactivate_26_05_2018_03_46_41.png'> <img src='C:\Users\vaps\Desktop\IVRMPORTAL\src\main\java\com\test\automation\uiAutomation\screenshot\tcClickOnCancelButton_PopUp_deactivate_26_05_2018_03_46_41.png' height='100' width='100'/> </a>]]>
    </line>
    <line>
      <![CDATA[clicked on OK button and object is:-[[ChromeDriver: chrome on XP (b753c8ca0c69a0acc002e30b8067f62d)] -> xpath: //button[contains(text(),'OK')]]]]>
    </line>
    <line>
      <![CDATA[<a href='C:\Users\vaps\Desktop\IVRMPORTAL\src\main\java\com\test\automation\uiAutomation\screenshot\tcClickOnOkSuccessButton_deactivateCancel_26_05_2018_03_46_44.png'> <img src='C:\Users\vaps\Desktop\IVRMPORTAL\src\main\java\com\test\automation\uiAutomation\screenshot\tcClickOnOkSuccessButton_deactivateCancel_26_05_2018_03_46_44.png' height='100' width='100'/> </a>]]>
    </line>
    <line>
      <![CDATA[Entered Master Fee Installment Name:Tuition Fee Annual and object is:-[[ChromeDriver: chrome on XP (b753c8ca0c69a0acc002e30b8067f62d)] -> xpath: (//div[@class='input-group']/span/following-sibling::input)[1]]]]>
    </line>
    <line>
      <![CDATA[<a href='C:\Users\vaps\Desktop\IVRMPORTAL\src\main\java\com\test\automation\uiAutomation\screenshot\tcSearchBy_InstallmentName_InFeeMasterInstallmentGridView_ForDeactivate_AfterCancel_26_05_2018_03_46_45.png'> <img src='C:\Users\vaps\Desktop\IVRMPORTAL\src\main\java\com\test\automation\uiAutomation\screenshot\tcSearchBy_InstallmentName_InFeeMasterInstallmentGridView_ForDeactivate_AfterCancel_26_05_2018_03_46_45.png' height='100' width='100'/> </a>]]>
    </line>
    <line>
      <![CDATA[Clicked on deactivation link in Master fee Installment grid]]>
    </line>
    <line>
      <![CDATA[<a href='C:\Users\vaps\Desktop\IVRMPORTAL\src\main\java\com\test\automation\uiAutomation\screenshot\tcDeactivationOfCreated_MasterFeeInstallment_AfterCancel_26_05_2018_03_46_51.png'> <img src='C:\Users\vaps\Desktop\IVRMPORTAL\src\main\java\com\test\automation\uiAutomation\screenshot\tcDeactivationOfCreated_MasterFeeInstallment_AfterCancel_26_05_2018_03_46_51.png' height='100' width='100'/> </a>]]>
    </line>
    <line>
      <![CDATA[Clicked on yes deactivate or activate or delete it button and object is:-[[ChromeDriver: chrome on XP (b753c8ca0c69a0acc002e30b8067f62d)] -> xpath: //body[@id='style-4']/div[5]/div[7]/div/button]]]>
    </line>
    <line>
      <![CDATA[<a href='C:\Users\vaps\Desktop\IVRMPORTAL\src\main\java\com\test\automation\uiAutomation\screenshot\tcYesDeleteOrDeactivateOrActivateIt_26_05_2018_03_46_56.png'> <img src='C:\Users\vaps\Desktop\IVRMPORTAL\src\main\java\com\test\automation\uiAutomation\screenshot\tcYesDeleteOrDeactivateOrActivateIt_26_05_2018_03_46_56.png' height='100' width='100'/> </a>]]>
    </line>
    <line>
      <![CDATA[clicked on OK button and object is:-[[ChromeDriver: chrome on XP (b753c8ca0c69a0acc002e30b8067f62d)] -> xpath: //button[contains(text(),'OK')]]]]>
    </line>
    <line>
      <![CDATA[<a href='C:\Users\vaps\Desktop\IVRMPORTAL\src\main\java\com\test\automation\uiAutomation\screenshot\tcClickOnOkSuccessButton_deactivate_26_05_2018_03_46_59.png'> <img src='C:\Users\vaps\Desktop\IVRMPORTAL\src\main\java\com\test\automation\uiAutomation\screenshot\tcClickOnOkSuccessButton_deactivate_26_05_2018_03_46_59.png' height='100' width='100'/> </a>]]>
    </line>
    <line>
      <![CDATA[Entered Master Fee Installment Name:Tuition Fee Annual and object is:-[[ChromeDriver: chrome on XP (b753c8ca0c69a0acc002e30b8067f62d)] -> xpath: (//div[@class='input-group']/span/following-sibling::input)[1]]]]>
    </line>
    <line>
      <![CDATA[<a href='C:\Users\vaps\Desktop\IVRMPORTAL\src\main\java\com\test\automation\uiAutomation\screenshot\tcSearchBy_InstallmentName_InFeeMasterInstallmentGridView_ForActivate_26_05_2018_03_47_01.png'> <img src='C:\Users\vaps\Desktop\IVRMPORTAL\src\main\java\com\test\automation\uiAutomation\screenshot\tcSearchBy_InstallmentName_InFeeMasterInstallmentGridView_ForActivate_26_05_2018_03_47_01.png' height='100' width='100'/> </a>]]>
    </line>
    <line>
      <![CDATA[<a href='C:\Users\vaps\Desktop\IVRMPORTAL\src\main\java\com\test\automation\uiAutomation\screenshot\blank_26_05_2018_03_47_05.png'> <img src='C:\Users\vaps\Desktop\IVRMPORTAL\src\main\java\com\test\automation\uiAutomation\screenshot\blank_26_05_2018_03_47_05.png' height='100' width='100'/> </a>]]>
    </line>
    <line>
      <![CDATA[Cancel button element not present.]]>
    </line>
    <line>
      <![CDATA[<a href='C:\Users\vaps\Desktop\IVRMPORTAL\src\main\java\com\test\automation\uiAutomation\screenshot\tcClickOnCancelButton_PopUp_activate_26_05_2018_03_47_06.png'> <img src='C:\Users\vaps\Desktop\IVRMPORTAL\src\main\java\com\test\automation\uiAutomation\screenshot\tcClickOnCancelButton_PopUp_activate_26_05_2018_03_47_06.png' height='100' width='100'/> </a>]]>
    </line>
    <line>
      <![CDATA[OK Button element not present.]]>
    </line>
    <line>
      <![CDATA[<a href='C:\Users\vaps\Desktop\IVRMPORTAL\src\main\java\com\test\automation\uiAutomation\screenshot\tcClickOnOkSuccessButton_activateCancel_26_05_2018_03_47_07.png'> <img src='C:\Users\vaps\Desktop\IVRMPORTAL\src\main\java\com\test\automation\uiAutomation\screenshot\tcClickOnOkSuccessButton_activateCancel_26_05_2018_03_47_07.png' height='100' width='100'/> </a>]]>
    </line>
    <line>
      <![CDATA[Entered Master Fee Installment Name:Tuition Fee Annual and object is:-[[ChromeDriver: chrome on XP (b753c8ca0c69a0acc002e30b8067f62d)] -> xpath: (//div[@class='input-group']/span/following-sibling::input)[1]]]]>
    </line>
    <line>
      <![CDATA[<a href='C:\Users\vaps\Desktop\IVRMPORTAL\src\main\java\com\test\automation\uiAutomation\screenshot\tcSearchBy_InstallmentName_InFeeMasterInstallmentGridView_AfterCancel_26_05_2018_03_47_08.png'> <img src='C:\Users\vaps\Desktop\IVRMPORTAL\src\main\java\com\test\automation\uiAutomation\screenshot\tcSearchBy_InstallmentName_InFeeMasterInstallmentGridView_AfterCancel_26_05_2018_03_47_08.png' height='100' width='100'/> </a>]]>
    </line>
    <line>
      <![CDATA[<a href='C:\Users\vaps\Desktop\IVRMPORTAL\src\main\java\com\test\automation\uiAutomation\screenshot\blank_26_05_2018_03_47_13.png'> <img src='C:\Users\vaps\Desktop\IVRMPORTAL\src\main\java\com\test\automation\uiAutomation\screenshot\blank_26_05_2018_03_47_13.png' height='100' width='100'/> </a>]]>
    </line>
    <line>
      <![CDATA[Yes Activate/Deactivate button element not present.]]>
    </line>
    <line>
      <![CDATA[<a href='C:\Users\vaps\Desktop\IVRMPORTAL\src\main\java\com\test\automation\uiAutomation\screenshot\tcYesDeleteOrDeactivateOrActivateIt_Activate_26_05_2018_03_47_14.png'> <img src='C:\Users\vaps\Desktop\IVRMPORTAL\src\main\java\com\test\automation\uiAutomation\screenshot\tcYesDeleteOrDeactivateOrActivateIt_Activate_26_05_2018_03_47_14.png' height='100' width='100'/> </a>]]>
    </line>
    <line>
      <![CDATA[OK Button element not present.]]>
    </line>
    <line>
      <![CDATA[<a href='C:\Users\vaps\Desktop\IVRMPORTAL\src\main\java\com\test\automation\uiAutomation\screenshot\tcClickOnOkSuccessButton_activate_26_05_2018_03_47_14.png'> <img src='C:\Users\vaps\Desktop\IVRMPORTAL\src\main\java\com\test\automation\uiAutomation\screenshot\tcClickOnOkSuccessButton_activate_26_05_2018_03_47_14.png' height='100' width='100'/> </a>]]>
    </line>
    <line>
      <![CDATA[logout is done and object is:-[[ChromeDriver: chrome on XP (b753c8ca0c69a0acc002e30b8067f62d)] -> xpath: //span[contains(text(),'Logout')]]]]>
    </line>
  </reporter-output>
  <suite name="Default suite" duration-ms="165512" started-at="2018-05-26T10:14:32Z" finished-at="2018-05-26T10:17:18Z">
    <groups>
    </groups>
    <test name="Default test" duration-ms="165512" started-at="2018-05-26T10:14:32Z" finished-at="2018-05-26T10:17:18Z">
      <class name="com.test.automation.uiAutomation.Fee.TC_Masters.Tc_Masters_Fee_Installment_MasterInstallment">
        <test-method status="PASS" signature="setUp()[pri:0, instance:com.test.automation.uiAutomation.Fee.TC_Masters.Tc_Masters_Fee_Installment_MasterInstallment@6279cee3]" name="setUp" is-config="true" duration-ms="10841" started-at="2018-05-26T15:44:32Z" finished-at="2018-05-26T15:44:43Z">
          <reporter-output>
          </reporter-output>
        </test-method> <!-- setUp -->
        <test-method status="PASS" signature="beforeMethod(java.lang.reflect.Method)[pri:0, instance:com.test.automation.uiAutomation.Fee.TC_Masters.Tc_Masters_Fee_Installment_MasterInstallment@6279cee3]" name="beforeMethod" is-config="true" duration-ms="2" started-at="2018-05-26T15:44:44Z" finished-at="2018-05-26T15:44:44Z">
          <params>
            <param index="0">
              <value>
                <![CDATA[public void com.test.automation.uiAutomation.Fee.TC_Masters.Tc_Masters_Fee_Installment_MasterInstallment.loginToappWithrequiredCredentials(java.lang.String,java.lang.String,java.lang.String)]]>
              </value>
            </param>
          </params>
          <reporter-output>
          </reporter-output>
        </test-method> <!-- beforeMethod -->
        <test-method status="PASS" signature="loginToappWithrequiredCredentials(java.lang.String, java.lang.String, java.lang.String)[pri:1, instance:com.test.automation.uiAutomation.Fee.TC_Masters.Tc_Masters_Fee_Installment_MasterInstallment@6279cee3]" name="loginToappWithrequiredCredentials" duration-ms="20096" started-at="2018-05-26T15:44:44Z" data-provider="vapsloginData" finished-at="2018-05-26T15:45:04Z">
          <params>
            <param index="0">
              <value>
                <![CDATA[Rakesh]]>
              </value>
            </param>
            <param index="1">
              <value>
                <![CDATA[Password@123]]>
              </value>
            </param>
            <param index="2">
              <value>
                <![CDATA[Y]]>
              </value>
            </param>
          </params>
          <reporter-output>
            <line>
              <![CDATA[<a href='C:\Users\vaps\Desktop\IVRMPORTAL\src\main\java\com\test\automation\uiAutomation\screenshot\Login Page_26_05_2018_03_44_44.png'> <img src='C:\Users\vaps\Desktop\IVRMPORTAL\src\main\java\com\test\automation\uiAutomation\screenshot\Login Page_26_05_2018_03_44_44.png' height='100' width='100'/> </a>]]>
            </line>
            <line>
              <![CDATA[entered user name:-Rakesh and object is [[ChromeDriver: chrome on XP (b753c8ca0c69a0acc002e30b8067f62d)] -> xpath: //input[@id='login-username']]]]>
            </line>
            <line>
              <![CDATA[entered password:-Password@123 and object is [[ChromeDriver: chrome on XP (b753c8ca0c69a0acc002e30b8067f62d)] -> xpath: //input[@id='login-password']]]]>
            </line>
            <line>
              <![CDATA[cliked on login button and object is:-[[ChromeDriver: chrome on XP (b753c8ca0c69a0acc002e30b8067f62d)] -> xpath: //div[@class='col-xs-4']/button[2]]]]>
            </line>
            <line>
              <![CDATA[Home button is dispalyed and object is:-[[ChromeDriver: chrome on XP (b753c8ca0c69a0acc002e30b8067f62d)] -> xpath: //*[@id='style-4']/section/ul/li[1]/a/span]]]>
            </line>
            <line>
              <![CDATA[<a href='C:\Users\vaps\Desktop\IVRMPORTAL\src\main\java\com\test\automation\uiAutomation\screenshot\loginToappWithrequiredCredentials_26_05_2018_03_45_04.png'> <img src='C:\Users\vaps\Desktop\IVRMPORTAL\src\main\java\com\test\automation\uiAutomation\screenshot\loginToappWithrequiredCredentials_26_05_2018_03_45_04.png' height='100' width='100'/> </a>]]>
            </line>
          </reporter-output>
        </test-method> <!-- loginToappWithrequiredCredentials -->
        <test-method status="PASS" signature="afterMethod(org.testng.ITestResult)[pri:0, instance:com.test.automation.uiAutomation.Fee.TC_Masters.Tc_Masters_Fee_Installment_MasterInstallment@6279cee3]" name="afterMethod" is-config="true" duration-ms="0" started-at="2018-05-26T15:45:04Z" finished-at="2018-05-26T15:45:04Z">
          <params>
            <param index="0">
              <value>
                <![CDATA[[TestResult name=loginToappWithrequiredCredentials status=SUCCESS method=Tc_Masters_Fee_Installment_MasterInstallment.loginToappWithrequiredCredentials(java.lang.String, java.lang.String, java.lang.String)[pri:1, instance:com.test.automation.uiAutomation.Fee.TC_Masters.Tc_Masters_Fee_Installment_MasterInstallment@6279cee3] output=<a href='C:\Users\vaps\Desktop\IVRMPORTAL\src\main\java\com\test\automation\uiAutomation\screenshot\Login Page_26_05_2018_03_44_44.png'> <img src='C:\Users\vaps\Desktop\IVRMPORTAL\src\main\java\com\test\automation\uiAutomation\screenshot\Login Page_26_05_2018_03_44_44.png' height='100' width='100'/> </a>]]]>
              </value>
            </param>
          </params>
          <reporter-output>
          </reporter-output>
        </test-method> <!-- afterMethod -->
        <test-method status="PASS" signature="beforeMethod(java.lang.reflect.Method)[pri:0, instance:com.test.automation.uiAutomation.Fee.TC_Masters.Tc_Masters_Fee_Installment_MasterInstallment@6279cee3]" name="beforeMethod" is-config="true" duration-ms="0" started-at="2018-05-26T15:45:04Z" finished-at="2018-05-26T15:45:04Z">
          <params>
            <param index="0">
              <value>
                <![CDATA[public void com.test.automation.uiAutomation.Fee.TC_Masters.Tc_Masters_Fee_Installment_MasterInstallment.loginToappWithrequiredCredentials(java.lang.String,java.lang.String,java.lang.String)]]>
              </value>
            </param>
          </params>
          <reporter-output>
          </reporter-output>
        </test-method> <!-- beforeMethod -->
        <test-method status="SKIP" signature="loginToappWithrequiredCredentials(java.lang.String, java.lang.String, java.lang.String)[pri:1, instance:com.test.automation.uiAutomation.Fee.TC_Masters.Tc_Masters_Fee_Installment_MasterInstallment@6279cee3]" name="loginToappWithrequiredCredentials" duration-ms="1" started-at="2018-05-26T15:45:04Z" data-provider="vapsloginData" finished-at="2018-05-26T15:45:04Z">
          <params>
            <param index="0">
              <value>
                <![CDATA[Radha]]>
              </value>
            </param>
            <param index="1">
              <value>
                <![CDATA[Radha@123]]>
              </value>
            </param>
            <param index="2">
              <value>
                <![CDATA[N]]>
              </value>
            </param>
          </params>
          <exception class="org.testng.SkipException">
            <message>
              <![CDATA[user marked this record as no run]]>
            </message>
            <full-stacktrace>
              <![CDATA[org.testng.SkipException: user marked this record as no run
	at com.test.automation.uiAutomation.Fee.TC_Masters.Tc_Masters_Fee_Installment_MasterInstallment.loginToappWithrequiredCredentials(Tc_Masters_Fee_Installment_MasterInstallment.java:66)
	at sun.reflect.NativeMethodAccessorImpl.invoke0(Native Method)
	at sun.reflect.NativeMethodAccessorImpl.invoke(Unknown Source)
	at sun.reflect.DelegatingMethodAccessorImpl.invoke(Unknown Source)
	at java.lang.reflect.Method.invoke(Unknown Source)
	at org.testng.internal.MethodInvocationHelper.invokeMethod(MethodInvocationHelper.java:104)
	at org.testng.internal.Invoker.invokeMethod(Invoker.java:645)
	at org.testng.internal.Invoker.invokeTestMethod(Invoker.java:851)
	at org.testng.internal.Invoker.invokeTestMethods(Invoker.java:1177)
	at org.testng.internal.TestMethodWorker.invokeTestMethods(TestMethodWorker.java:129)
	at org.testng.internal.TestMethodWorker.run(TestMethodWorker.java:112)
	at org.testng.TestRunner.privateRun(TestRunner.java:756)
	at org.testng.TestRunner.run(TestRunner.java:610)
	at org.testng.SuiteRunner.runTest(SuiteRunner.java:387)
	at org.testng.SuiteRunner.runSequentially(SuiteRunner.java:382)
	at org.testng.SuiteRunner.privateRun(SuiteRunner.java:340)
	at org.testng.SuiteRunner.run(SuiteRunner.java:289)
	at org.testng.SuiteRunnerWorker.runSuite(SuiteRunnerWorker.java:52)
	at org.testng.SuiteRunnerWorker.run(SuiteRunnerWorker.java:86)
	at org.testng.TestNG.runSuitesSequentially(TestNG.java:1293)
	at org.testng.TestNG.runSuitesLocally(TestNG.java:1218)
	at org.testng.TestNG.runSuites(TestNG.java:1133)
	at org.testng.TestNG.run(TestNG.java:1104)
	at org.testng.remote.AbstractRemoteTestNG.run(AbstractRemoteTestNG.java:132)
	at org.testng.remote.RemoteTestNG.initAndRun(RemoteTestNG.java:230)
	at org.testng.remote.RemoteTestNG.main(RemoteTestNG.java:76)
]]>
            </full-stacktrace>
          </exception> <!-- org.testng.SkipException -->
          <reporter-output>
          </reporter-output>
        </test-method> <!-- loginToappWithrequiredCredentials -->
        <test-method status="SKIP" signature="loginToappWithrequiredCredentials(java.lang.String, java.lang.String, java.lang.String)[pri:1, instance:com.test.automation.uiAutomation.Fee.TC_Masters.Tc_Masters_Fee_Installment_MasterInstallment@6279cee3]" name="loginToappWithrequiredCredentials" duration-ms="1" started-at="2018-05-26T15:45:04Z" data-provider="vapsloginData" finished-at="2018-05-26T15:45:04Z">
          <params>
            <param index="0">
              <value>
                <![CDATA[arvind]]>
              </value>
            </param>
            <param index="1">
              <value>
                <![CDATA[VapsTech@121]]>
              </value>
            </param>
            <param index="2">
              <value>
                <![CDATA[N]]>
              </value>
            </param>
          </params>
          <exception class="org.testng.SkipException">
            <message>
              <![CDATA[user marked this record as no run]]>
            </message>
            <full-stacktrace>
              <![CDATA[org.testng.SkipException: user marked this record as no run
	at com.test.automation.uiAutomation.Fee.TC_Masters.Tc_Masters_Fee_Installment_MasterInstallment.loginToappWithrequiredCredentials(Tc_Masters_Fee_Installment_MasterInstallment.java:66)
	at sun.reflect.NativeMethodAccessorImpl.invoke0(Native Method)
	at sun.reflect.NativeMethodAccessorImpl.invoke(Unknown Source)
	at sun.reflect.DelegatingMethodAccessorImpl.invoke(Unknown Source)
	at java.lang.reflect.Method.invoke(Unknown Source)
	at org.testng.internal.MethodInvocationHelper.invokeMethod(MethodInvocationHelper.java:104)
	at org.testng.internal.Invoker.invokeMethod(Invoker.java:645)
	at org.testng.internal.Invoker.invokeTestMethod(Invoker.java:851)
	at org.testng.internal.Invoker.invokeTestMethods(Invoker.java:1177)
	at org.testng.internal.TestMethodWorker.invokeTestMethods(TestMethodWorker.java:129)
	at org.testng.internal.TestMethodWorker.run(TestMethodWorker.java:112)
	at org.testng.TestRunner.privateRun(TestRunner.java:756)
	at org.testng.TestRunner.run(TestRunner.java:610)
	at org.testng.SuiteRunner.runTest(SuiteRunner.java:387)
	at org.testng.SuiteRunner.runSequentially(SuiteRunner.java:382)
	at org.testng.SuiteRunner.privateRun(SuiteRunner.java:340)
	at org.testng.SuiteRunner.run(SuiteRunner.java:289)
	at org.testng.SuiteRunnerWorker.runSuite(SuiteRunnerWorker.java:52)
	at org.testng.SuiteRunnerWorker.run(SuiteRunnerWorker.java:86)
	at org.testng.TestNG.runSuitesSequentially(TestNG.java:1293)
	at org.testng.TestNG.runSuitesLocally(TestNG.java:1218)
	at org.testng.TestNG.runSuites(TestNG.java:1133)
	at org.testng.TestNG.run(TestNG.java:1104)
	at org.testng.remote.AbstractRemoteTestNG.run(AbstractRemoteTestNG.java:132)
	at org.testng.remote.RemoteTestNG.initAndRun(RemoteTestNG.java:230)
	at org.testng.remote.RemoteTestNG.main(RemoteTestNG.java:76)
]]>
            </full-stacktrace>
          </exception> <!-- org.testng.SkipException -->
          <reporter-output>
          </reporter-output>
        </test-method> <!-- loginToappWithrequiredCredentials -->
        <test-method status="PASS" signature="beforeMethod(java.lang.reflect.Method)[pri:0, instance:com.test.automation.uiAutomation.Fee.TC_Masters.Tc_Masters_Fee_Installment_MasterInstallment@6279cee3]" name="beforeMethod" is-config="true" duration-ms="0" started-at="2018-05-26T15:45:04Z" finished-at="2018-05-26T15:45:04Z">
          <params>
            <param index="0">
              <value>
                <![CDATA[public void com.test.automation.uiAutomation.Fee.TC_Masters.Tc_Masters_Fee_Installment_MasterInstallment.loginToappWithrequiredCredentials(java.lang.String,java.lang.String,java.lang.String)]]>
              </value>
            </param>
          </params>
          <reporter-output>
          </reporter-output>
        </test-method> <!-- beforeMethod -->
        <test-method status="PASS" signature="afterMethod(org.testng.ITestResult)[pri:0, instance:com.test.automation.uiAutomation.Fee.TC_Masters.Tc_Masters_Fee_Installment_MasterInstallment@6279cee3]" name="afterMethod" is-config="true" duration-ms="0" started-at="2018-05-26T15:45:04Z" finished-at="2018-05-26T15:45:04Z">
          <params>
            <param index="0">
              <value>
                <![CDATA[[TestResult name=loginToappWithrequiredCredentials status=SKIP method=Tc_Masters_Fee_Installment_MasterInstallment.loginToappWithrequiredCredentials(java.lang.String, java.lang.String, java.lang.String)[pri:1, instance:com.test.automation.uiAutomation.Fee.TC_Masters.Tc_Masters_Fee_Installment_MasterInstallment@6279cee3] output={null}]]]>
              </value>
            </param>
          </params>
          <reporter-output>
          </reporter-output>
        </test-method> <!-- afterMethod -->
        <test-method status="SKIP" signature="loginToappWithrequiredCredentials(java.lang.String, java.lang.String, java.lang.String)[pri:1, instance:com.test.automation.uiAutomation.Fee.TC_Masters.Tc_Masters_Fee_Installment_MasterInstallment@6279cee3]" name="loginToappWithrequiredCredentials" duration-ms="0" started-at="2018-05-26T15:45:04Z" data-provider="vapsloginData" finished-at="2018-05-26T15:45:04Z">
          <params>
            <param index="0">
              <value>
                <![CDATA[Rakesh]]>
              </value>
            </param>
            <param index="1">
              <value>
                <![CDATA[Rakesh@321]]>
              </value>
            </param>
            <param index="2">
              <value>
                <![CDATA[N]]>
              </value>
            </param>
          </params>
          <exception class="org.testng.SkipException">
            <message>
              <![CDATA[user marked this record as no run]]>
            </message>
            <full-stacktrace>
              <![CDATA[org.testng.SkipException: user marked this record as no run
	at com.test.automation.uiAutomation.Fee.TC_Masters.Tc_Masters_Fee_Installment_MasterInstallment.loginToappWithrequiredCredentials(Tc_Masters_Fee_Installment_MasterInstallment.java:66)
	at sun.reflect.NativeMethodAccessorImpl.invoke0(Native Method)
	at sun.reflect.NativeMethodAccessorImpl.invoke(Unknown Source)
	at sun.reflect.DelegatingMethodAccessorImpl.invoke(Unknown Source)
	at java.lang.reflect.Method.invoke(Unknown Source)
	at org.testng.internal.MethodInvocationHelper.invokeMethod(MethodInvocationHelper.java:104)
	at org.testng.internal.Invoker.invokeMethod(Invoker.java:645)
	at org.testng.internal.Invoker.invokeTestMethod(Invoker.java:851)
	at org.testng.internal.Invoker.invokeTestMethods(Invoker.java:1177)
	at org.testng.internal.TestMethodWorker.invokeTestMethods(TestMethodWorker.java:129)
	at org.testng.internal.TestMethodWorker.run(TestMethodWorker.java:112)
	at org.testng.TestRunner.privateRun(TestRunner.java:756)
	at org.testng.TestRunner.run(TestRunner.java:610)
	at org.testng.SuiteRunner.runTest(SuiteRunner.java:387)
	at org.testng.SuiteRunner.runSequentially(SuiteRunner.java:382)
	at org.testng.SuiteRunner.privateRun(SuiteRunner.java:340)
	at org.testng.SuiteRunner.run(SuiteRunner.java:289)
	at org.testng.SuiteRunnerWorker.runSuite(SuiteRunnerWorker.java:52)
	at org.testng.SuiteRunnerWorker.run(SuiteRunnerWorker.java:86)
	at org.testng.TestNG.runSuitesSequentially(TestNG.java:1293)
	at org.testng.TestNG.runSuitesLocally(TestNG.java:1218)
	at org.testng.TestNG.runSuites(TestNG.java:1133)
	at org.testng.TestNG.run(TestNG.java:1104)
	at org.testng.remote.AbstractRemoteTestNG.run(AbstractRemoteTestNG.java:132)
	at org.testng.remote.RemoteTestNG.initAndRun(RemoteTestNG.java:230)
	at org.testng.remote.RemoteTestNG.main(RemoteTestNG.java:76)
]]>
            </full-stacktrace>
          </exception> <!-- org.testng.SkipException -->
          <reporter-output>
          </reporter-output>
        </test-method> <!-- loginToappWithrequiredCredentials -->
        <test-method status="PASS" signature="beforeMethod(java.lang.reflect.Method)[pri:0, instance:com.test.automation.uiAutomation.Fee.TC_Masters.Tc_Masters_Fee_Installment_MasterInstallment@6279cee3]" name="beforeMethod" is-config="true" duration-ms="0" started-at="2018-05-26T15:45:04Z" finished-at="2018-05-26T15:45:04Z">
          <params>
            <param index="0">
              <value>
                <![CDATA[public void com.test.automation.uiAutomation.Fee.TC_Masters.Tc_Masters_Fee_Installment_MasterInstallment.loginToappWithrequiredCredentials(java.lang.String,java.lang.String,java.lang.String)]]>
              </value>
            </param>
          </params>
          <reporter-output>
          </reporter-output>
        </test-method> <!-- beforeMethod -->
        <test-method status="PASS" signature="afterMethod(org.testng.ITestResult)[pri:0, instance:com.test.automation.uiAutomation.Fee.TC_Masters.Tc_Masters_Fee_Installment_MasterInstallment@6279cee3]" name="afterMethod" is-config="true" duration-ms="0" started-at="2018-05-26T15:45:04Z" finished-at="2018-05-26T15:45:04Z">
          <params>
            <param index="0">
              <value>
                <![CDATA[[TestResult name=loginToappWithrequiredCredentials status=SKIP method=Tc_Masters_Fee_Installment_MasterInstallment.loginToappWithrequiredCredentials(java.lang.String, java.lang.String, java.lang.String)[pri:1, instance:com.test.automation.uiAutomation.Fee.TC_Masters.Tc_Masters_Fee_Installment_MasterInstallment@6279cee3] output={null}]]]>
              </value>
            </param>
          </params>
          <reporter-output>
          </reporter-output>
        </test-method> <!-- afterMethod -->
        <test-method status="PASS" signature="afterMethod(org.testng.ITestResult)[pri:0, instance:com.test.automation.uiAutomation.Fee.TC_Masters.Tc_Masters_Fee_Installment_MasterInstallment@6279cee3]" name="afterMethod" is-config="true" duration-ms="0" started-at="2018-05-26T15:45:04Z" finished-at="2018-05-26T15:45:04Z">
          <params>
            <param index="0">
              <value>
                <![CDATA[[TestResult name=loginToappWithrequiredCredentials status=SKIP method=Tc_Masters_Fee_Installment_MasterInstallment.loginToappWithrequiredCredentials(java.lang.String, java.lang.String, java.lang.String)[pri:1, instance:com.test.automation.uiAutomation.Fee.TC_Masters.Tc_Masters_Fee_Installment_MasterInstallment@6279cee3] output={null}]]]>
              </value>
            </param>
          </params>
          <reporter-output>
          </reporter-output>
        </test-method> <!-- afterMethod -->
        <test-method status="PASS" signature="beforeMethod(java.lang.reflect.Method)[pri:0, instance:com.test.automation.uiAutomation.Fee.TC_Masters.Tc_Masters_Fee_Installment_MasterInstallment@6279cee3]" name="beforeMethod" is-config="true" duration-ms="0" started-at="2018-05-26T15:45:04Z" finished-at="2018-05-26T15:45:04Z">
          <params>
            <param index="0">
              <value>
                <![CDATA[public void com.test.automation.uiAutomation.Fee.TC_Masters.Tc_Masters_Fee_Installment_MasterInstallment.loginToappWithrequiredCredentials(java.lang.String,java.lang.String,java.lang.String)]]>
              </value>
            </param>
          </params>
          <reporter-output>
          </reporter-output>
        </test-method> <!-- beforeMethod -->
        <test-method status="SKIP" signature="loginToappWithrequiredCredentials(java.lang.String, java.lang.String, java.lang.String)[pri:1, instance:com.test.automation.uiAutomation.Fee.TC_Masters.Tc_Masters_Fee_Installment_MasterInstallment@6279cee3]" name="loginToappWithrequiredCredentials" duration-ms="1" started-at="2018-05-26T15:45:04Z" data-provider="vapsloginData" finished-at="2018-05-26T15:45:04Z">
          <params>
            <param index="0">
              <value>
                <![CDATA[RR]]>
              </value>
            </param>
            <param index="1">
              <value>
                <![CDATA[Password@123]]>
              </value>
            </param>
            <param index="2">
              <value>
                <![CDATA[N]]>
              </value>
            </param>
          </params>
          <exception class="org.testng.SkipException">
            <message>
              <![CDATA[user marked this record as no run]]>
            </message>
            <full-stacktrace>
              <![CDATA[org.testng.SkipException: user marked this record as no run
	at com.test.automation.uiAutomation.Fee.TC_Masters.Tc_Masters_Fee_Installment_MasterInstallment.loginToappWithrequiredCredentials(Tc_Masters_Fee_Installment_MasterInstallment.java:66)
	at sun.reflect.NativeMethodAccessorImpl.invoke0(Native Method)
	at sun.reflect.NativeMethodAccessorImpl.invoke(Unknown Source)
	at sun.reflect.DelegatingMethodAccessorImpl.invoke(Unknown Source)
	at java.lang.reflect.Method.invoke(Unknown Source)
	at org.testng.internal.MethodInvocationHelper.invokeMethod(MethodInvocationHelper.java:104)
	at org.testng.internal.Invoker.invokeMethod(Invoker.java:645)
	at org.testng.internal.Invoker.invokeTestMethod(Invoker.java:851)
	at org.testng.internal.Invoker.invokeTestMethods(Invoker.java:1177)
	at org.testng.internal.TestMethodWorker.invokeTestMethods(TestMethodWorker.java:129)
	at org.testng.internal.TestMethodWorker.run(TestMethodWorker.java:112)
	at org.testng.TestRunner.privateRun(TestRunner.java:756)
	at org.testng.TestRunner.run(TestRunner.java:610)
	at org.testng.SuiteRunner.runTest(SuiteRunner.java:387)
	at org.testng.SuiteRunner.runSequentially(SuiteRunner.java:382)
	at org.testng.SuiteRunner.privateRun(SuiteRunner.java:340)
	at org.testng.SuiteRunner.run(SuiteRunner.java:289)
	at org.testng.SuiteRunnerWorker.runSuite(SuiteRunnerWorker.java:52)
	at org.testng.SuiteRunnerWorker.run(SuiteRunnerWorker.java:86)
	at org.testng.TestNG.runSuitesSequentially(TestNG.java:1293)
	at org.testng.TestNG.runSuitesLocally(TestNG.java:1218)
	at org.testng.TestNG.runSuites(TestNG.java:1133)
	at org.testng.TestNG.run(TestNG.java:1104)
	at org.testng.remote.AbstractRemoteTestNG.run(AbstractRemoteTestNG.java:132)
	at org.testng.remote.RemoteTestNG.initAndRun(RemoteTestNG.java:230)
	at org.testng.remote.RemoteTestNG.main(RemoteTestNG.java:76)
]]>
            </full-stacktrace>
          </exception> <!-- org.testng.SkipException -->
          <reporter-output>
          </reporter-output>
        </test-method> <!-- loginToappWithrequiredCredentials -->
        <test-method status="PASS" signature="afterMethod(org.testng.ITestResult)[pri:0, instance:com.test.automation.uiAutomation.Fee.TC_Masters.Tc_Masters_Fee_Installment_MasterInstallment@6279cee3]" name="afterMethod" is-config="true" duration-ms="0" started-at="2018-05-26T15:45:04Z" finished-at="2018-05-26T15:45:04Z">
          <params>
            <param index="0">
              <value>
                <![CDATA[[TestResult name=loginToappWithrequiredCredentials status=SKIP method=Tc_Masters_Fee_Installment_MasterInstallment.loginToappWithrequiredCredentials(java.lang.String, java.lang.String, java.lang.String)[pri:1, instance:com.test.automation.uiAutomation.Fee.TC_Masters.Tc_Masters_Fee_Installment_MasterInstallment@6279cee3] output={null}]]]>
              </value>
            </param>
          </params>
          <reporter-output>
          </reporter-output>
        </test-method> <!-- afterMethod -->
        <test-method status="PASS" signature="beforeMethod(java.lang.reflect.Method)[pri:0, instance:com.test.automation.uiAutomation.Fee.TC_Masters.Tc_Masters_Fee_Installment_MasterInstallment@6279cee3]" name="beforeMethod" is-config="true" duration-ms="1" started-at="2018-05-26T15:45:04Z" finished-at="2018-05-26T15:45:04Z">
          <params>
            <param index="0">
              <value>
                <![CDATA[public void com.test.automation.uiAutomation.Fee.TC_Masters.Tc_Masters_Fee_Installment_MasterInstallment.tcHomeButtonValidation()]]>
              </value>
            </param>
          </params>
          <reporter-output>
          </reporter-output>
        </test-method> <!-- beforeMethod -->
        <test-method status="PASS" signature="tcHomeButtonValidation()[pri:2, instance:com.test.automation.uiAutomation.Fee.TC_Masters.Tc_Masters_Fee_Installment_MasterInstallment@6279cee3]" name="tcHomeButtonValidation" duration-ms="5321" started-at="2018-05-26T15:45:04Z" finished-at="2018-05-26T15:45:09Z">
          <reporter-output>
            <line>
              <![CDATA[Home button is dispalyed and object is:-[[ChromeDriver: chrome on XP (b753c8ca0c69a0acc002e30b8067f62d)] -> xpath: //aside[@id='style-4']/section/ul/li[1]]]]>
            </line>
            <line>
              <![CDATA[<a href='C:\Users\vaps\Desktop\IVRMPORTAL\src\main\java\com\test\automation\uiAutomation\screenshot\tcHomeButtonValidation_26_05_2018_03_45_09.png'> <img src='C:\Users\vaps\Desktop\IVRMPORTAL\src\main\java\com\test\automation\uiAutomation\screenshot\tcHomeButtonValidation_26_05_2018_03_45_09.png' height='100' width='100'/> </a>]]>
            </line>
          </reporter-output>
        </test-method> <!-- tcHomeButtonValidation -->
        <test-method status="PASS" signature="afterMethod(org.testng.ITestResult)[pri:0, instance:com.test.automation.uiAutomation.Fee.TC_Masters.Tc_Masters_Fee_Installment_MasterInstallment@6279cee3]" name="afterMethod" is-config="true" duration-ms="0" started-at="2018-05-26T15:45:09Z" finished-at="2018-05-26T15:45:09Z">
          <params>
            <param index="0">
              <value>
                <![CDATA[[TestResult name=tcHomeButtonValidation status=SUCCESS method=Tc_Masters_Fee_Installment_MasterInstallment.tcHomeButtonValidation()[pri:2, instance:com.test.automation.uiAutomation.Fee.TC_Masters.Tc_Masters_Fee_Installment_MasterInstallment@6279cee3] output=Home button is dispalyed and object is:-[[ChromeDriver: chrome on XP (b753c8ca0c69a0acc002e30b8067f62d)] -> xpath: //aside[@id='style-4']/section/ul/li[1]]]]]>
              </value>
            </param>
          </params>
          <reporter-output>
          </reporter-output>
        </test-method> <!-- afterMethod -->
        <test-method status="PASS" signature="beforeMethod(java.lang.reflect.Method)[pri:0, instance:com.test.automation.uiAutomation.Fee.TC_Masters.Tc_Masters_Fee_Installment_MasterInstallment@6279cee3]" name="beforeMethod" is-config="true" duration-ms="0" started-at="2018-05-26T15:45:09Z" finished-at="2018-05-26T15:45:09Z">
          <params>
            <param index="0">
              <value>
                <![CDATA[public void com.test.automation.uiAutomation.Fee.TC_Masters.Tc_Masters_Fee_Installment_MasterInstallment.tcNevigateToFeeInstallment_MasterInstallment()]]>
              </value>
            </param>
          </params>
          <reporter-output>
          </reporter-output>
        </test-method> <!-- beforeMethod -->
        <test-method status="PASS" signature="tcNevigateToFeeInstallment_MasterInstallment()[pri:3, instance:com.test.automation.uiAutomation.Fee.TC_Masters.Tc_Masters_Fee_Installment_MasterInstallment@6279cee3]" name="tcNevigateToFeeInstallment_MasterInstallment" duration-ms="8246" started-at="2018-05-26T15:45:09Z" finished-at="2018-05-26T15:45:17Z">
          <reporter-output>
            <line>
              <![CDATA[Clicked on Fee Button and object is:-[[ChromeDriver: chrome on XP (b753c8ca0c69a0acc002e30b8067f62d)] -> xpath: //span[contains(text(),'Fees')]/preceding-sibling::button]]]>
            </line>
            <line>
              <![CDATA[Clicked on Fee Masters Button and object is:-[[ChromeDriver: chrome on XP (b753c8ca0c69a0acc002e30b8067f62d)] -> xpath: //span[contains(text(),'Fees')]/preceding-sibling::button/following::span[contains(text(),'Masters')][1]]]]>
            </line>
            <line>
              <![CDATA[Clicked on Fee Installment Button and object is:-[[ChromeDriver: chrome on XP (b753c8ca0c69a0acc002e30b8067f62d)] -> xpath: //span[contains(text(),'Fees')]/preceding-sibling::button/following::span[contains(text(),'Masters')][1]/following::li[9]]]]>
            </line>
            <line>
              <![CDATA[<a href='C:\Users\vaps\Desktop\IVRMPORTAL\src\main\java\com\test\automation\uiAutomation\screenshot\tcNevigateToFeeInstallment_MasterInstallment_26_05_2018_03_45_17.png'> <img src='C:\Users\vaps\Desktop\IVRMPORTAL\src\main\java\com\test\automation\uiAutomation\screenshot\tcNevigateToFeeInstallment_MasterInstallment_26_05_2018_03_45_17.png' height='100' width='100'/> </a>]]>
            </line>
          </reporter-output>
        </test-method> <!-- tcNevigateToFeeInstallment_MasterInstallment -->
        <test-method status="PASS" signature="tcVerifyFeeInstallmentScreen()[pri:4, instance:com.test.automation.uiAutomation.Fee.TC_Masters.Tc_Masters_Fee_Installment_MasterInstallment@6279cee3]" name="tcVerifyFeeInstallmentScreen" duration-ms="1331" started-at="2018-05-26T15:45:17Z" finished-at="2018-05-26T15:45:19Z">
          <reporter-output>
            <line>
              <![CDATA[Fee Installment screen page is dispalyed and object is:-[[ChromeDriver: chrome on XP (b753c8ca0c69a0acc002e30b8067f62d)] -> xpath: //body[@id='style-4']/ui-view/div[1]/div/section/ol/li]]]>
            </line>
            <line>
              <![CDATA[<a href='C:\Users\vaps\Desktop\IVRMPORTAL\src\main\java\com\test\automation\uiAutomation\screenshot\tcVerifyFeeInstallmentScreen_26_05_2018_03_45_18.png'> <img src='C:\Users\vaps\Desktop\IVRMPORTAL\src\main\java\com\test\automation\uiAutomation\screenshot\tcVerifyFeeInstallmentScreen_26_05_2018_03_45_18.png' height='100' width='100'/> </a>]]>
            </line>
          </reporter-output>
        </test-method> <!-- tcVerifyFeeInstallmentScreen -->
        <test-method status="PASS" signature="beforeMethod(java.lang.reflect.Method)[pri:0, instance:com.test.automation.uiAutomation.Fee.TC_Masters.Tc_Masters_Fee_Installment_MasterInstallment@6279cee3]" name="beforeMethod" is-config="true" duration-ms="0" started-at="2018-05-26T15:45:17Z" finished-at="2018-05-26T15:45:17Z">
          <params>
            <param index="0">
              <value>
                <![CDATA[public void com.test.automation.uiAutomation.Fee.TC_Masters.Tc_Masters_Fee_Installment_MasterInstallment.tcVerifyFeeInstallmentScreen()]]>
              </value>
            </param>
          </params>
          <reporter-output>
          </reporter-output>
        </test-method> <!-- beforeMethod -->
        <test-method status="PASS" signature="afterMethod(org.testng.ITestResult)[pri:0, instance:com.test.automation.uiAutomation.Fee.TC_Masters.Tc_Masters_Fee_Installment_MasterInstallment@6279cee3]" name="afterMethod" is-config="true" duration-ms="0" started-at="2018-05-26T15:45:17Z" finished-at="2018-05-26T15:45:17Z">
          <params>
            <param index="0">
              <value>
                <![CDATA[[TestResult name=tcNevigateToFeeInstallment_MasterInstallment status=SUCCESS method=Tc_Masters_Fee_Installment_MasterInstallment.tcNevigateToFeeInstallment_MasterInstallment()[pri:3, instance:com.test.automation.uiAutomation.Fee.TC_Masters.Tc_Masters_Fee_Installment_MasterInstallment@6279cee3] output=Clicked on Fee Button and object is:-[[ChromeDriver: chrome on XP (b753c8ca0c69a0acc002e30b8067f62d)] -> xpath: //span[contains(text(),'Fees')]/preceding-sibling::button]]]]>
              </value>
            </param>
          </params>
          <reporter-output>
          </reporter-output>
        </test-method> <!-- afterMethod -->
        <test-method status="PASS" signature="afterMethod(org.testng.ITestResult)[pri:0, instance:com.test.automation.uiAutomation.Fee.TC_Masters.Tc_Masters_Fee_Installment_MasterInstallment@6279cee3]" name="afterMethod" is-config="true" duration-ms="0" started-at="2018-05-26T15:45:19Z" finished-at="2018-05-26T15:45:19Z">
          <params>
            <param index="0">
              <value>
                <![CDATA[[TestResult name=tcVerifyFeeInstallmentScreen status=SUCCESS method=Tc_Masters_Fee_Installment_MasterInstallment.tcVerifyFeeInstallmentScreen()[pri:4, instance:com.test.automation.uiAutomation.Fee.TC_Masters.Tc_Masters_Fee_Installment_MasterInstallment@6279cee3] output=Fee Installment screen page is dispalyed and object is:-[[ChromeDriver: chrome on XP (b753c8ca0c69a0acc002e30b8067f62d)] -> xpath: //body[@id='style-4']/ui-view/div[1]/div/section/ol/li]]]]>
              </value>
            </param>
          </params>
          <reporter-output>
          </reporter-output>
        </test-method> <!-- afterMethod -->
        <test-method status="PASS" signature="tcFillMasterInstallmentForm(java.lang.String, java.lang.String, java.lang.String, java.lang.String)[pri:5, instance:com.test.automation.uiAutomation.Fee.TC_Masters.Tc_Masters_Fee_Installment_MasterInstallment@6279cee3]" name="tcFillMasterInstallmentForm" duration-ms="5237" started-at="2018-05-26T15:45:19Z" data-provider="FeeInstallmentTestData" finished-at="2018-05-26T15:45:24Z">
          <params>
            <param index="0">
              <value>
                <![CDATA[Tuition Fee Annual]]>
              </value>
            </param>
            <param index="1">
              <value>
                <![CDATA[General]]>
              </value>
            </param>
            <param index="2">
              <value>
                <![CDATA[5]]>
              </value>
            </param>
            <param index="3">
              <value>
                <![CDATA[Y]]>
              </value>
            </param>
          </params>
          <reporter-output>
            <line>
              <![CDATA[Entered Fee master installment name:-Tuition Fee Annual and object is [[ChromeDriver: chrome on XP (b753c8ca0c69a0acc002e30b8067f62d)] -> xpath: //label[contains(text(),'Installment Name:')]/following-sibling::div/input]]]>
            </line>
            <line>
              <![CDATA[Selected installment type:-General and object is:- [[ChromeDriver: chrome on XP (b753c8ca0c69a0acc002e30b8067f62d)] -> xpath: (//label[contains(text(),'Type:')]/following-sibling::div/select)[1]]]]>
            </line>
            <line>
              <![CDATA[Entered No. of installment:-5 and object is [[ChromeDriver: chrome on XP (b753c8ca0c69a0acc002e30b8067f62d)] -> xpath: //label[contains(text(),'No. of installments:')]/following-sibling::div/input]]]>
            </line>
            <line>
              <![CDATA[<a href='C:\Users\vaps\Desktop\IVRMPORTAL\src\main\java\com\test\automation\uiAutomation\screenshot\tcFillMasterInstallmentForm_26_05_2018_03_45_24.png'> <img src='C:\Users\vaps\Desktop\IVRMPORTAL\src\main\java\com\test\automation\uiAutomation\screenshot\tcFillMasterInstallmentForm_26_05_2018_03_45_24.png' height='100' width='100'/> </a>]]>
            </line>
          </reporter-output>
        </test-method> <!-- tcFillMasterInstallmentForm -->
        <test-method status="PASS" signature="beforeMethod(java.lang.reflect.Method)[pri:0, instance:com.test.automation.uiAutomation.Fee.TC_Masters.Tc_Masters_Fee_Installment_MasterInstallment@6279cee3]" name="beforeMethod" is-config="true" duration-ms="0" started-at="2018-05-26T15:45:19Z" finished-at="2018-05-26T15:45:19Z">
          <params>
            <param index="0">
              <value>
                <![CDATA[public void com.test.automation.uiAutomation.Fee.TC_Masters.Tc_Masters_Fee_Installment_MasterInstallment.tcFillMasterInstallmentForm(java.lang.String,java.lang.String,java.lang.String,java.lang.String)]]>
              </value>
            </param>
          </params>
          <reporter-output>
          </reporter-output>
        </test-method> <!-- beforeMethod -->
        <test-method status="PASS" signature="afterMethod(org.testng.ITestResult)[pri:0, instance:com.test.automation.uiAutomation.Fee.TC_Masters.Tc_Masters_Fee_Installment_MasterInstallment@6279cee3]" name="afterMethod" is-config="true" duration-ms="0" started-at="2018-05-26T15:45:24Z" finished-at="2018-05-26T15:45:24Z">
          <params>
            <param index="0">
              <value>
                <![CDATA[[TestResult name=tcFillMasterInstallmentForm status=SUCCESS method=Tc_Masters_Fee_Installment_MasterInstallment.tcFillMasterInstallmentForm(java.lang.String, java.lang.String, java.lang.String, java.lang.String)[pri:5, instance:com.test.automation.uiAutomation.Fee.TC_Masters.Tc_Masters_Fee_Installment_MasterInstallment@6279cee3] output=Entered Fee master installment name:-Tuition Fee Annual and object is [[ChromeDriver: chrome on XP (b753c8ca0c69a0acc002e30b8067f62d)] -> xpath: //label[contains(text(),'Installment Name:')]/following-sibling::div/input]]]]>
              </value>
            </param>
          </params>
          <reporter-output>
          </reporter-output>
        </test-method> <!-- afterMethod -->
        <test-method status="PASS" signature="beforeMethod(java.lang.reflect.Method)[pri:0, instance:com.test.automation.uiAutomation.Fee.TC_Masters.Tc_Masters_Fee_Installment_MasterInstallment@6279cee3]" name="beforeMethod" is-config="true" duration-ms="0" started-at="2018-05-26T15:45:24Z" finished-at="2018-05-26T15:45:24Z">
          <params>
            <param index="0">
              <value>
                <![CDATA[public void com.test.automation.uiAutomation.Fee.TC_Masters.Tc_Masters_Fee_Installment_MasterInstallment.tcVerifyFeeInstallmentGridIsPresent()]]>
              </value>
            </param>
          </params>
          <reporter-output>
          </reporter-output>
        </test-method> <!-- beforeMethod -->
        <test-method status="PASS" signature="tcVerifyFeeInstallmentGridIsPresent()[pri:6, instance:com.test.automation.uiAutomation.Fee.TC_Masters.Tc_Masters_Fee_Installment_MasterInstallment@6279cee3]" name="tcVerifyFeeInstallmentGridIsPresent" duration-ms="1311" started-at="2018-05-26T15:45:24Z" finished-at="2018-05-26T15:45:25Z">
          <reporter-output>
            <line>
              <![CDATA[Fee Installment grid view is dispalyed and object is:-[[ChromeDriver: chrome on XP (b753c8ca0c69a0acc002e30b8067f62d)] -> xpath: //h3[contains(text(),'Fee Installment Grid View')]]]]>
            </line>
            <line>
              <![CDATA[<a href='C:\Users\vaps\Desktop\IVRMPORTAL\src\main\java\com\test\automation\uiAutomation\screenshot\tcVerifyFeeInstallmentGridIsPresent_26_05_2018_03_45_25.png'> <img src='C:\Users\vaps\Desktop\IVRMPORTAL\src\main\java\com\test\automation\uiAutomation\screenshot\tcVerifyFeeInstallmentGridIsPresent_26_05_2018_03_45_25.png' height='100' width='100'/> </a>]]>
            </line>
          </reporter-output>
        </test-method> <!-- tcVerifyFeeInstallmentGridIsPresent -->
        <test-method status="PASS" signature="afterMethod(org.testng.ITestResult)[pri:0, instance:com.test.automation.uiAutomation.Fee.TC_Masters.Tc_Masters_Fee_Installment_MasterInstallment@6279cee3]" name="afterMethod" is-config="true" duration-ms="0" started-at="2018-05-26T15:45:25Z" finished-at="2018-05-26T15:45:25Z">
          <params>
            <param index="0">
              <value>
                <![CDATA[[TestResult name=tcVerifyFeeInstallmentGridIsPresent status=SUCCESS method=Tc_Masters_Fee_Installment_MasterInstallment.tcVerifyFeeInstallmentGridIsPresent()[pri:6, instance:com.test.automation.uiAutomation.Fee.TC_Masters.Tc_Masters_Fee_Installment_MasterInstallment@6279cee3] output=Fee Installment grid view is dispalyed and object is:-[[ChromeDriver: chrome on XP (b753c8ca0c69a0acc002e30b8067f62d)] -> xpath: //h3[contains(text(),'Fee Installment Grid View')]]]]]>
              </value>
            </param>
          </params>
          <reporter-output>
          </reporter-output>
        </test-method> <!-- afterMethod -->
        <test-method status="PASS" signature="beforeMethod(java.lang.reflect.Method)[pri:0, instance:com.test.automation.uiAutomation.Fee.TC_Masters.Tc_Masters_Fee_Installment_MasterInstallment@6279cee3]" name="beforeMethod" is-config="true" duration-ms="1" started-at="2018-05-26T15:45:25Z" finished-at="2018-05-26T15:45:25Z">
          <params>
            <param index="0">
              <value>
                <![CDATA[public void com.test.automation.uiAutomation.Fee.TC_Masters.Tc_Masters_Fee_Installment_MasterInstallment.tcEnterNameForSelectedNoOfInstallment(java.lang.String,java.lang.String,java.lang.String,java.lang.String,java.lang.String,java.lang.String)]]>
              </value>
            </param>
          </params>
          <reporter-output>
          </reporter-output>
        </test-method> <!-- beforeMethod -->
        <test-method status="PASS" signature="tcEnterNameForSelectedNoOfInstallment(java.lang.String, java.lang.String, java.lang.String, java.lang.String, java.lang.String, java.lang.String)[pri:7, instance:com.test.automation.uiAutomation.Fee.TC_Masters.Tc_Masters_Fee_Installment_MasterInstallment@6279cee3]" name="tcEnterNameForSelectedNoOfInstallment" duration-ms="6949" started-at="2018-05-26T15:45:25Z" data-provider="FeeInstallmentNameTestData" finished-at="2018-05-26T15:45:32Z">
          <params>
            <param index="0">
              <value>
                <![CDATA[TFA Installment I]]>
              </value>
            </param>
            <param index="1">
              <value>
                <![CDATA[TFA Installment II]]>
              </value>
            </param>
            <param index="2">
              <value>
                <![CDATA[TFA Installment III]]>
              </value>
            </param>
            <param index="3">
              <value>
                <![CDATA[TFA Installment IV]]>
              </value>
            </param>
            <param index="4">
              <value>
                <![CDATA[TFA Installment V]]>
              </value>
            </param>
            <param index="5">
              <value>
                <![CDATA[Y]]>
              </value>
            </param>
          </params>
          <reporter-output>
            <line>
              <![CDATA[entered 1st installment name:-TFA Installment I and object is [[ChromeDriver: chrome on XP (b753c8ca0c69a0acc002e30b8067f62d)] -> xpath: //table[@id='personalDetail']/tbody/tr[1]/td[2]/input[2]]]]>
            </line>
            <line>
              <![CDATA[entered 2nd installment name:-TFA Installment II and object is [[ChromeDriver: chrome on XP (b753c8ca0c69a0acc002e30b8067f62d)] -> xpath: //table[@id='personalDetail']/tbody/tr[2]/td[2]/input[2]]]]>
            </line>
            <line>
              <![CDATA[entered 3rd installment name:-TFA Installment III and object is [[ChromeDriver: chrome on XP (b753c8ca0c69a0acc002e30b8067f62d)] -> xpath: //table[@id='personalDetail']/tbody/tr[3]/td[2]/input[2]]]]>
            </line>
            <line>
              <![CDATA[entered 4th installment name:-TFA Installment IV and object is [[ChromeDriver: chrome on XP (b753c8ca0c69a0acc002e30b8067f62d)] -> xpath: //table[@id='personalDetail']/tbody/tr[4]/td[2]/input[2]]]]>
            </line>
            <line>
              <![CDATA[entered 5th installment name:-TFA Installment V and object is [[ChromeDriver: chrome on XP (b753c8ca0c69a0acc002e30b8067f62d)] -> xpath: //table[@id='personalDetail']/tbody/tr[5]/td[2]/input[2]]]]>
            </line>
            <line>
              <![CDATA[<a href='C:\Users\vaps\Desktop\IVRMPORTAL\src\main\java\com\test\automation\uiAutomation\screenshot\tcEnterNameForSelectedNoOfInstallment_26_05_2018_03_45_32.png'> <img src='C:\Users\vaps\Desktop\IVRMPORTAL\src\main\java\com\test\automation\uiAutomation\screenshot\tcEnterNameForSelectedNoOfInstallment_26_05_2018_03_45_32.png' height='100' width='100'/> </a>]]>
            </line>
          </reporter-output>
        </test-method> <!-- tcEnterNameForSelectedNoOfInstallment -->
        <test-method status="PASS" signature="afterMethod(org.testng.ITestResult)[pri:0, instance:com.test.automation.uiAutomation.Fee.TC_Masters.Tc_Masters_Fee_Installment_MasterInstallment@6279cee3]" name="afterMethod" is-config="true" duration-ms="1" started-at="2018-05-26T15:45:32Z" finished-at="2018-05-26T15:45:32Z">
          <params>
            <param index="0">
              <value>
                <![CDATA[[TestResult name=tcEnterNameForSelectedNoOfInstallment status=SUCCESS method=Tc_Masters_Fee_Installment_MasterInstallment.tcEnterNameForSelectedNoOfInstallment(java.lang.String, java.lang.String, java.lang.String, java.lang.String, java.lang.String, java.lang.String)[pri:7, instance:com.test.automation.uiAutomation.Fee.TC_Masters.Tc_Masters_Fee_Installment_MasterInstallment@6279cee3] output=entered 1st installment name:-TFA Installment I and object is [[ChromeDriver: chrome on XP (b753c8ca0c69a0acc002e30b8067f62d)] -> xpath: //table[@id='personalDetail']/tbody/tr[1]/td[2]/input[2]]]]]>
              </value>
            </param>
          </params>
          <reporter-output>
          </reporter-output>
        </test-method> <!-- afterMethod -->
        <test-method status="PASS" signature="beforeMethod(java.lang.reflect.Method)[pri:0, instance:com.test.automation.uiAutomation.Fee.TC_Masters.Tc_Masters_Fee_Installment_MasterInstallment@6279cee3]" name="beforeMethod" is-config="true" duration-ms="0" started-at="2018-05-26T15:45:32Z" finished-at="2018-05-26T15:45:32Z">
          <params>
            <param index="0">
              <value>
                <![CDATA[public void com.test.automation.uiAutomation.Fee.TC_Masters.Tc_Masters_Fee_Installment_MasterInstallment.tcMinimize_MasterInstallment()]]>
              </value>
            </param>
          </params>
          <reporter-output>
          </reporter-output>
        </test-method> <!-- beforeMethod -->
        <test-method status="PASS" signature="tcMinimize_MasterInstallment()[pri:8, instance:com.test.automation.uiAutomation.Fee.TC_Masters.Tc_Masters_Fee_Installment_MasterInstallment@6279cee3]" name="tcMinimize_MasterInstallment" duration-ms="1375" started-at="2018-05-26T15:45:32Z" finished-at="2018-05-26T15:45:34Z">
          <reporter-output>
            <line>
              <![CDATA[clicked on master Installment minimize and maximize button and object is:-[[ChromeDriver: chrome on XP (b753c8ca0c69a0acc002e30b8067f62d)] -> xpath: (//button[@class='btn btn-box-tool'])[1]]]]>
            </line>
            <line>
              <![CDATA[<a href='C:\Users\vaps\Desktop\IVRMPORTAL\src\main\java\com\test\automation\uiAutomation\screenshot\tcMinimize_MasterInstallment_26_05_2018_03_45_34.png'> <img src='C:\Users\vaps\Desktop\IVRMPORTAL\src\main\java\com\test\automation\uiAutomation\screenshot\tcMinimize_MasterInstallment_26_05_2018_03_45_34.png' height='100' width='100'/> </a>]]>
            </line>
          </reporter-output>
        </test-method> <!-- tcMinimize_MasterInstallment -->
        <test-method status="PASS" signature="tcMinimize_MasterFeeInstallmentGridView()[pri:9, instance:com.test.automation.uiAutomation.Fee.TC_Masters.Tc_Masters_Fee_Installment_MasterInstallment@6279cee3]" name="tcMinimize_MasterFeeInstallmentGridView" duration-ms="1359" started-at="2018-05-26T15:45:34Z" finished-at="2018-05-26T15:45:35Z">
          <reporter-output>
            <line>
              <![CDATA[Master Fee Installment grid table data minimize and maximize and object is:-[[ChromeDriver: chrome on XP (b753c8ca0c69a0acc002e30b8067f62d)] -> xpath: (//button[@class='btn btn-box-tool'])[2]]]]>
            </line>
            <line>
[...]
            </line>
          </reporter-output>
        </test-method> <!-- tcClickOnCancelButton_PopUp_activate -->
        <test-method status="PASS" signature="beforeMethod(java.lang.reflect.Method)[pri:0, instance:com.test.automation.uiAutomation.Fee.TC_Masters.Tc_Masters_Fee_Installment_MasterInstallment@6279cee3]" name="beforeMethod" is-config="true" duration-ms="0" started-at="2018-05-26T15:47:06Z" finished-at="2018-05-26T15:47:06Z">
          <params>
            <param index="0">
              <value>
                <![CDATA[public void com.test.automation.uiAutomation.Fee.TC_Masters.Tc_Masters_Fee_Installment_MasterInstallment.tcClickOnOkSuccessButton_activateCancel()]]>
              </value>
            </param>
          </params>
          <reporter-output>
          </reporter-output>
        </test-method> <!-- beforeMethod -->
        <test-method status="PASS" signature="tcClickOnOkSuccessButton_activateCancel()[pri:38, instance:com.test.automation.uiAutomation.Fee.TC_Masters.Tc_Masters_Fee_Installment_MasterInstallment@6279cee3]" name="tcClickOnOkSuccessButton_activateCancel" duration-ms="774" started-at="2018-05-26T15:47:06Z" finished-at="2018-05-26T15:47:07Z">
          <reporter-output>
            <line>
              <![CDATA[OK Button element not present.]]>
            </line>
            <line>
              <![CDATA[<a href='C:\Users\vaps\Desktop\IVRMPORTAL\src\main\java\com\test\automation\uiAutomation\screenshot\tcClickOnOkSuccessButton_activateCancel_26_05_2018_03_47_07.png'> <img src='C:\Users\vaps\Desktop\IVRMPORTAL\src\main\java\com\test\automation\uiAutomation\screenshot\tcClickOnOkSuccessButton_activateCancel_26_05_2018_03_47_07.png' height='100' width='100'/> </a>]]>
            </line>
          </reporter-output>
        </test-method> <!-- tcClickOnOkSuccessButton_activateCancel -->
        <test-method status="PASS" signature="afterMethod(org.testng.ITestResult)[pri:0, instance:com.test.automation.uiAutomation.Fee.TC_Masters.Tc_Masters_Fee_Installment_MasterInstallment@6279cee3]" name="afterMethod" is-config="true" duration-ms="0" started-at="2018-05-26T15:47:06Z" finished-at="2018-05-26T15:47:06Z">
          <params>
            <param index="0">
              <value>
                <![CDATA[[TestResult name=tcClickOnCancelButton_PopUp_activate status=SUCCESS method=Tc_Masters_Fee_Installment_MasterInstallment.tcClickOnCancelButton_PopUp_activate()[pri:37, instance:com.test.automation.uiAutomation.Fee.TC_Masters.Tc_Masters_Fee_Installment_MasterInstallment@6279cee3] output=Cancel button element not present.]]]>
              </value>
            </param>
          </params>
          <reporter-output>
          </reporter-output>
        </test-method> <!-- afterMethod -->
        <test-method status="PASS" signature="afterMethod(org.testng.ITestResult)[pri:0, instance:com.test.automation.uiAutomation.Fee.TC_Masters.Tc_Masters_Fee_Installment_MasterInstallment@6279cee3]" name="afterMethod" is-config="true" duration-ms="0" started-at="2018-05-26T15:47:07Z" finished-at="2018-05-26T15:47:07Z">
          <params>
            <param index="0">
              <value>
                <![CDATA[[TestResult name=tcClickOnOkSuccessButton_activateCancel status=SUCCESS method=Tc_Masters_Fee_Installment_MasterInstallment.tcClickOnOkSuccessButton_activateCancel()[pri:38, instance:com.test.automation.uiAutomation.Fee.TC_Masters.Tc_Masters_Fee_Installment_MasterInstallment@6279cee3] output=OK Button element not present.]]]>
              </value>
            </param>
          </params>
          <reporter-output>
          </reporter-output>
        </test-method> <!-- afterMethod -->
        <test-method status="PASS" signature="tcSearchBy_InstallmentName_InFeeMasterInstallmentGridView_AfterCancel(java.lang.String, java.lang.String)[pri:39, instance:com.test.automation.uiAutomation.Fee.TC_Masters.Tc_Masters_Fee_Installment_MasterInstallment@6279cee3]" name="tcSearchBy_InstallmentName_InFeeMasterInstallmentGridView_AfterCancel" duration-ms="1492" started-at="2018-05-26T15:47:07Z" data-provider="Search_FeeInstallmentNameData" finished-at="2018-05-26T15:47:09Z">
          <params>
            <param index="0">
              <value>
                <![CDATA[Tuition Fee Annual]]>
              </value>
            </param>
            <param index="1">
              <value>
                <![CDATA[Y]]>
              </value>
            </param>
          </params>
          <reporter-output>
            <line>
              <![CDATA[Entered Master Fee Installment Name:Tuition Fee Annual and object is:-[[ChromeDriver: chrome on XP (b753c8ca0c69a0acc002e30b8067f62d)] -> xpath: (//div[@class='input-group']/span/following-sibling::input)[1]]]]>
            </line>
            <line>
              <![CDATA[<a href='C:\Users\vaps\Desktop\IVRMPORTAL\src\main\java\com\test\automation\uiAutomation\screenshot\tcSearchBy_InstallmentName_InFeeMasterInstallmentGridView_AfterCancel_26_05_2018_03_47_08.png'> <img src='C:\Users\vaps\Desktop\IVRMPORTAL\src\main\java\com\test\automation\uiAutomation\screenshot\tcSearchBy_InstallmentName_InFeeMasterInstallmentGridView_AfterCancel_26_05_2018_03_47_08.png' height='100' width='100'/> </a>]]>
            </line>
          </reporter-output>
        </test-method> <!-- tcSearchBy_InstallmentName_InFeeMasterInstallmentGridView_AfterCancel -->
        <test-method status="PASS" signature="beforeMethod(java.lang.reflect.Method)[pri:0, instance:com.test.automation.uiAutomation.Fee.TC_Masters.Tc_Masters_Fee_Installment_MasterInstallment@6279cee3]" name="beforeMethod" is-config="true" duration-ms="0" started-at="2018-05-26T15:47:07Z" finished-at="2018-05-26T15:47:07Z">
          <params>
            <param index="0">
              <value>
                <![CDATA[public void com.test.automation.uiAutomation.Fee.TC_Masters.Tc_Masters_Fee_Installment_MasterInstallment.tcSearchBy_InstallmentName_InFeeMasterInstallmentGridView_AfterCancel(java.lang.String,java.lang.String)]]>
              </value>
            </param>
          </params>
          <reporter-output>
          </reporter-output>
        </test-method> <!-- beforeMethod -->
        <test-method status="PASS" signature="afterMethod(org.testng.ITestResult)[pri:0, instance:com.test.automation.uiAutomation.Fee.TC_Masters.Tc_Masters_Fee_Installment_MasterInstallment@6279cee3]" name="afterMethod" is-config="true" duration-ms="0" started-at="2018-05-26T15:47:09Z" finished-at="2018-05-26T15:47:09Z">
          <params>
            <param index="0">
              <value>
                <![CDATA[[TestResult name=tcSearchBy_InstallmentName_InFeeMasterInstallmentGridView_AfterCancel status=SUCCESS method=Tc_Masters_Fee_Installment_MasterInstallment.tcSearchBy_InstallmentName_InFeeMasterInstallmentGridView_AfterCancel(java.lang.String, java.lang.String)[pri:39, instance:com.test.automation.uiAutomation.Fee.TC_Masters.Tc_Masters_Fee_Installment_MasterInstallment@6279cee3] output=Entered Master Fee Installment Name:Tuition Fee Annual and object is:-[[ChromeDriver: chrome on XP (b753c8ca0c69a0acc002e30b8067f62d)] -> xpath: (//div[@class='input-group']/span/following-sibling::input)[1]]]]]>
              </value>
            </param>
          </params>
          <reporter-output>
          </reporter-output>
        </test-method> <!-- afterMethod -->
        <test-method status="PASS" signature="beforeMethod(java.lang.reflect.Method)[pri:0, instance:com.test.automation.uiAutomation.Fee.TC_Masters.Tc_Masters_Fee_Installment_MasterInstallment@6279cee3]" name="beforeMethod" is-config="true" duration-ms="0" started-at="2018-05-26T15:47:09Z" finished-at="2018-05-26T15:47:09Z">
          <params>
            <param index="0">
              <value>
                <![CDATA[public void com.test.automation.uiAutomation.Fee.TC_Masters.Tc_Masters_Fee_Installment_MasterInstallment.tcActivationOfCreatedFeeInstallment_MasterInstallment_AfterCancel(java.lang.String,java.lang.String)]]>
              </value>
            </param>
          </params>
          <reporter-output>
          </reporter-output>
        </test-method> <!-- beforeMethod -->
        <test-method status="FAIL" signature="tcActivationOfCreatedFeeInstallment_MasterInstallment_AfterCancel(java.lang.String, java.lang.String)[pri:40, instance:com.test.automation.uiAutomation.Fee.TC_Masters.Tc_Masters_Fee_Installment_MasterInstallment@6279cee3]" name="tcActivationOfCreatedFeeInstallment_MasterInstallment_AfterCancel" duration-ms="4061" started-at="2018-05-26T15:47:09Z" data-provider="Search_FeeInstallmentNameData" finished-at="2018-05-26T15:47:13Z">
          <params>
            <param index="0">
              <value>
                <![CDATA[Tuition Fee Annual]]>
              </value>
            </param>
            <param index="1">
              <value>
                <![CDATA[Y]]>
              </value>
            </param>
          </params>
          <exception class="java.lang.AssertionError">
            <message>
              <![CDATA[expected [Deactivate] but found [Activate]]]>
            </message>
            <full-stacktrace>
              <![CDATA[java.lang.AssertionError: expected [Deactivate] but found [Activate]
	at org.testng.Assert.fail(Assert.java:94)
	at org.testng.Assert.failNotEquals(Assert.java:513)
	at org.testng.Assert.assertEqualsImpl(Assert.java:135)
	at org.testng.Assert.assertEquals(Assert.java:116)
	at org.testng.Assert.assertEquals(Assert.java:190)
	at org.testng.Assert.assertEquals(Assert.java:200)
	at com.test.automation.uiAutomation.Fee.Masters.Masters_Fee_Installment_MasterInstallment.activationOfCreatedFeeInstallment_MasterInstallment(Masters_Fee_Installment_MasterInstallment.java:461)
	at com.test.automation.uiAutomation.Fee.TC_Masters.Tc_Masters_Fee_Installment_MasterInstallment.tcActivationOfCreatedFeeInstallment_MasterInstallment_AfterCancel(Tc_Masters_Fee_Installment_MasterInstallment.java:726)
	at sun.reflect.NativeMethodAccessorImpl.invoke0(Native Method)
	at sun.reflect.NativeMethodAccessorImpl.invoke(Unknown Source)
	at sun.reflect.DelegatingMethodAccessorImpl.invoke(Unknown Source)
	at java.lang.reflect.Method.invoke(Unknown Source)
	at org.testng.internal.MethodInvocationHelper.invokeMethod(MethodInvocationHelper.java:104)
	at org.testng.internal.Invoker.invokeMethod(Invoker.java:645)
	at org.testng.internal.Invoker.invokeTestMethod(Invoker.java:851)
	at org.testng.internal.Invoker.invokeTestMethods(Invoker.java:1177)
	at org.testng.internal.TestMethodWorker.invokeTestMethods(TestMethodWorker.java:129)
	at org.testng.internal.TestMethodWorker.run(TestMethodWorker.java:112)
	at org.testng.TestRunner.privateRun(TestRunner.java:756)
	at org.testng.TestRunner.run(TestRunner.java:610)
	at org.testng.SuiteRunner.runTest(SuiteRunner.java:387)
	at org.testng.SuiteRunner.runSequentially(SuiteRunner.java:382)
	at org.testng.SuiteRunner.privateRun(SuiteRunner.java:340)
	at org.testng.SuiteRunner.run(SuiteRunner.java:289)
	at org.testng.SuiteRunnerWorker.runSuite(SuiteRunnerWorker.java:52)
	at org.testng.SuiteRunnerWorker.run(SuiteRunnerWorker.java:86)
	at org.testng.TestNG.runSuitesSequentially(TestNG.java:1293)
	at org.testng.TestNG.runSuitesLocally(TestNG.java:1218)
	at org.testng.TestNG.runSuites(TestNG.java:1133)
	at org.testng.TestNG.run(TestNG.java:1104)
	at org.testng.remote.AbstractRemoteTestNG.run(AbstractRemoteTestNG.java:132)
	at org.testng.remote.RemoteTestNG.initAndRun(RemoteTestNG.java:230)
	at org.testng.remote.RemoteTestNG.main(RemoteTestNG.java:76)
]]>
            </full-stacktrace>
          </exception> <!-- java.lang.AssertionError -->
          <reporter-output>
          </reporter-output>
        </test-method> <!-- tcActivationOfCreatedFeeInstallment_MasterInstallment_AfterCancel -->
        <test-method status="PASS" signature="afterMethod(org.testng.ITestResult)[pri:0, instance:com.test.automation.uiAutomation.Fee.TC_Masters.Tc_Masters_Fee_Installment_MasterInstallment@6279cee3]" name="afterMethod" is-config="true" duration-ms="245" started-at="2018-05-26T15:47:13Z" finished-at="2018-05-26T15:47:13Z">
          <params>
            <param index="0">
              <value>
                <![CDATA[[TestResult name=tcActivationOfCreatedFeeInstallment_MasterInstallment_AfterCancel status=FAILURE method=Tc_Masters_Fee_Installment_MasterInstallment.tcActivationOfCreatedFeeInstallment_MasterInstallment_AfterCancel(java.lang.String, java.lang.String)[pri:40, instance:com.test.automation.uiAutomation.Fee.TC_Masters.Tc_Masters_Fee_Installment_MasterInstallment@6279cee3] output={null}]]]>
              </value>
            </param>
          </params>
          <reporter-output>
            <line>
              <![CDATA[<a href='C:\Users\vaps\Desktop\IVRMPORTAL\src\main\java\com\test\automation\uiAutomation\screenshot\blank_26_05_2018_03_47_13.png'> <img src='C:\Users\vaps\Desktop\IVRMPORTAL\src\main\java\com\test\automation\uiAutomation\screenshot\blank_26_05_2018_03_47_13.png' height='100' width='100'/> </a>]]>
            </line>
          </reporter-output>
        </test-method> <!-- afterMethod -->
        <test-method status="PASS" signature="beforeMethod(java.lang.reflect.Method)[pri:0, instance:com.test.automation.uiAutomation.Fee.TC_Masters.Tc_Masters_Fee_Installment_MasterInstallment@6279cee3]" name="beforeMethod" is-config="true" duration-ms="0" started-at="2018-05-26T15:47:13Z" finished-at="2018-05-26T15:47:13Z">
          <params>
            <param index="0">
              <value>
                <![CDATA[public void com.test.automation.uiAutomation.Fee.TC_Masters.Tc_Masters_Fee_Installment_MasterInstallment.tcYesDeleteOrDeactivateOrActivateIt_Activate()]]>
              </value>
            </param>
          </params>
          <reporter-output>
          </reporter-output>
        </test-method> <!-- beforeMethod -->
        <test-method status="PASS" signature="tcYesDeleteOrDeactivateOrActivateIt_Activate()[pri:41, instance:com.test.automation.uiAutomation.Fee.TC_Masters.Tc_Masters_Fee_Installment_MasterInstallment@6279cee3]" name="tcYesDeleteOrDeactivateOrActivateIt_Activate" duration-ms="778" started-at="2018-05-26T15:47:13Z" finished-at="2018-05-26T15:47:14Z">
          <reporter-output>
            <line>
              <![CDATA[Yes Activate/Deactivate button element not present.]]>
            </line>
            <line>
              <![CDATA[<a href='C:\Users\vaps\Desktop\IVRMPORTAL\src\main\java\com\test\automation\uiAutomation\screenshot\tcYesDeleteOrDeactivateOrActivateIt_Activate_26_05_2018_03_47_14.png'> <img src='C:\Users\vaps\Desktop\IVRMPORTAL\src\main\java\com\test\automation\uiAutomation\screenshot\tcYesDeleteOrDeactivateOrActivateIt_Activate_26_05_2018_03_47_14.png' height='100' width='100'/> </a>]]>
            </line>
          </reporter-output>
        </test-method> <!-- tcYesDeleteOrDeactivateOrActivateIt_Activate -->
        <test-method status="PASS" signature="tcClickOnOkSuccessButton_activate()[pri:42, instance:com.test.automation.uiAutomation.Fee.TC_Masters.Tc_Masters_Fee_Installment_MasterInstallment@6279cee3]" name="tcClickOnOkSuccessButton_activate" duration-ms="788" started-at="2018-05-26T15:47:14Z" finished-at="2018-05-26T15:47:15Z">
          <reporter-output>
            <line>
              <![CDATA[OK Button element not present.]]>
            </line>
            <line>
              <![CDATA[<a href='C:\Users\vaps\Desktop\IVRMPORTAL\src\main\java\com\test\automation\uiAutomation\screenshot\tcClickOnOkSuccessButton_activate_26_05_2018_03_47_14.png'> <img src='C:\Users\vaps\Desktop\IVRMPORTAL\src\main\java\com\test\automation\uiAutomation\screenshot\tcClickOnOkSuccessButton_activate_26_05_2018_03_47_14.png' height='100' width='100'/> </a>]]>
            </line>
          </reporter-output>
        </test-method> <!-- tcClickOnOkSuccessButton_activate -->
        <test-method status="PASS" signature="beforeMethod(java.lang.reflect.Method)[pri:0, instance:com.test.automation.uiAutomation.Fee.TC_Masters.Tc_Masters_Fee_Installment_MasterInstallment@6279cee3]" name="beforeMethod" is-config="true" duration-ms="0" started-at="2018-05-26T15:47:14Z" finished-at="2018-05-26T15:47:14Z">
          <params>
            <param index="0">
              <value>
                <![CDATA[public void com.test.automation.uiAutomation.Fee.TC_Masters.Tc_Masters_Fee_Installment_MasterInstallment.tcClickOnOkSuccessButton_activate()]]>
              </value>
            </param>
          </params>
          <reporter-output>
          </reporter-output>
        </test-method> <!-- beforeMethod -->
        <test-method status="PASS" signature="afterMethod(org.testng.ITestResult)[pri:0, instance:com.test.automation.uiAutomation.Fee.TC_Masters.Tc_Masters_Fee_Installment_MasterInstallment@6279cee3]" name="afterMethod" is-config="true" duration-ms="0" started-at="2018-05-26T15:47:14Z" finished-at="2018-05-26T15:47:14Z">
          <params>
            <param index="0">
              <value>
                <![CDATA[[TestResult name=tcYesDeleteOrDeactivateOrActivateIt_Activate status=SUCCESS method=Tc_Masters_Fee_Installment_MasterInstallment.tcYesDeleteOrDeactivateOrActivateIt_Activate()[pri:41, instance:com.test.automation.uiAutomation.Fee.TC_Masters.Tc_Masters_Fee_Installment_MasterInstallment@6279cee3] output=Yes Activate/Deactivate button element not present.]]]>
              </value>
            </param>
          </params>
          <reporter-output>
          </reporter-output>
        </test-method> <!-- afterMethod -->
        <test-method status="PASS" signature="afterMethod(org.testng.ITestResult)[pri:0, instance:com.test.automation.uiAutomation.Fee.TC_Masters.Tc_Masters_Fee_Installment_MasterInstallment@6279cee3]" name="afterMethod" is-config="true" duration-ms="0" started-at="2018-05-26T15:47:15Z" finished-at="2018-05-26T15:47:15Z">
          <params>
            <param index="0">
              <value>
                <![CDATA[[TestResult name=tcClickOnOkSuccessButton_activate status=SUCCESS method=Tc_Masters_Fee_Installment_MasterInstallment.tcClickOnOkSuccessButton_activate()[pri:42, instance:com.test.automation.uiAutomation.Fee.TC_Masters.Tc_Masters_Fee_Installment_MasterInstallment@6279cee3] output=OK Button element not present.]]]>
              </value>
            </param>
          </params>
          <reporter-output>
          </reporter-output>
        </test-method> <!-- afterMethod -->
        <test-method status="PASS" signature="tearDown()[pri:0, instance:com.test.automation.uiAutomation.Fee.TC_Masters.Tc_Masters_Fee_Installment_MasterInstallment@6279cee3]" name="tearDown" is-config="true" duration-ms="3104" started-at="2018-05-26T15:47:15Z" finished-at="2018-05-26T15:47:18Z">
          <reporter-output>
            <line>
              <![CDATA[logout is done and object is:-[[ChromeDriver: chrome on XP (b753c8ca0c69a0acc002e30b8067f62d)] -> xpath: //span[contains(text(),'Logout')]]]]>
            </line>
          </reporter-output>
        </test-method> <!-- tearDown -->
        <test-method status="PASS" signature="endTest()[pri:0, instance:com.test.automation.uiAutomation.Fee.TC_Masters.Tc_Masters_Fee_Installment_MasterInstallment@6279cee3]" name="endTest" is-config="true" duration-ms="236" started-at="2018-05-26T15:47:18Z" finished-at="2018-05-26T15:47:18Z">
          <reporter-output>
          </reporter-output>
        </test-method> <!-- endTest -->
      </class> <!-- com.test.automation.uiAutomation.Fee.TC_Masters.Tc_Masters_Fee_Installment_MasterInstallment -->
    </test> <!-- Default test -->
  </suite> <!-- Default suite -->
</testng-results>
